3.72, 3414
3.76, 3543
3.77, 3600
3.80, 3636
3.84, 3635
3.84, 3634
3.86, 3633
3.86, 3632
3.89, 3631
3.91, 3630
3.92, 3629
3.92, 3628
3.93, 3627
3.94, 3626
3.94, 3625
3.94, 3624
3.95, 3623
3.95, 3622
3.95, 3621
3.99, 3620
3.99, 3619
3.99, 3618
4.01, 3617
4.01, 3616
4.01, 3615
4.03, 3614
4.08, 3613
4.08, 3612
4.09, 3611
4.16, 3610
4.20, 3609
4.21, 3608
4.21, 3607
4.26, 3606
4.26, 3605
4.27, 3604
4.30, 3603
4.34, 3602
4.37, 3601
4.37, 3600
4.38, 3599
4.40, 3598
4.44, 3597
4.45, 3596
4.46, 3595
4.46, 3594
4.53, 3593
4.57, 3592
4.58, 3591
4.59, 3590
4.61, 3589
4.61, 3588
4.66, 3587
4.66, 3586
4.72, 3585
4.72, 3584
4.73, 3583
4.79, 3582
4.82, 3581
4.83, 3580
4.84, 3579
4.84, 3578
4.88, 3577
4.92, 3576
4.93, 3575
5.03, 3574
5.04, 3573
5.05, 3572
5.05, 3571
5.06, 3570
5.06, 3569
5.08, 3568
5.10, 3567
5.13, 3566
5.20, 3565
5.20, 3564
5.21, 3563
5.22, 3562
5.23, 3561
5.23, 3560
5.25, 3559
5.29, 3558
5.30, 3557
5.31, 3556
5.33, 3555
5.35, 3554
5.35, 3553
5.35, 3552
5.36, 3551
5.36, 3550
5.39, 3549
5.39, 3548
5.42, 3547
5.49, 3546
5.49, 3545
5.53, 3544
5.55, 3543
5.58, 3542
5.59, 3541
5.61, 3540
5.62, 3539
5.64, 3538
5.66, 3537
5.71, 3536
5.73, 3535
5.74, 3534
5.74, 3533
5.76, 3532
5.79, 3531
5.79, 3530
5.86, 3529
5.90, 3528
5.95, 3527
5.95, 3526
5.96, 3525
5.97, 3524
6.11, 3523
6.11, 3522
6.12, 3521
6.13, 3520
6.13, 3519
6.14, 3518
6.17, 3517
6.21, 3516
6.26, 3515
6.26, 3514
6.27, 3513
6.29, 3512
6.36, 3511
6.37, 3510
6.47, 3509
6.47, 3508
6.51, 3507
6.53, 3506
6.57, 3505
6.58, 3504
6.59, 3503
6.59, 3502
6.63, 3501
6.77, 3500
6.78, 3499
6.79, 3498
6.83, 3497
6.85, 3496
6.86, 3495
6.87, 3494
6.90, 3493
6.91, 3492
7.02, 3491
7.04, 3490
7.14, 3489
7.15, 3488
7.16, 3487
7.17, 3486
7.18, 3485
7.20, 3484
7.26, 3483
7.30, 3482
7.31, 3481
7.31, 3480
7.33, 3479
7.33, 3478
7.39, 3477
7.46, 3476
7.50, 3475
7.57, 3474
7.58, 3473
7.59, 3472
7.62, 3471
7.76, 3470
7.81, 3469
7.83, 3468
7.94, 3467
7.96, 3466
8.15, 3465
8.29, 3464
8.30, 3463
8.30, 3462
8.31, 3461
8.33, 3460
8.41, 3459
8.44, 3458
8.62, 3457
8.68, 3456
8.70, 3455
8.76, 3454
8.77, 3453
8.79, 3452
8.94, 3451
8.95, 3450
8.96, 3449
8.98, 3448
9.06, 3447
9.07, 3446
9.10, 3445
9.11, 3444
9.14, 3443
9.21, 3442
9.22, 3441
9.28, 3440
9.33, 3439
9.37, 3438
9.44, 3437
9.54, 3436
9.73, 3435
9.75, 3434
9.77, 3433
9.77, 3432
9.78, 3431
9.85, 3430
10.00, 3429
10.13, 3428
10.19, 3427
10.19, 3426
10.19, 3425
10.21, 3424
10.38, 3423
10.41, 3422
10.44, 3421
10.46, 3420
10.48, 3419
10.48, 3418
10.49, 3417
10.55, 3416
10.68, 3415
10.68, 3414
10.69, 3413
10.69, 3412
10.73, 3411
10.80, 3410
10.85, 3409
10.89, 3408
10.91, 3407
10.94, 3406
11.09, 3405
11.10, 3404
11.12, 3403
11.26, 3402
11.27, 3401
11.44, 3400
11.46, 3399
11.47, 3398
11.52, 3397
11.55, 3396
11.67, 3395
11.76, 3394
11.76, 3393
11.78, 3392
11.79, 3391
11.85, 3390
11.96, 3389
12.05, 3388
12.06, 3387
12.08, 3386
12.10, 3385
12.61, 3384
12.68, 3383
12.80, 3382
12.83, 3381
12.85, 3380
12.96, 3379
13.07, 3378
13.27, 3377
13.53, 3376
13.73, 3375
13.80, 3374
13.83, 3373
13.91, 3372
14.10, 3371
14.17, 3370
14.40, 3369
14.70, 3368
14.70, 3367
14.79, 3366
14.82, 3365
14.98, 3364
15.14, 3363
15.26, 3362
15.30, 3361
15.36, 3360
15.67, 3359
15.72, 3358
15.98, 3357
16.18, 3356
16.50, 3355
16.60, 3354
16.70, 3353
17.25, 3352
17.31, 3351
17.39, 3350
17.59, 3349
17.78, 3348
18.11, 3347
18.26, 3346
18.36, 3345
18.71, 3344
18.71, 3343
19.00, 3342
19.03, 3341
19.85, 3340
20.46, 3339
20.93, 3338
21.33, 3337
22.89, 3336
23.32, 3335
24.70, 3334
25.78, 3333
26.02, 3332
26.23, 3331
27.79, 3330
29.53, 3329
35.89, 3328
40.52, 3327
43.82, 3326
