3.78, 3414
3.84, 3631
3.86, 3642
3.87, 3641
3.88, 3640
3.88, 3639
3.89, 3638
3.92, 3637
3.92, 3636
3.92, 3635
3.97, 3634
3.98, 3633
4.01, 3632
4.05, 3631
4.07, 3630
4.12, 3629
4.12, 3628
4.13, 3627
4.16, 3626
4.17, 3625
4.23, 3624
4.24, 3623
4.24, 3622
4.24, 3621
4.25, 3620
4.26, 3619
4.28, 3618
4.30, 3617
4.33, 3616
4.40, 3615
4.42, 3614
4.47, 3613
4.47, 3612
4.47, 3611
4.48, 3610
4.49, 3609
4.50, 3608
4.51, 3607
4.55, 3606
4.56, 3605
4.57, 3604
4.58, 3603
4.58, 3602
4.58, 3601
4.63, 3600
4.65, 3599
4.70, 3598
4.71, 3597
4.72, 3596
4.75, 3595
4.81, 3594
4.81, 3593
4.81, 3592
4.86, 3591
4.89, 3590
4.90, 3589
4.91, 3588
5.02, 3587
5.06, 3586
5.09, 3585
5.12, 3584
5.13, 3583
5.17, 3582
5.17, 3581
5.20, 3580
5.20, 3579
5.22, 3578
5.23, 3577
5.23, 3576
5.26, 3575
5.30, 3574
5.30, 3573
5.34, 3572
5.38, 3571
5.39, 3570
5.39, 3569
5.42, 3568
5.43, 3567
5.45, 3566
5.46, 3565
5.47, 3564
5.52, 3563
5.53, 3562
5.54, 3561
5.54, 3560
5.57, 3559
5.58, 3558
5.58, 3557
5.69, 3556
5.75, 3555
5.76, 3554
5.76, 3553
5.78, 3552
5.79, 3551
5.80, 3550
5.82, 3549
5.88, 3548
5.90, 3547
5.99, 3546
6.02, 3545
6.04, 3544
6.05, 3543
6.06, 3542
6.06, 3541
6.09, 3540
6.17, 3539
6.18, 3538
6.18, 3537
6.18, 3536
6.20, 3535
6.22, 3534
6.37, 3533
6.38, 3532
6.38, 3531
6.43, 3530
6.46, 3529
6.48, 3528
6.50, 3527
6.50, 3526
6.55, 3525
6.57, 3524
6.61, 3523
6.64, 3522
6.66, 3521
6.69, 3520
6.71, 3519
6.74, 3518
6.76, 3517
6.76, 3516
6.90, 3515
6.91, 3514
6.97, 3513
6.98, 3512
6.99, 3511
7.02, 3510
7.02, 3509
7.05, 3508
7.07, 3507
7.11, 3506
7.13, 3505
7.20, 3504
7.22, 3503
7.22, 3502
7.26, 3501
7.28, 3500
7.30, 3499
7.31, 3498
7.38, 3497
7.40, 3496
7.41, 3495
7.44, 3494
7.47, 3493
7.49, 3492
7.54, 3491
7.60, 3490
7.65, 3489
7.67, 3488
7.67, 3487
7.73, 3486
7.75, 3485
7.76, 3484
7.76, 3483
7.79, 3482
7.90, 3481
7.90, 3480
7.90, 3479
7.95, 3478
8.16, 3477
8.17, 3476
8.20, 3475
8.24, 3474
8.27, 3473
8.28, 3472
8.29, 3471
8.32, 3470
8.33, 3469
8.34, 3468
8.36, 3467
8.42, 3466
8.43, 3465
8.48, 3464
8.49, 3463
8.55, 3462
8.55, 3461
8.57, 3460
8.71, 3459
8.74, 3458
8.76, 3457
8.88, 3456
8.89, 3455
9.01, 3454
9.04, 3453
9.16, 3452
9.17, 3451
9.25, 3450
9.33, 3449
9.34, 3448
9.34, 3447
9.35, 3446
9.36, 3445
9.42, 3444
9.53, 3443
9.53, 3442
9.61, 3441
9.61, 3440
9.61, 3439
9.64, 3438
9.66, 3437
9.68, 3436
9.75, 3435
9.75, 3434
9.76, 3433
9.79, 3432
9.84, 3431
9.86, 3430
9.88, 3429
9.98, 3428
9.98, 3427
9.99, 3426
10.00, 3425
10.01, 3424
10.01, 3423
10.06, 3422
10.09, 3421
10.12, 3420
10.28, 3419
10.30, 3418
10.38, 3417
10.48, 3416
10.55, 3415
10.56, 3414
10.65, 3413
10.69, 3412
10.71, 3411
10.75, 3410
10.75, 3409
10.78, 3408
10.78, 3407
10.81, 3406
10.86, 3405
10.96, 3404
10.99, 3403
11.08, 3402
11.10, 3401
11.14, 3400
11.24, 3399
11.25, 3398
11.40, 3397
11.55, 3396
11.59, 3395
11.86, 3394
11.88, 3393
11.98, 3392
11.99, 3391
12.00, 3390
12.18, 3389
12.28, 3388
12.40, 3387
12.44, 3386
12.51, 3385
12.80, 3384
12.82, 3383
12.88, 3382
12.93, 3381
13.14, 3380
13.17, 3379
13.21, 3378
13.41, 3377
13.52, 3376
13.82, 3375
13.84, 3374
14.00, 3373
14.10, 3372
14.20, 3371
14.36, 3370
14.43, 3369
14.47, 3368
14.56, 3367
14.70, 3366
15.09, 3365
15.46, 3364
15.58, 3363
15.64, 3362
15.64, 3361
15.85, 3360
15.94, 3359
15.94, 3358
15.98, 3357
16.65, 3356
16.84, 3355
16.95, 3354
17.03, 3353
17.30, 3352
17.38, 3351
17.47, 3350
17.51, 3349
17.75, 3348
18.22, 3347
18.32, 3346
19.06, 3345
19.09, 3344
19.47, 3343
19.58, 3342
19.65, 3341
20.07, 3340
20.10, 3339
20.31, 3338
20.38, 3337
20.46, 3336
20.48, 3335
20.49, 3334
21.44, 3333
21.88, 3332
22.24, 3331
22.69, 3330
22.86, 3329
23.63, 3328
25.36, 3327
26.26, 3326
33.25, 3325
