5.28, 3414
5.32, 3474
5.34, 3518
5.39, 3624
5.40, 3625
5.44, 3624
5.52, 3623
5.53, 3622
5.54, 3621
5.55, 3620
5.62, 3619
5.64, 3618
5.69, 3617
5.71, 3616
5.76, 3615
5.78, 3614
5.84, 3613
5.87, 3612
5.88, 3611
5.90, 3610
5.99, 3609
6.01, 3608
6.11, 3607
6.14, 3606
6.16, 3605
6.16, 3604
6.17, 3603
6.19, 3602
6.22, 3601
6.30, 3600
6.38, 3599
6.40, 3598
6.45, 3597
6.51, 3596
6.52, 3595
6.58, 3594
6.63, 3593
6.63, 3592
6.65, 3591
6.80, 3590
6.91, 3589
6.99, 3588
7.05, 3587
7.06, 3586
7.11, 3585
7.13, 3584
7.20, 3583
7.22, 3582
7.30, 3581
7.34, 3580
7.34, 3579
7.35, 3578
7.37, 3577
7.38, 3576
7.39, 3575
7.41, 3574
7.42, 3573
7.43, 3572
7.43, 3571
7.44, 3570
7.44, 3569
7.45, 3568
7.47, 3567
7.49, 3566
7.50, 3565
7.51, 3564
7.54, 3563
7.58, 3562
7.62, 3561
7.63, 3560
7.65, 3559
7.66, 3558
7.74, 3557
7.75, 3556
7.84, 3555
7.92, 3554
7.95, 3553
7.96, 3552
7.97, 3551
7.97, 3550
7.99, 3549
8.04, 3548
8.05, 3547
8.08, 3546
8.10, 3545
8.19, 3544
8.21, 3543
8.24, 3542
8.26, 3541
8.31, 3540
8.31, 3539
8.33, 3538
8.40, 3537
8.49, 3536
8.53, 3535
8.55, 3534
8.59, 3533
8.62, 3532
8.70, 3531
8.71, 3530
8.73, 3529
8.74, 3528
8.76, 3527
8.77, 3526
8.78, 3525
8.84, 3524
8.92, 3523
8.93, 3522
8.94, 3521
8.98, 3520
9.01, 3519
9.02, 3518
9.03, 3517
9.08, 3516
9.09, 3515
9.10, 3514
9.15, 3513
9.17, 3512
9.19, 3511
9.23, 3510
9.24, 3509
9.35, 3508
9.37, 3507
9.39, 3506
9.40, 3505
9.45, 3504
9.48, 3503
9.48, 3502
9.50, 3501
9.52, 3500
9.53, 3499
9.59, 3498
9.61, 3497
9.65, 3496
9.66, 3495
9.66, 3494
9.66, 3493
9.66, 3492
9.69, 3491
9.70, 3490
9.77, 3489
9.85, 3488
9.85, 3487
9.91, 3486
9.92, 3485
10.04, 3484
10.20, 3483
10.23, 3482
10.26, 3481
10.30, 3480
10.30, 3479
10.37, 3478
10.40, 3477
10.43, 3476
10.48, 3475
10.61, 3474
10.65, 3473
10.66, 3472
10.70, 3471
10.73, 3470
10.86, 3469
10.89, 3468
10.97, 3467
10.99, 3466
11.02, 3465
11.03, 3464
11.11, 3463
11.12, 3462
11.16, 3461
11.20, 3460
11.25, 3459
11.36, 3458
11.37, 3457
11.39, 3456
11.40, 3455
11.43, 3454
11.45, 3453
11.50, 3452
11.67, 3451
11.73, 3450
11.75, 3449
11.79, 3448
11.82, 3447
11.83, 3446
11.87, 3445
12.03, 3444
12.18, 3443
12.21, 3442
12.24, 3441
12.27, 3440
12.32, 3439
12.37, 3438
12.42, 3437
12.45, 3436
12.46, 3435
12.51, 3434
12.61, 3433
12.70, 3432
12.75, 3431
12.78, 3430
12.82, 3429
13.08, 3428
13.11, 3427
13.12, 3426
13.16, 3425
13.19, 3424
13.20, 3423
13.24, 3422
13.27, 3421
13.36, 3420
13.69, 3419
13.73, 3418
13.77, 3417
13.94, 3416
13.95, 3415
13.99, 3414
14.12, 3413
14.13, 3412
14.17, 3411
14.24, 3410
14.27, 3409
14.39, 3408
14.40, 3407
14.41, 3406
14.48, 3405
14.56, 3404
14.60, 3403
14.70, 3402
14.81, 3401
14.82, 3400
14.97, 3399
14.98, 3398
14.99, 3397
15.13, 3396
15.26, 3395
15.26, 3394
15.38, 3393
15.39, 3392
15.41, 3391
15.42, 3390
15.46, 3389
15.49, 3388
15.54, 3387
15.57, 3386
15.64, 3385
15.69, 3384
15.83, 3383
15.90, 3382
16.09, 3381
16.18, 3380
16.55, 3379
16.60, 3378
16.73, 3377
16.78, 3376
16.91, 3375
16.98, 3374
17.03, 3373
17.10, 3372
17.18, 3371
17.46, 3370
17.76, 3369
17.79, 3368
17.82, 3367
18.24, 3366
18.42, 3365
18.42, 3364
18.51, 3363
19.14, 3362
19.15, 3361
19.20, 3360
19.22, 3359
19.34, 3358
19.82, 3357
19.83, 3356
19.87, 3355
20.26, 3354
20.33, 3353
20.51, 3352
20.51, 3351
21.18, 3350
21.64, 3349
21.75, 3348
22.02, 3347
22.57, 3346
22.95, 3345
23.73, 3344
23.86, 3343
24.43, 3342
24.63, 3341
25.28, 3340
25.49, 3339
25.90, 3338
26.27, 3337
26.32, 3336
27.20, 3335
28.03, 3334
30.76, 3333
31.28, 3332
31.34, 3331
32.70, 3330
32.92, 3329
34.97, 3328
39.20, 3327
53.07, 3326
