3.66, 3414
3.70, 3568
3.75, 3634
3.75, 3633
3.81, 3632
3.83, 3631
3.83, 3630
3.84, 3629
3.84, 3628
3.85, 3627
3.86, 3626
3.86, 3625
3.88, 3624
3.89, 3623
3.89, 3622
3.91, 3621
3.91, 3620
3.91, 3619
3.96, 3618
3.96, 3617
4.00, 3616
4.08, 3615
4.08, 3614
4.09, 3613
4.12, 3612
4.12, 3611
4.13, 3610
4.16, 3609
4.17, 3608
4.21, 3607
4.22, 3606
4.23, 3605
4.25, 3604
4.27, 3603
4.30, 3602
4.30, 3601
4.31, 3600
4.36, 3599
4.37, 3598
4.45, 3597
4.45, 3596
4.45, 3595
4.46, 3594
4.48, 3593
4.49, 3592
4.54, 3591
4.56, 3590
4.56, 3589
4.57, 3588
4.58, 3587
4.58, 3586
4.59, 3585
4.60, 3584
4.61, 3583
4.64, 3582
4.68, 3581
4.69, 3580
4.72, 3579
4.72, 3578
4.73, 3577
4.74, 3576
4.74, 3575
4.76, 3574
4.78, 3573
4.83, 3572
4.85, 3571
4.85, 3570
4.94, 3569
5.02, 3568
5.04, 3567
5.04, 3566
5.05, 3565
5.06, 3564
5.10, 3563
5.10, 3562
5.11, 3561
5.13, 3560
5.14, 3559
5.15, 3558
5.16, 3557
5.16, 3556
5.18, 3555
5.18, 3554
5.18, 3553
5.19, 3552
5.19, 3551
5.20, 3550
5.22, 3549
5.23, 3548
5.23, 3547
5.24, 3546
5.36, 3545
5.39, 3544
5.40, 3543
5.41, 3542
5.41, 3541
5.43, 3540
5.43, 3539
5.47, 3538
5.50, 3537
5.51, 3536
5.53, 3535
5.56, 3534
5.56, 3533
5.58, 3532
5.65, 3531
5.72, 3530
5.75, 3529
5.75, 3528
5.84, 3527
5.85, 3526
5.89, 3525
5.93, 3524
5.96, 3523
5.96, 3522
5.98, 3521
6.02, 3520
6.05, 3519
6.08, 3518
6.12, 3517
6.13, 3516
6.14, 3515
6.15, 3514
6.15, 3513
6.15, 3512
6.18, 3511
6.21, 3510
6.34, 3509
6.34, 3508
6.35, 3507
6.36, 3506
6.37, 3505
6.38, 3504
6.39, 3503
6.39, 3502
6.48, 3501
6.50, 3500
6.51, 3499
6.54, 3498
6.56, 3497
6.57, 3496
6.57, 3495
6.58, 3494
6.58, 3493
6.70, 3492
6.77, 3491
6.84, 3490
6.85, 3489
6.88, 3488
6.90, 3487
6.94, 3486
6.99, 3485
7.03, 3484
7.07, 3483
7.08, 3482
7.17, 3481
7.18, 3480
7.22, 3479
7.38, 3478
7.38, 3477
7.39, 3476
7.41, 3475
7.42, 3474
7.44, 3473
7.44, 3472
7.50, 3471
7.51, 3470
7.52, 3469
7.56, 3468
7.56, 3467
7.58, 3466
7.62, 3465
7.67, 3464
7.67, 3463
7.73, 3462
7.79, 3461
7.79, 3460
7.89, 3459
7.91, 3458
7.98, 3457
8.00, 3456
8.06, 3455
8.15, 3454
8.15, 3453
8.15, 3452
8.28, 3451
8.31, 3450
8.32, 3449
8.36, 3448
8.43, 3447
8.48, 3446
8.52, 3445
8.63, 3444
8.65, 3443
8.70, 3442
8.70, 3441
8.77, 3440
8.77, 3439
8.78, 3438
8.80, 3437
8.87, 3436
8.88, 3435
8.91, 3434
8.95, 3433
8.99, 3432
8.99, 3431
9.06, 3430
9.13, 3429
9.18, 3428
9.20, 3427
9.20, 3426
9.21, 3425
9.24, 3424
9.44, 3423
9.48, 3422
9.56, 3421
9.61, 3420
9.68, 3419
9.70, 3418
9.75, 3417
9.90, 3416
9.94, 3415
10.15, 3414
10.16, 3413
10.20, 3412
10.24, 3411
10.29, 3410
10.40, 3409
10.41, 3408
10.42, 3407
10.44, 3406
10.49, 3405
10.51, 3404
10.60, 3403
10.61, 3402
10.65, 3401
10.67, 3400
10.71, 3399
10.78, 3398
10.85, 3397
10.86, 3396
10.88, 3395
10.96, 3394
10.98, 3393
10.99, 3392
11.03, 3391
11.04, 3390
11.07, 3389
11.10, 3388
11.11, 3387
11.16, 3386
11.17, 3385
11.19, 3384
11.31, 3383
11.40, 3382
11.55, 3381
11.63, 3380
11.72, 3379
11.77, 3378
11.99, 3377
11.99, 3376
11.99, 3375
12.05, 3374
12.17, 3373
12.35, 3372
12.35, 3371
12.35, 3370
12.38, 3369
12.40, 3368
12.42, 3367
12.46, 3366
12.96, 3365
13.13, 3364
13.44, 3363
13.59, 3362
13.64, 3361
13.69, 3360
13.81, 3359
13.84, 3358
14.06, 3357
14.31, 3356
14.56, 3355
14.63, 3354
14.78, 3353
14.99, 3352
15.40, 3351
15.46, 3350
15.54, 3349
15.54, 3348
15.57, 3347
15.72, 3346
15.89, 3345
15.93, 3344
16.09, 3343
16.10, 3342
16.53, 3341
16.62, 3340
16.76, 3339
16.83, 3338
16.98, 3337
17.06, 3336
17.94, 3335
18.19, 3334
19.04, 3333
19.45, 3332
19.46, 3331
20.03, 3330
21.56, 3329
23.29, 3328
26.26, 3327
26.64, 3326
29.54, 3325
