3.50, 3414
3.54, 3547
3.55, 3564
3.56, 3598
3.56, 3597
3.58, 3626
3.58, 3625
3.59, 3624
3.62, 3623
3.63, 3622
3.65, 3621
3.66, 3620
3.67, 3619
3.69, 3618
3.72, 3617
3.73, 3616
3.73, 3615
3.75, 3614
3.77, 3613
3.77, 3612
3.84, 3611
3.85, 3610
3.90, 3609
3.90, 3608
3.91, 3607
3.93, 3606
3.96, 3605
3.96, 3604
3.96, 3603
3.97, 3602
3.98, 3601
3.99, 3600
4.00, 3599
4.02, 3598
4.05, 3597
4.06, 3596
4.07, 3595
4.09, 3594
4.10, 3593
4.10, 3592
4.11, 3591
4.14, 3590
4.15, 3589
4.16, 3588
4.19, 3587
4.21, 3586
4.22, 3585
4.23, 3584
4.23, 3583
4.24, 3582
4.25, 3581
4.28, 3580
4.29, 3579
4.33, 3578
4.34, 3577
4.35, 3576
4.36, 3575
4.38, 3574
4.40, 3573
4.43, 3572
4.45, 3571
4.46, 3570
4.46, 3569
4.53, 3568
4.54, 3567
4.54, 3566
4.67, 3565
4.68, 3564
4.68, 3563
4.75, 3562
4.80, 3561
4.81, 3560
4.82, 3559
4.88, 3558
4.90, 3557
4.96, 3556
4.97, 3555
4.99, 3554
5.03, 3553
5.04, 3552
5.08, 3551
5.08, 3550
5.09, 3549
5.12, 3548
5.17, 3547
5.17, 3546
5.21, 3545
5.29, 3544
5.30, 3543
5.31, 3542
5.34, 3541
5.35, 3540
5.36, 3539
5.38, 3538
5.40, 3537
5.44, 3536
5.45, 3535
5.48, 3534
5.51, 3533
5.51, 3532
5.52, 3531
5.53, 3530
5.54, 3529
5.54, 3528
5.64, 3527
5.66, 3526
5.66, 3525
5.66, 3524
5.67, 3523
5.68, 3522
5.70, 3521
5.70, 3520
5.72, 3519
5.74, 3518
5.77, 3517
5.79, 3516
5.83, 3515
5.86, 3514
5.89, 3513
5.91, 3512
5.98, 3511
5.99, 3510
6.00, 3509
6.18, 3508
6.24, 3507
6.27, 3506
6.31, 3505
6.35, 3504
6.36, 3503
6.39, 3502
6.43, 3501
6.50, 3500
6.51, 3499
6.52, 3498
6.55, 3497
6.58, 3496
6.60, 3495
6.61, 3494
6.61, 3493
6.63, 3492
6.64, 3491
6.65, 3490
6.67, 3489
6.74, 3488
6.75, 3487
6.75, 3486
6.87, 3485
6.90, 3484
6.90, 3483
6.91, 3482
6.93, 3481
6.94, 3480
6.96, 3479
6.97, 3478
7.01, 3477
7.05, 3476
7.18, 3475
7.20, 3474
7.22, 3473
7.23, 3472
7.25, 3471
7.37, 3470
7.44, 3469
7.47, 3468
7.54, 3467
7.54, 3466
7.60, 3465
7.66, 3464
7.69, 3463
7.70, 3462
7.75, 3461
7.83, 3460
7.91, 3459
8.00, 3458
8.03, 3457
8.04, 3456
8.13, 3455
8.15, 3454
8.20, 3453
8.35, 3452
8.38, 3451
8.40, 3450
8.44, 3449
8.47, 3448
8.48, 3447
8.50, 3446
8.60, 3445
8.61, 3444
8.63, 3443
8.67, 3442
8.73, 3441
8.74, 3440
8.74, 3439
8.82, 3438
8.92, 3437
9.06, 3436
9.09, 3435
9.11, 3434
9.23, 3433
9.36, 3432
9.38, 3431
9.48, 3430
9.50, 3429
9.52, 3428
9.53, 3427
9.53, 3426
9.57, 3425
9.60, 3424
9.63, 3423
9.63, 3422
9.79, 3421
9.82, 3420
9.85, 3419
9.87, 3418
9.93, 3417
9.96, 3416
9.97, 3415
9.97, 3414
9.98, 3413
10.02, 3412
10.07, 3411
10.10, 3410
10.10, 3409
10.25, 3408
10.29, 3407
10.41, 3406
10.47, 3405
10.51, 3404
10.53, 3403
10.54, 3402
10.55, 3401
10.67, 3400
10.70, 3399
10.76, 3398
11.07, 3397
11.08, 3396
11.15, 3395
11.36, 3394
11.50, 3393
11.62, 3392
11.83, 3391
11.85, 3390
11.90, 3389
12.00, 3388
12.01, 3387
12.20, 3386
12.26, 3385
12.30, 3384
12.33, 3383
12.35, 3382
12.35, 3381
12.37, 3380
12.38, 3379
12.40, 3378
12.56, 3377
12.64, 3376
12.88, 3375
12.96, 3374
12.97, 3373
13.28, 3372
13.30, 3371
13.38, 3370
13.68, 3369
13.69, 3368
14.37, 3367
14.37, 3366
14.44, 3365
14.58, 3364
14.65, 3363
14.69, 3362
14.84, 3361
14.86, 3360
14.94, 3359
15.02, 3358
15.11, 3357
15.12, 3356
15.21, 3355
15.42, 3354
15.61, 3353
16.06, 3352
16.57, 3351
16.61, 3350
16.63, 3349
16.68, 3348
16.74, 3347
16.86, 3346
17.82, 3345
17.83, 3344
17.96, 3343
18.07, 3342
18.20, 3341
18.58, 3340
18.91, 3339
19.41, 3338
19.51, 3337
20.08, 3336
20.37, 3335
20.64, 3334
20.97, 3333
24.05, 3332
24.09, 3331
24.64, 3330
25.19, 3329
25.31, 3328
32.22, 3327
35.79, 3326
36.24, 3325
