3.63, 3414
3.65, 3485
3.65, 3494
3.70, 3612
3.70, 3614
3.70, 3623
3.72, 3622
3.72, 3621
3.73, 3620
3.86, 3619
3.87, 3618
3.88, 3617
3.88, 3616
3.88, 3615
3.88, 3614
3.90, 3613
3.90, 3612
3.92, 3611
3.92, 3610
4.00, 3609
4.03, 3608
4.04, 3607
4.11, 3606
4.11, 3605
4.11, 3604
4.13, 3603
4.14, 3602
4.18, 3601
4.20, 3600
4.23, 3599
4.26, 3598
4.28, 3597
4.28, 3596
4.28, 3595
4.31, 3594
4.32, 3593
4.32, 3592
4.34, 3591
4.36, 3590
4.37, 3589
4.37, 3588
4.38, 3587
4.43, 3586
4.43, 3585
4.45, 3584
4.46, 3583
4.47, 3582
4.47, 3581
4.51, 3580
4.53, 3579
4.53, 3578
4.54, 3577
4.55, 3576
4.56, 3575
4.60, 3574
4.61, 3573
4.64, 3572
4.68, 3571
4.68, 3570
4.72, 3569
4.72, 3568
4.74, 3567
4.78, 3566
4.79, 3565
4.80, 3564
4.81, 3563
4.85, 3562
4.89, 3561
4.92, 3560
4.95, 3559
4.97, 3558
4.99, 3557
4.99, 3556
5.14, 3555
5.16, 3554
5.19, 3553
5.20, 3552
5.27, 3551
5.33, 3550
5.41, 3549
5.43, 3548
5.45, 3547
5.51, 3546
5.57, 3545
5.64, 3544
5.68, 3543
5.70, 3542
5.70, 3541
5.71, 3540
5.71, 3539
5.73, 3538
5.73, 3537
5.76, 3536
5.77, 3535
5.78, 3534
5.79, 3533
5.85, 3532
5.87, 3531
5.90, 3530
5.93, 3529
5.93, 3528
5.94, 3527
6.04, 3526
6.13, 3525
6.22, 3524
6.24, 3523
6.25, 3522
6.26, 3521
6.28, 3520
6.30, 3519
6.31, 3518
6.37, 3517
6.38, 3516
6.44, 3515
6.44, 3514
6.45, 3513
6.47, 3512
6.51, 3511
6.51, 3510
6.55, 3509
6.55, 3508
6.59, 3507
6.68, 3506
6.71, 3505
6.75, 3504
6.76, 3503
6.78, 3502
6.78, 3501
6.79, 3500
6.82, 3499
6.84, 3498
6.87, 3497
6.92, 3496
6.94, 3495
6.94, 3494
6.94, 3493
6.95, 3492
6.95, 3491
6.95, 3490
6.97, 3489
6.97, 3488
6.99, 3487
7.01, 3486
7.04, 3485
7.05, 3484
7.07, 3483
7.07, 3482
7.10, 3481
7.11, 3480
7.13, 3479
7.15, 3478
7.22, 3477
7.23, 3476
7.29, 3475
7.30, 3474
7.37, 3473
7.39, 3472
7.41, 3471
7.53, 3470
7.56, 3469
7.60, 3468
7.63, 3467
7.66, 3466
7.71, 3465
7.73, 3464
7.77, 3463
7.78, 3462
7.88, 3461
7.91, 3460
8.00, 3459
8.02, 3458
8.02, 3457
8.04, 3456
8.15, 3455
8.24, 3454
8.31, 3453
8.36, 3452
8.41, 3451
8.51, 3450
8.52, 3449
8.65, 3448
8.68, 3447
8.68, 3446
8.72, 3445
8.75, 3444
8.77, 3443
8.81, 3442
8.94, 3441
9.01, 3440
9.02, 3439
9.06, 3438
9.08, 3437
9.12, 3436
9.13, 3435
9.15, 3434
9.16, 3433
9.30, 3432
9.41, 3431
9.42, 3430
9.48, 3429
9.48, 3428
9.56, 3427
9.56, 3426
9.60, 3425
9.80, 3424
9.81, 3423
9.82, 3422
9.87, 3421
10.14, 3420
10.14, 3419
10.20, 3418
10.25, 3417
10.26, 3416
10.28, 3415
10.34, 3414
10.47, 3413
10.49, 3412
10.49, 3411
10.51, 3410
10.51, 3409
10.64, 3408
10.81, 3407
10.84, 3406
10.87, 3405
10.88, 3404
10.98, 3403
10.99, 3402
11.05, 3401
11.05, 3400
11.10, 3399
11.12, 3398
11.16, 3397
11.34, 3396
11.39, 3395
11.72, 3394
11.80, 3393
11.83, 3392
11.84, 3391
11.93, 3390
11.97, 3389
11.99, 3388
12.03, 3387
12.13, 3386
12.15, 3385
12.24, 3384
12.30, 3383
12.40, 3382
12.41, 3381
12.41, 3380
12.44, 3379
12.50, 3378
12.56, 3377
12.99, 3376
13.07, 3375
13.38, 3374
13.44, 3373
13.48, 3372
13.58, 3371
13.92, 3370
14.05, 3369
14.24, 3368
14.27, 3367
14.47, 3366
14.65, 3365
14.77, 3364
14.99, 3363
15.07, 3362
15.11, 3361
15.17, 3360
15.17, 3359
15.54, 3358
15.73, 3357
15.75, 3356
15.87, 3355
15.87, 3354
15.93, 3353
15.95, 3352
16.37, 3351
16.45, 3350
16.51, 3349
16.77, 3348
17.58, 3347
17.59, 3346
18.23, 3345
18.81, 3344
18.86, 3343
19.85, 3342
20.05, 3341
20.85, 3340
20.89, 3339
21.71, 3338
22.01, 3337
22.28, 3336
23.30, 3335
23.94, 3334
24.05, 3333
25.83, 3332
26.25, 3331
28.03, 3330
36.40, 3329
54.15, 3328
