5.02, 3414
5.10, 3486
5.13, 3554
5.13, 3576
5.17, 3627
5.18, 3626
5.18, 3625
5.19, 3624
5.19, 3623
5.20, 3622
5.21, 3621
5.22, 3620
5.23, 3619
5.25, 3618
5.26, 3617
5.27, 3616
5.28, 3615
5.29, 3614
5.29, 3613
5.30, 3612
5.31, 3611
5.31, 3610
5.32, 3609
5.32, 3608
5.33, 3607
5.33, 3606
5.35, 3605
5.37, 3604
5.37, 3603
5.38, 3602
5.38, 3601
5.39, 3600
5.42, 3599
5.43, 3598
5.44, 3597
5.44, 3596
5.46, 3595
5.47, 3594
5.49, 3593
5.50, 3592
5.52, 3591
5.56, 3590
5.61, 3589
5.61, 3588
5.61, 3587
5.63, 3586
5.64, 3585
5.69, 3584
5.70, 3583
5.72, 3582
5.73, 3581
5.76, 3580
5.80, 3579
5.80, 3578
5.82, 3577
5.87, 3576
5.89, 3575
5.90, 3574
5.94, 3573
5.95, 3572
5.99, 3571
5.99, 3570
5.99, 3569
6.00, 3568
6.00, 3567
6.01, 3566
6.01, 3565
6.03, 3564
6.03, 3563
6.04, 3562
6.06, 3561
6.07, 3560
6.07, 3559
6.08, 3558
6.11, 3557
6.13, 3556
6.16, 3555
6.19, 3554
6.20, 3553
6.20, 3552
6.23, 3551
6.28, 3550
6.30, 3549
6.30, 3548
6.33, 3547
6.40, 3546
6.41, 3545
6.41, 3544
6.41, 3543
6.41, 3542
6.43, 3541
6.53, 3540
6.53, 3539
6.55, 3538
6.55, 3537
6.56, 3536
6.58, 3535
6.58, 3534
6.60, 3533
6.62, 3532
6.66, 3531
6.66, 3530
6.68, 3529
6.71, 3528
6.74, 3527
6.76, 3526
6.82, 3525
6.84, 3524
6.84, 3523
6.86, 3522
6.90, 3521
6.91, 3520
6.96, 3519
6.98, 3518
7.00, 3517
7.00, 3516
7.03, 3515
7.05, 3514
7.06, 3513
7.07, 3512
7.10, 3511
7.12, 3510
7.22, 3509
7.26, 3508
7.26, 3507
7.29, 3506
7.30, 3505
7.34, 3504
7.41, 3503
7.47, 3502
7.51, 3501
7.51, 3500
7.57, 3499
7.60, 3498
7.64, 3497
7.65, 3496
7.66, 3495
7.72, 3494
7.75, 3493
7.76, 3492
7.77, 3491
7.78, 3490
7.81, 3489
7.82, 3488
7.83, 3487
7.88, 3486
7.89, 3485
7.94, 3484
7.96, 3483
7.99, 3482
8.00, 3481
8.01, 3480
8.01, 3479
8.01, 3478
8.02, 3477
8.04, 3476
8.06, 3475
8.07, 3474
8.09, 3473
8.10, 3472
8.10, 3471
8.11, 3470
8.16, 3469
8.27, 3468
8.30, 3467
8.31, 3466
8.41, 3465
8.42, 3464
8.49, 3463
8.50, 3462
8.51, 3461
8.52, 3460
8.56, 3459
8.58, 3458
8.59, 3457
8.67, 3456
8.78, 3455
8.80, 3454
8.84, 3453
8.88, 3452
8.92, 3451
8.93, 3450
8.93, 3449
9.00, 3448
9.06, 3447
9.09, 3446
9.20, 3445
9.22, 3444
9.24, 3443
9.27, 3442
9.28, 3441
9.29, 3440
9.43, 3439
9.49, 3438
9.51, 3437
9.55, 3436
9.57, 3435
9.67, 3434
9.76, 3433
9.91, 3432
9.98, 3431
10.07, 3430
10.11, 3429
10.21, 3428
10.33, 3427
10.46, 3426
10.46, 3425
10.54, 3424
10.65, 3423
10.69, 3422
10.77, 3421
10.85, 3420
10.92, 3419
10.98, 3418
11.00, 3417
11.02, 3416
11.08, 3415
11.12, 3414
11.12, 3413
11.15, 3412
11.20, 3411
11.25, 3410
11.26, 3409
11.30, 3408
11.31, 3407
11.40, 3406
11.44, 3405
11.58, 3404
11.71, 3403
11.77, 3402
11.77, 3401
11.88, 3400
11.99, 3399
12.08, 3398
12.12, 3397
12.16, 3396
12.18, 3395
12.21, 3394
12.26, 3393
12.38, 3392
12.43, 3391
12.50, 3390
12.54, 3389
12.63, 3388
12.69, 3387
12.74, 3386
12.78, 3385
12.81, 3384
12.87, 3383
13.06, 3382
13.07, 3381
13.17, 3380
13.41, 3379
13.87, 3378
13.90, 3377
13.93, 3376
13.93, 3375
13.93, 3374
13.98, 3373
14.18, 3372
14.23, 3371
14.26, 3370
14.42, 3369
14.53, 3368
14.70, 3367
14.73, 3366
14.93, 3365
14.96, 3364
15.13, 3363
15.23, 3362
15.31, 3361
15.46, 3360
15.56, 3359
15.56, 3358
15.70, 3357
15.86, 3356
16.10, 3355
16.16, 3354
16.39, 3353
16.83, 3352
17.03, 3351
17.31, 3350
18.09, 3349
18.58, 3348
18.74, 3347
19.75, 3346
19.75, 3345
19.94, 3344
20.19, 3343
20.19, 3342
20.70, 3341
20.80, 3340
20.94, 3339
21.70, 3338
22.86, 3337
23.09, 3336
23.11, 3335
24.56, 3334
25.66, 3333
27.21, 3332
28.00, 3331
28.56, 3330
28.56, 3329
31.71, 3328
32.05, 3327
35.79, 3326
