3.65, 3414
3.67, 3493
3.69, 3548
3.72, 3618
3.72, 3621
3.75, 3620
3.75, 3619
3.77, 3618
3.84, 3617
3.85, 3616
3.87, 3615
3.88, 3614
3.89, 3613
3.89, 3612
3.91, 3611
3.95, 3610
3.98, 3609
3.99, 3608
4.05, 3607
4.09, 3606
4.10, 3605
4.11, 3604
4.15, 3603
4.20, 3602
4.20, 3601
4.21, 3600
4.22, 3599
4.22, 3598
4.23, 3597
4.23, 3596
4.24, 3595
4.25, 3594
4.26, 3593
4.27, 3592
4.30, 3591
4.33, 3590
4.34, 3589
4.35, 3588
4.41, 3587
4.41, 3586
4.43, 3585
4.44, 3584
4.46, 3583
4.49, 3582
4.49, 3581
4.53, 3580
4.54, 3579
4.54, 3578
4.56, 3577
4.59, 3576
4.66, 3575
4.76, 3574
4.77, 3573
4.78, 3572
4.80, 3571
4.85, 3570
4.85, 3569
4.85, 3568
4.93, 3567
4.95, 3566
4.97, 3565
4.98, 3564
4.99, 3563
4.99, 3562
4.99, 3561
5.04, 3560
5.14, 3559
5.15, 3558
5.17, 3557
5.19, 3556
5.19, 3555
5.24, 3554
5.29, 3553
5.29, 3552
5.31, 3551
5.34, 3550
5.35, 3549
5.37, 3548
5.37, 3547
5.37, 3546
5.38, 3545
5.38, 3544
5.40, 3543
5.42, 3542
5.50, 3541
5.50, 3540
5.57, 3539
5.57, 3538
5.58, 3537
5.60, 3536
5.61, 3535
5.66, 3534
5.68, 3533
5.68, 3532
5.72, 3531
5.76, 3530
5.79, 3529
5.82, 3528
5.83, 3527
5.86, 3526
5.95, 3525
5.99, 3524
6.00, 3523
6.04, 3522
6.13, 3521
6.18, 3520
6.22, 3519
6.26, 3518
6.27, 3517
6.28, 3516
6.30, 3515
6.33, 3514
6.36, 3513
6.38, 3512
6.41, 3511
6.43, 3510
6.43, 3509
6.44, 3508
6.45, 3507
6.47, 3506
6.47, 3505
6.48, 3504
6.52, 3503
6.54, 3502
6.55, 3501
6.62, 3500
6.62, 3499
6.66, 3498
6.68, 3497
6.72, 3496
6.76, 3495
6.78, 3494
6.79, 3493
6.85, 3492
6.87, 3491
6.94, 3490
6.96, 3489
6.97, 3488
6.97, 3487
7.01, 3486
7.02, 3485
7.03, 3484
7.09, 3483
7.11, 3482
7.12, 3481
7.13, 3480
7.14, 3479
7.19, 3478
7.19, 3477
7.22, 3476
7.25, 3475
7.38, 3474
7.49, 3473
7.52, 3472
7.53, 3471
7.58, 3470
7.61, 3469
7.61, 3468
7.64, 3467
7.71, 3466
7.71, 3465
7.72, 3464
7.76, 3463
7.80, 3462
7.84, 3461
7.86, 3460
7.89, 3459
7.91, 3458
7.93, 3457
7.96, 3456
8.10, 3455
8.16, 3454
8.20, 3453
8.22, 3452
8.23, 3451
8.27, 3450
8.28, 3449
8.31, 3448
8.34, 3447
8.34, 3446
8.51, 3445
8.53, 3444
8.54, 3443
8.64, 3442
8.65, 3441
8.69, 3440
8.71, 3439
8.73, 3438
8.76, 3437
8.79, 3436
8.83, 3435
8.87, 3434
8.92, 3433
9.01, 3432
9.02, 3431
9.05, 3430
9.09, 3429
9.17, 3428
9.21, 3427
9.31, 3426
9.33, 3425
9.35, 3424
9.35, 3423
9.39, 3422
9.44, 3421
9.49, 3420
9.64, 3419
9.66, 3418
9.69, 3417
9.76, 3416
9.91, 3415
9.94, 3414
10.01, 3413
10.03, 3412
10.09, 3411
10.13, 3410
10.27, 3409
10.28, 3408
10.31, 3407
10.42, 3406
10.44, 3405
10.47, 3404
10.51, 3403
10.55, 3402
10.55, 3401
10.55, 3400
10.64, 3399
10.68, 3398
10.83, 3397
10.96, 3396
10.98, 3395
11.13, 3394
11.17, 3393
11.21, 3392
11.21, 3391
11.30, 3390
11.36, 3389
11.51, 3388
11.60, 3387
11.74, 3386
11.78, 3385
11.85, 3384
12.04, 3383
12.08, 3382
12.14, 3381
12.21, 3380
12.24, 3379
12.35, 3378
12.38, 3377
12.55, 3376
12.59, 3375
12.73, 3374
12.91, 3373
13.11, 3372
13.14, 3371
13.17, 3370
13.23, 3369
13.33, 3368
13.45, 3367
14.03, 3366
14.04, 3365
14.14, 3364
14.28, 3363
14.85, 3362
15.15, 3361
15.20, 3360
15.29, 3359
15.35, 3358
15.37, 3357
15.63, 3356
15.64, 3355
15.67, 3354
15.81, 3353
15.93, 3352
15.94, 3351
16.38, 3350
16.56, 3349
16.61, 3348
16.76, 3347
17.19, 3346
17.39, 3345
17.55, 3344
17.58, 3343
17.75, 3342
17.78, 3341
17.98, 3340
18.29, 3339
18.73, 3338
19.45, 3337
19.73, 3336
20.50, 3335
21.14, 3334
21.41, 3333
22.69, 3332
22.99, 3331
24.44, 3330
25.74, 3329
26.54, 3328
28.49, 3327
48.10, 3326
