3.54, 3414
3.56, 3482
3.57, 3508
3.57, 3533
3.58, 3533
3.61, 3631
3.63, 3630
3.64, 3629
3.66, 3628
3.69, 3627
3.70, 3626
3.70, 3625
3.70, 3624
3.70, 3623
3.71, 3622
3.73, 3621
3.74, 3620
3.74, 3619
3.78, 3618
3.88, 3617
3.89, 3616
3.92, 3615
3.94, 3614
4.01, 3613
4.01, 3612
4.02, 3611
4.04, 3610
4.06, 3609
4.07, 3608
4.07, 3607
4.08, 3606
4.12, 3605
4.13, 3604
4.14, 3603
4.16, 3602
4.17, 3601
4.19, 3600
4.29, 3599
4.31, 3598
4.32, 3597
4.36, 3596
4.36, 3595
4.41, 3594
4.43, 3593
4.44, 3592
4.45, 3591
4.47, 3590
4.52, 3589
4.53, 3588
4.53, 3587
4.56, 3586
4.58, 3585
4.59, 3584
4.60, 3583
4.60, 3582
4.61, 3581
4.61, 3580
4.62, 3579
4.63, 3578
4.63, 3577
4.66, 3576
4.69, 3575
4.69, 3574
4.70, 3573
4.71, 3572
4.73, 3571
4.73, 3570
4.74, 3569
4.76, 3568
4.76, 3567
4.76, 3566
4.86, 3565
4.95, 3564
4.95, 3563
4.96, 3562
4.98, 3561
4.99, 3560
5.00, 3559
5.02, 3558
5.10, 3557
5.10, 3556
5.12, 3555
5.12, 3554
5.14, 3553
5.16, 3552
5.27, 3551
5.27, 3550
5.27, 3549
5.30, 3548
5.30, 3547
5.31, 3546
5.36, 3545
5.46, 3544
5.47, 3543
5.50, 3542
5.50, 3541
5.52, 3540
5.52, 3539
5.58, 3538
5.59, 3537
5.60, 3536
5.61, 3535
5.61, 3534
5.61, 3533
5.62, 3532
5.65, 3531
5.75, 3530
5.76, 3529
5.80, 3528
5.82, 3527
5.83, 3526
5.87, 3525
5.87, 3524
5.89, 3523
5.91, 3522
5.94, 3521
5.97, 3520
5.98, 3519
6.00, 3518
6.07, 3517
6.09, 3516
6.09, 3515
6.13, 3514
6.14, 3513
6.14, 3512
6.16, 3511
6.24, 3510
6.26, 3509
6.30, 3508
6.30, 3507
6.34, 3506
6.36, 3505
6.38, 3504
6.41, 3503
6.41, 3502
6.52, 3501
6.53, 3500
6.55, 3499
6.55, 3498
6.58, 3497
6.59, 3496
6.63, 3495
6.70, 3494
6.71, 3493
6.73, 3492
6.73, 3491
6.74, 3490
6.79, 3489
6.79, 3488
6.83, 3487
6.89, 3486
6.97, 3485
7.02, 3484
7.03, 3483
7.08, 3482
7.08, 3481
7.13, 3480
7.16, 3479
7.31, 3478
7.42, 3477
7.52, 3476
7.52, 3475
7.53, 3474
7.54, 3473
7.54, 3472
7.62, 3471
7.62, 3470
7.66, 3469
7.77, 3468
7.79, 3467
7.83, 3466
7.90, 3465
7.94, 3464
7.95, 3463
8.00, 3462
8.00, 3461
8.07, 3460
8.12, 3459
8.20, 3458
8.24, 3457
8.32, 3456
8.33, 3455
8.45, 3454
8.49, 3453
8.56, 3452
8.61, 3451
8.80, 3450
8.90, 3449
8.94, 3448
8.95, 3447
8.95, 3446
8.96, 3445
8.97, 3444
8.97, 3443
8.98, 3442
8.98, 3441
8.99, 3440
9.00, 3439
9.16, 3438
9.16, 3437
9.17, 3436
9.19, 3435
9.34, 3434
9.40, 3433
9.47, 3432
9.49, 3431
9.71, 3430
9.74, 3429
9.79, 3428
9.87, 3427
9.90, 3426
9.96, 3425
10.11, 3424
10.13, 3423
10.16, 3422
10.16, 3421
10.22, 3420
10.30, 3419
10.31, 3418
10.35, 3417
10.39, 3416
10.51, 3415
10.54, 3414
10.58, 3413
10.63, 3412
10.66, 3411
10.72, 3410
10.73, 3409
10.75, 3408
10.93, 3407
10.98, 3406
10.98, 3405
11.10, 3404
11.14, 3403
11.26, 3402
11.40, 3401
11.56, 3400
11.74, 3399
12.20, 3398
12.23, 3397
12.52, 3396
12.65, 3395
12.71, 3394
12.74, 3393
12.86, 3392
12.91, 3391
13.08, 3390
13.09, 3389
13.12, 3388
13.25, 3387
13.28, 3386
13.31, 3385
13.46, 3384
13.53, 3383
13.65, 3382
13.66, 3381
13.71, 3380
13.82, 3379
13.83, 3378
13.94, 3377
13.98, 3376
14.27, 3375
14.50, 3374
14.50, 3373
14.54, 3372
14.56, 3371
14.73, 3370
14.81, 3369
14.94, 3368
15.36, 3367
15.41, 3366
15.45, 3365
15.50, 3364
15.70, 3363
15.79, 3362
15.93, 3361
15.95, 3360
15.99, 3359
16.02, 3358
16.36, 3357
16.55, 3356
16.61, 3355
16.92, 3354
17.03, 3353
17.11, 3352
17.32, 3351
17.36, 3350
17.87, 3349
18.37, 3348
18.69, 3347
19.20, 3346
19.62, 3345
19.70, 3344
19.93, 3343
20.32, 3342
20.43, 3341
20.91, 3340
21.03, 3339
21.14, 3338
21.38, 3337
24.52, 3336
25.12, 3335
27.15, 3334
28.02, 3333
28.29, 3332
28.75, 3331
29.82, 3330
30.19, 3329
32.25, 3328
32.97, 3327
34.81, 3326
42.62, 3325
