3.74, 3414
3.77, 3511
3.78, 3552
3.78, 3562
3.80, 3613
3.81, 3627
3.81, 3626
3.82, 3625
3.82, 3624
3.82, 3623
3.86, 3622
3.87, 3621
3.89, 3620
3.90, 3619
3.91, 3618
3.92, 3617
3.94, 3616
3.95, 3615
3.96, 3614
3.97, 3613
3.99, 3612
4.01, 3611
4.01, 3610
4.05, 3609
4.05, 3608
4.07, 3607
4.08, 3606
4.10, 3605
4.11, 3604
4.14, 3603
4.16, 3602
4.17, 3601
4.20, 3600
4.23, 3599
4.23, 3598
4.28, 3597
4.29, 3596
4.29, 3595
4.30, 3594
4.31, 3593
4.35, 3592
4.35, 3591
4.37, 3590
4.38, 3589
4.38, 3588
4.38, 3587
4.39, 3586
4.40, 3585
4.41, 3584
4.41, 3583
4.42, 3582
4.43, 3581
4.43, 3580
4.44, 3579
4.47, 3578
4.47, 3577
4.48, 3576
4.48, 3575
4.49, 3574
4.50, 3573
4.51, 3572
4.51, 3571
4.54, 3570
4.55, 3569
4.56, 3568
4.58, 3567
4.59, 3566
4.59, 3565
4.60, 3564
4.63, 3563
4.64, 3562
4.69, 3561
4.69, 3560
4.70, 3559
4.70, 3558
4.72, 3557
4.73, 3556
4.78, 3555
4.79, 3554
4.82, 3553
4.85, 3552
4.86, 3551
4.93, 3550
4.96, 3549
4.97, 3548
4.99, 3547
5.01, 3546
5.03, 3545
5.05, 3544
5.07, 3543
5.08, 3542
5.12, 3541
5.14, 3540
5.15, 3539
5.20, 3538
5.22, 3537
5.23, 3536
5.23, 3535
5.31, 3534
5.32, 3533
5.32, 3532
5.34, 3531
5.34, 3530
5.40, 3529
5.44, 3528
5.54, 3527
5.59, 3526
5.59, 3525
5.63, 3524
5.63, 3523
5.63, 3522
5.66, 3521
5.72, 3520
5.72, 3519
5.78, 3518
5.80, 3517
5.80, 3516
5.81, 3515
5.82, 3514
5.87, 3513
5.93, 3512
6.02, 3511
6.07, 3510
6.08, 3509
6.08, 3508
6.19, 3507
6.23, 3506
6.24, 3505
6.29, 3504
6.38, 3503
6.40, 3502
6.41, 3501
6.41, 3500
6.43, 3499
6.45, 3498
6.47, 3497
6.52, 3496
6.55, 3495
6.55, 3494
6.59, 3493
6.64, 3492
6.69, 3491
6.83, 3490
6.88, 3489
6.90, 3488
6.90, 3487
6.91, 3486
6.93, 3485
6.99, 3484
7.01, 3483
7.07, 3482
7.13, 3481
7.14, 3480
7.16, 3479
7.23, 3478
7.26, 3477
7.34, 3476
7.34, 3475
7.35, 3474
7.35, 3473
7.41, 3472
7.41, 3471
7.46, 3470
7.48, 3469
7.49, 3468
7.54, 3467
7.60, 3466
7.62, 3465
7.62, 3464
7.64, 3463
7.64, 3462
7.66, 3461
7.69, 3460
7.83, 3459
7.85, 3458
7.88, 3457
7.89, 3456
7.89, 3455
7.90, 3454
7.91, 3453
7.94, 3452
7.95, 3451
7.95, 3450
8.05, 3449
8.18, 3448
8.32, 3447
8.33, 3446
8.38, 3445
8.40, 3444
8.41, 3443
8.42, 3442
8.45, 3441
8.45, 3440
8.53, 3439
8.54, 3438
8.57, 3437
8.63, 3436
8.82, 3435
8.82, 3434
8.84, 3433
8.88, 3432
8.88, 3431
8.89, 3430
9.00, 3429
9.02, 3428
9.02, 3427
9.06, 3426
9.08, 3425
9.17, 3424
9.23, 3423
9.29, 3422
9.32, 3421
9.36, 3420
9.39, 3419
9.59, 3418
9.60, 3417
9.69, 3416
9.71, 3415
9.75, 3414
9.77, 3413
9.88, 3412
9.94, 3411
10.03, 3410
10.12, 3409
10.13, 3408
10.21, 3407
10.25, 3406
10.37, 3405
10.44, 3404
10.53, 3403
10.55, 3402
10.72, 3401
10.73, 3400
10.76, 3399
10.86, 3398
10.90, 3397
10.97, 3396
11.00, 3395
11.04, 3394
11.11, 3393
11.24, 3392
11.26, 3391
11.33, 3390
11.35, 3389
11.35, 3388
11.47, 3387
11.54, 3386
11.55, 3385
11.61, 3384
11.70, 3383
12.22, 3382
12.26, 3381
12.52, 3380
12.55, 3379
12.63, 3378
12.64, 3377
12.69, 3376
12.82, 3375
12.82, 3374
12.85, 3373
12.94, 3372
12.98, 3371
13.32, 3370
13.47, 3369
14.05, 3368
14.07, 3367
14.18, 3366
14.19, 3365
14.33, 3364
14.43, 3363
14.60, 3362
14.81, 3361
15.21, 3360
15.24, 3359
15.34, 3358
15.37, 3357
15.49, 3356
15.58, 3355
15.61, 3354
15.62, 3353
15.65, 3352
15.78, 3351
15.78, 3350
16.40, 3349
16.40, 3348
16.76, 3347
17.00, 3346
17.04, 3345
18.15, 3344
18.65, 3343
19.07, 3342
19.07, 3341
19.77, 3340
19.98, 3339
20.25, 3338
20.82, 3337
21.87, 3336
22.39, 3335
23.11, 3334
23.85, 3333
25.25, 3332
26.06, 3331
27.49, 3330
30.72, 3329
31.34, 3328
35.57, 3327
36.84, 3326
