0.10, 794
0.10, 807
0.10, 806
0.11, 806
0.11, 807
0.11, 808
0.11, 808
0.11, 808
0.11, 813
0.11, 812
0.11, 813
0.11, 813
0.11, 814
0.11, 816
0.11, 818
0.11, 817
0.11, 821
0.11, 820
0.11, 825
0.11, 826
0.11, 825
0.11, 824
0.11, 825
0.11, 826
0.11, 825
0.11, 824
0.11, 824
0.12, 823
0.12, 822
0.12, 823
0.12, 822
0.12, 821
0.12, 820
0.12, 819
0.12, 818
0.12, 817
0.12, 816
0.12, 815
0.12, 814
0.12, 813
0.12, 812
0.12, 811
0.12, 810
0.12, 809
0.12, 808
0.12, 807
0.12, 806
0.12, 805
0.12, 804
0.12, 803
0.12, 802
0.12, 801
0.12, 800
0.12, 799
0.12, 798
0.12, 797
0.12, 796
0.12, 795
0.13, 794
0.13, 793
0.13, 792
0.13, 791
0.13, 790
0.13, 789
0.13, 788
0.13, 787
0.13, 786
0.13, 785
0.13, 784
0.13, 783
0.13, 782
0.13, 781
0.13, 780
0.13, 779
0.13, 778
0.13, 777
0.13, 776
0.13, 775
0.13, 774
0.13, 773
0.14, 772
0.14, 771
0.14, 770
0.14, 769
0.14, 768
0.14, 767
0.14, 766
0.14, 765
0.14, 764
0.14, 763
0.14, 762
0.14, 761
0.14, 760
0.15, 759
0.15, 758
0.15, 757
0.15, 756
0.16, 755
0.16, 754
0.16, 753
0.16, 752
0.17, 751
0.18, 750
0.19, 749
0.19, 748
0.33, 747
