0.10, 794
0.11, 796
0.11, 795
0.11, 794
0.11, 797
0.11, 797
0.11, 800
0.11, 801
0.11, 800
0.11, 799
0.11, 798
0.11, 797
0.11, 803
0.11, 802
0.11, 803
0.11, 802
0.11, 801
0.11, 801
0.11, 805
0.11, 807
0.11, 807
0.11, 806
0.11, 805
0.11, 804
0.11, 803
0.11, 803
0.11, 809
0.12, 812
0.12, 811
0.12, 813
0.12, 812
0.12, 811
0.12, 811
0.12, 810
0.12, 809
0.12, 808
0.12, 807
0.12, 806
0.12, 805
0.12, 804
0.12, 803
0.12, 802
0.12, 801
0.12, 800
0.12, 799
0.12, 798
0.12, 797
0.12, 796
0.12, 795
0.12, 794
0.12, 793
0.12, 792
0.13, 791
0.13, 790
0.13, 789
0.13, 788
0.13, 787
0.13, 786
0.13, 785
0.13, 784
0.13, 783
0.13, 782
0.13, 781
0.13, 780
0.14, 779
0.14, 778
0.14, 777
0.14, 776
0.14, 775
0.14, 774
0.14, 773
0.14, 772
0.14, 771
0.14, 770
0.14, 769
0.14, 768
0.15, 767
0.15, 766
0.15, 765
0.15, 764
0.15, 763
0.15, 762
0.15, 761
0.15, 760
0.15, 759
0.16, 758
0.16, 757
0.16, 756
0.17, 755
0.17, 754
0.18, 753
0.18, 752
0.19, 751
0.19, 750
0.20, 749
0.22, 748
0.25, 747
0.27, 746
