0.10, 794
0.10, 798
0.10, 799
0.10, 798
0.10, 799
0.10, 800
0.10, 799
0.10, 803
0.10, 802
0.10, 801
0.11, 805
0.11, 810
0.11, 810
0.11, 814
0.11, 819
0.11, 819
0.11, 818
0.11, 817
0.11, 816
0.11, 815
0.11, 814
0.11, 814
0.11, 813
0.11, 813
0.11, 813
0.11, 815
0.11, 815
0.11, 816
0.11, 816
0.11, 816
0.11, 815
0.11, 814
0.11, 814
0.11, 813
0.11, 812
0.12, 811
0.12, 810
0.12, 809
0.12, 808
0.12, 807
0.12, 806
0.12, 805
0.12, 804
0.12, 803
0.12, 802
0.12, 801
0.12, 800
0.12, 799
0.12, 798
0.12, 797
0.12, 796
0.12, 795
0.12, 794
0.12, 793
0.12, 792
0.12, 791
0.12, 790
0.12, 789
0.12, 788
0.12, 787
0.12, 786
0.12, 785
0.94, 784
0.94, 783
0.94, 782
0.94, 781
0.94, 780
0.94, 779
0.94, 778
0.94, 777
0.94, 776
0.94, 775
0.94, 774
0.94, 773
0.94, 772
0.94, 771
0.94, 770
0.94, 769
0.94, 768
0.95, 767
0.95, 766
0.95, 765
0.95, 764
0.95, 763
0.95, 762
0.95, 761
0.95, 760
0.95, 759
0.95, 758
0.95, 757
0.95, 756
0.95, 755
0.96, 754
0.96, 753
0.97, 752
0.97, 751
0.97, 750
0.97, 749
0.97, 748
0.98, 747
0.99, 746
1.00, 745
1.03, 744
