0.10, 794
0.10, 800
0.10, 803
0.10, 804
0.10, 805
0.10, 806
0.10, 808
0.10, 809
0.10, 811
0.10, 810
0.10, 810
0.10, 814
0.11, 814
0.11, 813
0.11, 813
0.11, 814
0.11, 814
0.11, 813
0.11, 814
0.11, 813
0.11, 816
0.11, 817
0.11, 816
0.11, 815
0.11, 814
0.11, 813
0.11, 812
0.11, 812
0.11, 811
0.11, 810
0.11, 809
0.11, 808
0.11, 807
0.11, 806
0.11, 805
0.11, 804
0.11, 803
0.11, 802
0.12, 801
0.12, 800
0.12, 799
0.12, 798
0.12, 797
0.12, 796
0.12, 795
0.12, 794
0.12, 793
0.12, 792
0.12, 791
0.12, 790
0.12, 789
0.12, 788
0.12, 787
0.12, 786
0.13, 785
0.13, 784
0.13, 783
0.13, 782
0.13, 781
0.13, 780
0.13, 779
0.13, 778
0.13, 777
0.13, 776
0.13, 775
0.14, 774
0.14, 773
0.14, 772
0.14, 771
0.14, 770
0.14, 769
0.15, 768
0.15, 767
0.15, 766
0.15, 765
0.15, 764
0.15, 763
0.15, 762
0.16, 761
0.16, 760
0.16, 759
0.16, 758
0.17, 757
0.17, 756
0.17, 755
0.17, 754
0.17, 753
0.17, 752
0.19, 751
0.23, 750
