0.10, 794
0.11, 796
0.11, 795
0.11, 795
0.11, 796
0.11, 797
0.11, 797
0.11, 796
0.11, 797
0.11, 799
0.11, 798
0.11, 800
0.11, 799
0.11, 805
0.11, 804
0.11, 804
0.11, 806
0.11, 809
0.11, 808
0.11, 811
0.11, 812
0.11, 815
0.11, 814
0.11, 813
0.11, 813
0.11, 813
0.11, 815
0.11, 815
0.11, 815
0.12, 818
0.12, 818
0.12, 817
0.12, 816
0.12, 816
0.12, 815
0.12, 814
0.12, 813
0.12, 812
0.12, 811
0.12, 810
0.12, 809
0.12, 808
0.12, 807
0.12, 806
0.12, 805
0.12, 804
0.12, 803
0.12, 802
0.12, 801
0.12, 800
0.12, 799
0.12, 798
0.12, 797
0.12, 796
0.12, 795
0.12, 794
0.12, 793
0.12, 792
0.12, 791
0.12, 790
0.13, 789
0.13, 788
0.13, 787
0.13, 786
0.13, 785
0.13, 784
0.13, 783
0.13, 782
0.13, 781
0.13, 780
0.13, 779
0.13, 778
0.14, 777
0.14, 776
0.14, 775
0.14, 774
0.14, 773
0.14, 772
0.14, 771
0.15, 770
0.15, 769
0.15, 768
0.15, 767
0.15, 766
0.15, 765
0.15, 764
0.16, 763
0.16, 762
0.16, 761
0.16, 760
0.17, 759
0.17, 758
0.17, 757
0.17, 756
0.18, 755
0.18, 754
0.18, 753
0.19, 752
0.20, 751
0.20, 750
0.20, 749
0.23, 748
0.23, 747
0.24, 746
