0.10, 794
0.10, 808
0.10, 807
0.10, 808
0.10, 810
0.10, 810
0.10, 809
0.10, 808
0.10, 809
0.10, 809
0.10, 808
0.10, 810
0.10, 809
0.10, 812
0.10, 811
0.11, 814
0.11, 814
0.11, 813
0.11, 812
0.11, 811
0.11, 812
0.11, 812
0.11, 812
0.11, 811
0.11, 810
0.11, 809
0.11, 811
0.11, 811
0.11, 810
0.11, 809
0.11, 809
0.11, 808
0.11, 809
0.11, 809
0.11, 809
0.11, 808
0.11, 807
0.11, 806
0.11, 805
0.11, 804
0.11, 803
0.11, 802
0.11, 801
0.11, 800
0.11, 799
0.11, 798
0.11, 797
0.11, 796
0.11, 795
0.12, 794
0.12, 793
0.12, 792
0.12, 791
0.12, 790
0.12, 789
0.12, 788
0.12, 787
0.12, 786
0.12, 785
0.12, 784
0.12, 783
0.12, 782
0.12, 781
0.12, 780
0.12, 779
0.12, 778
0.12, 777
0.12, 776
0.12, 775
0.12, 774
0.12, 773
0.13, 772
0.13, 771
0.13, 770
0.13, 769
0.13, 768
0.13, 767
0.13, 766
0.13, 765
0.13, 764
0.14, 763
0.14, 762
0.14, 761
0.14, 760
0.14, 759
0.14, 758
0.15, 757
0.15, 756
0.15, 755
0.15, 754
0.15, 753
0.16, 752
0.16, 751
0.16, 750
0.16, 749
0.16, 748
0.20, 747
