0.11, 794
0.11, 795
0.11, 795
0.11, 794
0.11, 801
0.11, 801
0.11, 804
0.11, 805
0.11, 805
0.11, 806
0.11, 809
0.11, 808
0.11, 807
0.11, 807
0.11, 807
0.11, 807
0.11, 806
0.11, 808
0.11, 810
0.11, 810
0.11, 810
0.12, 811
0.12, 810
0.12, 812
0.12, 813
0.12, 813
0.12, 821
0.12, 821
0.12, 820
0.12, 819
0.12, 819
0.12, 818
0.12, 817
0.12, 818
0.12, 817
0.12, 816
0.12, 815
0.12, 814
0.12, 813
0.12, 812
0.12, 811
0.12, 810
0.12, 809
0.12, 808
0.12, 807
0.12, 806
0.13, 805
0.13, 804
0.13, 803
0.13, 802
0.13, 801
0.13, 800
0.13, 799
0.13, 798
0.13, 797
0.13, 796
0.13, 795
0.13, 794
0.13, 793
0.13, 792
0.13, 791
0.13, 790
0.13, 789
0.13, 788
0.13, 787
0.13, 786
0.13, 785
0.13, 784
0.13, 783
0.14, 782
0.14, 781
0.14, 780
0.14, 779
0.14, 778
0.14, 777
0.14, 776
0.14, 775
0.14, 774
0.14, 773
0.14, 772
0.14, 771
0.14, 770
0.14, 769
0.14, 768
0.14, 767
0.14, 766
0.14, 765
0.15, 764
0.15, 763
0.15, 762
0.15, 761
0.15, 760
0.15, 759
0.15, 758
0.15, 757
0.15, 756
0.16, 755
0.16, 754
0.16, 753
0.17, 752
0.17, 751
0.17, 750
0.17, 749
0.18, 748
0.18, 747
0.19, 746
0.19, 745
0.23, 744
