0.10, 794
0.10, 796
0.10, 800
0.11, 799
0.11, 801
0.11, 801
0.11, 801
0.11, 804
0.11, 805
0.11, 809
0.11, 809
0.11, 810
0.11, 809
0.11, 808
0.11, 807
0.11, 814
0.11, 816
0.11, 817
0.11, 816
0.11, 815
0.11, 814
0.11, 813
0.11, 812
0.11, 812
0.11, 812
0.11, 812
0.11, 814
0.11, 813
0.11, 818
0.11, 820
0.11, 820
0.11, 819
0.11, 818
0.11, 818
0.12, 817
0.12, 816
0.12, 815
0.12, 815
0.12, 814
0.12, 813
0.12, 812
0.12, 811
0.12, 810
0.12, 809
0.12, 808
0.12, 807
0.12, 806
0.12, 805
0.12, 804
0.12, 803
0.12, 802
0.12, 801
0.12, 800
0.12, 799
0.12, 798
0.12, 797
0.12, 796
0.12, 795
0.12, 794
0.12, 793
0.12, 792
0.12, 791
0.13, 790
0.13, 789
0.13, 788
0.13, 787
0.13, 786
0.13, 785
0.13, 784
0.13, 783
0.13, 782
0.13, 781
0.13, 780
0.13, 779
0.13, 778
0.13, 777
0.13, 776
0.13, 775
0.13, 774
0.13, 773
0.13, 772
0.13, 771
0.14, 770
0.14, 769
0.14, 768
0.14, 767
0.14, 766
0.14, 765
0.14, 764
0.15, 763
0.15, 762
0.15, 761
0.15, 760
0.16, 759
0.16, 758
0.16, 757
0.16, 756
0.18, 755
0.18, 754
0.18, 753
0.18, 752
0.19, 751
0.19, 750
