0.09, 794
0.09, 799
0.09, 802
0.09, 805
0.09, 804
0.09, 804
0.09, 803
0.09, 807
0.09, 807
0.09, 806
0.09, 806
0.10, 812
0.10, 811
0.10, 811
0.10, 810
0.10, 809
0.10, 811
0.10, 818
0.10, 817
0.10, 818
0.10, 818
0.10, 822
0.10, 823
0.10, 823
0.10, 824
0.10, 823
0.10, 822
0.10, 821
0.10, 820
0.10, 819
0.10, 818
0.10, 817
0.10, 816
0.10, 815
0.10, 814
0.10, 813
0.10, 812
0.10, 811
0.10, 810
0.11, 809
0.11, 808
0.11, 807
0.11, 806
0.11, 805
0.11, 804
0.11, 803
0.11, 802
0.11, 801
0.11, 800
0.11, 799
0.11, 798
0.11, 797
0.11, 796
0.11, 795
0.11, 794
0.11, 793
0.11, 792
0.11, 791
0.11, 790
0.11, 789
0.11, 788
0.11, 787
0.11, 786
0.11, 785
0.11, 784
0.11, 783
0.11, 782
0.12, 781
0.12, 780
0.12, 779
0.12, 778
0.12, 777
0.12, 776
0.12, 775
0.12, 774
0.12, 773
0.12, 772
0.12, 771
0.13, 770
0.13, 769
0.13, 768
0.13, 767
0.13, 766
0.13, 765
0.13, 764
0.13, 763
0.14, 762
0.14, 761
0.14, 760
0.14, 759
0.14, 758
0.14, 757
0.14, 756
0.15, 755
0.15, 754
0.15, 753
0.15, 752
0.15, 751
0.17, 750
0.20, 749
