0.30, 794
0.30, 796
0.31, 796
0.31, 796
0.31, 795
0.31, 796
0.31, 798
0.31, 799
0.31, 798
0.31, 807
0.31, 807
0.31, 806
0.31, 808
0.31, 809
0.31, 808
0.31, 808
0.31, 810
0.32, 809
0.32, 809
0.32, 808
0.32, 807
0.32, 807
0.32, 807
0.32, 808
0.32, 807
0.32, 808
0.32, 809
0.32, 809
0.32, 810
0.32, 811
0.32, 813
0.32, 812
0.32, 811
0.32, 810
0.32, 809
0.32, 808
0.32, 807
0.33, 806
0.33, 805
0.33, 804
0.33, 803
0.33, 802
0.35, 801
0.35, 800
0.35, 799
0.35, 798
0.35, 797
0.38, 796
0.38, 795
0.38, 794
0.39, 793
0.39, 792
0.39, 791
0.39, 790
0.40, 789
0.40, 788
0.41, 787
0.41, 786
0.41, 785
0.41, 784
0.42, 783
0.44, 782
0.44, 781
0.44, 780
0.44, 779
0.45, 778
0.45, 777
0.45, 776
0.46, 775
0.46, 774
0.46, 773
0.47, 772
0.47, 771
0.48, 770
0.49, 769
0.49, 768
0.50, 767
0.50, 766
0.50, 765
0.50, 764
0.50, 763
0.51, 762
0.51, 761
0.52, 760
0.54, 759
0.54, 758
0.54, 757
0.57, 756
0.58, 755
0.58, 754
0.59, 753
0.59, 752
0.59, 751
0.60, 750
0.60, 749
0.65, 748
