0.08, 794
0.08, 807
0.08, 806
0.08, 806
0.08, 807
0.08, 808
0.08, 808
0.08, 808
0.08, 813
0.08, 812
0.08, 813
0.08, 813
0.08, 814
0.08, 816
0.08, 818
0.08, 817
0.08, 821
0.08, 820
0.08, 825
0.08, 826
0.08, 825
0.08, 824
0.08, 825
0.09, 826
0.09, 825
0.09, 824
0.09, 824
0.09, 823
0.09, 822
0.09, 823
0.09, 822
0.09, 821
0.09, 820
0.09, 819
0.09, 818
0.09, 817
0.09, 816
0.09, 815
0.09, 814
0.09, 813
0.09, 812
0.09, 811
0.09, 810
0.09, 809
0.09, 808
0.09, 807
0.09, 806
0.09, 805
0.09, 804
0.09, 803
0.09, 802
0.09, 801
0.09, 800
0.09, 799
0.09, 798
0.09, 797
0.09, 796
0.09, 795
0.09, 794
0.09, 793
0.09, 792
0.10, 791
0.10, 790
0.10, 789
0.10, 788
0.10, 787
0.10, 786
0.10, 785
0.10, 784
0.10, 783
0.10, 782
0.10, 781
0.10, 780
0.10, 779
0.10, 778
0.10, 777
0.10, 776
0.10, 775
0.10, 774
0.10, 773
0.10, 772
0.10, 771
0.10, 770
0.10, 769
0.10, 768
0.10, 767
0.10, 766
0.10, 765
0.10, 764
0.10, 763
0.10, 762
0.11, 761
0.11, 760
0.11, 759
0.11, 758
0.11, 757
0.11, 756
0.11, 755
0.12, 754
0.12, 753
0.12, 752
0.13, 751
0.13, 750
0.14, 749
0.14, 748
0.24, 747
