0.10, 660
0.10, 661
0.10, 661
0.10, 668
0.10, 671
0.10, 673
0.10, 673
0.10, 673
0.10, 672
0.10, 679
0.11, 682
0.11, 682
0.11, 685
0.11, 685
0.11, 684
0.11, 688
0.11, 689
0.11, 697
0.11, 697
0.11, 697
0.11, 702
0.11, 710
0.11, 710
0.11, 712
0.11, 715
0.11, 724
0.11, 723
0.11, 725
0.11, 724
0.11, 723
0.11, 724
0.11, 723
0.11, 722
0.11, 721
0.11, 720
0.11, 719
0.11, 718
0.11, 717
0.11, 716
0.11, 715
0.11, 714
0.11, 713
0.11, 712
0.11, 711
0.11, 710
0.12, 709
0.12, 708
0.12, 707
0.12, 706
0.12, 705
0.12, 704
0.12, 703
0.12, 702
0.12, 701
0.12, 700
0.12, 699
0.12, 698
0.12, 697
0.12, 696
0.12, 695
0.12, 694
0.12, 693
0.12, 692
0.12, 691
0.12, 690
0.12, 689
0.12, 688
0.12, 687
0.12, 686
0.13, 685
0.13, 684
0.13, 683
0.13, 682
0.13, 681
0.13, 680
0.13, 679
0.13, 678
0.13, 677
0.13, 676
0.13, 675
0.13, 674
0.13, 673
0.13, 672
0.13, 671
0.13, 670
0.13, 669
0.13, 668
0.13, 667
0.13, 666
0.13, 665
0.13, 664
0.13, 663
0.13, 662
0.13, 661
0.13, 660
0.14, 659
0.14, 658
0.14, 657
0.14, 656
0.14, 655
0.14, 654
0.14, 653
0.14, 652
0.14, 651
0.14, 650
0.14, 649
0.14, 648
0.14, 647
0.14, 646
0.14, 645
0.14, 644
0.14, 643
0.15, 642
0.15, 641
0.15, 640
0.15, 639
0.15, 638
0.15, 637
0.15, 636
0.16, 635
0.16, 634
0.16, 633
0.20, 632
0.22, 631
0.22, 630
0.22, 629
0.22, 628
0.22, 627
0.22, 626
0.23, 625
0.23, 624
0.23, 623
0.23, 622
0.23, 621
0.24, 620
0.24, 619
0.25, 618
0.25, 617
0.25, 616
0.25, 615
0.28, 614
0.32, 613
