0.10, 660
0.10, 675
0.10, 675
0.11, 677
0.11, 676
0.11, 677
0.11, 676
0.11, 676
0.11, 676
0.11, 679
0.11, 681
0.11, 688
0.11, 687
0.11, 689
0.11, 690
0.11, 690
0.11, 697
0.11, 696
0.11, 702
0.11, 701
0.11, 701
0.11, 701
0.11, 701
0.11, 702
0.11, 706
0.11, 707
0.11, 714
0.11, 720
0.11, 724
0.11, 725
0.11, 724
0.11, 725
0.11, 726
0.11, 725
0.11, 725
0.11, 724
0.11, 723
0.11, 722
0.11, 721
0.11, 720
0.12, 719
0.12, 718
0.12, 717
0.12, 716
0.12, 715
0.12, 714
0.12, 713
0.12, 712
0.12, 711
0.12, 710
0.12, 709
0.12, 708
0.12, 707
0.12, 706
0.12, 705
0.12, 704
0.12, 703
0.12, 702
0.12, 701
0.12, 700
0.12, 699
0.12, 698
0.12, 697
0.12, 696
0.12, 695
0.12, 694
0.12, 693
0.12, 692
0.12, 691
0.12, 690
0.12, 689
0.12, 688
0.12, 687
0.12, 686
0.12, 685
0.12, 684
0.12, 683
0.12, 682
0.12, 681
0.12, 680
0.12, 679
0.12, 678
0.13, 677
0.13, 676
0.13, 675
0.13, 674
0.13, 673
0.13, 672
0.13, 671
0.13, 670
0.13, 669
0.13, 668
0.13, 667
0.13, 666
0.13, 665
0.13, 664
0.13, 663
0.13, 662
0.13, 661
0.13, 660
0.13, 659
0.13, 658
0.13, 657
0.14, 656
0.14, 655
0.14, 654
0.14, 653
0.14, 652
0.14, 651
0.14, 650
0.14, 649
0.14, 648
0.14, 647
0.14, 646
0.14, 645
0.14, 644
0.14, 643
0.14, 642
0.14, 641
0.14, 640
0.14, 639
0.14, 638
0.14, 637
0.14, 636
0.15, 635
0.15, 634
0.15, 633
0.15, 632
0.15, 631
0.16, 630
0.16, 629
0.16, 628
0.17, 627
0.17, 626
0.17, 625
0.17, 624
0.17, 623
0.17, 622
0.18, 621
0.19, 620
0.22, 619
0.22, 618
