0.09, 660
0.09, 665
0.09, 668
0.09, 670
0.09, 674
0.09, 674
0.09, 678
0.09, 680
0.10, 683
0.10, 682
0.10, 687
0.10, 690
0.10, 691
0.10, 691
0.10, 692
0.10, 691
0.10, 690
0.10, 694
0.10, 695
0.10, 694
0.10, 696
0.10, 696
0.10, 698
0.10, 699
0.10, 698
0.10, 701
0.10, 708
0.10, 710
0.10, 709
0.10, 710
0.10, 715
0.10, 717
0.10, 716
0.10, 721
0.10, 720
0.10, 719
0.10, 718
0.10, 717
0.10, 716
0.10, 715
0.10, 714
0.10, 713
0.10, 712
0.10, 711
0.10, 710
0.10, 709
0.10, 708
0.10, 707
0.10, 706
0.10, 705
0.11, 704
0.11, 703
0.11, 702
0.11, 701
0.11, 700
0.11, 699
0.11, 698
0.11, 697
0.11, 696
0.11, 695
0.11, 694
0.11, 693
0.11, 692
0.11, 691
0.11, 690
0.11, 689
0.11, 688
0.11, 687
0.11, 686
0.11, 685
0.11, 684
0.11, 683
0.11, 682
0.11, 681
0.11, 680
0.11, 679
0.12, 678
0.12, 677
0.12, 676
0.12, 675
0.12, 674
0.12, 673
0.12, 672
0.12, 671
0.12, 670
0.12, 669
0.12, 668
0.12, 667
0.12, 666
0.15, 665
0.15, 664
0.15, 663
0.15, 662
0.15, 661
0.15, 660
0.15, 659
0.15, 658
0.15, 657
0.15, 656
0.15, 655
0.16, 654
0.16, 653
0.16, 652
0.16, 651
0.16, 650
0.16, 649
0.16, 648
0.16, 647
0.16, 646
0.16, 645
0.16, 644
0.16, 643
0.16, 642
0.16, 641
0.17, 640
0.17, 639
0.17, 638
0.17, 637
0.17, 636
0.17, 635
0.17, 634
0.17, 633
0.17, 632
0.17, 631
0.17, 630
0.18, 629
0.18, 628
0.18, 627
0.18, 626
0.18, 625
0.19, 624
0.19, 623
0.19, 622
0.19, 621
0.20, 620
0.20, 619
0.20, 618
0.20, 617
0.21, 616
0.21, 615
0.22, 614
0.22, 613
0.24, 612
