0.09, 660
0.09, 663
0.09, 665
0.09, 675
0.09, 680
0.09, 680
0.09, 682
0.09, 699
0.09, 699
0.09, 702
0.10, 701
0.10, 702
0.10, 704
0.10, 706
0.10, 705
0.10, 704
0.10, 704
0.10, 706
0.10, 707
0.10, 708
0.10, 711
0.10, 711
0.10, 720
0.10, 719
0.10, 721
0.10, 720
0.10, 719
0.10, 719
0.10, 718
0.10, 720
0.10, 722
0.10, 721
0.10, 720
0.10, 720
0.10, 719
0.10, 718
0.10, 717
0.10, 718
0.10, 717
0.10, 716
0.10, 715
0.10, 714
0.10, 713
0.10, 712
0.10, 711
0.11, 710
0.11, 709
0.11, 708
0.11, 707
0.11, 706
0.11, 705
0.11, 704
0.11, 703
0.11, 702
0.11, 701
0.11, 700
0.11, 699
0.11, 698
0.11, 697
0.11, 696
0.11, 695
0.11, 694
0.11, 693
0.11, 692
0.11, 691
0.11, 690
0.11, 689
0.11, 688
0.11, 687
0.11, 686
0.11, 685
0.11, 684
0.11, 683
0.11, 682
0.11, 681
0.12, 680
0.12, 679
0.12, 678
0.12, 677
0.12, 676
0.12, 675
0.12, 674
0.12, 673
0.12, 672
0.12, 671
0.12, 670
0.12, 669
0.12, 668
0.12, 667
0.12, 666
0.12, 665
0.12, 664
0.12, 663
0.12, 662
0.12, 661
0.12, 660
0.12, 659
0.12, 658
0.13, 657
0.13, 656
0.13, 655
0.13, 654
0.13, 653
0.13, 652
0.13, 651
0.13, 650
0.13, 649
0.13, 648
0.13, 647
0.13, 646
0.13, 645
0.13, 644
0.13, 643
0.13, 642
0.13, 641
0.14, 640
0.14, 639
0.14, 638
0.14, 637
0.14, 636
0.14, 635
0.14, 634
0.14, 633
0.14, 632
0.14, 631
0.15, 630
0.15, 629
0.15, 628
0.15, 627
0.15, 626
0.15, 625
0.16, 624
0.17, 623
0.17, 622
0.17, 621
0.17, 620
0.18, 619
0.18, 618
0.20, 617
