0.11, 660
0.11, 663
0.11, 663
0.11, 673
0.11, 678
0.11, 684
0.11, 686
0.11, 688
0.12, 688
0.12, 690
0.12, 693
0.12, 693
0.12, 695
0.12, 694
0.12, 696
0.12, 696
0.12, 697
0.12, 697
0.12, 700
0.12, 703
0.12, 705
0.12, 705
0.12, 708
0.12, 707
0.12, 711
0.12, 712
0.12, 714
0.12, 720
0.12, 721
0.12, 721
0.12, 721
0.12, 723
0.12, 727
0.12, 727
0.12, 726
0.12, 725
0.12, 725
0.12, 724
0.12, 724
0.12, 723
0.12, 722
0.12, 721
0.12, 720
0.12, 719
0.12, 718
0.12, 717
0.12, 716
0.12, 715
0.12, 714
0.13, 713
0.13, 712
0.13, 711
0.13, 710
0.13, 709
0.13, 708
0.13, 707
0.13, 706
0.13, 705
0.13, 704
0.13, 703
0.13, 702
0.13, 701
0.13, 700
0.13, 699
0.13, 698
0.13, 697
0.13, 696
0.13, 695
0.13, 694
0.13, 693
0.13, 692
0.13, 691
0.13, 690
0.13, 689
0.13, 688
0.13, 687
0.14, 686
0.14, 685
0.14, 684
0.14, 683
0.14, 682
0.14, 681
0.14, 680
0.14, 679
0.14, 678
0.14, 677
0.14, 676
0.14, 675
0.14, 674
0.14, 673
0.14, 672
0.14, 671
0.14, 670
0.14, 669
0.14, 668
0.14, 667
0.14, 666
0.14, 665
0.14, 664
0.15, 663
0.15, 662
0.15, 661
0.15, 660
0.15, 659
0.15, 658
0.15, 657
0.15, 656
0.16, 655
0.16, 654
0.16, 653
0.16, 652
0.16, 651
0.16, 650
0.16, 649
0.16, 648
0.16, 647
0.17, 646
0.17, 645
0.17, 644
0.17, 643
0.17, 642
0.17, 641
0.17, 640
0.17, 639
0.17, 638
0.17, 637
0.17, 636
0.18, 635
0.18, 634
0.18, 633
0.18, 632
0.18, 631
0.18, 630
0.18, 629
0.18, 628
0.19, 627
0.19, 626
0.19, 625
0.19, 624
0.20, 623
0.21, 622
0.21, 621
0.24, 620
0.24, 619
