0.11, 660
0.11, 662
0.11, 670
0.11, 670
0.11, 677
0.11, 676
0.11, 676
0.11, 678
0.11, 678
0.11, 677
0.11, 677
0.11, 693
0.11, 692
0.11, 693
0.11, 697
0.11, 708
0.11, 709
0.11, 713
0.11, 712
0.11, 711
0.12, 717
0.12, 720
0.12, 719
0.12, 719
0.12, 720
0.12, 719
0.12, 721
0.12, 720
0.12, 720
0.12, 722
0.12, 724
0.12, 723
0.12, 723
0.12, 723
0.12, 722
0.12, 721
0.12, 720
0.12, 719
0.12, 718
0.12, 717
0.12, 716
0.12, 715
0.12, 714
0.12, 713
0.12, 712
0.12, 711
0.12, 710
0.12, 709
0.12, 708
0.12, 707
0.12, 706
0.12, 705
0.12, 704
0.12, 703
0.12, 702
0.12, 701
0.12, 700
0.13, 699
0.13, 698
0.13, 697
0.13, 696
0.13, 695
0.13, 694
0.13, 693
0.13, 692
0.13, 691
0.13, 690
0.13, 689
0.13, 688
1.00, 687
1.00, 686
1.00, 685
1.00, 684
1.01, 683
1.01, 682
1.01, 681
1.01, 680
1.01, 679
1.01, 678
1.01, 677
1.01, 676
1.01, 675
1.01, 674
1.01, 673
1.01, 672
1.01, 671
1.01, 670
1.02, 669
1.02, 668
1.02, 667
1.02, 666
1.02, 665
1.02, 664
1.02, 663
1.02, 662
1.02, 661
1.02, 660
1.02, 659
1.02, 658
1.03, 657
1.03, 656
1.03, 655
1.04, 654
1.04, 653
1.04, 652
1.05, 651
1.05, 650
1.05, 649
1.05, 648
1.05, 647
1.05, 646
1.05, 645
1.05, 644
1.05, 643
1.05, 642
1.06, 641
1.06, 640
1.06, 639
1.06, 638
1.06, 637
1.06, 636
1.06, 635
1.06, 634
1.06, 633
1.06, 632
1.07, 631
1.07, 630
1.07, 629
1.07, 628
1.08, 627
1.08, 626
1.08, 625
1.08, 624
1.08, 623
1.09, 622
1.09, 621
1.10, 620
1.11, 619
1.11, 618
1.11, 617
1.14, 616
1.19, 615
