0.09, 660
0.09, 672
0.09, 675
0.09, 675
0.09, 676
0.09, 675
0.09, 676
0.09, 686
0.10, 689
0.10, 688
0.10, 688
0.10, 693
0.10, 703
0.10, 702
0.10, 701
0.10, 702
0.10, 702
0.10, 706
0.10, 707
0.10, 713
0.10, 716
0.10, 719
0.10, 718
0.10, 725
0.10, 724
0.10, 724
0.10, 725
0.10, 725
0.10, 725
0.10, 728
0.10, 728
0.10, 727
0.10, 726
0.10, 725
0.10, 724
0.10, 723
0.10, 722
0.10, 721
0.10, 720
0.10, 719
0.10, 718
0.10, 717
0.10, 716
0.10, 715
0.10, 714
0.10, 713
0.11, 712
0.11, 711
0.11, 710
0.11, 709
0.11, 708
0.11, 707
0.11, 706
0.11, 705
0.11, 704
0.11, 703
0.11, 702
0.11, 701
0.11, 700
0.11, 699
0.11, 698
0.11, 697
0.11, 696
0.11, 695
0.11, 694
0.11, 693
0.11, 692
0.11, 691
0.11, 690
0.11, 689
0.11, 688
0.11, 687
0.12, 686
0.12, 685
0.12, 684
0.12, 683
0.12, 682
0.12, 681
0.12, 680
0.12, 679
0.12, 678
0.12, 677
0.12, 676
0.12, 675
0.12, 674
0.12, 673
0.12, 672
0.12, 671
0.12, 670
0.12, 669
0.12, 668
0.13, 667
0.13, 666
0.13, 665
0.13, 664
0.13, 663
0.13, 662
0.13, 661
0.13, 660
0.13, 659
0.13, 658
0.13, 657
0.13, 656
0.13, 655
0.13, 654
0.13, 653
0.13, 652
0.13, 651
0.13, 650
0.13, 649
0.13, 648
0.13, 647
0.13, 646
0.14, 645
0.14, 644
0.14, 643
0.14, 642
0.14, 641
0.14, 640
0.14, 639
0.14, 638
0.14, 637
0.15, 636
0.15, 635
0.15, 634
0.15, 633
0.15, 632
0.16, 631
0.16, 630
0.16, 629
0.16, 628
0.16, 627
0.16, 626
0.16, 625
0.17, 624
0.17, 623
0.17, 622
0.17, 621
0.17, 620
0.18, 619
0.19, 618
0.19, 617
0.19, 616
0.19, 615
0.20, 614
0.27, 613
