0.10, 660
0.10, 662
0.10, 664
0.10, 667
0.10, 672
0.10, 676
0.10, 678
0.10, 677
0.10, 681
0.11, 695
0.11, 704
0.11, 710
0.11, 714
0.11, 716
0.11, 723
0.11, 727
0.11, 729
0.11, 731
0.11, 736
0.11, 739
0.11, 742
0.11, 741
0.11, 740
0.11, 739
0.11, 738
0.11, 737
0.11, 736
0.11, 735
0.11, 734
0.11, 733
0.11, 732
0.11, 731
0.11, 730
0.11, 729
0.11, 728
0.11, 727
0.11, 726
0.11, 725
0.11, 724
0.11, 723
0.11, 722
0.12, 721
0.12, 720
0.12, 719
0.12, 718
0.12, 717
0.12, 716
0.12, 715
0.12, 714
0.12, 713
0.12, 712
0.12, 711
0.12, 710
0.12, 709
0.12, 708
0.12, 707
0.12, 706
0.12, 705
0.12, 704
0.12, 703
0.12, 702
0.12, 701
0.12, 700
0.12, 699
0.12, 698
0.12, 697
0.12, 696
0.12, 695
0.12, 694
0.12, 693
0.12, 692
0.12, 691
0.12, 690
0.12, 689
0.12, 688
0.12, 687
0.12, 686
0.12, 685
0.12, 684
0.12, 683
0.12, 682
0.12, 681
0.12, 680
0.13, 679
0.13, 678
0.13, 677
0.13, 676
0.13, 675
0.13, 674
0.13, 673
0.13, 672
0.13, 671
0.13, 670
0.13, 669
0.13, 668
0.13, 667
0.13, 666
0.13, 665
0.13, 664
0.13, 663
0.13, 662
0.13, 661
0.14, 660
0.14, 659
0.14, 658
0.14, 657
0.14, 656
0.14, 655
0.14, 654
0.14, 653
0.14, 652
0.14, 651
0.14, 650
0.14, 649
0.14, 648
0.14, 647
0.14, 646
0.15, 645
0.15, 644
0.15, 643
0.15, 642
0.16, 641
0.16, 640
0.16, 639
0.16, 638
0.16, 637
0.16, 636
0.16, 635
0.17, 634
0.17, 633
0.17, 632
0.17, 631
0.17, 630
0.17, 629
0.17, 628
0.18, 627
0.18, 626
0.18, 625
0.19, 624
0.19, 623
0.20, 622
0.20, 621
0.34, 620
0.39, 619
