0.10, 660
0.10, 660
0.10, 659
0.10, 662
0.10, 668
0.10, 667
0.10, 666
0.10, 667
0.11, 668
0.11, 672
0.11, 676
0.11, 684
0.11, 686
0.11, 690
0.11, 691
0.11, 691
0.11, 694
0.11, 702
0.11, 702
0.11, 704
0.11, 703
0.11, 707
0.11, 710
0.11, 715
0.11, 716
0.11, 716
0.11, 719
0.11, 719
0.11, 719
0.11, 723
0.11, 723
0.11, 722
0.12, 724
0.12, 724
0.12, 723
0.12, 722
0.12, 721
0.12, 720
0.12, 719
0.12, 718
0.12, 717
0.12, 716
0.12, 715
0.12, 714
0.12, 713
0.12, 712
0.12, 711
0.12, 710
0.12, 709
0.12, 708
0.12, 707
0.12, 706
0.12, 705
0.12, 704
0.12, 703
0.12, 702
0.12, 701
0.12, 700
0.12, 699
1.16, 698
1.16, 697
1.16, 696
1.16, 695
1.16, 694
1.16, 693
1.16, 692
1.16, 691
1.16, 690
1.16, 689
1.16, 688
1.16, 687
1.16, 686
1.16, 685
1.17, 684
1.17, 683
1.17, 682
1.17, 681
1.17, 680
1.17, 679
1.17, 678
1.17, 677
1.17, 676
1.17, 675
1.17, 674
1.17, 673
1.17, 672
1.17, 671
1.17, 670
1.17, 669
1.17, 668
1.17, 667
1.17, 666
1.17, 665
1.18, 664
1.18, 663
1.18, 662
1.18, 661
1.18, 660
1.18, 659
1.18, 658
1.19, 657
1.19, 656
1.19, 655
1.19, 654
1.19, 653
1.19, 652
1.20, 651
1.20, 650
1.20, 649
1.20, 648
1.21, 647
1.21, 646
1.21, 645
1.21, 644
1.21, 643
1.22, 642
1.22, 641
1.22, 640
1.22, 639
1.24, 638
1.24, 637
1.24, 636
1.28, 635
1.28, 634
1.28, 633
1.29, 632
1.29, 631
1.29, 630
1.29, 629
1.30, 628
1.32, 627
1.32, 626
1.33, 625
1.33, 624
1.35, 623
1.36, 622
1.37, 621
1.38, 620
1.38, 619
1.38, 618
1.38, 617
1.41, 616
1.43, 615
1.43, 614
