1.85, 4021
1.87, 4069
1.88, 4105
1.90, 4149
1.91, 4148
1.91, 4147
1.91, 4146
1.92, 4145
1.92, 4144
1.92, 4143
1.93, 4142
1.93, 4141
1.94, 4140
1.94, 4139
1.94, 4138
1.95, 4137
1.96, 4136
1.97, 4135
1.97, 4134
1.97, 4133
1.99, 4132
1.99, 4131
2.00, 4130
2.02, 4129
2.02, 4128
2.03, 4127
2.03, 4126
2.03, 4125
2.04, 4124
2.04, 4123
2.04, 4122
2.04, 4121
2.05, 4120
2.06, 4119
2.06, 4118
2.07, 4117
2.07, 4116
2.08, 4115
2.09, 4114
2.09, 4113
2.10, 4112
2.10, 4111
2.10, 4110
2.12, 4109
2.12, 4108
2.14, 4107
2.14, 4106
2.15, 4105
2.17, 4104
2.17, 4103
2.17, 4102
2.18, 4101
2.18, 4100
2.18, 4099
2.18, 4098
2.19, 4097
2.20, 4096
2.21, 4095
2.21, 4094
2.22, 4093
2.23, 4092
2.23, 4091
2.24, 4090
2.26, 4089
2.26, 4088
2.28, 4087
2.29, 4086
2.30, 4085
2.30, 4084
2.30, 4083
2.31, 4082
2.31, 4081
2.33, 4080
2.34, 4079
2.34, 4078
2.35, 4077
2.36, 4076
2.38, 4075
2.38, 4074
2.39, 4073
2.39, 4072
2.40, 4071
2.42, 4070
2.44, 4069
2.45, 4068
2.46, 4067
2.48, 4066
2.48, 4065
2.48, 4064
2.50, 4063
2.50, 4062
2.52, 4061
2.52, 4060
2.52, 4059
2.52, 4058
2.54, 4057
2.54, 4056
2.54, 4055
2.55, 4054
2.56, 4053
2.56, 4052
2.58, 4051
2.58, 4050
2.58, 4049
2.59, 4048
2.60, 4047
2.63, 4046
2.63, 4045
2.65, 4044
2.66, 4043
2.66, 4042
2.67, 4041
2.70, 4040
2.70, 4039
2.75, 4038
2.75, 4037
2.78, 4036
2.79, 4035
2.80, 4034
2.83, 4033
2.86, 4032
2.86, 4031
2.90, 4030
2.92, 4029
2.93, 4028
2.95, 4027
2.96, 4026
2.99, 4025
3.00, 4024
3.01, 4023
3.01, 4022
3.02, 4021
3.03, 4020
3.03, 4019
3.04, 4018
3.05, 4017
3.08, 4016
3.09, 4015
3.10, 4014
3.10, 4013
3.16, 4012
3.16, 4011
3.18, 4010
3.18, 4009
3.19, 4008
3.22, 4007
3.25, 4006
3.26, 4005
3.31, 4004
3.32, 4003
3.33, 4002
3.39, 4001
3.39, 4000
3.45, 3999
3.47, 3998
3.51, 3997
3.53, 3996
3.56, 3995
3.56, 3994
3.58, 3993
3.59, 3992
3.61, 3991
3.63, 3990
3.68, 3989
3.69, 3988
3.75, 3987
3.80, 3986
3.82, 3985
3.84, 3984
3.88, 3983
3.89, 3982
3.91, 3981
3.93, 3980
3.94, 3979
3.94, 3978
3.97, 3977
3.98, 3976
3.99, 3975
4.00, 3974
4.01, 3973
4.10, 3972
4.10, 3971
4.12, 3970
4.26, 3969
4.27, 3968
4.32, 3967
4.37, 3966
4.45, 3965
4.53, 3964
4.54, 3963
4.79, 3962
4.91, 3961
5.11, 3960
5.16, 3959
5.28, 3958
5.29, 3957
5.31, 3956
5.56, 3955
5.93, 3954
6.18, 3953
6.74, 3952
6.81, 3951
7.86, 3950
7.98, 3949
8.10, 3948
9.37, 3947
