1.89, 4021
1.90, 4076
1.91, 4093
1.91, 4092
1.93, 4158
1.93, 4160
1.93, 4161
1.93, 4161
1.94, 4160
1.94, 4159
1.94, 4158
1.94, 4157
1.95, 4156
1.95, 4155
1.96, 4154
1.96, 4153
1.99, 4152
1.99, 4151
2.00, 4150
2.00, 4149
2.00, 4148
2.01, 4147
2.01, 4146
2.01, 4145
2.01, 4144
2.02, 4143
2.02, 4142
2.03, 4141
2.04, 4140
2.04, 4139
2.04, 4138
2.04, 4137
2.05, 4136
2.05, 4135
2.05, 4134
2.05, 4133
2.05, 4132
2.05, 4131
2.05, 4130
2.06, 4129
2.06, 4128
2.07, 4127
2.07, 4126
2.07, 4125
2.07, 4124
2.07, 4123
2.07, 4122
2.07, 4121
2.08, 4120
2.09, 4119
2.10, 4118
2.10, 4117
2.11, 4116
2.12, 4115
2.13, 4114
2.13, 4113
2.14, 4112
2.14, 4111
2.15, 4110
2.15, 4109
2.15, 4108
2.16, 4107
2.16, 4106
2.16, 4105
2.17, 4104
2.18, 4103
2.18, 4102
2.19, 4101
2.19, 4100
2.20, 4099
2.21, 4098
2.22, 4097
2.22, 4096
2.24, 4095
2.27, 4094
2.27, 4093
2.27, 4092
2.28, 4091
2.28, 4090
2.29, 4089
2.29, 4088
2.30, 4087
2.30, 4086
2.32, 4085
2.33, 4084
2.33, 4083
2.33, 4082
2.35, 4081
2.35, 4080
2.36, 4079
2.36, 4078
2.38, 4077
2.38, 4076
2.38, 4075
2.39, 4074
2.39, 4073
2.39, 4072
2.40, 4071
2.40, 4070
2.41, 4069
2.43, 4068
2.43, 4067
2.44, 4066
2.45, 4065
2.45, 4064
2.48, 4063
2.49, 4062
2.49, 4061
2.50, 4060
2.51, 4059
2.51, 4058
2.52, 4057
2.54, 4056
2.55, 4055
2.55, 4054
2.56, 4053
2.56, 4052
2.56, 4051
2.57, 4050
2.57, 4049
2.57, 4048
2.59, 4047
2.59, 4046
2.60, 4045
2.61, 4044
2.62, 4043
2.67, 4042
2.67, 4041
2.67, 4040
2.68, 4039
2.69, 4038
2.69, 4037
2.70, 4036
2.70, 4035
2.71, 4034
2.75, 4033
2.78, 4032
2.78, 4031
2.82, 4030
2.82, 4029
2.83, 4028
2.83, 4027
2.84, 4026
2.84, 4025
2.85, 4024
2.85, 4023
2.86, 4022
2.86, 4021
2.86, 4020
2.87, 4019
2.88, 4018
2.88, 4017
2.89, 4016
2.94, 4015
2.97, 4014
2.98, 4013
2.99, 4012
2.99, 4011
3.00, 4010
3.01, 4009
3.01, 4008
3.04, 4007
3.05, 4006
3.11, 4005
3.14, 4004
3.17, 4003
3.19, 4002
3.19, 4001
3.20, 4000
3.21, 3999
3.21, 3998
3.22, 3997
3.26, 3996
3.26, 3995
3.27, 3994
3.28, 3993
3.29, 3992
3.31, 3991
3.33, 3990
3.34, 3989
3.38, 3988
3.43, 3987
3.43, 3986
3.49, 3985
3.53, 3984
3.53, 3983
3.59, 3982
3.60, 3981
3.62, 3980
3.64, 3979
3.67, 3978
3.69, 3977
3.72, 3976
3.76, 3975
3.79, 3974
3.79, 3973
3.79, 3972
3.82, 3971
3.90, 3970
3.91, 3969
3.91, 3968
3.92, 3967
3.93, 3966
3.95, 3965
4.02, 3964
4.07, 3963
4.16, 3962
4.22, 3961
4.25, 3960
4.25, 3959
4.27, 3958
4.33, 3957
4.39, 3956
4.45, 3955
4.79, 3954
5.21, 3953
5.28, 3952
5.59, 3951
6.26, 3950
6.61, 3949
6.68, 3948
6.91, 3947
6.95, 3946
7.21, 3945
7.22, 3944
7.51, 3943
8.91, 3942
