1.80, 4021
1.80, 4035
1.82, 4075
1.82, 4078
1.82, 4080
1.83, 4106
1.83, 4112
1.84, 4119
1.84, 4145
1.85, 4145
1.85, 4147
1.86, 4146
1.87, 4145
1.87, 4144
1.88, 4143
1.88, 4142
1.88, 4141
1.89, 4140
1.91, 4139
1.91, 4138
1.91, 4137
1.91, 4136
1.92, 4135
1.92, 4134
1.92, 4133
1.92, 4132
1.92, 4131
1.93, 4130
1.94, 4129
1.94, 4128
1.95, 4127
1.95, 4126
1.96, 4125
1.97, 4124
1.97, 4123
1.98, 4122
1.98, 4121
1.99, 4120
2.00, 4119
2.01, 4118
2.02, 4117
2.03, 4116
2.03, 4115
2.04, 4114
2.04, 4113
2.05, 4112
2.05, 4111
2.06, 4110
2.07, 4109
2.07, 4108
2.07, 4107
2.07, 4106
2.07, 4105
2.08, 4104
2.09, 4103
2.09, 4102
2.09, 4101
2.10, 4100
2.11, 4099
2.11, 4098
2.11, 4097
2.12, 4096
2.13, 4095
2.14, 4094
2.15, 4093
2.15, 4092
2.16, 4091
2.20, 4090
2.21, 4089
2.21, 4088
2.21, 4087
2.22, 4086
2.23, 4085
2.24, 4084
2.24, 4083
2.24, 4082
2.24, 4081
2.24, 4080
2.25, 4079
2.25, 4078
2.25, 4077
2.26, 4076
2.27, 4075
2.29, 4074
2.29, 4073
2.30, 4072
2.32, 4071
2.32, 4070
2.33, 4069
2.35, 4068
2.35, 4067
2.36, 4066
2.37, 4065
2.37, 4064
2.38, 4063
2.38, 4062
2.39, 4061
2.40, 4060
2.41, 4059
2.42, 4058
2.43, 4057
2.44, 4056
2.44, 4055
2.46, 4054
2.48, 4053
2.49, 4052
2.51, 4051
2.51, 4050
2.53, 4049
2.55, 4048
2.56, 4047
2.57, 4046
2.58, 4045
2.58, 4044
2.60, 4043
2.61, 4042
2.62, 4041
2.64, 4040
2.64, 4039
2.64, 4038
2.65, 4037
2.65, 4036
2.70, 4035
2.71, 4034
2.71, 4033
2.72, 4032
2.72, 4031
2.73, 4030
2.73, 4029
2.76, 4028
2.77, 4027
2.77, 4026
2.81, 4025
2.85, 4024
2.86, 4023
2.87, 4022
2.90, 4021
2.90, 4020
2.91, 4019
2.95, 4018
2.97, 4017
2.97, 4016
3.01, 4015
3.02, 4014
3.04, 4013
3.05, 4012
3.07, 4011
3.10, 4010
3.12, 4009
3.12, 4008
3.13, 4007
3.14, 4006
3.20, 4005
3.20, 4004
3.24, 4003
3.25, 4002
3.28, 4001
3.31, 4000
3.32, 3999
3.32, 3998
3.32, 3997
3.34, 3996
3.34, 3995
3.34, 3994
3.36, 3993
3.40, 3992
3.40, 3991
3.45, 3990
3.47, 3989
3.61, 3988
3.63, 3987
3.65, 3986
3.66, 3985
3.71, 3984
3.72, 3983
3.76, 3982
3.82, 3981
3.84, 3980
3.86, 3979
3.89, 3978
3.89, 3977
3.91, 3976
3.94, 3975
4.00, 3974
4.03, 3973
4.03, 3972
4.07, 3971
4.16, 3970
4.19, 3969
4.20, 3968
4.20, 3967
4.21, 3966
4.29, 3965
4.30, 3964
4.38, 3963
4.49, 3962
4.53, 3961
4.64, 3960
4.64, 3959
4.67, 3958
4.78, 3957
4.80, 3956
4.81, 3955
5.11, 3954
5.21, 3953
5.31, 3952
5.56, 3951
5.77, 3950
5.78, 3949
5.91, 3948
6.24, 3947
6.63, 3946
7.21, 3945
7.66, 3944
9.02, 3943
