1.83, 4021
1.84, 4032
1.84, 4052
1.85, 4069
1.86, 4104
1.86, 4105
1.87, 4124
1.87, 4125
1.88, 4143
1.88, 4142
1.89, 4141
1.90, 4140
1.90, 4139
1.90, 4138
1.91, 4137
1.91, 4136
1.92, 4135
1.93, 4134
1.93, 4133
1.94, 4132
1.95, 4131
1.95, 4130
1.96, 4129
1.97, 4128
1.97, 4127
1.97, 4126
1.98, 4125
1.98, 4124
1.98, 4123
1.99, 4122
2.00, 4121
2.00, 4120
2.01, 4119
2.01, 4118
2.01, 4117
2.02, 4116
2.03, 4115
2.03, 4114
2.05, 4113
2.05, 4112
2.06, 4111
2.08, 4110
2.08, 4109
2.09, 4108
2.10, 4107
2.10, 4106
2.10, 4105
2.10, 4104
2.10, 4103
2.11, 4102
2.12, 4101
2.16, 4100
2.16, 4099
2.17, 4098
2.19, 4097
2.19, 4096
2.21, 4095
2.21, 4094
2.21, 4093
2.22, 4092
2.22, 4091
2.22, 4090
2.23, 4089
2.24, 4088
2.25, 4087
2.25, 4086
2.28, 4085
2.28, 4084
2.28, 4083
2.28, 4082
2.30, 4081
2.31, 4080
2.32, 4079
2.33, 4078
2.34, 4077
2.34, 4076
2.34, 4075
2.35, 4074
2.36, 4073
2.37, 4072
2.37, 4071
2.39, 4070
2.43, 4069
2.43, 4068
2.44, 4067
2.47, 4066
2.49, 4065
2.49, 4064
2.50, 4063
2.51, 4062
2.55, 4061
2.55, 4060
2.56, 4059
2.58, 4058
2.61, 4057
2.62, 4056
2.62, 4055
2.62, 4054
2.62, 4053
2.64, 4052
2.65, 4051
2.66, 4050
2.67, 4049
2.72, 4048
2.73, 4047
2.73, 4046
2.73, 4045
2.74, 4044
2.76, 4043
2.77, 4042
2.78, 4041
2.79, 4040
2.80, 4039
2.80, 4038
2.85, 4037
2.85, 4036
2.88, 4035
2.90, 4034
2.90, 4033
2.93, 4032
2.94, 4031
2.95, 4030
2.95, 4029
2.95, 4028
2.98, 4027
3.02, 4026
3.03, 4025
3.03, 4024
3.04, 4023
3.04, 4022
3.05, 4021
3.10, 4020
3.11, 4019
3.11, 4018
3.12, 4017
3.12, 4016
3.13, 4015
3.13, 4014
3.17, 4013
3.17, 4012
3.17, 4011
3.18, 4010
3.20, 4009
3.21, 4008
3.24, 4007
3.26, 4006
3.26, 4005
3.27, 4004
3.28, 4003
3.32, 4002
3.34, 4001
3.36, 4000
3.36, 3999
3.38, 3998
3.39, 3997
3.39, 3996
3.40, 3995
3.43, 3994
3.43, 3993
3.49, 3992
3.56, 3991
3.59, 3990
3.59, 3989
3.60, 3988
3.61, 3987
3.61, 3986
3.63, 3985
3.70, 3984
3.70, 3983
3.72, 3982
3.72, 3981
3.85, 3980
3.92, 3979
3.93, 3978
3.93, 3977
3.94, 3976
3.94, 3975
3.94, 3974
3.97, 3973
3.98, 3972
3.99, 3971
3.99, 3970
4.03, 3969
4.07, 3968
4.09, 3967
4.12, 3966
4.14, 3965
4.23, 3964
4.27, 3963
4.28, 3962
4.29, 3961
4.39, 3960
4.49, 3959
4.53, 3958
4.60, 3957
4.61, 3956
4.63, 3955
5.16, 3954
5.17, 3953
5.22, 3952
5.78, 3951
5.89, 3950
6.02, 3949
6.08, 3948
6.16, 3947
6.36, 3946
6.51, 3945
7.89, 3944
8.63, 3943
