1.83, 4021
1.83, 4033
1.83, 4035
1.84, 4063
1.85, 4094
1.86, 4104
1.86, 4113
1.87, 4140
1.88, 4141
1.88, 4140
1.89, 4139
1.89, 4138
1.89, 4137
1.90, 4136
1.90, 4135
1.92, 4134
1.93, 4133
1.93, 4132
1.93, 4131
1.93, 4130
1.93, 4129
1.94, 4128
1.96, 4127
1.96, 4126
1.96, 4125
1.96, 4124
1.96, 4123
1.97, 4122
1.98, 4121
1.98, 4120
1.98, 4119
1.98, 4118
1.99, 4117
1.99, 4116
2.00, 4115
2.00, 4114
2.01, 4113
2.02, 4112
2.03, 4111
2.03, 4110
2.04, 4109
2.05, 4108
2.05, 4107
2.06, 4106
2.06, 4105
2.07, 4104
2.07, 4103
2.07, 4102
2.08, 4101
2.08, 4100
2.10, 4099
2.10, 4098
2.10, 4097
2.11, 4096
2.12, 4095
2.13, 4094
2.13, 4093
2.13, 4092
2.13, 4091
2.14, 4090
2.14, 4089
2.14, 4088
2.14, 4087
2.15, 4086
2.15, 4085
2.16, 4084
2.16, 4083
2.17, 4082
2.17, 4081
2.18, 4080
2.18, 4079
2.18, 4078
2.19, 4077
2.20, 4076
2.20, 4075
2.23, 4074
2.25, 4073
2.25, 4072
2.26, 4071
2.26, 4070
2.27, 4069
2.27, 4068
2.27, 4067
2.27, 4066
2.29, 4065
2.30, 4064
2.31, 4063
2.33, 4062
2.33, 4061
2.35, 4060
2.36, 4059
2.37, 4058
2.38, 4057
2.38, 4056
2.38, 4055
2.39, 4054
2.39, 4053
2.39, 4052
2.40, 4051
2.40, 4050
2.41, 4049
2.42, 4048
2.42, 4047
2.44, 4046
2.46, 4045
2.46, 4044
2.47, 4043
2.48, 4042
2.49, 4041
2.50, 4040
2.50, 4039
2.51, 4038
2.55, 4037
2.55, 4036
2.56, 4035
2.56, 4034
2.57, 4033
2.58, 4032
2.63, 4031
2.64, 4030
2.65, 4029
2.67, 4028
2.67, 4027
2.69, 4026
2.71, 4025
2.75, 4024
2.76, 4023
2.79, 4022
2.80, 4021
2.80, 4020
2.81, 4019
2.82, 4018
2.86, 4017
2.92, 4016
2.93, 4015
2.93, 4014
2.94, 4013
2.95, 4012
2.97, 4011
2.97, 4010
3.00, 4009
3.01, 4008
3.02, 4007
3.04, 4006
3.04, 4005
3.04, 4004
3.08, 4003
3.13, 4002
3.14, 4001
3.14, 4000
3.18, 3999
3.19, 3998
3.20, 3997
3.21, 3996
3.23, 3995
3.24, 3994
3.25, 3993
3.25, 3992
3.29, 3991
3.33, 3990
3.36, 3989
3.37, 3988
3.44, 3987
3.44, 3986
3.45, 3985
3.52, 3984
3.53, 3983
3.53, 3982
3.54, 3981
3.57, 3980
3.58, 3979
3.59, 3978
3.67, 3977
3.69, 3976
3.86, 3975
3.87, 3974
3.87, 3973
3.96, 3972
4.09, 3971
4.13, 3970
4.15, 3969
4.19, 3968
4.20, 3967
4.21, 3966
4.30, 3965
4.32, 3964
4.39, 3963
4.43, 3962
4.54, 3961
4.54, 3960
4.57, 3959
4.60, 3958
4.72, 3957
4.82, 3956
5.32, 3955
5.69, 3954
5.83, 3953
6.09, 3952
6.53, 3951
6.66, 3950
7.03, 3949
7.13, 3948
7.41, 3947
