1.92, 4021
1.92, 4039
1.94, 4084
1.94, 4084
1.94, 4083
1.95, 4095
1.95, 4094
1.95, 4093
1.95, 4099
1.95, 4098
1.96, 4118
1.97, 4149
1.97, 4148
1.98, 4147
1.99, 4146
1.99, 4145
1.99, 4144
1.99, 4143
1.99, 4142
2.00, 4141
2.00, 4140
2.00, 4139
2.00, 4138
2.00, 4137
2.01, 4136
2.01, 4135
2.02, 4134
2.02, 4133
2.02, 4132
2.02, 4131
2.03, 4130
2.04, 4129
2.06, 4128
2.07, 4127
2.08, 4126
2.09, 4125
2.09, 4124
2.11, 4123
2.11, 4122
2.11, 4121
2.11, 4120
2.11, 4119
2.11, 4118
2.12, 4117
2.12, 4116
2.12, 4115
2.12, 4114
2.13, 4113
2.15, 4112
2.15, 4111
2.15, 4110
2.16, 4109
2.17, 4108
2.19, 4107
2.19, 4106
2.19, 4105
2.19, 4104
2.20, 4103
2.20, 4102
2.21, 4101
2.22, 4100
2.22, 4099
2.23, 4098
2.26, 4097
2.26, 4096
2.27, 4095
2.27, 4094
2.28, 4093
2.29, 4092
2.30, 4091
2.30, 4090
2.30, 4089
2.31, 4088
2.33, 4087
2.34, 4086
2.34, 4085
2.35, 4084
2.35, 4083
2.36, 4082
2.37, 4081
2.37, 4080
2.38, 4079
2.41, 4078
2.42, 4077
2.43, 4076
2.43, 4075
2.45, 4074
2.46, 4073
2.46, 4072
2.47, 4071
2.47, 4070
2.49, 4069
2.51, 4068
2.52, 4067
2.53, 4066
2.54, 4065
2.54, 4064
2.55, 4063
2.56, 4062
2.56, 4061
2.57, 4060
2.58, 4059
2.60, 4058
2.62, 4057
2.65, 4056
2.67, 4055
2.67, 4054
2.69, 4053
2.69, 4052
2.71, 4051
2.71, 4050
2.72, 4049
2.72, 4048
2.73, 4047
2.74, 4046
2.75, 4045
2.78, 4044
2.80, 4043
2.82, 4042
2.82, 4041
2.84, 4040
2.84, 4039
2.87, 4038
2.88, 4037
2.88, 4036
2.89, 4035
2.89, 4034
2.90, 4033
2.90, 4032
2.90, 4031
2.91, 4030
2.93, 4029
2.94, 4028
2.95, 4027
2.95, 4026
2.96, 4025
3.00, 4024
3.01, 4023
3.04, 4022
3.05, 4021
3.05, 4020
3.06, 4019
3.11, 4018
3.11, 4017
3.11, 4016
3.12, 4015
3.13, 4014
3.14, 4013
3.14, 4012
3.15, 4011
3.18, 4010
3.19, 4009
3.20, 4008
3.20, 4007
3.24, 4006
3.25, 4005
3.27, 4004
3.27, 4003
3.30, 4002
3.30, 4001
3.31, 4000
3.37, 3999
3.37, 3998
3.40, 3997
3.45, 3996
3.45, 3995
3.48, 3994
3.58, 3993
3.61, 3992
3.61, 3991
3.63, 3990
3.75, 3989
3.76, 3988
3.78, 3987
3.82, 3986
3.82, 3985
3.85, 3984
3.90, 3983
3.94, 3982
4.06, 3981
4.20, 3980
4.22, 3979
4.27, 3978
4.29, 3977
4.30, 3976
4.31, 3975
4.36, 3974
4.46, 3973
4.52, 3972
4.52, 3971
4.53, 3970
4.55, 3969
4.58, 3968
4.66, 3967
4.76, 3966
4.82, 3965
4.84, 3964
4.95, 3963
4.95, 3962
4.96, 3961
5.24, 3960
5.51, 3959
5.57, 3958
5.61, 3957
5.67, 3956
5.91, 3955
6.11, 3954
6.19, 3953
6.22, 3952
6.24, 3951
6.31, 3950
6.39, 3949
7.08, 3948
7.52, 3947
7.90, 3946
