2.12, 4021
2.14, 4027
2.16, 4051
2.18, 4085
2.18, 4107
2.20, 4157
2.20, 4156
2.21, 4155
2.21, 4154
2.21, 4153
2.22, 4152
2.23, 4151
2.23, 4150
2.23, 4149
2.24, 4148
2.26, 4147
2.27, 4146
2.28, 4145
2.28, 4144
2.28, 4143
2.28, 4142
2.29, 4141
2.29, 4140
2.30, 4139
2.30, 4138
2.32, 4137
2.32, 4136
2.33, 4135
2.33, 4134
2.34, 4133
2.34, 4132
2.35, 4131
2.38, 4130
2.38, 4129
2.38, 4128
2.39, 4127
2.40, 4126
2.41, 4125
2.41, 4124
2.41, 4123
2.42, 4122
2.42, 4121
2.43, 4120
2.43, 4119
2.44, 4118
2.44, 4117
2.44, 4116
2.44, 4115
2.45, 4114
2.45, 4113
2.46, 4112
2.46, 4111
2.47, 4110
2.48, 4109
2.48, 4108
2.49, 4107
2.50, 4106
2.50, 4105
2.51, 4104
2.52, 4103
2.52, 4102
2.56, 4101
2.57, 4100
2.57, 4099
2.57, 4098
2.57, 4097
2.60, 4096
2.61, 4095
2.61, 4094
2.61, 4093
2.62, 4092
2.62, 4091
2.62, 4090
2.63, 4089
2.63, 4088
2.64, 4087
2.64, 4086
2.67, 4085
2.67, 4084
2.68, 4083
2.68, 4082
2.69, 4081
2.72, 4080
2.75, 4079
2.75, 4078
2.76, 4077
2.77, 4076
2.77, 4075
2.78, 4074
2.78, 4073
2.79, 4072
2.79, 4071
2.80, 4070
2.80, 4069
2.80, 4068
2.81, 4067
2.81, 4066
2.82, 4065
2.82, 4064
2.86, 4063
2.88, 4062
2.89, 4061
2.89, 4060
2.90, 4059
2.90, 4058
2.91, 4057
2.93, 4056
2.93, 4055
2.96, 4054
2.96, 4053
2.96, 4052
2.97, 4051
2.98, 4050
2.99, 4049
3.01, 4048
3.01, 4047
3.02, 4046
3.03, 4045
3.03, 4044
3.07, 4043
3.11, 4042
3.11, 4041
3.13, 4040
3.14, 4039
3.15, 4038
3.16, 4037
3.16, 4036
3.17, 4035
3.18, 4034
3.18, 4033
3.21, 4032
3.23, 4031
3.24, 4030
3.27, 4029
3.27, 4028
3.28, 4027
3.29, 4026
3.32, 4025
3.34, 4024
3.35, 4023
3.37, 4022
3.38, 4021
3.39, 4020
3.43, 4019
3.45, 4018
3.45, 4017
3.46, 4016
3.46, 4015
3.47, 4014
3.49, 4013
3.50, 4012
3.52, 4011
3.53, 4010
3.54, 4009
3.54, 4008
3.55, 4007
3.56, 4006
3.58, 4005
3.62, 4004
3.63, 4003
3.65, 4002
3.65, 4001
3.66, 4000
3.67, 3999
3.67, 3998
3.68, 3997
3.69, 3996
3.70, 3995
3.75, 3994
3.76, 3993
3.78, 3992
3.79, 3991
3.84, 3990
3.85, 3989
3.88, 3988
3.95, 3987
3.96, 3986
3.97, 3985
4.00, 3984
4.00, 3983
4.02, 3982
4.03, 3981
4.06, 3980
4.08, 3979
4.10, 3978
4.28, 3977
4.29, 3976
4.33, 3975
4.34, 3974
4.36, 3973
4.37, 3972
4.39, 3971
4.54, 3970
4.59, 3969
4.66, 3968
4.76, 3967
4.82, 3966
4.85, 3965
4.92, 3964
4.97, 3963
5.01, 3962
5.10, 3961
5.12, 3960
5.15, 3959
5.19, 3958
5.42, 3957
5.44, 3956
5.68, 3955
5.92, 3954
6.11, 3953
6.26, 3952
6.31, 3951
7.17, 3950
7.57, 3949
7.60, 3948
8.14, 3947
15.75, 3946
