1.85, 4021
1.86, 4052
1.87, 4088
1.88, 4111
1.90, 4160
1.91, 4160
1.91, 4159
1.91, 4158
1.91, 4157
1.92, 4156
1.92, 4155
1.93, 4154
1.93, 4153
1.94, 4152
1.94, 4151
1.94, 4150
1.95, 4149
1.95, 4148
1.95, 4147
1.95, 4146
1.96, 4145
1.96, 4144
1.96, 4143
1.96, 4142
1.97, 4141
1.97, 4140
1.97, 4139
1.97, 4138
1.97, 4137
1.97, 4136
1.99, 4135
1.99, 4134
2.00, 4133
2.00, 4132
2.00, 4131
2.01, 4130
2.01, 4129
2.01, 4128
2.02, 4127
2.02, 4126
2.02, 4125
2.02, 4124
2.02, 4123
2.03, 4122
2.04, 4121
2.04, 4120
2.04, 4119
2.05, 4118
2.06, 4117
2.08, 4116
2.09, 4115
2.09, 4114
2.09, 4113
2.10, 4112
2.10, 4111
2.10, 4110
2.11, 4109
2.12, 4108
2.12, 4107
2.12, 4106
2.14, 4105
2.15, 4104
2.15, 4103
2.15, 4102
2.16, 4101
2.17, 4100
2.17, 4099
2.17, 4098
2.17, 4097
2.18, 4096
2.20, 4095
2.20, 4094
2.21, 4093
2.21, 4092
2.21, 4091
2.23, 4090
2.23, 4089
2.24, 4088
2.24, 4087
2.25, 4086
2.25, 4085
2.25, 4084
2.25, 4083
2.26, 4082
2.26, 4081
2.26, 4080
2.27, 4079
2.27, 4078
2.27, 4077
2.27, 4076
2.30, 4075
2.30, 4074
2.31, 4073
2.32, 4072
2.32, 4071
2.32, 4070
2.33, 4069
2.34, 4068
2.34, 4067
2.34, 4066
2.35, 4065
2.35, 4064
2.36, 4063
2.36, 4062
2.36, 4061
2.37, 4060
2.38, 4059
2.41, 4058
2.41, 4057
2.41, 4056
2.42, 4055
2.42, 4054
2.43, 4053
2.44, 4052
2.44, 4051
2.45, 4050
2.45, 4049
2.46, 4048
2.52, 4047
2.53, 4046
2.54, 4045
2.54, 4044
2.54, 4043
2.57, 4042
2.57, 4041
2.58, 4040
2.59, 4039
2.59, 4038
2.62, 4037
2.62, 4036
2.62, 4035
2.63, 4034
2.67, 4033
2.68, 4032
2.69, 4031
2.70, 4030
2.70, 4029
2.71, 4028
2.71, 4027
2.72, 4026
2.72, 4025
2.74, 4024
2.75, 4023
2.75, 4022
2.80, 4021
2.81, 4020
2.81, 4019
2.82, 4018
2.83, 4017
2.84, 4016
2.85, 4015
2.86, 4014
2.87, 4013
2.87, 4012
2.88, 4011
2.90, 4010
2.94, 4009
2.94, 4008
2.94, 4007
2.95, 4006
3.00, 4005
3.01, 4004
3.03, 4003
3.05, 4002
3.07, 4001
3.09, 4000
3.14, 3999
3.15, 3998
3.16, 3997
3.18, 3996
3.19, 3995
3.20, 3994
3.24, 3993
3.27, 3992
3.27, 3991
3.30, 3990
3.39, 3989
3.44, 3988
3.45, 3987
3.47, 3986
3.48, 3985
3.49, 3984
3.52, 3983
3.55, 3982
3.57, 3981
3.67, 3980
3.69, 3979
3.70, 3978
3.72, 3977
3.75, 3976
3.76, 3975
3.83, 3974
3.83, 3973
3.84, 3972
3.90, 3971
4.01, 3970
4.04, 3969
4.04, 3968
4.09, 3967
4.13, 3966
4.20, 3965
4.20, 3964
4.28, 3963
4.28, 3962
4.33, 3961
4.34, 3960
4.40, 3959
4.40, 3958
4.45, 3957
4.50, 3956
4.53, 3955
4.53, 3954
4.97, 3953
5.03, 3952
5.28, 3951
5.31, 3950
5.32, 3949
5.39, 3948
5.53, 3947
5.59, 3946
7.37, 3945
7.53, 3944
