1.73, 4021
1.73, 4026
1.74, 4052
1.75, 4074
1.75, 4076
1.75, 4088
1.75, 4091
1.76, 4099
1.77, 4135
1.77, 4134
1.77, 4133
1.77, 4147
1.78, 4147
1.78, 4146
1.81, 4145
1.82, 4144
1.82, 4143
1.83, 4142
1.83, 4141
1.84, 4140
1.85, 4139
1.85, 4138
1.85, 4137
1.85, 4136
1.86, 4135
1.87, 4134
1.88, 4133
1.89, 4132
1.90, 4131
1.90, 4130
1.91, 4129
1.91, 4128
1.91, 4127
1.92, 4126
1.92, 4125
1.93, 4124
1.94, 4123
1.94, 4122
1.94, 4121
1.95, 4120
1.95, 4119
1.95, 4118
1.97, 4117
1.98, 4116
1.98, 4115
1.98, 4114
1.99, 4113
1.99, 4112
2.00, 4111
2.00, 4110
2.01, 4109
2.01, 4108
2.02, 4107
2.02, 4106
2.02, 4105
2.02, 4104
2.03, 4103
2.03, 4102
2.04, 4101
2.05, 4100
2.06, 4099
2.07, 4098
2.07, 4097
2.07, 4096
2.07, 4095
2.07, 4094
2.08, 4093
2.08, 4092
2.08, 4091
2.09, 4090
2.10, 4089
2.10, 4088
2.10, 4087
2.12, 4086
2.12, 4085
2.12, 4084
2.13, 4083
2.14, 4082
2.15, 4081
2.17, 4080
2.19, 4079
2.20, 4078
2.21, 4077
2.22, 4076
2.23, 4075
2.25, 4074
2.26, 4073
2.27, 4072
2.27, 4071
2.27, 4070
2.29, 4069
2.30, 4068
2.30, 4067
2.30, 4066
2.30, 4065
2.31, 4064
2.31, 4063
2.31, 4062
2.31, 4061
2.31, 4060
2.33, 4059
2.34, 4058
2.35, 4057
2.37, 4056
2.38, 4055
2.38, 4054
2.38, 4053
2.39, 4052
2.39, 4051
2.41, 4050
2.41, 4049
2.42, 4048
2.42, 4047
2.43, 4046
2.43, 4045
2.44, 4044
2.45, 4043
2.45, 4042
2.46, 4041
2.47, 4040
2.49, 4039
2.49, 4038
2.52, 4037
2.52, 4036
2.53, 4035
2.55, 4034
2.56, 4033
2.56, 4032
2.57, 4031
2.59, 4030
2.59, 4029
2.60, 4028
2.62, 4027
2.62, 4026
2.63, 4025
2.63, 4024
2.64, 4023
2.64, 4022
2.67, 4021
2.67, 4020
2.68, 4019
2.68, 4018
2.70, 4017
2.73, 4016
2.74, 4015
2.77, 4014
2.78, 4013
2.81, 4012
2.84, 4011
2.86, 4010
2.87, 4009
2.87, 4008
2.90, 4007
2.92, 4006
2.93, 4005
2.94, 4004
2.94, 4003
2.94, 4002
2.95, 4001
2.99, 4000
3.01, 3999
3.02, 3998
3.06, 3997
3.06, 3996
3.07, 3995
3.09, 3994
3.11, 3993
3.14, 3992
3.15, 3991
3.15, 3990
3.16, 3989
3.17, 3988
3.18, 3987
3.20, 3986
3.23, 3985
3.23, 3984
3.36, 3983
3.36, 3982
3.38, 3981
3.39, 3980
3.42, 3979
3.42, 3978
3.50, 3977
3.53, 3976
3.53, 3975
3.63, 3974
3.63, 3973
3.71, 3972
3.71, 3971
3.77, 3970
3.77, 3969
3.81, 3968
3.84, 3967
3.88, 3966
4.10, 3965
4.35, 3964
4.41, 3963
4.43, 3962
4.45, 3961
4.55, 3960
4.56, 3959
4.57, 3958
4.63, 3957
4.64, 3956
4.70, 3955
4.86, 3954
5.04, 3953
5.06, 3952
5.13, 3951
5.71, 3950
5.82, 3949
6.25, 3948
7.31, 3947
8.24, 3946
