1.88, 4021
1.88, 4034
1.89, 4041
1.90, 4076
1.91, 4104
1.91, 4113
1.92, 4132
1.92, 4131
1.92, 4134
1.93, 4137
1.94, 4136
1.95, 4135
1.95, 4134
1.95, 4133
1.96, 4132
1.96, 4131
1.96, 4130
1.96, 4129
1.97, 4128
1.97, 4127
1.97, 4126
1.97, 4125
1.99, 4124
1.99, 4123
2.00, 4122
2.00, 4121
2.02, 4120
2.02, 4119
2.03, 4118
2.03, 4117
2.03, 4116
2.04, 4115
2.06, 4114
2.07, 4113
2.07, 4112
2.07, 4111
2.07, 4110
2.08, 4109
2.08, 4108
2.08, 4107
2.09, 4106
2.09, 4105
2.10, 4104
2.11, 4103
2.12, 4102
2.12, 4101
2.13, 4100
2.13, 4099
2.14, 4098
2.16, 4097
2.17, 4096
2.17, 4095
2.18, 4094
2.18, 4093
2.19, 4092
2.19, 4091
2.20, 4090
2.21, 4089
2.22, 4088
2.23, 4087
2.24, 4086
2.25, 4085
2.26, 4084
2.31, 4083
2.31, 4082
2.32, 4081
2.32, 4080
2.33, 4079
2.34, 4078
2.35, 4077
2.35, 4076
2.35, 4075
2.36, 4074
2.36, 4073
2.37, 4072
2.39, 4071
2.39, 4070
2.40, 4069
2.40, 4068
2.40, 4067
2.40, 4066
2.40, 4065
2.41, 4064
2.42, 4063
2.44, 4062
2.45, 4061
2.45, 4060
2.46, 4059
2.46, 4058
2.47, 4057
2.48, 4056
2.48, 4055
2.53, 4054
2.53, 4053
2.53, 4052
2.54, 4051
2.59, 4050
2.61, 4049
2.61, 4048
2.63, 4047
2.63, 4046
2.64, 4045
2.65, 4044
2.66, 4043
2.68, 4042
2.69, 4041
2.69, 4040
2.74, 4039
2.74, 4038
2.74, 4037
2.74, 4036
2.75, 4035
2.77, 4034
2.77, 4033
2.78, 4032
2.82, 4031
2.82, 4030
2.82, 4029
2.83, 4028
2.84, 4027
2.85, 4026
2.85, 4025
2.89, 4024
2.92, 4023
2.93, 4022
2.94, 4021
2.96, 4020
2.96, 4019
2.96, 4018
2.98, 4017
3.01, 4016
3.02, 4015
3.03, 4014
3.03, 4013
3.04, 4012
3.05, 4011
3.06, 4010
3.08, 4009
3.08, 4008
3.09, 4007
3.09, 4006
3.14, 4005
3.16, 4004
3.17, 4003
3.17, 4002
3.17, 4001
3.18, 4000
3.19, 3999
3.19, 3998
3.20, 3997
3.21, 3996
3.22, 3995
3.24, 3994
3.25, 3993
3.25, 3992
3.26, 3991
3.27, 3990
3.31, 3989
3.37, 3988
3.42, 3987
3.45, 3986
3.45, 3985
3.52, 3984
3.53, 3983
3.55, 3982
3.58, 3981
3.63, 3980
3.64, 3979
3.67, 3978
3.69, 3977
3.70, 3976
3.74, 3975
3.77, 3974
3.78, 3973
3.80, 3972
3.83, 3971
3.85, 3970
3.98, 3969
3.98, 3968
4.09, 3967
4.21, 3966
4.33, 3965
4.40, 3964
4.45, 3963
4.51, 3962
4.64, 3961
4.67, 3960
4.70, 3959
4.76, 3958
5.02, 3957
5.08, 3956
5.16, 3955
5.36, 3954
5.40, 3953
5.43, 3952
5.66, 3951
6.11, 3950
6.38, 3949
6.61, 3948
8.23, 3947
8.97, 3946
