0.00, 15
0.00, 18
0.00, 20
0.00, 19
0.00, 24
0.00, 24
0.00, 23
0.00, 22
0.00, 21
0.00, 21
0.00, 21
0.00, 20
0.00, 20
0.00, 21
0.00, 24
0.00, 23
0.00, 23
0.00, 25
0.00, 25
0.00, 24
0.00, 23
0.00, 24
0.00, 23
0.00, 22
0.00, 23
0.00, 24
0.00, 23
0.00, 23
0.00, 24
0.00, 24
0.00, 23
0.00, 22
0.00, 21
0.00, 20
0.00, 19
0.00, 25
0.00, 24
0.00, 23
0.00, 22
0.00, 21
0.00, 25
0.00, 25
0.00, 24
0.00, 23
0.00, 22
0.00, 21
0.00, 21
0.00, 20
0.00, 22
0.00, 22
0.00, 21
0.00, 20
0.00, 23
0.00, 23
0.00, 22
0.00, 21
0.00, 22
0.00, 24
0.00, 23
0.00, 23
0.00, 23
0.00, 23
0.00, 22
0.00, 23
0.00, 23
0.00, 22
0.00, 24
0.00, 24
0.00, 23
0.00, 22
0.00, 21
0.00, 21
0.00, 20
0.00, 21
0.00, 20
0.00, 19
0.00, 18
0.00, 17
0.00, 16
0.00, 15
