0.06, 899
0.06, 951
0.06, 952
0.07, 955
0.07, 963
0.07, 965
0.07, 964
0.07, 974
0.07, 978
0.07, 989
0.07, 990
0.07, 994
0.07, 996
0.07, 995
0.07, 994
0.07, 993
0.07, 992
0.07, 991
0.07, 990
0.07, 989
0.07, 988
0.07, 987
0.07, 986
0.08, 985
0.08, 984
0.08, 983
0.08, 982
0.08, 981
0.08, 980
0.08, 979
0.08, 978
0.08, 977
0.08, 976
0.08, 975
0.08, 974
0.08, 973
0.08, 972
0.08, 971
0.08, 970
0.08, 969
0.08, 968
0.08, 967
0.09, 966
0.09, 965
0.09, 964
0.09, 963
0.09, 962
0.09, 961
0.09, 960
0.09, 959
0.09, 958
0.09, 957
0.09, 956
0.09, 955
0.09, 954
0.09, 953
0.09, 952
0.09, 951
0.10, 950
0.10, 949
0.10, 948
0.10, 947
0.10, 946
0.10, 945
0.10, 944
0.10, 943
0.10, 942
0.10, 941
0.10, 940
0.10, 939
0.11, 938
0.11, 937
0.11, 936
0.12, 935
0.12, 934
0.12, 933
0.12, 932
0.12, 931
0.12, 930
0.12, 929
0.12, 928
0.12, 927
0.12, 926
0.12, 925
0.12, 924
0.13, 923
0.13, 922
0.13, 921
0.13, 920
0.13, 919
0.14, 918
0.14, 917
0.14, 916
0.14, 915
0.14, 914
0.14, 913
0.14, 912
0.14, 911
0.14, 910
0.15, 909
0.16, 908
0.16, 907
0.19, 906
0.19, 905
0.19, 904
0.27, 903
0.29, 902
0.31, 901
