0.06, 899
0.06, 911
0.06, 946
0.06, 945
0.06, 951
0.06, 955
0.07, 965
0.07, 970
0.07, 969
0.07, 987
0.07, 989
0.07, 990
0.07, 990
0.07, 989
0.07, 988
0.07, 987
0.07, 986
0.07, 985
0.07, 984
0.07, 983
0.07, 982
0.07, 981
0.07, 980
0.07, 979
0.07, 978
0.07, 977
0.07, 976
0.08, 975
0.08, 974
0.08, 973
0.08, 972
0.08, 971
0.08, 970
0.08, 969
0.08, 968
0.08, 967
0.08, 966
0.08, 965
0.08, 964
0.08, 963
0.08, 962
0.08, 961
0.08, 960
0.08, 959
0.08, 958
0.08, 957
0.08, 956
0.09, 955
0.09, 954
0.09, 953
0.09, 952
0.09, 951
0.09, 950
0.09, 949
0.09, 948
0.09, 947
0.09, 946
0.09, 945
0.09, 944
0.09, 943
0.09, 942
0.09, 941
0.10, 940
0.10, 939
0.10, 938
0.10, 937
0.10, 936
0.10, 935
0.10, 934
0.10, 933
0.10, 932
0.10, 931
0.10, 930
0.10, 929
0.10, 928
0.11, 927
0.11, 926
0.11, 925
0.11, 924
0.11, 923
0.11, 922
0.11, 921
0.12, 920
0.12, 919
0.12, 918
0.12, 917
0.12, 916
0.12, 915
0.12, 914
0.13, 913
0.14, 912
0.14, 911
0.14, 910
0.16, 909
0.16, 908
0.16, 907
0.17, 906
0.18, 905
0.18, 904
0.23, 903
0.24, 902
0.29, 901
