0.06, 899
0.06, 916
0.06, 939
0.06, 944
0.06, 943
0.06, 943
0.07, 950
0.07, 954
0.07, 954
0.07, 959
0.07, 961
0.07, 960
0.07, 961
0.07, 960
0.07, 959
0.07, 962
0.07, 961
0.07, 960
0.07, 960
0.07, 959
0.07, 958
0.07, 957
0.07, 956
0.07, 955
0.07, 954
0.07, 953
0.07, 952
0.07, 951
0.07, 950
0.07, 949
0.07, 948
0.07, 947
0.08, 946
0.08, 945
0.08, 944
0.08, 943
0.08, 942
0.08, 941
0.08, 940
0.08, 939
0.08, 938
0.08, 937
0.08, 936
0.08, 935
0.09, 934
0.09, 933
0.09, 932
0.09, 931
0.09, 930
0.09, 929
0.09, 928
0.09, 927
0.09, 926
0.09, 925
0.10, 924
0.10, 923
0.10, 922
0.10, 921
0.11, 920
0.11, 919
0.11, 918
0.12, 917
0.13, 916
0.14, 915
0.16, 914
0.17, 913
0.17, 912
0.17, 911
0.17, 910
0.19, 909
0.19, 908
0.19, 907
0.20, 906
0.20, 905
0.21, 904
0.21, 903
0.22, 902
0.24, 901
