0.06, 899
0.06, 912
0.06, 931
0.06, 933
0.06, 940
0.06, 943
0.06, 955
0.07, 955
0.07, 962
0.07, 966
0.07, 969
0.07, 977
0.07, 982
0.07, 982
0.07, 981
0.07, 982
0.07, 982
0.07, 986
0.07, 985
0.07, 984
0.07, 983
0.07, 982
0.07, 981
0.07, 980
0.07, 979
0.07, 978
0.07, 977
0.07, 976
0.07, 975
0.07, 974
0.08, 973
0.08, 972
0.08, 971
0.08, 970
0.08, 969
0.08, 968
0.08, 967
0.08, 966
0.08, 965
0.08, 964
0.08, 963
0.08, 962
0.08, 961
0.08, 960
0.08, 959
0.08, 958
0.08, 957
0.09, 956
0.09, 955
0.09, 954
0.09, 953
0.09, 952
0.09, 951
0.09, 950
0.09, 949
0.09, 948
0.09, 947
0.10, 946
0.10, 945
0.10, 944
0.10, 943
0.10, 942
0.10, 941
0.10, 940
0.10, 939
0.10, 938
0.11, 937
0.11, 936
0.11, 935
0.11, 934
0.11, 933
0.11, 932
0.11, 931
0.11, 930
0.11, 929
0.11, 928
0.11, 927
0.12, 926
0.12, 925
0.12, 924
0.12, 923
0.12, 922
0.13, 921
0.13, 920
0.13, 919
0.14, 918
0.14, 917
0.14, 916
0.15, 915
0.15, 914
0.15, 913
0.16, 912
0.16, 911
0.16, 910
0.17, 909
0.19, 908
0.20, 907
0.20, 906
0.21, 905
0.23, 904
0.24, 903
0.25, 902
