0.06, 899
0.06, 917
0.06, 925
0.06, 939
0.06, 940
0.06, 946
0.06, 947
0.06, 958
0.06, 958
0.06, 966
0.06, 965
0.06, 964
0.06, 970
0.06, 980
0.06, 984
0.06, 983
0.07, 983
0.07, 982
0.07, 981
0.07, 980
0.07, 979
0.07, 978
0.07, 977
0.07, 976
0.07, 975
0.07, 974
0.07, 973
0.07, 972
0.07, 971
0.07, 970
0.07, 969
0.08, 968
0.08, 967
0.08, 966
0.08, 965
0.08, 964
0.08, 963
0.08, 962
0.08, 961
0.08, 960
0.08, 959
0.08, 958
0.08, 957
0.08, 956
0.08, 955
0.08, 954
0.08, 953
0.08, 952
0.08, 951
0.08, 950
0.09, 949
0.09, 948
0.09, 947
0.09, 946
0.09, 945
0.09, 944
0.09, 943
0.09, 942
0.09, 941
0.09, 940
0.09, 939
0.09, 938
0.09, 937
0.09, 936
0.09, 935
0.10, 934
0.10, 933
0.10, 932
0.10, 931
0.11, 930
0.11, 929
0.11, 928
0.11, 927
0.11, 926
0.11, 925
0.11, 924
0.12, 923
0.12, 922
0.12, 921
0.12, 920
0.12, 919
0.13, 918
0.13, 917
0.13, 916
0.13, 915
0.14, 914
0.14, 913
0.16, 912
0.17, 911
0.17, 910
0.17, 909
0.18, 908
0.18, 907
0.22, 906
0.24, 905
0.25, 904
0.26, 903
0.27, 902
0.32, 901
0.37, 900
