0.06, 899
0.06, 912
0.06, 921
0.06, 923
0.06, 934
0.07, 955
0.07, 967
0.07, 969
0.07, 976
0.07, 978
0.07, 995
0.07, 995
0.07, 995
0.07, 995
0.07, 997
0.07, 996
0.07, 995
0.07, 994
0.07, 993
0.07, 992
0.07, 991
0.07, 990
0.07, 989
0.07, 988
0.07, 987
0.07, 986
0.07, 985
0.07, 984
0.07, 983
0.07, 982
0.07, 981
0.08, 980
0.08, 979
0.08, 978
0.08, 977
0.08, 976
0.08, 975
0.08, 974
0.08, 973
0.08, 972
0.08, 971
0.08, 970
0.08, 969
0.08, 968
0.08, 967
0.08, 966
0.08, 965
0.08, 964
0.08, 963
0.08, 962
0.09, 961
0.09, 960
0.09, 959
0.09, 958
0.09, 957
0.09, 956
0.09, 955
0.09, 954
0.09, 953
0.09, 952
0.09, 951
0.09, 950
0.09, 949
0.09, 948
0.09, 947
0.09, 946
0.09, 945
0.09, 944
0.09, 943
0.10, 942
0.10, 941
0.10, 940
0.10, 939
0.10, 938
0.10, 937
0.10, 936
0.10, 935
0.10, 934
0.10, 933
0.11, 932
0.11, 931
0.11, 930
0.11, 929
0.11, 928
0.12, 927
0.12, 926
0.12, 925
0.12, 924
0.12, 923
0.12, 922
0.12, 921
0.12, 920
0.12, 919
0.13, 918
0.13, 917
0.13, 916
0.13, 915
0.14, 914
0.16, 913
0.16, 912
0.16, 911
0.16, 910
0.17, 909
0.18, 908
0.18, 907
0.18, 906
0.19, 905
0.20, 904
0.20, 903
0.22, 902
0.25, 901
0.30, 900
