0.48, 2494
0.48, 2496
0.48, 2521
0.49, 2526
0.49, 2539
0.49, 2539
0.49, 2543
0.49, 2544
0.49, 2543
0.49, 2556
0.49, 2556
0.50, 2567
0.50, 2568
0.50, 2582
0.50, 2590
0.50, 2591
0.50, 2593
0.50, 2592
0.50, 2591
0.50, 2590
0.50, 2589
0.50, 2588
0.51, 2587
0.51, 2586
0.51, 2585
0.51, 2584
0.51, 2583
0.51, 2582
0.51, 2581
0.51, 2580
0.51, 2579
0.51, 2578
0.51, 2577
0.51, 2576
0.51, 2575
0.51, 2574
0.52, 2573
0.52, 2572
0.52, 2571
0.52, 2570
0.52, 2569
0.52, 2568
0.52, 2567
0.52, 2566
0.52, 2565
0.52, 2564
0.52, 2563
0.52, 2562
0.52, 2561
0.53, 2560
0.53, 2559
0.53, 2558
0.53, 2557
0.53, 2556
0.53, 2555
0.53, 2554
0.53, 2553
0.53, 2552
0.54, 2551
0.54, 2550
0.54, 2549
0.54, 2548
0.54, 2547
0.54, 2546
0.54, 2545
0.54, 2544
0.54, 2543
0.54, 2542
0.54, 2541
0.54, 2540
0.55, 2539
0.55, 2538
0.55, 2537
0.55, 2536
0.55, 2535
0.55, 2534
0.55, 2533
0.55, 2532
0.55, 2531
0.55, 2530
0.56, 2529
0.56, 2528
0.56, 2527
0.56, 2526
0.56, 2525
0.56, 2524
0.56, 2523
0.57, 2522
0.57, 2521
0.57, 2520
0.57, 2519
0.57, 2518
0.57, 2517
0.57, 2516
0.58, 2515
0.58, 2514
0.58, 2513
0.58, 2512
0.58, 2511
0.59, 2510
0.59, 2509
0.59, 2508
0.59, 2507
0.59, 2506
0.59, 2505
0.59, 2504
0.59, 2503
0.59, 2502
0.59, 2501
0.60, 2500
0.60, 2499
0.60, 2498
0.60, 2497
0.60, 2496
0.60, 2495
0.60, 2494
0.60, 2493
0.60, 2492
0.61, 2491
0.61, 2490
0.61, 2489
0.61, 2488
0.61, 2487
0.61, 2486
0.61, 2485
0.61, 2484
0.61, 2483
0.62, 2482
0.62, 2481
0.62, 2480
0.63, 2479
0.63, 2478
0.63, 2477
0.63, 2476
0.63, 2475
0.63, 2474
0.64, 2473
0.64, 2472
0.65, 2471
0.65, 2470
0.65, 2469
0.65, 2468
0.66, 2467
0.66, 2466
0.66, 2465
0.66, 2464
0.66, 2463
0.67, 2462
0.67, 2461
0.67, 2460
0.67, 2459
0.67, 2458
0.67, 2457
0.67, 2456
0.68, 2455
0.68, 2454
0.68, 2453
0.68, 2452
0.68, 2451
0.68, 2450
0.69, 2449
0.69, 2448
0.69, 2447
0.69, 2446
0.69, 2445
0.69, 2444
0.69, 2443
0.69, 2442
0.69, 2441
0.69, 2440
0.69, 2439
0.69, 2438
0.70, 2437
0.70, 2436
0.70, 2435
0.70, 2434
0.70, 2433
0.70, 2432
0.70, 2431
0.71, 2430
0.71, 2429
0.72, 2428
0.72, 2427
0.72, 2426
0.72, 2425
0.72, 2424
0.72, 2423
0.72, 2422
0.73, 2421
0.73, 2420
0.73, 2419
0.73, 2418
0.73, 2417
0.73, 2416
0.73, 2415
0.73, 2414
0.73, 2413
0.74, 2412
0.74, 2411
0.74, 2410
0.75, 2409
0.75, 2408
0.75, 2407
0.76, 2406
0.76, 2405
0.76, 2404
0.76, 2403
0.76, 2402
0.76, 2401
0.77, 2400
0.77, 2399
0.78, 2398
0.78, 2397
0.79, 2396
0.79, 2395
0.79, 2394
0.80, 2393
0.80, 2392
0.80, 2391
0.81, 2390
0.81, 2389
0.81, 2388
0.82, 2387
0.82, 2386
0.82, 2385
0.82, 2384
0.82, 2383
0.83, 2382
0.83, 2381
0.84, 2380
0.85, 2379
0.85, 2378
0.86, 2377
0.87, 2376
0.87, 2375
0.87, 2374
0.87, 2373
0.88, 2372
0.88, 2371
0.89, 2370
0.89, 2369
0.89, 2368
0.91, 2367
0.91, 2366
0.91, 2365
0.93, 2364
0.93, 2363
0.93, 2362
0.93, 2361
0.94, 2360
0.94, 2359
0.94, 2358
0.94, 2357
0.95, 2356
0.95, 2355
0.96, 2354
0.96, 2353
0.96, 2352
0.96, 2351
0.96, 2350
0.98, 2349
0.98, 2348
0.98, 2347
0.98, 2346
0.99, 2345
0.99, 2344
0.99, 2343
1.00, 2342
1.00, 2341
1.00, 2340
1.01, 2339
1.01, 2338
1.02, 2337
1.02, 2336
1.02, 2335
1.04, 2334
1.04, 2333
1.05, 2332
1.05, 2331
1.06, 2330
1.06, 2329
1.06, 2328
1.06, 2327
1.06, 2326
1.07, 2325
1.07, 2324
1.09, 2323
1.10, 2322
1.13, 2321
1.13, 2320
1.15, 2319
1.15, 2318
1.16, 2317
1.16, 2316
1.16, 2315
1.16, 2314
1.17, 2313
1.17, 2312
1.17, 2311
1.17, 2310
1.18, 2309
1.19, 2308
1.19, 2307
1.22, 2306
1.24, 2305
1.24, 2304
1.26, 2303
1.27, 2302
1.30, 2301
1.31, 2300
1.33, 2299
1.36, 2298
1.36, 2297
1.40, 2296
1.43, 2295
1.45, 2294
1.45, 2293
1.46, 2292
1.47, 2291
1.47, 2290
1.48, 2289
1.50, 2288
1.54, 2287
1.61, 2286
1.73, 2285
1.79, 2284
1.82, 2283
1.87, 2282
1.94, 2281
1.97, 2280
2.07, 2279
2.35, 2278
2.55, 2277
