0.48, 2494
0.49, 2505
0.49, 2507
0.49, 2510
0.49, 2525
0.49, 2526
0.49, 2536
0.49, 2535
0.50, 2551
0.50, 2561
0.50, 2562
0.50, 2577
0.50, 2576
0.50, 2578
0.50, 2579
0.50, 2583
0.51, 2594
0.51, 2596
0.51, 2598
0.51, 2604
0.51, 2604
0.51, 2603
0.51, 2604
0.51, 2603
0.51, 2602
0.51, 2601
0.52, 2600
0.52, 2599
0.52, 2598
0.52, 2597
0.52, 2596
0.52, 2595
0.52, 2594
0.52, 2593
0.52, 2592
0.52, 2591
0.53, 2590
0.53, 2589
0.53, 2588
0.53, 2587
0.53, 2586
0.53, 2585
0.53, 2584
0.53, 2583
0.54, 2582
0.54, 2581
0.54, 2580
0.54, 2579
0.54, 2578
0.54, 2577
0.54, 2576
0.54, 2575
0.54, 2574
0.54, 2573
0.54, 2572
0.55, 2571
0.55, 2570
0.55, 2569
0.55, 2568
0.55, 2567
0.56, 2566
0.56, 2565
0.56, 2564
0.56, 2563
0.56, 2562
0.56, 2561
0.56, 2560
0.56, 2559
0.56, 2558
0.56, 2557
0.56, 2556
0.57, 2555
0.57, 2554
0.57, 2553
0.57, 2552
0.57, 2551
0.57, 2550
0.57, 2549
0.58, 2548
0.58, 2547
0.58, 2546
0.58, 2545
0.58, 2544
0.58, 2543
0.58, 2542
0.58, 2541
0.58, 2540
0.58, 2539
0.59, 2538
0.59, 2537
0.59, 2536
0.59, 2535
0.59, 2534
0.60, 2533
0.60, 2532
0.60, 2531
0.60, 2530
0.60, 2529
0.61, 2528
0.61, 2527
0.61, 2526
0.61, 2525
0.61, 2524
0.61, 2523
0.61, 2522
0.61, 2521
0.61, 2520
0.61, 2519
0.62, 2518
0.62, 2517
0.62, 2516
0.62, 2515
0.62, 2514
0.62, 2513
0.63, 2512
0.63, 2511
0.63, 2510
0.63, 2509
0.63, 2508
0.63, 2507
0.63, 2506
0.64, 2505
0.64, 2504
0.64, 2503
0.64, 2502
0.64, 2501
0.64, 2500
0.64, 2499
0.64, 2498
0.64, 2497
0.65, 2496
0.65, 2495
0.65, 2494
0.65, 2493
0.65, 2492
0.65, 2491
0.66, 2490
0.66, 2489
0.66, 2488
0.66, 2487
0.66, 2486
0.67, 2485
0.67, 2484
0.67, 2483
0.67, 2482
0.67, 2481
0.67, 2480
0.67, 2479
0.67, 2478
0.67, 2477
0.67, 2476
0.67, 2475
0.68, 2474
0.68, 2473
0.68, 2472
0.68, 2471
0.68, 2470
0.68, 2469
0.68, 2468
0.68, 2467
0.68, 2466
0.68, 2465
0.68, 2464
0.68, 2463
0.68, 2462
0.69, 2461
0.69, 2460
0.69, 2459
0.69, 2458
0.69, 2457
0.69, 2456
0.69, 2455
0.70, 2454
0.70, 2453
0.70, 2452
0.70, 2451
0.71, 2450
0.71, 2449
0.71, 2448
0.71, 2447
0.72, 2446
0.72, 2445
0.72, 2444
0.72, 2443
0.72, 2442
0.73, 2441
0.73, 2440
0.73, 2439
0.74, 2438
0.74, 2437
0.74, 2436
0.74, 2435
0.74, 2434
0.74, 2433
0.74, 2432
0.74, 2431
0.74, 2430
0.75, 2429
0.75, 2428
0.75, 2427
0.75, 2426
0.75, 2425
0.76, 2424
0.76, 2423
0.76, 2422
0.76, 2421
0.77, 2420
0.77, 2419
0.77, 2418
0.77, 2417
0.78, 2416
0.78, 2415
0.78, 2414
0.78, 2413
0.79, 2412
0.79, 2411
0.79, 2410
0.79, 2409
0.79, 2408
0.79, 2407
0.80, 2406
0.80, 2405
0.80, 2404
0.80, 2403
0.80, 2402
0.80, 2401
0.80, 2400
0.81, 2399
0.81, 2398
0.81, 2397
0.82, 2396
0.82, 2395
0.82, 2394
0.82, 2393
0.83, 2392
0.83, 2391
0.83, 2390
0.83, 2389
0.83, 2388
0.84, 2387
0.84, 2386
0.84, 2385
0.84, 2384
0.85, 2383
0.86, 2382
0.86, 2381
0.86, 2380
0.86, 2379
0.87, 2378
0.87, 2377
0.87, 2376
0.87, 2375
0.88, 2374
0.88, 2373
0.88, 2372
0.88, 2371
0.88, 2370
0.88, 2369
0.89, 2368
0.89, 2367
0.89, 2366
0.89, 2365
0.90, 2364
0.90, 2363
0.91, 2362
0.91, 2361
0.91, 2360
0.91, 2359
0.92, 2358
0.92, 2357
0.92, 2356
0.92, 2355
0.93, 2354
0.93, 2353
0.93, 2352
0.93, 2351
0.93, 2350
0.94, 2349
0.94, 2348
0.94, 2347
0.94, 2346
0.97, 2345
0.97, 2344
0.97, 2343
0.98, 2342
0.99, 2341
1.01, 2340
1.01, 2339
1.01, 2338
1.01, 2337
1.02, 2336
1.03, 2335
1.03, 2334
1.04, 2333
1.04, 2332
1.04, 2331
1.04, 2330
1.05, 2329
1.06, 2328
1.07, 2327
1.10, 2326
1.13, 2325
1.13, 2324
1.14, 2323
1.15, 2322
1.15, 2321
1.16, 2320
1.21, 2319
1.22, 2318
1.22, 2317
1.22, 2316
1.22, 2315
1.23, 2314
1.24, 2313
1.25, 2312
1.26, 2311
1.27, 2310
1.28, 2309
1.30, 2308
1.31, 2307
1.36, 2306
1.38, 2305
1.38, 2304
1.38, 2303
1.38, 2302
1.40, 2301
1.41, 2300
1.44, 2299
1.46, 2298
1.47, 2297
1.48, 2296
1.49, 2295
1.50, 2294
1.50, 2293
1.51, 2292
1.54, 2291
1.55, 2290
1.56, 2289
1.58, 2288
1.66, 2287
1.69, 2286
1.73, 2285
1.73, 2284
1.78, 2283
1.97, 2282
2.00, 2281
2.12, 2280
2.14, 2279
