0.47, 2494
0.48, 2518
0.48, 2533
0.49, 2535
0.49, 2537
0.49, 2538
0.49, 2541
0.49, 2558
0.49, 2557
0.49, 2563
0.50, 2582
0.50, 2592
0.50, 2596
0.50, 2598
0.50, 2604
0.50, 2605
0.50, 2606
0.50, 2605
0.50, 2604
0.50, 2603
0.50, 2602
0.51, 2601
0.51, 2600
0.51, 2599
0.51, 2598
0.51, 2597
0.51, 2596
0.51, 2595
0.51, 2594
0.51, 2593
0.51, 2592
0.51, 2591
0.51, 2590
0.51, 2589
0.52, 2588
0.52, 2587
0.52, 2586
0.52, 2585
0.52, 2584
0.52, 2583
0.52, 2582
0.52, 2581
0.52, 2580
0.52, 2579
0.52, 2578
0.52, 2577
0.52, 2576
0.53, 2575
0.53, 2574
0.53, 2573
0.53, 2572
0.53, 2571
0.53, 2570
0.53, 2569
0.53, 2568
0.54, 2567
0.54, 2566
0.54, 2565
0.54, 2564
0.55, 2563
0.55, 2562
0.55, 2561
0.55, 2560
0.55, 2559
0.55, 2558
0.55, 2557
0.55, 2556
0.55, 2555
0.56, 2554
0.56, 2553
0.56, 2552
0.56, 2551
0.56, 2550
0.56, 2549
0.56, 2548
0.56, 2547
0.56, 2546
0.56, 2545
0.56, 2544
0.56, 2543
0.56, 2542
0.57, 2541
0.57, 2540
0.57, 2539
0.57, 2538
0.57, 2537
0.57, 2536
0.57, 2535
0.57, 2534
0.57, 2533
0.57, 2532
0.58, 2531
0.58, 2530
0.58, 2529
0.58, 2528
0.58, 2527
0.58, 2526
0.58, 2525
0.58, 2524
0.58, 2523
0.58, 2522
0.58, 2521
0.59, 2520
0.59, 2519
0.59, 2518
0.59, 2517
0.59, 2516
0.59, 2515
0.59, 2514
0.60, 2513
0.60, 2512
0.60, 2511
0.60, 2510
0.60, 2509
0.60, 2508
0.60, 2507
0.61, 2506
0.61, 2505
0.61, 2504
0.61, 2503
0.61, 2502
0.61, 2501
0.61, 2500
0.61, 2499
0.61, 2498
0.61, 2497
0.62, 2496
0.62, 2495
0.62, 2494
0.62, 2493
0.62, 2492
0.63, 2491
0.63, 2490
0.63, 2489
0.63, 2488
0.63, 2487
0.63, 2486
0.63, 2485
0.63, 2484
0.64, 2483
0.64, 2482
0.64, 2481
0.64, 2480
0.64, 2479
0.64, 2478
0.64, 2477
0.65, 2476
0.65, 2475
0.65, 2474
0.65, 2473
0.65, 2472
0.65, 2471
0.65, 2470
0.65, 2469
0.66, 2468
0.66, 2467
0.66, 2466
0.66, 2465
0.66, 2464
0.66, 2463
0.67, 2462
0.67, 2461
0.67, 2460
0.67, 2459
0.67, 2458
0.67, 2457
0.67, 2456
0.67, 2455
0.68, 2454
0.68, 2453
0.68, 2452
0.68, 2451
0.68, 2450
0.69, 2449
0.69, 2448
0.69, 2447
0.69, 2446
0.69, 2445
0.69, 2444
0.69, 2443
0.69, 2442
0.69, 2441
0.70, 2440
0.70, 2439
0.70, 2438
0.70, 2437
0.70, 2436
0.70, 2435
0.70, 2434
0.70, 2433
0.71, 2432
0.71, 2431
0.71, 2430
0.71, 2429
0.71, 2428
0.71, 2427
0.71, 2426
0.72, 2425
0.72, 2424
0.72, 2423
0.72, 2422
0.72, 2421
0.73, 2420
0.73, 2419
0.73, 2418
0.74, 2417
0.74, 2416
0.74, 2415
0.74, 2414
0.74, 2413
0.74, 2412
0.74, 2411
0.75, 2410
0.75, 2409
0.76, 2408
0.76, 2407
0.76, 2406
0.76, 2405
0.76, 2404
0.76, 2403
0.77, 2402
0.77, 2401
0.77, 2400
0.77, 2399
0.78, 2398
0.78, 2397
0.79, 2396
0.79, 2395
0.79, 2394
0.79, 2393
0.79, 2392
0.80, 2391
0.80, 2390
0.80, 2389
0.80, 2388
0.80, 2387
0.81, 2386
0.81, 2385
0.81, 2384
0.82, 2383
0.82, 2382
0.82, 2381
0.83, 2380
0.83, 2379
0.83, 2378
0.84, 2377
0.84, 2376
0.84, 2375
0.87, 2374
0.87, 2373
0.87, 2372
0.89, 2371
0.89, 2370
0.89, 2369
0.89, 2368
0.89, 2367
0.89, 2366
0.89, 2365
0.89, 2364
0.89, 2363
0.90, 2362
0.90, 2361
0.90, 2360
0.90, 2359
0.90, 2358
0.91, 2357
0.91, 2356
0.91, 2355
0.92, 2354
0.92, 2353
0.93, 2352
0.93, 2351
0.93, 2350
0.93, 2349
0.95, 2348
0.95, 2347
0.95, 2346
0.95, 2345
0.95, 2344
0.95, 2343
0.97, 2342
0.98, 2341
1.00, 2340
1.03, 2339
1.03, 2338
1.04, 2337
1.05, 2336
1.06, 2335
1.08, 2334
1.08, 2333
1.10, 2332
1.10, 2331
1.10, 2330
1.11, 2329
1.13, 2328
1.13, 2327
1.16, 2326
1.16, 2325
1.16, 2324
1.16, 2323
1.17, 2322
1.18, 2321
1.18, 2320
1.18, 2319
1.19, 2318
1.21, 2317
1.22, 2316
1.23, 2315
1.25, 2314
1.26, 2313
1.26, 2312
1.26, 2311
1.26, 2310
1.28, 2309
1.28, 2308
1.31, 2307
1.32, 2306
1.34, 2305
1.35, 2304
1.35, 2303
1.35, 2302
1.36, 2301
1.38, 2300
1.41, 2299
1.42, 2298
1.45, 2297
1.45, 2296
1.47, 2295
1.49, 2294
1.52, 2293
1.55, 2292
1.61, 2291
1.63, 2290
1.64, 2289
1.65, 2288
1.68, 2287
1.69, 2286
1.71, 2285
1.72, 2284
1.76, 2283
1.85, 2282
2.14, 2281
