0.52, 2494
0.52, 2496
0.52, 2499
0.52, 2498
0.52, 2497
0.52, 2499
0.52, 2522
0.53, 2522
0.53, 2536
0.53, 2551
0.53, 2565
0.53, 2565
0.53, 2564
0.53, 2564
0.53, 2564
0.54, 2577
0.54, 2585
0.54, 2591
0.54, 2592
0.54, 2591
0.54, 2590
0.54, 2590
0.54, 2590
0.54, 2589
0.54, 2588
0.55, 2587
0.55, 2586
0.55, 2585
0.55, 2584
0.55, 2583
0.55, 2582
0.55, 2581
0.55, 2580
0.55, 2579
0.55, 2578
0.55, 2577
0.55, 2576
0.55, 2575
0.55, 2574
0.56, 2573
0.56, 2572
0.56, 2571
0.56, 2570
0.56, 2569
0.56, 2568
0.56, 2567
0.56, 2566
0.56, 2565
0.56, 2564
0.56, 2563
0.56, 2562
0.56, 2561
0.57, 2560
0.57, 2559
0.57, 2558
0.57, 2557
0.57, 2556
0.57, 2555
0.57, 2554
0.57, 2553
0.57, 2552
0.57, 2551
0.57, 2550
0.57, 2549
0.58, 2548
0.58, 2547
0.58, 2546
0.58, 2545
0.58, 2544
0.58, 2543
0.58, 2542
0.58, 2541
0.58, 2540
0.59, 2539
0.59, 2538
0.59, 2537
0.59, 2536
0.59, 2535
0.60, 2534
0.60, 2533
0.60, 2532
0.60, 2531
0.60, 2530
0.60, 2529
0.60, 2528
0.60, 2527
0.60, 2526
0.60, 2525
0.60, 2524
0.61, 2523
0.61, 2522
0.61, 2521
0.61, 2520
0.61, 2519
0.61, 2518
0.61, 2517
0.62, 2516
0.62, 2515
0.62, 2514
0.62, 2513
0.62, 2512
0.62, 2511
0.63, 2510
0.63, 2509
0.63, 2508
0.63, 2507
0.63, 2506
0.63, 2505
0.64, 2504
0.64, 2503
0.64, 2502
0.64, 2501
0.64, 2500
0.64, 2499
0.64, 2498
0.64, 2497
0.65, 2496
0.65, 2495
0.65, 2494
0.65, 2493
0.65, 2492
0.65, 2491
0.65, 2490
0.65, 2489
0.65, 2488
0.65, 2487
0.65, 2486
0.66, 2485
0.66, 2484
0.66, 2483
0.66, 2482
0.66, 2481
0.66, 2480
0.67, 2479
0.67, 2478
0.67, 2477
0.67, 2476
0.67, 2475
0.67, 2474
0.67, 2473
0.67, 2472
0.67, 2471
0.67, 2470
0.68, 2469
0.68, 2468
0.68, 2467
0.69, 2466
0.69, 2465
0.69, 2464
0.69, 2463
0.69, 2462
0.69, 2461
0.69, 2460
0.69, 2459
0.69, 2458
0.69, 2457
0.69, 2456
0.69, 2455
0.70, 2454
0.70, 2453
0.70, 2452
0.70, 2451
0.70, 2450
0.70, 2449
0.70, 2448
0.70, 2447
0.70, 2446
0.70, 2445
0.71, 2444
0.71, 2443
0.71, 2442
0.71, 2441
0.71, 2440
0.71, 2439
0.71, 2438
0.72, 2437
0.72, 2436
0.72, 2435
0.72, 2434
0.72, 2433
0.72, 2432
0.72, 2431
0.72, 2430
0.73, 2429
0.73, 2428
0.73, 2427
0.73, 2426
0.73, 2425
0.73, 2424
0.73, 2423
0.75, 2422
0.75, 2421
0.75, 2420
0.75, 2419
0.75, 2418
0.76, 2417
0.76, 2416
0.76, 2415
0.76, 2414
0.77, 2413
0.77, 2412
0.77, 2411
0.78, 2410
0.78, 2409
0.78, 2408
0.78, 2407
0.78, 2406
0.78, 2405
0.79, 2404
0.79, 2403
0.79, 2402
0.80, 2401
0.80, 2400
0.80, 2399
0.80, 2398
0.80, 2397
0.80, 2396
0.80, 2395
0.80, 2394
0.80, 2393
0.81, 2392
0.81, 2391
0.81, 2390
0.81, 2389
0.82, 2388
0.82, 2387
0.83, 2386
0.83, 2385
0.83, 2384
0.83, 2383
0.83, 2382
0.83, 2381
0.83, 2380
0.84, 2379
0.84, 2378
0.85, 2377
0.85, 2376
0.85, 2375
0.86, 2374
0.87, 2373
0.87, 2372
0.87, 2371
0.88, 2370
0.88, 2369
0.88, 2368
0.89, 2367
0.89, 2366
0.90, 2365
0.90, 2364
0.90, 2363
0.90, 2362
0.90, 2361
0.91, 2360
0.91, 2359
0.91, 2358
0.92, 2357
0.93, 2356
0.93, 2355
0.94, 2354
0.94, 2353
0.94, 2352
0.95, 2351
0.95, 2350
0.95, 2349
0.97, 2348
0.98, 2347
0.98, 2346
0.99, 2345
0.99, 2344
0.99, 2343
1.00, 2342
1.00, 2341
1.00, 2340
1.00, 2339
1.03, 2338
1.04, 2337
1.05, 2336
1.07, 2335
1.09, 2334
1.09, 2333
1.10, 2332
1.10, 2331
1.11, 2330
1.13, 2329
1.13, 2328
1.15, 2327
1.16, 2326
1.16, 2325
1.16, 2324
1.16, 2323
1.17, 2322
1.17, 2321
1.20, 2320
1.20, 2319
1.23, 2318
1.24, 2317
1.24, 2316
1.25, 2315
1.25, 2314
1.30, 2313
1.31, 2312
1.34, 2311
1.36, 2310
1.36, 2309
1.36, 2308
1.38, 2307
1.41, 2306
1.42, 2305
1.42, 2304
1.43, 2303
1.46, 2302
1.49, 2301
1.50, 2300
1.52, 2299
1.54, 2298
1.55, 2297
1.58, 2296
1.61, 2295
1.64, 2294
1.64, 2293
1.66, 2292
1.67, 2291
1.71, 2290
1.74, 2289
1.78, 2288
1.89, 2287
2.01, 2286
2.01, 2285
2.04, 2284
