0.51, 2494
0.52, 2506
0.52, 2525
0.52, 2524
0.52, 2533
0.52, 2533
0.52, 2536
0.52, 2546
0.52, 2545
0.53, 2547
0.53, 2549
0.53, 2549
0.53, 2548
0.53, 2569
0.53, 2576
0.53, 2580
0.53, 2583
0.54, 2595
0.54, 2595
0.54, 2598
0.54, 2597
0.54, 2596
0.54, 2595
0.54, 2594
0.54, 2593
0.54, 2592
0.54, 2591
0.55, 2590
0.55, 2589
0.55, 2588
0.55, 2587
0.55, 2586
0.55, 2585
0.55, 2584
0.55, 2583
0.56, 2582
0.56, 2581
0.56, 2580
0.56, 2579
0.56, 2578
0.57, 2577
0.57, 2576
0.57, 2575
0.57, 2574
0.57, 2573
0.57, 2572
0.57, 2571
0.57, 2570
0.58, 2569
0.58, 2568
0.58, 2567
0.58, 2566
0.58, 2565
0.58, 2564
0.58, 2563
0.58, 2562
0.58, 2561
0.58, 2560
0.59, 2559
0.59, 2558
0.59, 2557
0.59, 2556
0.59, 2555
0.59, 2554
0.60, 2553
0.60, 2552
0.60, 2551
0.60, 2550
0.60, 2549
0.60, 2548
0.60, 2547
0.61, 2546
0.61, 2545
0.61, 2544
0.61, 2543
0.61, 2542
0.61, 2541
0.62, 2540
0.62, 2539
0.62, 2538
0.62, 2537
0.62, 2536
0.62, 2535
0.63, 2534
0.63, 2533
0.63, 2532
0.63, 2531
0.63, 2530
0.63, 2529
0.63, 2528
0.63, 2527
0.63, 2526
0.63, 2525
0.63, 2524
0.63, 2523
0.64, 2522
0.64, 2521
0.64, 2520
0.64, 2519
0.64, 2518
0.65, 2517
0.65, 2516
0.65, 2515
0.65, 2514
0.65, 2513
0.65, 2512
0.65, 2511
0.65, 2510
0.65, 2509
0.65, 2508
0.65, 2507
0.65, 2506
0.66, 2505
0.66, 2504
0.66, 2503
0.66, 2502
0.66, 2501
0.66, 2500
0.66, 2499
0.67, 2498
0.67, 2497
0.67, 2496
0.67, 2495
0.67, 2494
0.67, 2493
0.68, 2492
0.68, 2491
0.68, 2490
0.68, 2489
0.68, 2488
0.68, 2487
0.68, 2486
0.68, 2485
0.69, 2484
0.69, 2483
0.69, 2482
0.69, 2481
0.69, 2480
0.69, 2479
0.70, 2478
0.70, 2477
0.70, 2476
0.70, 2475
0.70, 2474
0.71, 2473
0.71, 2472
0.71, 2471
0.71, 2470
0.71, 2469
0.72, 2468
0.72, 2467
0.72, 2466
0.72, 2465
0.73, 2464
0.73, 2463
0.73, 2462
0.73, 2461
0.73, 2460
0.73, 2459
0.73, 2458
0.73, 2457
0.73, 2456
0.73, 2455
0.73, 2454
0.73, 2453
0.74, 2452
0.74, 2451
0.74, 2450
0.74, 2449
0.74, 2448
0.75, 2447
0.75, 2446
0.75, 2445
0.75, 2444
0.75, 2443
0.75, 2442
0.75, 2441
0.75, 2440
0.76, 2439
0.76, 2438
0.76, 2437
0.76, 2436
0.76, 2435
0.76, 2434
0.76, 2433
0.76, 2432
0.77, 2431
0.77, 2430
0.77, 2429
0.77, 2428
0.77, 2427
0.77, 2426
0.78, 2425
0.78, 2424
0.78, 2423
0.79, 2422
0.79, 2421
0.80, 2420
0.80, 2419
0.80, 2418
0.80, 2417
0.80, 2416
0.81, 2415
0.81, 2414
0.81, 2413
0.81, 2412
0.81, 2411
0.82, 2410
0.82, 2409
0.82, 2408
0.82, 2407
0.82, 2406
0.83, 2405
0.83, 2404
0.83, 2403
0.83, 2402
0.83, 2401
0.83, 2400
0.83, 2399
0.83, 2398
0.85, 2397
0.85, 2396
0.86, 2395
0.86, 2394
0.87, 2393
0.87, 2392
0.87, 2391
0.87, 2390
0.87, 2389
0.88, 2388
0.89, 2387
0.90, 2386
0.90, 2385
0.90, 2384
0.90, 2383
0.90, 2382
0.91, 2381
0.91, 2380
0.91, 2379
0.91, 2378
0.92, 2377
0.92, 2376
0.92, 2375
0.92, 2374
0.92, 2373
0.92, 2372
0.93, 2371
0.94, 2370
0.94, 2369
0.95, 2368
0.95, 2367
0.95, 2366
0.95, 2365
0.96, 2364
0.96, 2363
0.96, 2362
0.97, 2361
0.97, 2360
0.97, 2359
0.98, 2358
0.98, 2357
0.99, 2356
0.99, 2355
1.00, 2354
1.02, 2353
1.03, 2352
1.03, 2351
1.03, 2350
1.04, 2349
1.05, 2348
1.05, 2347
1.05, 2346
1.06, 2345
1.07, 2344
1.08, 2343
1.08, 2342
1.09, 2341
1.09, 2340
1.10, 2339
1.11, 2338
1.11, 2337
1.12, 2336
1.13, 2335
1.13, 2334
1.13, 2333
1.15, 2332
1.15, 2331
1.15, 2330
1.16, 2329
1.16, 2328
1.17, 2327
1.17, 2326
1.17, 2325
1.17, 2324
1.18, 2323
1.18, 2322
1.18, 2321
1.18, 2320
1.20, 2319
1.20, 2318
1.20, 2317
1.21, 2316
1.21, 2315
1.23, 2314
1.23, 2313
1.25, 2312
1.25, 2311
1.26, 2310
1.27, 2309
1.30, 2308
1.30, 2307
1.33, 2306
1.34, 2305
1.34, 2304
1.35, 2303
1.36, 2302
1.37, 2301
1.38, 2300
1.38, 2299
1.41, 2298
1.43, 2297
1.44, 2296
1.45, 2295
1.53, 2294
1.62, 2293
1.65, 2292
1.66, 2291
1.69, 2290
1.72, 2289
1.72, 2288
1.74, 2287
1.76, 2286
1.94, 2285
2.00, 2284
2.02, 2283
2.08, 2282
2.13, 2281
2.25, 2280
2.29, 2279
2.39, 2278
2.41, 2277
2.59, 2276
