0.50, 2494
0.50, 2499
0.50, 2513
0.50, 2520
0.50, 2524
0.50, 2539
0.51, 2545
0.51, 2549
0.51, 2549
0.51, 2561
0.51, 2571
0.51, 2573
0.51, 2580
0.52, 2582
0.52, 2583
0.52, 2583
0.52, 2586
0.52, 2588
0.52, 2589
0.52, 2588
0.52, 2587
0.52, 2586
0.52, 2585
0.52, 2584
0.53, 2583
0.53, 2582
0.53, 2581
0.54, 2580
0.54, 2579
0.54, 2578
0.54, 2577
0.54, 2576
0.54, 2575
0.54, 2574
0.54, 2573
0.54, 2572
0.54, 2571
0.55, 2570
0.55, 2569
0.55, 2568
0.55, 2567
0.55, 2566
0.55, 2565
0.55, 2564
0.55, 2563
0.56, 2562
0.56, 2561
0.56, 2560
0.56, 2559
0.56, 2558
0.56, 2557
0.56, 2556
0.56, 2555
0.56, 2554
0.56, 2553
0.57, 2552
0.57, 2551
0.57, 2550
0.57, 2549
0.57, 2548
0.57, 2547
0.57, 2546
0.57, 2545
0.57, 2544
0.58, 2543
0.58, 2542
0.58, 2541
0.58, 2540
0.58, 2539
0.58, 2538
0.58, 2537
0.58, 2536
0.58, 2535
0.58, 2534
0.58, 2533
0.58, 2532
0.58, 2531
0.59, 2530
0.59, 2529
0.59, 2528
0.59, 2527
0.59, 2526
0.59, 2525
0.59, 2524
0.59, 2523
0.60, 2522
0.60, 2521
0.60, 2520
0.60, 2519
0.60, 2518
0.60, 2517
0.60, 2516
0.61, 2515
0.61, 2514
0.61, 2513
0.61, 2512
0.62, 2511
0.62, 2510
0.62, 2509
0.62, 2508
0.62, 2507
0.62, 2506
0.62, 2505
0.62, 2504
0.62, 2503
0.62, 2502
0.62, 2501
0.62, 2500
0.63, 2499
0.63, 2498
0.63, 2497
0.63, 2496
0.63, 2495
0.63, 2494
0.63, 2493
0.63, 2492
0.63, 2491
0.63, 2490
0.64, 2489
0.64, 2488
0.64, 2487
0.64, 2486
0.64, 2485
0.65, 2484
0.65, 2483
0.65, 2482
0.65, 2481
0.65, 2480
0.66, 2479
0.66, 2478
0.66, 2477
0.66, 2476
0.67, 2475
0.67, 2474
0.67, 2473
0.67, 2472
0.67, 2471
0.67, 2470
0.68, 2469
0.68, 2468
0.68, 2467
0.68, 2466
0.68, 2465
0.69, 2464
0.69, 2463
0.69, 2462
0.70, 2461
0.70, 2460
0.70, 2459
0.70, 2458
0.70, 2457
0.70, 2456
0.70, 2455
0.71, 2454
0.71, 2453
0.71, 2452
0.71, 2451
0.71, 2450
0.71, 2449
0.71, 2448
0.71, 2447
0.72, 2446
0.72, 2445
0.72, 2444
0.73, 2443
0.73, 2442
0.73, 2441
0.73, 2440
0.73, 2439
0.73, 2438
0.73, 2437
0.74, 2436
0.74, 2435
0.74, 2434
0.74, 2433
0.74, 2432
0.74, 2431
0.75, 2430
0.75, 2429
0.75, 2428
0.75, 2427
0.76, 2426
0.77, 2425
0.77, 2424
0.77, 2423
0.77, 2422
0.77, 2421
0.77, 2420
0.78, 2419
0.78, 2418
0.79, 2417
0.79, 2416
0.79, 2415
0.79, 2414
0.80, 2413
0.80, 2412
0.80, 2411
0.81, 2410
0.81, 2409
0.81, 2408
0.81, 2407
0.81, 2406
0.82, 2405
0.82, 2404
0.82, 2403
0.83, 2402
0.83, 2401
0.83, 2400
0.83, 2399
0.84, 2398
0.84, 2397
0.85, 2396
0.85, 2395
0.85, 2394
0.85, 2393
0.86, 2392
0.86, 2391
0.86, 2390
0.86, 2389
0.86, 2388
0.86, 2387
0.88, 2386
0.88, 2385
0.88, 2384
0.88, 2383
0.88, 2382
0.90, 2381
0.90, 2380
0.91, 2379
0.91, 2378
0.91, 2377
0.91, 2376
0.91, 2375
0.91, 2374
0.92, 2373
0.92, 2372
0.92, 2371
0.93, 2370
0.93, 2369
0.93, 2368
0.93, 2367
0.94, 2366
0.94, 2365
0.94, 2364
0.95, 2363
0.95, 2362
0.95, 2361
0.95, 2360
0.95, 2359
0.96, 2358
0.96, 2357
0.96, 2356
0.96, 2355
0.96, 2354
0.97, 2353
0.99, 2352
0.99, 2351
1.00, 2350
1.00, 2349
1.01, 2348
1.02, 2347
1.02, 2346
1.03, 2345
1.03, 2344
1.03, 2343
1.04, 2342
1.04, 2341
1.05, 2340
1.06, 2339
1.06, 2338
1.06, 2337
1.07, 2336
1.08, 2335
1.09, 2334
1.09, 2333
1.10, 2332
1.10, 2331
1.10, 2330
1.11, 2329
1.12, 2328
1.13, 2327
1.14, 2326
1.15, 2325
1.15, 2324
1.15, 2323
1.16, 2322
1.16, 2321
1.18, 2320
1.19, 2319
1.20, 2318
1.21, 2317
1.22, 2316
1.22, 2315
1.22, 2314
1.23, 2313
1.27, 2312
1.27, 2311
1.27, 2310
1.29, 2309
1.29, 2308
1.30, 2307
1.32, 2306
1.33, 2305
1.35, 2304
1.37, 2303
1.38, 2302
1.39, 2301
1.42, 2300
1.43, 2299
1.44, 2298
1.45, 2297
1.45, 2296
1.49, 2295
1.50, 2294
1.51, 2293
1.54, 2292
1.54, 2291
1.54, 2290
1.54, 2289
1.58, 2288
1.59, 2287
1.69, 2286
1.72, 2285
1.75, 2284
1.76, 2283
1.77, 2282
1.77, 2281
1.80, 2280
1.86, 2279
2.03, 2278
2.03, 2277
2.18, 2276
2.29, 2275
2.88, 2274
