0.49, 2494
0.49, 2496
0.49, 2496
0.49, 2516
0.50, 2520
0.50, 2522
0.50, 2522
0.50, 2522
0.50, 2522
0.50, 2537
0.50, 2536
0.50, 2540
0.50, 2546
0.50, 2560
0.51, 2562
0.51, 2566
0.51, 2574
0.51, 2578
0.51, 2577
0.51, 2597
0.51, 2597
0.51, 2597
0.51, 2596
0.52, 2597
0.52, 2596
0.52, 2595
0.52, 2594
0.52, 2593
0.52, 2592
0.53, 2591
0.53, 2590
0.53, 2589
0.53, 2588
0.54, 2587
0.54, 2586
0.54, 2585
0.54, 2584
0.54, 2583
0.54, 2582
0.54, 2581
0.54, 2580
0.54, 2579
0.54, 2578
0.54, 2577
0.54, 2576
0.55, 2575
0.55, 2574
0.55, 2573
0.55, 2572
0.55, 2571
0.55, 2570
0.55, 2569
0.55, 2568
0.56, 2567
0.56, 2566
0.56, 2565
0.56, 2564
0.56, 2563
0.56, 2562
0.56, 2561
0.56, 2560
0.56, 2559
0.56, 2558
0.56, 2557
0.56, 2556
0.57, 2555
0.57, 2554
0.57, 2553
0.57, 2552
0.57, 2551
0.57, 2550
0.57, 2549
0.57, 2548
0.57, 2547
0.57, 2546
0.58, 2545
0.58, 2544
0.58, 2543
0.58, 2542
0.58, 2541
0.58, 2540
0.58, 2539
0.58, 2538
0.59, 2537
0.59, 2536
0.59, 2535
0.59, 2534
0.59, 2533
0.59, 2532
0.59, 2531
0.60, 2530
0.60, 2529
0.60, 2528
0.60, 2527
0.60, 2526
0.60, 2525
0.60, 2524
0.60, 2523
0.60, 2522
0.60, 2521
0.60, 2520
0.61, 2519
0.61, 2518
0.61, 2517
0.61, 2516
0.61, 2515
0.61, 2514
0.61, 2513
0.61, 2512
0.62, 2511
0.62, 2510
0.62, 2509
0.62, 2508
0.62, 2507
0.62, 2506
0.62, 2505
0.62, 2504
0.62, 2503
0.62, 2502
0.63, 2501
0.63, 2500
0.63, 2499
0.63, 2498
0.63, 2497
0.63, 2496
0.63, 2495
0.63, 2494
0.63, 2493
0.63, 2492
0.64, 2491
0.64, 2490
0.64, 2489
0.65, 2488
0.65, 2487
0.65, 2486
0.65, 2485
0.65, 2484
0.65, 2483
0.65, 2482
0.65, 2481
0.65, 2480
0.66, 2479
0.66, 2478
0.66, 2477
0.67, 2476
0.67, 2475
0.67, 2474
0.67, 2473
0.67, 2472
0.68, 2471
0.68, 2470
0.68, 2469
0.68, 2468
0.69, 2467
0.69, 2466
0.69, 2465
0.69, 2464
0.69, 2463
0.69, 2462
0.69, 2461
0.69, 2460
0.70, 2459
0.70, 2458
0.70, 2457
0.70, 2456
0.70, 2455
0.70, 2454
0.71, 2453
0.71, 2452
0.71, 2451
0.71, 2450
0.71, 2449
0.71, 2448
0.71, 2447
0.72, 2446
0.72, 2445
0.72, 2444
0.72, 2443
0.73, 2442
0.73, 2441
0.73, 2440
0.73, 2439
0.73, 2438
0.73, 2437
0.73, 2436
0.74, 2435
0.74, 2434
0.74, 2433
0.74, 2432
0.74, 2431
0.75, 2430
0.75, 2429
0.75, 2428
0.75, 2427
0.75, 2426
0.76, 2425
0.76, 2424
0.76, 2423
0.77, 2422
0.77, 2421
0.77, 2420
0.77, 2419
0.77, 2418
0.77, 2417
0.77, 2416
0.78, 2415
0.78, 2414
0.78, 2413
0.78, 2412
0.78, 2411
0.79, 2410
0.79, 2409
0.80, 2408
0.80, 2407
0.80, 2406
0.81, 2405
0.81, 2404
0.81, 2403
0.82, 2402
0.82, 2401
0.82, 2400
0.82, 2399
0.83, 2398
0.83, 2397
0.83, 2396
0.83, 2395
0.84, 2394
0.84, 2393
0.84, 2392
0.85, 2391
0.85, 2390
0.85, 2389
0.85, 2388
0.86, 2387
0.86, 2386
0.86, 2385
0.86, 2384
0.86, 2383
0.87, 2382
0.87, 2381
0.88, 2380
0.88, 2379
0.88, 2378
0.89, 2377
0.90, 2376
0.90, 2375
0.91, 2374
0.91, 2373
0.91, 2372
0.92, 2371
0.92, 2370
0.92, 2369
0.92, 2368
0.92, 2367
0.92, 2366
0.93, 2365
0.93, 2364
0.94, 2363
0.94, 2362
0.94, 2361
0.96, 2360
0.96, 2359
0.96, 2358
0.97, 2357
0.98, 2356
0.98, 2355
0.98, 2354
0.99, 2353
0.99, 2352
1.00, 2351
1.00, 2350
1.00, 2349
1.01, 2348
1.01, 2347
1.01, 2346
1.02, 2345
1.02, 2344
1.02, 2343
1.03, 2342
1.03, 2341
1.03, 2340
1.03, 2339
1.04, 2338
1.04, 2337
1.04, 2336
1.05, 2335
1.05, 2334
1.06, 2333
1.06, 2332
1.07, 2331
1.08, 2330
1.09, 2329
1.11, 2328
1.11, 2327
1.12, 2326
1.13, 2325
1.15, 2324
1.15, 2323
1.17, 2322
1.19, 2321
1.19, 2320
1.19, 2319
1.20, 2318
1.20, 2317
1.21, 2316
1.24, 2315
1.24, 2314
1.25, 2313
1.25, 2312
1.26, 2311
1.27, 2310
1.27, 2309
1.28, 2308
1.30, 2307
1.31, 2306
1.32, 2305
1.33, 2304
1.37, 2303
1.37, 2302
1.39, 2301
1.42, 2300
1.43, 2299
1.43, 2298
1.50, 2297
1.51, 2296
1.58, 2295
1.63, 2294
1.64, 2293
1.67, 2292
1.67, 2291
1.77, 2290
1.77, 2289
1.87, 2288
2.04, 2287
2.06, 2286
2.42, 2285
3.09, 2284
