0.50, 2494
0.50, 2499
0.50, 2500
0.50, 2507
0.50, 2507
0.50, 2514
0.50, 2521
0.51, 2540
0.51, 2547
0.51, 2546
0.51, 2559
0.51, 2562
0.51, 2562
0.51, 2572
0.52, 2574
0.52, 2583
0.52, 2586
0.52, 2589
0.52, 2592
0.52, 2591
0.52, 2591
0.52, 2590
0.52, 2589
0.52, 2588
0.53, 2587
0.53, 2586
0.53, 2585
0.53, 2584
0.53, 2583
0.54, 2582
0.54, 2581
0.54, 2580
0.54, 2579
0.54, 2578
0.55, 2577
0.55, 2576
0.55, 2575
0.55, 2574
0.55, 2573
0.55, 2572
0.55, 2571
0.55, 2570
0.55, 2569
0.55, 2568
0.55, 2567
0.55, 2566
0.56, 2565
0.56, 2564
0.56, 2563
0.56, 2562
0.56, 2561
0.56, 2560
0.56, 2559
0.56, 2558
0.56, 2557
0.56, 2556
0.56, 2555
0.57, 2554
0.57, 2553
0.57, 2552
0.57, 2551
0.57, 2550
0.57, 2549
0.57, 2548
0.57, 2547
0.57, 2546
0.57, 2545
0.57, 2544
0.57, 2543
0.58, 2542
0.58, 2541
0.58, 2540
0.58, 2539
0.58, 2538
0.59, 2537
0.59, 2536
0.59, 2535
0.59, 2534
0.59, 2533
0.59, 2532
0.59, 2531
0.59, 2530
0.59, 2529
0.60, 2528
0.60, 2527
0.60, 2526
0.60, 2525
0.60, 2524
0.60, 2523
0.60, 2522
0.60, 2521
0.60, 2520
0.61, 2519
0.61, 2518
0.61, 2517
0.62, 2516
0.62, 2515
0.62, 2514
0.62, 2513
0.62, 2512
0.63, 2511
0.63, 2510
0.63, 2509
0.63, 2508
0.63, 2507
0.63, 2506
0.63, 2505
0.63, 2504
0.63, 2503
0.63, 2502
0.63, 2501
0.64, 2500
0.64, 2499
0.64, 2498
0.64, 2497
0.64, 2496
0.64, 2495
0.65, 2494
0.65, 2493
0.65, 2492
0.65, 2491
0.66, 2490
0.66, 2489
0.66, 2488
0.66, 2487
0.66, 2486
0.66, 2485
0.66, 2484
0.66, 2483
0.67, 2482
0.67, 2481
0.67, 2480
0.67, 2479
0.67, 2478
0.67, 2477
0.68, 2476
0.68, 2475
0.68, 2474
0.68, 2473
0.68, 2472
0.68, 2471
0.68, 2470
0.68, 2469
0.68, 2468
0.69, 2467
0.69, 2466
0.69, 2465
0.69, 2464
0.69, 2463
0.69, 2462
0.69, 2461
0.69, 2460
0.69, 2459
0.69, 2458
0.70, 2457
0.70, 2456
0.70, 2455
0.70, 2454
0.70, 2453
0.70, 2452
0.70, 2451
0.70, 2450
0.71, 2449
0.71, 2448
0.71, 2447
0.71, 2446
0.71, 2445
0.71, 2444
0.71, 2443
0.72, 2442
0.72, 2441
0.72, 2440
0.72, 2439
0.72, 2438
0.73, 2437
0.73, 2436
0.73, 2435
0.73, 2434
0.73, 2433
0.74, 2432
0.74, 2431
0.74, 2430
0.74, 2429
0.75, 2428
0.75, 2427
0.75, 2426
0.75, 2425
0.75, 2424
0.75, 2423
0.75, 2422
0.76, 2421
0.76, 2420
0.76, 2419
0.76, 2418
0.77, 2417
0.77, 2416
0.77, 2415
0.77, 2414
0.78, 2413
0.78, 2412
0.78, 2411
0.78, 2410
0.78, 2409
0.79, 2408
0.79, 2407
0.79, 2406
0.79, 2405
0.80, 2404
0.80, 2403
0.80, 2402
0.80, 2401
0.80, 2400
0.81, 2399
0.81, 2398
0.81, 2397
0.82, 2396
0.82, 2395
0.82, 2394
0.82, 2393
0.82, 2392
0.82, 2391
0.82, 2390
0.83, 2389
0.83, 2388
0.83, 2387
0.84, 2386
0.84, 2385
0.85, 2384
0.85, 2383
0.86, 2382
0.86, 2381
0.88, 2380
0.88, 2379
0.89, 2378
0.89, 2377
0.90, 2376
0.90, 2375
0.90, 2374
0.90, 2373
0.90, 2372
0.90, 2371
0.90, 2370
0.90, 2369
0.91, 2368
0.91, 2367
0.92, 2366
0.93, 2365
0.94, 2364
0.95, 2363
0.95, 2362
0.96, 2361
0.96, 2360
0.97, 2359
0.97, 2358
0.97, 2357
0.98, 2356
0.98, 2355
0.98, 2354
0.98, 2353
0.98, 2352
0.99, 2351
1.00, 2350
1.00, 2349
1.01, 2348
1.02, 2347
1.02, 2346
1.02, 2345
1.03, 2344
1.05, 2343
1.05, 2342
1.06, 2341
1.06, 2340
1.06, 2339
1.07, 2338
1.07, 2337
1.10, 2336
1.11, 2335
1.12, 2334
1.15, 2333
1.16, 2332
1.16, 2331
1.18, 2330
1.18, 2329
1.18, 2328
1.19, 2327
1.19, 2326
1.19, 2325
1.20, 2324
1.20, 2323
1.22, 2322
1.22, 2321
1.23, 2320
1.26, 2319
1.29, 2318
1.30, 2317
1.32, 2316
1.32, 2315
1.33, 2314
1.35, 2313
1.35, 2312
1.35, 2311
1.36, 2310
1.37, 2309
1.42, 2308
1.42, 2307
1.42, 2306
1.43, 2305
1.43, 2304
1.44, 2303
1.44, 2302
1.45, 2301
1.49, 2300
1.49, 2299
1.50, 2298
1.50, 2297
1.52, 2296
1.58, 2295
1.59, 2294
1.67, 2293
1.69, 2292
1.69, 2291
1.70, 2290
1.73, 2289
1.75, 2288
1.79, 2287
1.90, 2286
1.96, 2285
1.99, 2284
2.63, 2283
