0.52, 2494
0.52, 2500
0.52, 2520
0.53, 2524
0.53, 2531
0.53, 2549
0.53, 2549
0.53, 2548
0.53, 2555
0.54, 2560
0.54, 2560
0.54, 2568
0.54, 2571
0.54, 2576
0.54, 2579
0.54, 2583
0.54, 2586
0.54, 2587
0.54, 2594
0.55, 2596
0.55, 2599
0.55, 2602
0.55, 2601
0.55, 2601
0.55, 2600
0.55, 2599
0.56, 2598
0.56, 2597
0.56, 2596
0.56, 2595
0.56, 2594
0.56, 2593
0.56, 2592
0.56, 2591
0.56, 2590
0.56, 2589
0.57, 2588
0.57, 2587
0.57, 2586
0.57, 2585
0.57, 2584
0.57, 2583
0.58, 2582
0.58, 2581
0.58, 2580
0.58, 2579
0.58, 2578
0.58, 2577
0.58, 2576
0.58, 2575
0.58, 2574
0.58, 2573
0.58, 2572
0.59, 2571
0.59, 2570
0.59, 2569
0.59, 2568
0.59, 2567
0.59, 2566
0.59, 2565
0.60, 2564
0.60, 2563
0.60, 2562
0.60, 2561
0.60, 2560
0.60, 2559
0.60, 2558
0.60, 2557
0.60, 2556
0.60, 2555
0.60, 2554
0.60, 2553
0.60, 2552
0.60, 2551
0.61, 2550
0.61, 2549
0.61, 2548
0.61, 2547
0.61, 2546
0.61, 2545
0.61, 2544
0.61, 2543
0.61, 2542
0.61, 2541
0.62, 2540
0.62, 2539
0.62, 2538
0.62, 2537
0.62, 2536
0.62, 2535
0.62, 2534
0.62, 2533
0.62, 2532
0.62, 2531
0.62, 2530
0.62, 2529
0.63, 2528
0.63, 2527
0.63, 2526
0.63, 2525
0.63, 2524
0.63, 2523
0.63, 2522
0.63, 2521
0.63, 2520
0.64, 2519
0.64, 2518
0.64, 2517
0.64, 2516
0.64, 2515
0.64, 2514
0.64, 2513
0.64, 2512
0.64, 2511
0.64, 2510
0.65, 2509
0.65, 2508
0.65, 2507
0.65, 2506
0.65, 2505
0.65, 2504
0.65, 2503
0.65, 2502
0.65, 2501
0.65, 2500
0.65, 2499
0.66, 2498
0.66, 2497
0.66, 2496
0.66, 2495
0.66, 2494
0.66, 2493
0.67, 2492
0.67, 2491
0.67, 2490
0.67, 2489
0.67, 2488
0.67, 2487
0.67, 2486
0.68, 2485
0.68, 2484
0.68, 2483
0.68, 2482
0.68, 2481
0.68, 2480
0.68, 2479
0.68, 2478
0.68, 2477
0.68, 2476
0.70, 2475
0.70, 2474
0.70, 2473
0.71, 2472
0.71, 2471
0.71, 2470
0.71, 2469
0.71, 2468
0.71, 2467
0.71, 2466
0.72, 2465
0.72, 2464
0.72, 2463
0.72, 2462
0.73, 2461
0.73, 2460
0.73, 2459
0.73, 2458
0.73, 2457
0.74, 2456
0.74, 2455
0.74, 2454
0.74, 2453
0.74, 2452
0.74, 2451
0.74, 2450
0.74, 2449
0.74, 2448
0.74, 2447
0.75, 2446
0.75, 2445
0.75, 2444
0.75, 2443
0.75, 2442
0.76, 2441
0.76, 2440
0.76, 2439
0.76, 2438
0.76, 2437
0.76, 2436
0.76, 2435
0.76, 2434
0.77, 2433
0.77, 2432
0.77, 2431
0.77, 2430
0.77, 2429
0.77, 2428
0.77, 2427
0.77, 2426
0.78, 2425
0.78, 2424
0.78, 2423
0.79, 2422
0.79, 2421
0.79, 2420
0.80, 2419
0.80, 2418
0.81, 2417
0.81, 2416
0.81, 2415
0.81, 2414
0.81, 2413
0.82, 2412
0.82, 2411
0.82, 2410
0.82, 2409
0.83, 2408
0.83, 2407
0.83, 2406
0.84, 2405
0.84, 2404
0.84, 2403
0.84, 2402
0.85, 2401
0.85, 2400
0.85, 2399
0.85, 2398
0.85, 2397
0.86, 2396
0.86, 2395
0.86, 2394
0.87, 2393
0.87, 2392
0.87, 2391
0.87, 2390
0.87, 2389
0.89, 2388
0.89, 2387
0.89, 2386
0.90, 2385
0.90, 2384
0.90, 2383
0.90, 2382
0.90, 2381
0.91, 2380
0.92, 2379
0.93, 2378
0.93, 2377
0.94, 2376
0.94, 2375
0.94, 2374
0.94, 2373
0.94, 2372
0.94, 2371
0.95, 2370
0.95, 2369
0.96, 2368
0.96, 2367
0.96, 2366
0.96, 2365
0.97, 2364
0.97, 2363
0.97, 2362
0.97, 2361
0.97, 2360
0.98, 2359
0.98, 2358
0.98, 2357
0.98, 2356
0.98, 2355
0.98, 2354
0.99, 2353
1.00, 2352
1.00, 2351
1.01, 2350
1.01, 2349
1.02, 2348
1.03, 2347
1.03, 2346
1.03, 2345
1.05, 2344
1.07, 2343
1.07, 2342
1.07, 2341
1.07, 2340
1.08, 2339
1.08, 2338
1.09, 2337
1.09, 2336
1.09, 2335
1.10, 2334
1.10, 2333
1.11, 2332
1.11, 2331
1.13, 2330
1.13, 2329
1.14, 2328
1.14, 2327
1.14, 2326
1.14, 2325
1.14, 2324
1.14, 2323
1.16, 2322
1.16, 2321
1.17, 2320
1.18, 2319
1.20, 2318
1.21, 2317
1.22, 2316
1.22, 2315
1.25, 2314
1.25, 2313
1.26, 2312
1.29, 2311
1.29, 2310
1.31, 2309
1.33, 2308
1.35, 2307
1.35, 2306
1.38, 2305
1.39, 2304
1.40, 2303
1.46, 2302
1.53, 2301
1.56, 2300
1.56, 2299
1.56, 2298
1.57, 2297
1.58, 2296
1.60, 2295
1.60, 2294
1.63, 2293
1.66, 2292
1.68, 2291
1.69, 2290
1.70, 2289
1.71, 2288
1.74, 2287
1.79, 2286
1.84, 2285
1.84, 2284
1.84, 2283
1.86, 2282
1.90, 2281
1.99, 2280
2.01, 2279
2.01, 2278
2.05, 2277
2.44, 2276
