0.51, 2494
0.52, 2502
0.52, 2507
0.52, 2516
0.52, 2516
0.52, 2516
0.52, 2524
0.52, 2543
0.52, 2543
0.52, 2549
0.53, 2564
0.53, 2564
0.53, 2588
0.54, 2598
0.54, 2602
0.54, 2602
0.54, 2604
0.54, 2605
0.54, 2606
0.54, 2605
0.54, 2604
0.54, 2604
0.54, 2605
0.55, 2604
0.55, 2603
0.55, 2602
0.55, 2601
0.55, 2600
0.55, 2599
0.55, 2598
0.55, 2597
0.55, 2596
0.55, 2595
0.55, 2594
0.55, 2593
0.55, 2592
0.55, 2591
0.55, 2590
0.56, 2589
0.56, 2588
0.56, 2587
0.56, 2586
0.56, 2585
0.56, 2584
0.56, 2583
0.57, 2582
0.57, 2581
0.57, 2580
0.57, 2579
0.57, 2578
0.58, 2577
0.58, 2576
0.58, 2575
0.58, 2574
0.58, 2573
0.58, 2572
0.58, 2571
0.58, 2570
0.58, 2569
0.59, 2568
0.59, 2567
0.59, 2566
0.59, 2565
0.59, 2564
0.59, 2563
0.59, 2562
0.59, 2561
0.59, 2560
0.59, 2559
0.59, 2558
0.60, 2557
0.60, 2556
0.60, 2555
0.60, 2554
0.60, 2553
0.60, 2552
0.60, 2551
0.60, 2550
0.60, 2549
0.61, 2548
0.61, 2547
0.61, 2546
0.61, 2545
0.61, 2544
0.61, 2543
0.61, 2542
0.62, 2541
0.62, 2540
0.62, 2539
0.62, 2538
0.62, 2537
0.62, 2536
0.62, 2535
0.62, 2534
0.62, 2533
0.62, 2532
0.62, 2531
0.63, 2530
0.63, 2529
0.63, 2528
0.63, 2527
0.63, 2526
0.63, 2525
0.63, 2524
0.63, 2523
0.63, 2522
0.64, 2521
0.64, 2520
0.64, 2519
0.64, 2518
0.64, 2517
0.64, 2516
0.64, 2515
0.64, 2514
0.64, 2513
0.64, 2512
0.64, 2511
0.65, 2510
0.65, 2509
0.65, 2508
0.65, 2507
0.65, 2506
0.65, 2505
0.65, 2504
0.65, 2503
0.65, 2502
0.65, 2501
0.66, 2500
0.66, 2499
0.66, 2498
0.66, 2497
0.66, 2496
0.66, 2495
0.66, 2494
0.66, 2493
0.66, 2492
0.66, 2491
0.66, 2490
0.66, 2489
0.67, 2488
0.67, 2487
0.67, 2486
0.67, 2485
0.67, 2484
0.67, 2483
0.67, 2482
0.68, 2481
0.68, 2480
0.68, 2479
0.68, 2478
0.68, 2477
0.68, 2476
0.68, 2475
0.68, 2474
0.68, 2473
0.68, 2472
0.68, 2471
0.69, 2470
0.69, 2469
0.69, 2468
0.69, 2467
0.70, 2466
0.70, 2465
0.70, 2464
0.70, 2463
0.71, 2462
0.71, 2461
0.71, 2460
0.71, 2459
0.72, 2458
0.72, 2457
0.73, 2456
0.73, 2455
0.73, 2454
0.73, 2453
0.73, 2452
0.73, 2451
0.73, 2450
0.74, 2449
0.74, 2448
0.74, 2447
0.74, 2446
0.74, 2445
0.74, 2444
0.74, 2443
0.75, 2442
0.75, 2441
0.75, 2440
0.75, 2439
0.76, 2438
0.76, 2437
0.76, 2436
0.76, 2435
0.76, 2434
0.76, 2433
0.76, 2432
0.76, 2431
0.76, 2430
0.77, 2429
0.77, 2428
0.77, 2427
0.77, 2426
0.77, 2425
0.77, 2424
0.77, 2423
0.77, 2422
0.78, 2421
0.78, 2420
0.79, 2419
0.79, 2418
0.79, 2417
0.79, 2416
0.80, 2415
0.80, 2414
0.80, 2413
0.80, 2412
0.80, 2411
0.81, 2410
0.81, 2409
0.81, 2408
0.81, 2407
0.81, 2406
0.81, 2405
0.82, 2404
0.82, 2403
0.82, 2402
0.83, 2401
0.83, 2400
0.83, 2399
0.83, 2398
0.83, 2397
0.83, 2396
0.83, 2395
0.84, 2394
0.84, 2393
0.85, 2392
0.85, 2391
0.85, 2390
0.85, 2389
0.86, 2388
0.86, 2387
0.86, 2386
0.86, 2385
0.86, 2384
0.87, 2383
0.87, 2382
0.88, 2381
0.88, 2380
0.88, 2379
0.88, 2378
0.88, 2377
0.88, 2376
0.89, 2375
0.89, 2374
0.89, 2373
0.90, 2372
0.90, 2371
0.90, 2370
0.90, 2369
0.90, 2368
0.90, 2367
0.90, 2366
0.91, 2365
0.93, 2364
0.94, 2363
0.94, 2362
0.95, 2361
0.96, 2360
0.96, 2359
0.96, 2358
0.96, 2357
0.97, 2356
0.97, 2355
0.99, 2354
0.99, 2353
0.99, 2352
0.99, 2351
0.99, 2350
0.99, 2349
1.00, 2348
1.00, 2347
1.00, 2346
1.01, 2345
1.01, 2344
1.02, 2343
1.02, 2342
1.03, 2341
1.03, 2340
1.04, 2339
1.04, 2338
1.04, 2337
1.05, 2336
1.05, 2335
1.05, 2334
1.07, 2333
1.08, 2332
1.08, 2331
1.08, 2330
1.09, 2329
1.10, 2328
1.12, 2327
1.12, 2326
1.12, 2325
1.12, 2324
1.13, 2323
1.14, 2322
1.15, 2321
1.17, 2320
1.17, 2319
1.18, 2318
1.18, 2317
1.18, 2316
1.21, 2315
1.22, 2314
1.22, 2313
1.23, 2312
1.24, 2311
1.26, 2310
1.26, 2309
1.26, 2308
1.27, 2307
1.27, 2306
1.28, 2305
1.29, 2304
1.31, 2303
1.38, 2302
1.40, 2301
1.41, 2300
1.43, 2299
1.46, 2298
1.48, 2297
1.48, 2296
1.51, 2295
1.54, 2294
1.55, 2293
1.60, 2292
1.66, 2291
1.75, 2290
1.86, 2289
1.88, 2288
1.93, 2287
2.02, 2286
2.08, 2285
2.14, 2284
2.41, 2283
2.86, 2282
