15.95, 8392
15.95, 8392
15.95, 8391
15.95, 8390
15.95, 8389
15.95, 8388
15.95, 8389
15.95, 8388
15.95, 8388
15.95, 8388
15.95, 8387
15.95, 8386
15.95, 8385
15.95, 8384
15.95, 8384
15.96, 8384
15.96, 8383
15.96, 8382
15.96, 8384
15.96, 8383
15.96, 8382
15.96, 8381
15.96, 8381
15.96, 8381
15.97, 8380
15.97, 8380
15.97, 8379
15.97, 8378
15.97, 8377
15.97, 8377
15.97, 8379
15.97, 8378
15.97, 8377
15.97, 8377
15.97, 8378
15.97, 8380
15.98, 8379
15.98, 8378
15.98, 8378
15.98, 8378
15.98, 8377
15.98, 8376
15.98, 8375
15.98, 8375
15.98, 8374
15.98, 8374
15.98, 8373
15.98, 8372
15.98, 8372
15.98, 8371
15.98, 8373
15.99, 8373
15.99, 8375
15.99, 8374
15.99, 8373
15.99, 8372
15.99, 8371
15.99, 8370
15.99, 8370
15.99, 8370
15.99, 8370
15.99, 8370
15.99, 8369
15.99, 8369
15.99, 8368
15.99, 8368
16.00, 8367
16.00, 8366
16.00, 8366
16.00, 8365
16.00, 8364
16.00, 8365
16.00, 8365
16.00, 8364
16.00, 8363
16.00, 8363
16.00, 8362
16.00, 8361
16.01, 8361
16.01, 8360
16.01, 8359
16.01, 8361
16.01, 8360
16.01, 8360
16.01, 8360
16.01, 8359
16.01, 8358
16.01, 8359
16.01, 8358
16.01, 8360
16.01, 8359
16.02, 8358
16.02, 8358
16.02, 8361
16.02, 8361
16.02, 8360
16.02, 8359
16.02, 8358
16.02, 8357
16.02, 8358
16.02, 8357
16.02, 8356
16.03, 8355
16.03, 8355
16.03, 8354
16.03, 8353
16.03, 8352
16.03, 8352
16.03, 8351
16.03, 8350
16.03, 8349
16.03, 8348
16.03, 8347
16.03, 8346
16.03, 8345
16.03, 8344
16.03, 8343
16.04, 8342
16.04, 8341
16.04, 8340
16.04, 8339
16.04, 8338
16.04, 8337
16.04, 8336
16.04, 8335
16.04, 8334
16.04, 8333
16.04, 8332
16.04, 8331
16.04, 8330
16.04, 8329
16.04, 8328
16.05, 8327
16.05, 8326
16.05, 8325
16.05, 8324
16.05, 8323
16.05, 8322
16.05, 8321
16.05, 8320
16.05, 8319
16.05, 8318
16.06, 8317
16.06, 8316
16.06, 8315
16.06, 8314
16.06, 8313
16.06, 8312
16.06, 8311
16.06, 8310
16.06, 8309
16.06, 8308
16.06, 8307
16.06, 8306
16.06, 8305
16.07, 8304
16.07, 8303
16.07, 8302
16.07, 8301
16.07, 8300
16.07, 8299
16.07, 8298
16.07, 8297
16.08, 8296
16.08, 8295
16.08, 8294
16.08, 8293
16.08, 8292
16.08, 8291
16.08, 8290
16.08, 8289
16.08, 8288
16.08, 8287
16.08, 8286
16.09, 8285
16.09, 8284
16.09, 8283
16.09, 8282
16.09, 8281
16.09, 8280
16.09, 8279
16.09, 8278
16.09, 8277
16.09, 8276
16.09, 8275
16.09, 8274
16.09, 8273
16.09, 8272
16.10, 8271
16.10, 8270
16.10, 8269
16.10, 8268
16.10, 8267
16.10, 8266
16.10, 8265
16.10, 8264
16.10, 8263
16.11, 8262
16.11, 8261
16.11, 8260
16.11, 8259
16.11, 8258
16.11, 8257
16.11, 8256
16.11, 8255
16.11, 8254
16.11, 8253
16.11, 8252
16.11, 8251
16.11, 8250
16.11, 8249
16.11, 8248
16.12, 8247
16.12, 8246
16.12, 8245
16.12, 8244
16.12, 8243
16.12, 8242
16.12, 8241
16.12, 8240
16.12, 8239
16.12, 8238
16.12, 8237
16.12, 8236
16.12, 8235
16.13, 8234
16.13, 8233
16.13, 8232
16.13, 8231
16.13, 8230
16.13, 8229
16.13, 8228
16.13, 8227
16.14, 8226
16.14, 8225
16.14, 8224
16.14, 8223
16.14, 8222
16.14, 8221
16.14, 8220
16.14, 8219
16.14, 8218
16.15, 8217
16.15, 8216
16.15, 8215
16.15, 8214
16.15, 8213
16.15, 8212
16.16, 8211
16.16, 8210
16.16, 8209
16.16, 8208
16.16, 8207
16.16, 8206
16.16, 8205
16.16, 8204
16.16, 8203
16.16, 8202
16.17, 8201
16.17, 8200
16.17, 8199
16.17, 8198
16.17, 8197
16.17, 8196
16.17, 8195
16.18, 8194
16.18, 8193
16.18, 8192
16.18, 8191
16.18, 8190
16.18, 8189
16.18, 8188
16.18, 8187
16.18, 8186
16.18, 8185
16.18, 8184
16.19, 8183
16.19, 8182
16.19, 8181
16.19, 8180
16.19, 8179
16.19, 8178
16.19, 8177
16.20, 8176
16.20, 8175
16.20, 8174
16.20, 8173
16.20, 8172
16.20, 8171
16.20, 8170
16.20, 8169
16.20, 8168
16.20, 8167
16.20, 8166
16.21, 8165
16.21, 8164
16.21, 8163
16.21, 8162
16.21, 8161
16.21, 8160
16.21, 8159
16.22, 8158
16.22, 8157
16.22, 8156
16.22, 8155
16.22, 8154
16.23, 8153
16.23, 8152
16.23, 8151
16.23, 8150
16.23, 8149
16.23, 8148
16.23, 8147
16.23, 8146
16.24, 8145
16.24, 8144
16.24, 8143
16.24, 8142
16.24, 8141
16.24, 8140
16.24, 8139
16.24, 8138
16.24, 8137
16.25, 8136
16.25, 8135
16.25, 8134
16.25, 8133
16.25, 8132
16.25, 8131
16.25, 8130
16.25, 8129
16.25, 8128
16.25, 8127
16.26, 8126
16.26, 8125
16.26, 8124
16.26, 8123
16.26, 8122
16.26, 8121
16.27, 8120
16.27, 8119
16.27, 8118
16.27, 8117
16.27, 8116
16.27, 8115
16.27, 8114
16.27, 8113
16.27, 8112
16.28, 8111
16.28, 8110
16.28, 8109
16.28, 8108
16.28, 8107
16.28, 8106
16.28, 8105
16.28, 8104
16.28, 8103
16.29, 8102
16.29, 8101
16.29, 8100
16.29, 8099
16.29, 8098
16.29, 8097
16.29, 8096
16.29, 8095
16.30, 8094
16.30, 8093
16.30, 8092
16.30, 8091
16.30, 8090
16.30, 8089
16.30, 8088
16.30, 8087
16.30, 8086
16.31, 8085
16.31, 8084
16.31, 8083
16.31, 8082
16.31, 8081
16.31, 8080
16.31, 8079
16.31, 8078
16.32, 8077
16.32, 8076
16.32, 8075
16.32, 8074
16.32, 8073
16.32, 8072
16.32, 8071
16.32, 8070
16.33, 8069
16.33, 8068
16.33, 8067
16.33, 8066
16.33, 8065
16.33, 8064
16.33, 8063
16.34, 8062
16.34, 8061
16.34, 8060
16.34, 8059
16.34, 8058
16.34, 8057
16.35, 8056
16.35, 8055
16.35, 8054
16.35, 8053
16.35, 8052
16.35, 8051
16.35, 8050
16.35, 8049
16.36, 8048
16.36, 8047
16.36, 8046
16.36, 8045
16.36, 8044
16.36, 8043
16.37, 8042
16.37, 8041
16.37, 8040
16.37, 8039
16.37, 8038
16.37, 8037
16.37, 8036
16.37, 8035
16.37, 8034
16.38, 8033
16.38, 8032
16.38, 8031
16.38, 8030
16.38, 8029
16.38, 8028
16.38, 8027
16.39, 8026
16.39, 8025
16.39, 8024
16.39, 8023
16.40, 8022
16.40, 8021
16.40, 8020
16.40, 8019
16.40, 8018
16.40, 8017
16.40, 8016
16.40, 8015
16.40, 8014
16.40, 8013
16.41, 8012
16.41, 8011
16.41, 8010
16.41, 8009
16.41, 8008
16.42, 8007
16.42, 8006
16.42, 8005
16.42, 8004
16.42, 8003
16.42, 8002
16.42, 8001
16.42, 8000
16.43, 7999
16.43, 7998
16.43, 7997
16.43, 7996
16.43, 7995
16.44, 7994
16.44, 7993
16.44, 7992
16.44, 7991
16.45, 7990
16.45, 7989
16.45, 7988
16.45, 7987
16.45, 7986
16.46, 7985
16.46, 7984
16.46, 7983
16.46, 7982
16.46, 7981
16.47, 7980
16.47, 7979
16.47, 7978
16.47, 7977
16.47, 7976
16.47, 7975
16.47, 7974
16.47, 7973
16.47, 7972
16.48, 7971
16.48, 7970
16.48, 7969
16.48, 7968
16.49, 7967
16.49, 7966
16.49, 7965
16.49, 7964
16.49, 7963
16.49, 7962
16.50, 7961
16.50, 7960
16.50, 7959
16.51, 7958
16.51, 7957
16.51, 7956
16.51, 7955
16.51, 7954
16.51, 7953
16.51, 7952
16.51, 7951
16.51, 7950
16.52, 7949
16.52, 7948
16.52, 7947
16.52, 7946
16.52, 7945
16.52, 7944
16.52, 7943
16.53, 7942
16.53, 7941
16.53, 7940
16.54, 7939
16.54, 7938
16.54, 7937
16.54, 7936
16.55, 7935
16.55, 7934
16.55, 7933
16.55, 7932
16.55, 7931
16.56, 7930
16.56, 7929
16.56, 7928
16.56, 7927
16.56, 7926
16.56, 7925
16.56, 7924
16.56, 7923
16.57, 7922
16.57, 7921
16.58, 7920
16.58, 7919
16.58, 7918
16.58, 7917
16.58, 7916
16.59, 7915
16.59, 7914
16.59, 7913
16.59, 7912
16.60, 7911
16.60, 7910
16.60, 7909
16.60, 7908
16.60, 7907
16.61, 7906
16.62, 7905
16.62, 7904
16.62, 7903
16.62, 7902
16.62, 7901
16.63, 7900
16.63, 7899
16.63, 7898
16.63, 7897
16.63, 7896
16.63, 7895
16.64, 7894
16.64, 7893
16.64, 7892
16.64, 7891
16.65, 7890
16.65, 7889
16.65, 7888
16.65, 7887
16.65, 7886
16.65, 7885
16.66, 7884
16.66, 7883
16.66, 7882
16.66, 7881
16.67, 7880
16.67, 7879
16.67, 7878
16.67, 7877
16.67, 7876
16.67, 7875
16.67, 7874
16.67, 7873
16.68, 7872
16.68, 7871
16.68, 7870
16.68, 7869
16.69, 7868
16.69, 7867
16.69, 7866
16.69, 7865
16.70, 7864
16.70, 7863
16.70, 7862
16.70, 7861
16.70, 7860
16.71, 7859
16.71, 7858
16.72, 7857
16.72, 7856
16.72, 7855
16.72, 7854
16.72, 7853
16.72, 7852
16.73, 7851
16.73, 7850
16.73, 7849
16.73, 7848
16.74, 7847
16.74, 7846
16.74, 7845
16.74, 7844
16.75, 7843
16.75, 7842
16.75, 7841
16.75, 7840
16.76, 7839
16.76, 7838
16.76, 7837
16.76, 7836
16.76, 7835
16.76, 7834
16.77, 7833
16.77, 7832
16.77, 7831
16.77, 7830
16.77, 7829
16.77, 7828
16.78, 7827
16.78, 7826
16.78, 7825
16.78, 7824
16.79, 7823
16.79, 7822
16.79, 7821
16.79, 7820
16.80, 7819
16.80, 7818
16.80, 7817
16.80, 7816
16.81, 7815
16.81, 7814
16.81, 7813
16.81, 7812
16.82, 7811
16.82, 7810
16.82, 7809
16.82, 7808
16.83, 7807
16.83, 7806
16.83, 7805
16.83, 7804
16.84, 7803
16.84, 7802
16.84, 7801
16.84, 7800
16.84, 7799
16.84, 7798
16.84, 7797
16.85, 7796
16.85, 7795
16.86, 7794
16.86, 7793
16.86, 7792
16.87, 7791
16.87, 7790
16.87, 7789
16.87, 7788
16.87, 7787
16.88, 7786
16.89, 7785
16.90, 7784
16.90, 7783
16.90, 7782
16.90, 7781
16.91, 7780
16.92, 7779
16.92, 7778
16.92, 7777
16.92, 7776
16.93, 7775
16.94, 7774
16.94, 7773
16.94, 7772
16.94, 7771
16.95, 7770
16.95, 7769
16.95, 7768
16.95, 7767
16.96, 7766
16.96, 7765
16.98, 7764
16.98, 7763
16.98, 7762
16.98, 7761
16.99, 7760
16.99, 7759
17.00, 7758
17.01, 7757
17.02, 7756
17.02, 7755
17.02, 7754
17.03, 7753
17.03, 7752
17.04, 7751
17.04, 7750
17.04, 7749
17.04, 7748
17.05, 7747
17.05, 7746
17.05, 7745
17.05, 7744
17.05, 7743
17.06, 7742
17.06, 7741
17.06, 7740
17.06, 7739
17.06, 7738
17.07, 7737
17.07, 7736
17.08, 7735
17.08, 7734
17.08, 7733
17.08, 7732
17.09, 7731
17.09, 7730
17.09, 7729
17.09, 7728
17.09, 7727
17.09, 7726
17.10, 7725
17.11, 7724
17.11, 7723
17.11, 7722
17.11, 7721
17.11, 7720
17.12, 7719
17.12, 7718
17.13, 7717
17.13, 7716
17.13, 7715
17.14, 7714
17.14, 7713
17.15, 7712
17.15, 7711
17.15, 7710
17.16, 7709
17.16, 7708
17.16, 7707
17.16, 7706
17.17, 7705
17.18, 7704
17.18, 7703
17.18, 7702
17.19, 7701
17.19, 7700
17.19, 7699
17.20, 7698
17.20, 7697
17.20, 7696
17.21, 7695
17.21, 7694
17.21, 7693
17.21, 7692
17.22, 7691
17.23, 7690
17.24, 7689
17.24, 7688
17.25, 7687
17.25, 7686
17.26, 7685
17.26, 7684
17.27, 7683
17.27, 7682
17.27, 7681
17.27, 7680
17.28, 7679
17.28, 7678
17.29, 7677
17.29, 7676
17.29, 7675
17.29, 7674
17.29, 7673
17.30, 7672
17.30, 7671
17.31, 7670
17.31, 7669
17.31, 7668
17.32, 7667
17.32, 7666
17.32, 7665
17.33, 7664
17.33, 7663
17.35, 7662
17.36, 7661
17.37, 7660
17.38, 7659
17.38, 7658
17.38, 7657
17.40, 7656
17.41, 7655
17.41, 7654
17.42, 7653
17.42, 7652
17.42, 7651
17.43, 7650
17.44, 7649
17.46, 7648
17.46, 7647
17.47, 7646
17.49, 7645
17.49, 7644
17.50, 7643
17.51, 7642
17.52, 7641
17.52, 7640
17.53, 7639
17.54, 7638
17.55, 7637
17.56, 7636
17.56, 7635
17.57, 7634
17.57, 7633
17.57, 7632
17.57, 7631
17.58, 7630
17.58, 7629
17.59, 7628
17.59, 7627
17.61, 7626
17.61, 7625
17.61, 7624
17.62, 7623
17.62, 7622
17.62, 7621
17.62, 7620
17.63, 7619
17.63, 7618
17.63, 7617
17.64, 7616
17.65, 7615
17.68, 7614
17.68, 7613
17.69, 7612
17.69, 7611
17.69, 7610
17.70, 7609
17.71, 7608
17.71, 7607
17.72, 7606
17.73, 7605
17.73, 7604
17.74, 7603
17.75, 7602
17.76, 7601
17.76, 7600
17.77, 7599
17.77, 7598
17.78, 7597
17.79, 7596
17.79, 7595
17.80, 7594
17.81, 7593
17.82, 7592
17.82, 7591
17.82, 7590
17.83, 7589
17.85, 7588
17.85, 7587
17.85, 7586
17.86, 7585
17.86, 7584
17.88, 7583
17.88, 7582
17.88, 7581
17.88, 7580
17.89, 7579
17.90, 7578
17.91, 7577
17.91, 7576
17.91, 7575
17.91, 7574
17.91, 7573
17.92, 7572
17.92, 7571
17.93, 7570
17.94, 7569
17.96, 7568
17.96, 7567
17.97, 7566
17.98, 7565
17.98, 7564
18.01, 7563
18.01, 7562
18.01, 7561
18.02, 7560
18.03, 7559
18.05, 7558
18.06, 7557
18.06, 7556
18.07, 7555
18.07, 7554
18.07, 7553
18.07, 7552
18.08, 7551
18.08, 7550
18.09, 7549
18.10, 7548
18.11, 7547
18.11, 7546
18.11, 7545
18.12, 7544
18.12, 7543
18.13, 7542
18.13, 7541
18.13, 7540
18.14, 7539
18.15, 7538
18.15, 7537
18.16, 7536
18.17, 7535
18.17, 7534
18.21, 7533
18.21, 7532
18.22, 7531
18.23, 7530
18.23, 7529
18.23, 7528
18.24, 7527
18.25, 7526
18.26, 7525
18.26, 7524
18.27, 7523
18.28, 7522
18.28, 7521
18.29, 7520
18.29, 7519
18.31, 7518
18.31, 7517
18.32, 7516
18.32, 7515
18.33, 7514
18.35, 7513
18.36, 7512
18.36, 7511
18.36, 7510
18.37, 7509
18.37, 7508
18.39, 7507
18.39, 7506
18.40, 7505
18.40, 7504
18.42, 7503
18.42, 7502
18.43, 7501
18.45, 7500
18.49, 7499
18.49, 7498
18.50, 7497
18.50, 7496
18.51, 7495
18.53, 7494
18.53, 7493
18.54, 7492
18.55, 7491
18.58, 7490
18.59, 7489
18.59, 7488
18.61, 7487
18.64, 7486
18.64, 7485
18.65, 7484
18.66, 7483
18.66, 7482
18.68, 7481
18.68, 7480
18.69, 7479
18.70, 7478
18.70, 7477
18.71, 7476
18.71, 7475
18.75, 7474
18.75, 7473
18.76, 7472
18.77, 7471
18.78, 7470
18.78, 7469
18.80, 7468
18.81, 7467
18.81, 7466
18.82, 7465
18.83, 7464
18.83, 7463
18.86, 7462
18.88, 7461
18.90, 7460
18.90, 7459
18.90, 7458
18.91, 7457
18.92, 7456
18.92, 7455
18.94, 7454
18.94, 7453
18.98, 7452
18.98, 7451
19.00, 7450
19.00, 7449
19.00, 7448
19.01, 7447
19.02, 7446
19.06, 7445
19.07, 7444
19.08, 7443
19.08, 7442
19.08, 7441
19.09, 7440
19.09, 7439
19.14, 7438
19.16, 7437
19.17, 7436
19.17, 7435
19.18, 7434
19.20, 7433
19.24, 7432
19.30, 7431
19.31, 7430
19.33, 7429
19.34, 7428
19.37, 7427
19.38, 7426
19.45, 7425
19.45, 7424
19.46, 7423
19.46, 7422
19.48, 7421
19.50, 7420
19.50, 7419
19.53, 7418
19.55, 7417
19.57, 7416
19.58, 7415
19.58, 7414
19.59, 7413
19.67, 7412
19.69, 7411
19.73, 7410
19.75, 7409
19.82, 7408
19.87, 7407
19.88, 7406
19.88, 7405
19.90, 7404
19.91, 7403
19.91, 7402
19.92, 7401
19.93, 7400
19.94, 7399
19.95, 7398
19.98, 7397
20.00, 7396
20.05, 7395
20.05, 7394
20.07, 7393
20.08, 7392
20.11, 7391
20.12, 7390
20.13, 7389
20.15, 7388
20.18, 7387
20.21, 7386
20.22, 7385
20.23, 7384
20.24, 7383
20.26, 7382
20.27, 7381
20.28, 7380
20.30, 7379
20.31, 7378
20.33, 7377
20.39, 7376
20.41, 7375
20.42, 7374
20.51, 7373
20.54, 7372
20.55, 7371
20.55, 7370
20.61, 7369
20.63, 7368
20.63, 7367
20.65, 7366
20.66, 7365
20.70, 7364
20.82, 7363
20.84, 7362
20.85, 7361
20.88, 7360
20.94, 7359
20.96, 7358
21.01, 7357
21.05, 7356
21.10, 7355
21.11, 7354
21.13, 7353
21.14, 7352
21.16, 7351
21.27, 7350
21.28, 7349
21.36, 7348
21.58, 7347
21.62, 7346
21.65, 7345
21.78, 7344
21.79, 7343
21.89, 7342
21.92, 7341
22.06, 7340
22.10, 7339
22.18, 7338
22.21, 7337
22.23, 7336
22.32, 7335
22.38, 7334
22.50, 7333
22.52, 7332
22.64, 7331
22.74, 7330
22.77, 7329
22.78, 7328
22.84, 7327
22.85, 7326
22.89, 7325
22.91, 7324
22.91, 7323
22.93, 7322
23.22, 7321
23.46, 7320
23.51, 7319
23.59, 7318
23.60, 7317
23.74, 7316
24.06, 7315
24.14, 7314
24.31, 7313
24.35, 7312
24.66, 7311
24.94, 7310
25.35, 7309
25.58, 7308
25.81, 7307
26.93, 7306
27.33, 7305
27.43, 7304
29.63, 7303
39.88, 7302
