9.15, 5492
9.15, 5498
9.15, 5519
9.16, 5542
9.16, 5543
9.17, 5579
9.17, 5579
9.17, 5594
9.18, 5626
9.19, 5632
9.19, 5632
9.19, 5638
9.20, 5645
9.20, 5644
9.20, 5643
9.20, 5642
9.20, 5641
9.21, 5640
9.21, 5639
9.21, 5638
9.21, 5637
9.21, 5636
9.22, 5635
9.22, 5634
9.22, 5633
9.22, 5632
9.22, 5631
9.22, 5630
9.23, 5629
9.23, 5628
9.23, 5627
9.23, 5626
9.23, 5625
9.23, 5624
9.23, 5623
9.23, 5622
9.24, 5621
9.24, 5620
9.25, 5619
9.25, 5618
9.25, 5617
9.26, 5616
9.26, 5615
9.26, 5614
9.27, 5613
9.27, 5612
9.27, 5611
9.27, 5610
9.27, 5609
9.27, 5608
9.27, 5607
9.27, 5606
9.27, 5605
9.27, 5604
9.28, 5603
9.28, 5602
9.28, 5601
9.29, 5600
9.29, 5599
9.29, 5598
9.29, 5597
9.29, 5596
9.29, 5595
9.29, 5594
9.29, 5593
9.30, 5592
9.30, 5591
9.30, 5590
9.31, 5589
9.31, 5588
9.31, 5587
9.32, 5586
9.32, 5585
9.32, 5584
9.32, 5583
9.32, 5582
9.32, 5581
9.32, 5580
9.32, 5579
9.32, 5578
9.32, 5577
9.33, 5576
9.33, 5575
9.33, 5574
9.34, 5573
9.34, 5572
9.34, 5571
9.34, 5570
9.34, 5569
9.35, 5568
9.35, 5567
9.36, 5566
9.36, 5565
9.36, 5564
9.36, 5563
9.37, 5562
9.37, 5561
9.37, 5560
9.38, 5559
9.38, 5558
9.38, 5557
9.38, 5556
9.38, 5555
9.39, 5554
9.39, 5553
9.39, 5552
9.39, 5551
9.40, 5550
9.40, 5549
9.40, 5548
9.40, 5547
9.40, 5546
9.41, 5545
9.41, 5544
9.41, 5543
9.41, 5542
9.41, 5541
9.41, 5540
9.41, 5539
9.41, 5538
9.42, 5537
9.42, 5536
9.43, 5535
9.43, 5534
9.43, 5533
9.43, 5532
9.44, 5531
9.44, 5530
9.44, 5529
9.45, 5528
9.45, 5527
9.46, 5526
9.46, 5525
9.46, 5524
9.47, 5523
9.47, 5522
9.48, 5521
9.48, 5520
9.48, 5519
9.48, 5518
9.49, 5517
9.49, 5516
9.49, 5515
9.49, 5514
9.49, 5513
9.49, 5512
9.50, 5511
9.50, 5510
9.50, 5509
9.50, 5508
9.50, 5507
9.51, 5506
9.51, 5505
9.52, 5504
9.52, 5503
9.52, 5502
9.52, 5501
9.52, 5500
9.53, 5499
9.53, 5498
9.54, 5497
9.54, 5496
9.54, 5495
9.55, 5494
9.55, 5493
9.56, 5492
9.56, 5491
9.57, 5490
9.57, 5489
9.58, 5488
9.58, 5487
9.58, 5486
9.58, 5485
9.58, 5484
9.59, 5483
9.59, 5482
9.60, 5481
9.60, 5480
9.61, 5479
9.61, 5478
9.61, 5477
9.62, 5476
9.62, 5475
9.62, 5474
9.62, 5473
9.63, 5472
9.63, 5471
9.64, 5470
9.64, 5469
9.65, 5468
9.65, 5467
9.66, 5466
9.66, 5465
9.67, 5464
9.67, 5463
9.68, 5462
9.68, 5461
9.68, 5460
9.69, 5459
9.69, 5458
9.69, 5457
9.70, 5456
9.70, 5455
9.70, 5454
9.70, 5453
9.70, 5452
9.71, 5451
9.71, 5450
9.71, 5449
9.71, 5448
9.71, 5447
9.71, 5446
9.71, 5445
9.72, 5444
9.73, 5443
9.73, 5442
9.73, 5441
9.74, 5440
9.74, 5439
9.74, 5438
9.74, 5437
9.74, 5436
9.74, 5435
9.74, 5434
9.74, 5433
9.74, 5432
9.74, 5431
9.75, 5430
9.76, 5429
9.77, 5428
9.77, 5427
9.77, 5426
9.77, 5425
9.77, 5424
9.78, 5423
9.78, 5422
9.78, 5421
9.80, 5420
9.80, 5419
9.80, 5418
9.80, 5417
9.82, 5416
9.82, 5415
9.82, 5414
9.82, 5413
9.84, 5412
9.85, 5411
9.85, 5410
9.86, 5409
9.86, 5408
9.86, 5407
9.86, 5406
9.86, 5405
9.87, 5404
9.88, 5403
9.88, 5402
9.88, 5401
9.89, 5400
9.89, 5399
9.89, 5398
9.90, 5397
9.90, 5396
9.90, 5395
9.90, 5394
9.91, 5393
9.91, 5392
9.91, 5391
9.91, 5390
9.91, 5389
9.91, 5388
9.92, 5387
9.93, 5386
9.93, 5385
9.93, 5384
9.93, 5383
9.94, 5382
9.95, 5381
9.95, 5380
9.97, 5379
9.97, 5378
9.97, 5377
9.97, 5376
9.98, 5375
9.98, 5374
9.98, 5373
9.98, 5372
9.99, 5371
10.00, 5370
10.00, 5369
10.00, 5368
10.00, 5367
10.01, 5366
10.01, 5365
10.02, 5364
10.02, 5363
10.03, 5362
10.03, 5361
10.04, 5360
10.05, 5359
10.06, 5358
10.06, 5357
10.07, 5356
10.07, 5355
10.07, 5354
10.08, 5353
10.08, 5352
10.08, 5351
10.09, 5350
10.09, 5349
10.09, 5348
10.09, 5347
10.10, 5346
10.10, 5345
10.10, 5344
10.11, 5343
10.11, 5342
10.11, 5341
10.11, 5340
10.12, 5339
10.12, 5338
10.12, 5337
10.13, 5336
10.14, 5335
10.15, 5334
10.15, 5333
10.16, 5332
10.17, 5331
10.18, 5330
10.18, 5329
10.22, 5328
10.23, 5327
10.23, 5326
10.23, 5325
10.23, 5324
10.25, 5323
10.27, 5322
10.27, 5321
10.28, 5320
10.28, 5319
10.28, 5318
10.30, 5317
10.31, 5316
10.31, 5315
10.33, 5314
10.33, 5313
10.33, 5312
10.33, 5311
10.34, 5310
10.35, 5309
10.37, 5308
10.37, 5307
10.38, 5306
10.39, 5305
10.39, 5304
10.39, 5303
10.39, 5302
10.40, 5301
10.40, 5300
10.40, 5299
10.41, 5298
10.41, 5297
10.42, 5296
10.43, 5295
10.43, 5294
10.44, 5293
10.44, 5292
10.44, 5291
10.44, 5290
10.45, 5289
10.45, 5288
10.46, 5287
10.46, 5286
10.47, 5285
10.47, 5284
10.48, 5283
10.48, 5282
10.48, 5281
10.49, 5280
10.49, 5279
10.50, 5278
10.50, 5277
10.50, 5276
10.50, 5275
10.51, 5274
10.51, 5273
10.51, 5272
10.51, 5271
10.51, 5270
10.51, 5269
10.52, 5268
10.52, 5267
10.52, 5266
10.55, 5265
10.55, 5264
10.56, 5263
10.56, 5262
10.57, 5261
10.57, 5260
10.57, 5259
10.58, 5258
10.58, 5257
10.59, 5256
10.59, 5255
10.61, 5254
10.61, 5253
10.61, 5252
10.62, 5251
10.62, 5250
10.63, 5249
10.65, 5248
10.65, 5247
10.66, 5246
10.66, 5245
10.66, 5244
10.67, 5243
10.67, 5242
10.68, 5241
10.68, 5240
10.68, 5239
10.69, 5238
10.69, 5237
10.69, 5236
10.69, 5235
10.70, 5234
10.70, 5233
10.70, 5232
10.71, 5231
10.71, 5230
10.72, 5229
10.73, 5228
10.73, 5227
10.74, 5226
10.74, 5225
10.75, 5224
10.76, 5223
10.76, 5222
10.76, 5221
10.76, 5220
10.76, 5219
10.77, 5218
10.78, 5217
10.79, 5216
10.79, 5215
10.80, 5214
10.80, 5213
10.81, 5212
10.81, 5211
10.82, 5210
10.82, 5209
10.82, 5208
10.82, 5207
10.82, 5206
10.83, 5205
10.85, 5204
10.85, 5203
10.85, 5202
10.86, 5201
10.86, 5200
10.86, 5199
10.87, 5198
10.89, 5197
10.89, 5196
10.89, 5195
10.90, 5194
10.90, 5193
10.91, 5192
10.92, 5191
10.92, 5190
10.94, 5189
10.96, 5188
10.96, 5187
10.97, 5186
10.97, 5185
10.97, 5184
10.97, 5183
10.98, 5182
10.98, 5181
10.99, 5180
11.01, 5179
11.02, 5178
11.02, 5177
11.02, 5176
11.03, 5175
11.04, 5174
11.05, 5173
11.05, 5172
11.06, 5171
11.06, 5170
11.06, 5169
11.08, 5168
11.08, 5167
11.09, 5166
11.10, 5165
11.10, 5164
11.10, 5163
11.10, 5162
11.11, 5161
11.12, 5160
11.13, 5159
11.13, 5158
11.13, 5157
11.15, 5156
11.15, 5155
11.16, 5154
11.16, 5153
11.16, 5152
11.16, 5151
11.16, 5150
11.17, 5149
11.17, 5148
11.18, 5147
11.18, 5146
11.19, 5145
11.20, 5144
11.20, 5143
11.21, 5142
11.22, 5141
11.22, 5140
11.23, 5139
11.23, 5138
11.24, 5137
11.24, 5136
11.24, 5135
11.25, 5134
11.26, 5133
11.27, 5132
11.27, 5131
11.27, 5130
11.28, 5129
11.29, 5128
11.29, 5127
11.32, 5126
11.32, 5125
11.34, 5124
11.34, 5123
11.34, 5122
11.36, 5121
11.38, 5120
11.38, 5119
11.38, 5118
11.38, 5117
11.39, 5116
11.40, 5115
11.41, 5114
11.41, 5113
11.42, 5112
11.42, 5111
11.42, 5110
11.42, 5109
11.43, 5108
11.43, 5107
11.46, 5106
11.46, 5105
11.46, 5104
11.47, 5103
11.47, 5102
11.49, 5101
11.49, 5100
11.50, 5099
11.51, 5098
11.51, 5097
11.52, 5096
11.52, 5095
11.52, 5094
11.52, 5093
11.54, 5092
11.54, 5091
11.55, 5090
11.55, 5089
11.56, 5088
11.57, 5087
11.57, 5086
11.58, 5085
11.58, 5084
11.58, 5083
11.59, 5082
11.62, 5081
11.63, 5080
11.63, 5079
11.63, 5078
11.64, 5077
11.66, 5076
11.67, 5075
11.68, 5074
11.70, 5073
11.71, 5072
11.72, 5071
11.72, 5070
11.73, 5069
11.73, 5068
11.73, 5067
11.74, 5066
11.74, 5065
11.75, 5064
11.75, 5063
11.76, 5062
11.77, 5061
11.78, 5060
11.78, 5059
11.78, 5058
11.79, 5057
11.80, 5056
11.80, 5055
11.81, 5054
11.81, 5053
11.81, 5052
11.83, 5051
11.84, 5050
11.84, 5049
11.85, 5048
11.85, 5047
11.85, 5046
11.85, 5045
11.85, 5044
11.86, 5043
11.86, 5042
11.86, 5041
11.87, 5040
11.87, 5039
11.87, 5038
11.87, 5037
11.90, 5036
11.90, 5035
11.93, 5034
11.95, 5033
11.97, 5032
11.98, 5031
11.98, 5030
11.99, 5029
11.99, 5028
12.02, 5027
12.06, 5026
12.06, 5025
12.08, 5024
12.11, 5023
12.13, 5022
12.15, 5021
12.17, 5020
12.18, 5019
12.18, 5018
12.19, 5017
12.22, 5016
12.23, 5015
12.27, 5014
12.27, 5013
12.27, 5012
12.28, 5011
12.30, 5010
12.30, 5009
12.30, 5008
12.30, 5007
12.30, 5006
12.31, 5005
12.31, 5004
12.33, 5003
12.33, 5002
12.36, 5001
12.36, 5000
12.36, 4999
12.37, 4998
12.38, 4997
12.39, 4996
12.40, 4995
12.40, 4994
12.42, 4993
12.43, 4992
12.43, 4991
12.47, 4990
12.51, 4989
12.52, 4988
12.52, 4987
12.52, 4986
12.53, 4985
12.55, 4984
12.56, 4983
12.58, 4982
12.60, 4981
12.61, 4980
12.61, 4979
12.63, 4978
12.65, 4977
12.66, 4976
12.71, 4975
12.71, 4974
12.72, 4973
12.72, 4972
12.73, 4971
12.74, 4970
12.75, 4969
12.81, 4968
12.81, 4967
12.85, 4966
12.85, 4965
12.86, 4964
12.88, 4963
12.94, 4962
12.95, 4961
12.97, 4960
12.98, 4959
13.01, 4958
13.03, 4957
13.03, 4956
13.04, 4955
13.05, 4954
13.06, 4953
13.07, 4952
13.07, 4951
13.11, 4950
13.12, 4949
13.15, 4948
13.16, 4947
13.21, 4946
13.22, 4945
13.22, 4944
13.23, 4943
13.25, 4942
13.31, 4941
13.32, 4940
13.34, 4939
13.35, 4938
13.38, 4937
13.39, 4936
13.39, 4935
13.41, 4934
13.43, 4933
13.44, 4932
13.49, 4931
13.54, 4930
13.56, 4929
13.59, 4928
13.59, 4927
13.63, 4926
13.63, 4925
13.63, 4924
13.64, 4923
13.65, 4922
13.65, 4921
13.66, 4920
13.67, 4919
13.68, 4918
13.68, 4917
13.72, 4916
13.82, 4915
13.83, 4914
13.84, 4913
13.90, 4912
13.90, 4911
13.95, 4910
14.00, 4909
14.05, 4908
14.07, 4907
14.08, 4906
14.09, 4905
14.11, 4904
14.13, 4903
14.13, 4902
14.14, 4901
14.21, 4900
14.23, 4899
14.24, 4898
14.31, 4897
14.33, 4896
14.35, 4895
14.41, 4894
14.44, 4893
14.47, 4892
14.48, 4891
14.51, 4890
14.51, 4889
14.52, 4888
14.60, 4887
14.62, 4886
14.69, 4885
14.76, 4884
14.94, 4883
14.98, 4882
14.99, 4881
15.01, 4880
15.01, 4879
15.08, 4878
15.10, 4877
15.10, 4876
15.18, 4875
15.19, 4874
15.21, 4873
15.26, 4872
15.27, 4871
15.28, 4870
15.34, 4869
15.34, 4868
15.58, 4867
15.62, 4866
15.86, 4865
16.28, 4864
16.47, 4863
16.55, 4862
16.85, 4861
16.86, 4860
16.91, 4859
16.98, 4858
17.00, 4857
17.00, 4856
17.11, 4855
17.71, 4854
18.59, 4853
19.70, 4852
20.83, 4851
