7.28, 5499
7.30, 5513
7.30, 5513
7.30, 5516
7.30, 5520
7.31, 5542
7.31, 5542
7.31, 5544
7.32, 5552
7.32, 5551
7.32, 5563
7.33, 5573
7.34, 5613
7.34, 5615
7.34, 5614
7.34, 5617
7.35, 5623
7.35, 5622
7.35, 5622
7.35, 5621
7.35, 5621
7.35, 5621
7.35, 5620
7.36, 5619
7.36, 5618
7.37, 5617
7.37, 5616
7.38, 5615
7.38, 5614
7.38, 5613
7.38, 5612
7.38, 5611
7.38, 5610
7.39, 5609
7.39, 5608
7.39, 5607
7.40, 5606
7.40, 5605
7.40, 5604
7.40, 5603
7.41, 5602
7.41, 5601
7.41, 5600
7.42, 5599
7.42, 5598
7.42, 5597
7.42, 5596
7.42, 5595
7.43, 5594
7.43, 5593
7.43, 5592
7.43, 5591
7.44, 5590
7.44, 5589
7.44, 5588
7.44, 5587
7.44, 5586
7.44, 5585
7.45, 5584
7.45, 5583
7.45, 5582
7.45, 5581
7.45, 5580
7.46, 5579
7.46, 5578
7.47, 5577
7.47, 5576
7.47, 5575
7.47, 5574
7.48, 5573
7.48, 5572
7.48, 5571
7.49, 5570
7.49, 5569
7.49, 5568
7.49, 5567
7.49, 5566
7.50, 5565
7.50, 5564
7.50, 5563
7.51, 5562
7.51, 5561
7.52, 5560
7.52, 5559
7.52, 5558
7.53, 5557
7.53, 5556
7.53, 5555
7.54, 5554
7.54, 5553
7.54, 5552
7.54, 5551
7.55, 5550
7.55, 5549
7.55, 5548
7.55, 5547
7.55, 5546
7.55, 5545
7.56, 5544
7.56, 5543
7.56, 5542
7.56, 5541
7.57, 5540
7.57, 5539
7.57, 5538
7.57, 5537
7.57, 5536
7.58, 5535
7.58, 5534
7.58, 5533
7.58, 5532
7.59, 5531
7.59, 5530
7.59, 5529
7.59, 5528
7.59, 5527
7.60, 5526
7.60, 5525
7.60, 5524
7.60, 5523
7.61, 5522
7.61, 5521
7.61, 5520
7.62, 5519
7.63, 5518
7.63, 5517
7.63, 5516
7.63, 5515
7.63, 5514
7.64, 5513
7.64, 5512
7.64, 5511
7.64, 5510
7.64, 5509
7.65, 5508
7.66, 5507
7.66, 5506
7.66, 5505
7.67, 5504
7.67, 5503
7.67, 5502
7.67, 5501
7.68, 5500
7.68, 5499
7.69, 5498
7.69, 5497
7.69, 5496
7.69, 5495
7.70, 5494
7.70, 5493
7.71, 5492
7.71, 5491
7.71, 5490
7.72, 5489
7.72, 5488
7.72, 5487
7.72, 5486
7.73, 5485
7.73, 5484
7.73, 5483
7.74, 5482
7.74, 5481
7.76, 5480
7.76, 5479
7.76, 5478
7.76, 5477
7.76, 5476
7.76, 5475
7.77, 5474
7.77, 5473
7.78, 5472
7.78, 5471
7.79, 5470
7.79, 5469
7.79, 5468
7.79, 5467
7.79, 5466
7.80, 5465
7.80, 5464
7.81, 5463
7.81, 5462
7.81, 5461
7.82, 5460
7.82, 5459
7.82, 5458
7.82, 5457
7.83, 5456
7.84, 5455
7.84, 5454
7.84, 5453
7.84, 5452
7.84, 5451
7.85, 5450
7.85, 5449
7.85, 5448
7.86, 5447
7.86, 5446
7.86, 5445
7.87, 5444
7.88, 5443
7.88, 5442
7.88, 5441
7.88, 5440
7.88, 5439
7.88, 5438
7.89, 5437
7.89, 5436
7.90, 5435
7.90, 5434
7.90, 5433
7.91, 5432
7.91, 5431
7.91, 5430
7.91, 5429
7.91, 5428
7.92, 5427
7.92, 5426
7.92, 5425
7.92, 5424
7.93, 5423
7.93, 5422
7.93, 5421
7.93, 5420
7.93, 5419
7.94, 5418
7.94, 5417
7.94, 5416
7.95, 5415
7.95, 5414
7.95, 5413
7.95, 5412
7.96, 5411
7.97, 5410
7.97, 5409
7.98, 5408
7.98, 5407
7.98, 5406
7.99, 5405
7.99, 5404
7.99, 5403
7.99, 5402
8.00, 5401
8.00, 5400
8.00, 5399
8.01, 5398
8.01, 5397
8.01, 5396
8.02, 5395
8.02, 5394
8.02, 5393
8.02, 5392
8.03, 5391
8.03, 5390
8.03, 5389
8.03, 5388
8.05, 5387
8.05, 5386
8.06, 5385
8.06, 5384
8.06, 5383
8.06, 5382
8.07, 5381
8.07, 5380
8.07, 5379
8.08, 5378
8.09, 5377
8.09, 5376
8.10, 5375
8.10, 5374
8.10, 5373
8.11, 5372
8.11, 5371
8.12, 5370
8.12, 5369
8.12, 5368
8.13, 5367
8.13, 5366
8.13, 5365
8.14, 5364
8.15, 5363
8.15, 5362
8.16, 5361
8.16, 5360
8.16, 5359
8.17, 5358
8.17, 5357
8.18, 5356
8.18, 5355
8.18, 5354
8.19, 5353
8.19, 5352
8.20, 5351
8.20, 5350
8.20, 5349
8.20, 5348
8.20, 5347
8.21, 5346
8.22, 5345
8.22, 5344
8.22, 5343
8.23, 5342
8.23, 5341
8.24, 5340
8.24, 5339
8.26, 5338
8.26, 5337
8.26, 5336
8.27, 5335
8.27, 5334
8.27, 5333
8.27, 5332
8.28, 5331
8.29, 5330
8.29, 5329
8.29, 5328
8.29, 5327
8.30, 5326
8.30, 5325
8.31, 5324
8.31, 5323
8.32, 5322
8.32, 5321
8.33, 5320
8.34, 5319
8.34, 5318
8.35, 5317
8.35, 5316
8.35, 5315
8.36, 5314
8.37, 5313
8.37, 5312
8.38, 5311
8.38, 5310
8.39, 5309
8.39, 5308
8.39, 5307
8.40, 5306
8.41, 5305
8.41, 5304
8.41, 5303
8.42, 5302
8.42, 5301
8.42, 5300
8.43, 5299
8.44, 5298
8.44, 5297
8.44, 5296
8.45, 5295
8.45, 5294
8.45, 5293
8.45, 5292
8.45, 5291
8.46, 5290
8.46, 5289
8.47, 5288
8.47, 5287
8.48, 5286
8.48, 5285
8.48, 5284
8.49, 5283
8.49, 5282
8.49, 5281
8.50, 5280
8.50, 5279
8.51, 5278
8.52, 5277
8.52, 5276
8.53, 5275
8.53, 5274
8.53, 5273
8.54, 5272
8.55, 5271
8.55, 5270
8.56, 5269
8.57, 5268
8.57, 5267
8.57, 5266
8.58, 5265
8.58, 5264
8.58, 5263
8.59, 5262
8.59, 5261
8.59, 5260
8.60, 5259
8.63, 5258
8.63, 5257
8.63, 5256
8.63, 5255
8.63, 5254
8.64, 5253
8.64, 5252
8.64, 5251
8.64, 5250
8.65, 5249
8.65, 5248
8.65, 5247
8.65, 5246
8.65, 5245
8.66, 5244
8.66, 5243
8.66, 5242
8.66, 5241
8.67, 5240
8.67, 5239
8.68, 5238
8.68, 5237
8.69, 5236
8.69, 5235
8.70, 5234
8.70, 5233
8.71, 5232
8.73, 5231
8.74, 5230
8.74, 5229
8.76, 5228
8.76, 5227
8.76, 5226
8.76, 5225
8.78, 5224
8.79, 5223
8.80, 5222
8.80, 5221
8.81, 5220
8.82, 5219
8.82, 5218
8.82, 5217
8.82, 5216
8.84, 5215
8.85, 5214
8.86, 5213
8.87, 5212
8.87, 5211
8.87, 5210
8.88, 5209
8.88, 5208
8.88, 5207
8.91, 5206
8.91, 5205
8.93, 5204
8.93, 5203
8.93, 5202
8.96, 5201
8.97, 5200
8.98, 5199
8.98, 5198
8.99, 5197
8.99, 5196
8.99, 5195
8.99, 5194
9.00, 5193
9.01, 5192
9.01, 5191
9.02, 5190
9.03, 5189
9.03, 5188
9.04, 5187
9.04, 5186
9.04, 5185
9.04, 5184
9.04, 5183
9.05, 5182
9.05, 5181
9.06, 5180
9.06, 5179
9.07, 5178
9.08, 5177
9.08, 5176
9.10, 5175
9.10, 5174
9.10, 5173
9.10, 5172
9.11, 5171
9.11, 5170
9.12, 5169
9.13, 5168
9.15, 5167
9.16, 5166
9.16, 5165
9.17, 5164
9.17, 5163
9.18, 5162
9.18, 5161
9.18, 5160
9.18, 5159
9.19, 5158
9.20, 5157
9.20, 5156
9.20, 5155
9.21, 5154
9.22, 5153
9.23, 5152
9.23, 5151
9.24, 5150
9.25, 5149
9.26, 5148
9.27, 5147
9.27, 5146
9.27, 5145
9.28, 5144
9.28, 5143
9.28, 5142
9.29, 5141
9.30, 5140
9.30, 5139
9.30, 5138
9.31, 5137
9.32, 5136
9.34, 5135
9.34, 5134
9.34, 5133
9.35, 5132
9.35, 5131
9.36, 5130
9.36, 5129
9.36, 5128
9.36, 5127
9.37, 5126
9.38, 5125
9.42, 5124
9.43, 5123
9.43, 5122
9.44, 5121
9.44, 5120
9.44, 5119
9.46, 5118
9.46, 5117
9.46, 5116
9.49, 5115
9.50, 5114
9.50, 5113
9.50, 5112
9.51, 5111
9.51, 5110
9.52, 5109
9.52, 5108
9.53, 5107
9.53, 5106
9.54, 5105
9.54, 5104
9.55, 5103
9.56, 5102
9.56, 5101
9.57, 5100
9.59, 5099
9.60, 5098
9.60, 5097
9.60, 5096
9.61, 5095
9.62, 5094
9.63, 5093
9.64, 5092
9.64, 5091
9.64, 5090
9.64, 5089
9.64, 5088
9.66, 5087
9.67, 5086
9.69, 5085
9.70, 5084
9.73, 5083
9.73, 5082
9.73, 5081
9.74, 5080
9.74, 5079
9.76, 5078
9.77, 5077
9.78, 5076
9.78, 5075
9.79, 5074
9.81, 5073
9.81, 5072
9.82, 5071
9.82, 5070
9.82, 5069
9.84, 5068
9.84, 5067
9.85, 5066
9.85, 5065
9.86, 5064
9.86, 5063
9.87, 5062
9.87, 5061
9.88, 5060
9.89, 5059
9.89, 5058
9.90, 5057
9.92, 5056
9.93, 5055
9.95, 5054
9.96, 5053
9.96, 5052
9.97, 5051
10.01, 5050
10.02, 5049
10.02, 5048
10.03, 5047
10.04, 5046
10.06, 5045
10.10, 5044
10.10, 5043
10.11, 5042
10.12, 5041
10.12, 5040
10.13, 5039
10.15, 5038
10.16, 5037
10.17, 5036
10.17, 5035
10.18, 5034
10.19, 5033
10.20, 5032
10.20, 5031
10.23, 5030
10.24, 5029
10.25, 5028
10.25, 5027
10.25, 5026
10.29, 5025
10.30, 5024
10.31, 5023
10.31, 5022
10.32, 5021
10.33, 5020
10.34, 5019
10.34, 5018
10.35, 5017
10.35, 5016
10.35, 5015
10.35, 5014
10.36, 5013
10.36, 5012
10.37, 5011
10.38, 5010
10.39, 5009
10.40, 5008
10.40, 5007
10.41, 5006
10.41, 5005
10.43, 5004
10.46, 5003
10.46, 5002
10.48, 5001
10.48, 5000
10.49, 4999
10.52, 4998
10.56, 4997
10.56, 4996
10.57, 4995
10.58, 4994
10.64, 4993
10.65, 4992
10.68, 4991
10.77, 4990
10.77, 4989
10.80, 4988
10.80, 4987
10.81, 4986
10.81, 4985
10.81, 4984
10.82, 4983
10.84, 4982
10.86, 4981
10.87, 4980
10.88, 4979
10.91, 4978
10.92, 4977
10.96, 4976
10.98, 4975
10.98, 4974
10.98, 4973
10.99, 4972
11.03, 4971
11.05, 4970
11.06, 4969
11.09, 4968
11.09, 4967
11.09, 4966
11.10, 4965
11.11, 4964
11.13, 4963
11.14, 4962
11.15, 4961
11.16, 4960
11.20, 4959
11.26, 4958
11.30, 4957
11.31, 4956
11.33, 4955
11.34, 4954
11.35, 4953
11.35, 4952
11.35, 4951
11.37, 4950
11.41, 4949
11.43, 4948
11.45, 4947
11.47, 4946
11.47, 4945
11.48, 4944
11.53, 4943
11.56, 4942
11.59, 4941
11.62, 4940
11.62, 4939
11.63, 4938
11.66, 4937
11.68, 4936
11.71, 4935
11.73, 4934
11.74, 4933
11.78, 4932
11.82, 4931
11.86, 4930
11.92, 4929
11.93, 4928
11.94, 4927
11.94, 4926
11.98, 4925
11.98, 4924
11.98, 4923
11.98, 4922
12.02, 4921
12.02, 4920
12.04, 4919
12.06, 4918
12.12, 4917
12.18, 4916
12.19, 4915
12.23, 4914
12.28, 4913
12.30, 4912
12.30, 4911
12.31, 4910
12.40, 4909
12.41, 4908
12.48, 4907
12.54, 4906
12.55, 4905
12.58, 4904
12.62, 4903
12.64, 4902
12.70, 4901
12.71, 4900
12.72, 4899
12.76, 4898
12.78, 4897
12.79, 4896
12.87, 4895
12.90, 4894
12.94, 4893
12.98, 4892
13.02, 4891
13.04, 4890
13.35, 4889
13.37, 4888
13.38, 4887
13.38, 4886
13.46, 4885
13.79, 4884
13.80, 4883
14.11, 4882
14.14, 4881
14.17, 4880
14.17, 4879
14.18, 4878
14.21, 4877
14.26, 4876
14.31, 4875
14.32, 4874
14.72, 4873
14.90, 4872
14.97, 4871
18.11, 4870
18.30, 4869
19.92, 4868
24.30, 4867
