14.38, 8392
14.38, 8392
14.39, 8391
14.39, 8394
14.39, 8394
14.39, 8394
14.39, 8394
14.39, 8393
14.39, 8394
14.40, 8393
14.40, 8393
14.40, 8392
14.40, 8391
14.40, 8391
14.40, 8390
14.40, 8392
14.40, 8391
14.40, 8390
14.40, 8389
14.40, 8389
14.40, 8388
14.40, 8387
14.40, 8386
14.40, 8385
14.40, 8384
14.40, 8383
14.41, 8382
14.41, 8381
14.41, 8380
14.41, 8380
14.41, 8379
14.41, 8380
14.41, 8380
14.41, 8379
14.41, 8380
14.41, 8379
14.41, 8378
14.41, 8377
14.42, 8377
14.42, 8376
14.42, 8378
14.42, 8378
14.42, 8379
14.42, 8378
14.42, 8377
14.42, 8377
14.42, 8376
14.42, 8375
14.42, 8374
14.43, 8373
14.43, 8372
14.43, 8371
14.43, 8370
14.43, 8370
14.43, 8370
14.43, 8370
14.43, 8369
14.43, 8368
14.43, 8367
14.43, 8366
14.43, 8367
14.43, 8366
14.43, 8366
14.44, 8365
14.44, 8364
14.44, 8366
14.44, 8365
14.44, 8364
14.44, 8365
14.44, 8365
14.44, 8364
14.44, 8363
14.44, 8362
14.44, 8361
14.44, 8360
14.44, 8359
14.44, 8358
14.44, 8361
14.45, 8365
14.45, 8364
14.45, 8367
14.45, 8370
14.45, 8369
14.45, 8368
14.46, 8371
14.46, 8371
14.46, 8370
14.46, 8369
14.46, 8369
14.46, 8368
14.46, 8367
14.46, 8367
14.46, 8369
14.46, 8368
14.47, 8368
14.47, 8368
14.47, 8367
14.47, 8366
14.47, 8366
14.47, 8365
14.47, 8364
14.47, 8363
14.47, 8362
14.47, 8361
14.48, 8360
14.48, 8359
14.48, 8358
14.48, 8357
14.48, 8356
14.48, 8355
14.48, 8354
14.48, 8353
14.48, 8352
14.48, 8351
14.48, 8350
14.48, 8349
14.48, 8348
14.48, 8347
14.49, 8346
14.49, 8345
14.49, 8344
14.49, 8343
14.49, 8342
14.49, 8341
14.49, 8340
14.49, 8339
14.49, 8338
14.49, 8337
14.50, 8336
14.50, 8335
14.50, 8334
14.50, 8333
14.50, 8332
14.50, 8331
14.50, 8330
14.50, 8329
14.50, 8328
14.50, 8327
14.51, 8326
14.51, 8325
14.51, 8324
14.51, 8323
14.51, 8322
14.51, 8321
14.51, 8320
14.51, 8319
14.51, 8318
14.51, 8317
14.51, 8316
14.52, 8315
14.52, 8314
14.52, 8313
14.52, 8312
14.52, 8311
14.52, 8310
14.52, 8309
14.52, 8308
14.53, 8307
14.53, 8306
14.53, 8305
14.53, 8304
14.53, 8303
14.53, 8302
14.53, 8301
14.53, 8300
14.53, 8299
14.54, 8298
14.54, 8297
14.54, 8296
14.54, 8295
14.54, 8294
14.54, 8293
14.54, 8292
14.54, 8291
14.54, 8290
14.54, 8289
14.54, 8288
14.54, 8287
14.55, 8286
14.55, 8285
14.55, 8284
14.55, 8283
14.55, 8282
14.55, 8281
14.55, 8280
14.55, 8279
14.55, 8278
14.55, 8277
14.55, 8276
14.56, 8275
14.56, 8274
14.56, 8273
14.56, 8272
14.56, 8271
14.56, 8270
14.56, 8269
14.56, 8268
14.56, 8267
14.56, 8266
14.56, 8265
14.57, 8264
14.57, 8263
14.57, 8262
14.57, 8261
14.57, 8260
14.57, 8259
14.57, 8258
14.57, 8257
14.57, 8256
14.57, 8255
14.57, 8254
14.57, 8253
14.58, 8252
14.58, 8251
14.58, 8250
14.58, 8249
14.58, 8248
14.58, 8247
14.58, 8246
14.58, 8245
14.59, 8244
14.59, 8243
14.59, 8242
14.59, 8241
14.59, 8240
14.59, 8239
14.59, 8238
14.59, 8237
14.60, 8236
14.60, 8235
14.60, 8234
14.60, 8233
14.60, 8232
14.60, 8231
14.61, 8230
14.61, 8229
14.61, 8228
14.61, 8227
14.61, 8226
14.62, 8225
14.62, 8224
14.62, 8223
14.62, 8222
14.62, 8221
14.62, 8220
14.62, 8219
14.62, 8218
14.62, 8217
14.62, 8216
14.62, 8215
14.63, 8214
14.63, 8213
14.63, 8212
14.63, 8211
14.63, 8210
14.63, 8209
14.63, 8208
14.63, 8207
14.63, 8206
14.64, 8205
14.64, 8204
14.64, 8203
14.64, 8202
14.64, 8201
14.64, 8200
14.64, 8199
14.64, 8198
14.64, 8197
14.64, 8196
14.64, 8195
14.64, 8194
14.65, 8193
14.65, 8192
14.65, 8191
14.65, 8190
14.65, 8189
14.65, 8188
14.65, 8187
14.65, 8186
14.65, 8185
14.66, 8184
14.66, 8183
14.66, 8182
14.67, 8181
14.67, 8180
14.67, 8179
14.67, 8178
14.67, 8177
14.67, 8176
14.67, 8175
14.68, 8174
14.68, 8173
14.68, 8172
14.68, 8171
14.68, 8170
14.68, 8169
14.68, 8168
14.69, 8167
14.69, 8166
14.69, 8165
14.69, 8164
14.70, 8163
14.70, 8162
14.70, 8161
14.70, 8160
14.70, 8159
14.71, 8158
14.71, 8157
14.71, 8156
14.71, 8155
14.72, 8154
14.72, 8153
14.72, 8152
14.72, 8151
14.72, 8150
14.72, 8149
14.72, 8148
14.73, 8147
14.73, 8146
14.73, 8145
14.73, 8144
14.73, 8143
14.73, 8142
14.74, 8141
14.74, 8140
14.74, 8139
14.74, 8138
14.74, 8137
14.74, 8136
14.74, 8135
14.75, 8134
14.75, 8133
14.75, 8132
14.75, 8131
14.75, 8130
14.76, 8129
14.76, 8128
14.76, 8127
14.76, 8126
14.76, 8125
14.76, 8124
14.76, 8123
14.76, 8122
14.77, 8121
14.77, 8120
14.77, 8119
14.77, 8118
14.77, 8117
14.77, 8116
14.77, 8115
14.77, 8114
14.78, 8113
14.78, 8112
14.78, 8111
14.78, 8110
14.78, 8109
14.79, 8108
14.79, 8107
14.79, 8106
14.79, 8105
14.79, 8104
14.79, 8103
14.79, 8102
14.79, 8101
14.80, 8100
14.80, 8099
14.80, 8098
14.80, 8097
14.80, 8096
14.80, 8095
14.80, 8094
14.81, 8093
14.81, 8092
14.81, 8091
14.81, 8090
14.81, 8089
14.81, 8088
14.82, 8087
14.82, 8086
14.82, 8085
14.82, 8084
14.82, 8083
14.82, 8082
14.83, 8081
14.83, 8080
14.83, 8079
14.83, 8078
14.83, 8077
14.83, 8076
14.84, 8075
14.84, 8074
14.84, 8073
14.85, 8072
14.85, 8071
14.85, 8070
14.85, 8069
14.85, 8068
14.85, 8067
14.85, 8066
14.85, 8065
14.86, 8064
14.86, 8063
14.86, 8062
14.86, 8061
14.87, 8060
14.87, 8059
14.87, 8058
14.87, 8057
14.87, 8056
14.87, 8055
14.88, 8054
14.88, 8053
14.88, 8052
14.88, 8051
14.89, 8050
14.89, 8049
14.89, 8048
14.89, 8047
14.89, 8046
14.89, 8045
14.90, 8044
14.90, 8043
14.90, 8042
14.90, 8041
14.90, 8040
14.90, 8039
14.91, 8038
14.91, 8037
14.91, 8036
14.91, 8035
14.91, 8034
14.91, 8033
14.92, 8032
14.92, 8031
14.92, 8030
14.92, 8029
14.92, 8028
14.92, 8027
14.92, 8026
14.93, 8025
14.93, 8024
14.93, 8023
14.93, 8022
14.93, 8021
14.94, 8020
14.94, 8019
14.94, 8018
14.94, 8017
14.94, 8016
14.94, 8015
14.95, 8014
14.95, 8013
14.95, 8012
14.95, 8011
14.95, 8010
14.95, 8009
14.95, 8008
14.96, 8007
14.96, 8006
14.96, 8005
14.97, 8004
14.97, 8003
14.97, 8002
14.97, 8001
14.97, 8000
14.98, 7999
14.98, 7998
14.98, 7997
14.99, 7996
14.99, 7995
14.99, 7994
14.99, 7993
14.99, 7992
15.00, 7991
15.00, 7990
15.00, 7989
15.00, 7988
15.00, 7987
15.01, 7986
15.01, 7985
15.01, 7984
15.02, 7983
15.02, 7982
15.02, 7981
15.02, 7980
15.02, 7979
15.03, 7978
15.03, 7977
15.03, 7976
15.04, 7975
15.04, 7974
15.04, 7973
15.04, 7972
15.04, 7971
15.05, 7970
15.05, 7969
15.05, 7968
15.05, 7967
15.05, 7966
15.05, 7965
15.06, 7964
15.06, 7963
15.06, 7962
15.06, 7961
15.06, 7960
15.06, 7959
15.07, 7958
15.07, 7957
15.07, 7956
15.07, 7955
15.08, 7954
15.08, 7953
15.08, 7952
15.08, 7951
15.08, 7950
15.08, 7949
15.08, 7948
15.09, 7947
15.09, 7946
15.09, 7945
15.09, 7944
15.09, 7943
15.09, 7942
15.10, 7941
15.10, 7940
15.10, 7939
15.11, 7938
15.11, 7937
15.11, 7936
15.11, 7935
15.12, 7934
15.12, 7933
15.12, 7932
15.13, 7931
15.13, 7930
15.13, 7929
15.13, 7928
15.13, 7927
15.14, 7926
15.14, 7925
15.14, 7924
15.15, 7923
15.15, 7922
15.15, 7921
15.15, 7920
15.15, 7919
15.15, 7918
15.15, 7917
15.15, 7916
15.16, 7915
15.16, 7914
15.16, 7913
15.16, 7912
15.17, 7911
15.17, 7910
15.18, 7909
15.18, 7908
15.18, 7907
15.18, 7906
15.18, 7905
15.19, 7904
15.19, 7903
15.19, 7902
15.19, 7901
15.19, 7900
15.20, 7899
15.20, 7898
15.21, 7897
15.21, 7896
15.21, 7895
15.21, 7894
15.21, 7893
15.22, 7892
15.22, 7891
15.23, 7890
15.23, 7889
15.23, 7888
15.23, 7887
15.24, 7886
15.24, 7885
15.24, 7884
15.24, 7883
15.24, 7882
15.25, 7881
15.25, 7880
15.25, 7879
15.26, 7878
15.26, 7877
15.26, 7876
15.26, 7875
15.27, 7874
15.27, 7873
15.27, 7872
15.27, 7871
15.27, 7870
15.28, 7869
15.28, 7868
15.29, 7867
15.29, 7866
15.29, 7865
15.30, 7864
15.30, 7863
15.30, 7862
15.31, 7861
15.31, 7860
15.31, 7859
15.31, 7858
15.31, 7857
15.32, 7856
15.32, 7855
15.33, 7854
15.33, 7853
15.33, 7852
15.33, 7851
15.34, 7850
15.34, 7849
15.34, 7848
15.34, 7847
15.34, 7846
15.34, 7845
15.35, 7844
15.35, 7843
15.35, 7842
15.35, 7841
15.36, 7840
15.36, 7839
15.36, 7838
15.36, 7837
15.37, 7836
15.37, 7835
15.37, 7834
15.37, 7833
15.37, 7832
15.37, 7831
15.38, 7830
15.38, 7829
15.38, 7828
15.38, 7827
15.38, 7826
15.38, 7825
15.39, 7824
15.39, 7823
15.40, 7822
15.40, 7821
15.40, 7820
15.40, 7819
15.40, 7818
15.41, 7817
15.41, 7816
15.41, 7815
15.42, 7814
15.42, 7813
15.42, 7812
15.42, 7811
15.42, 7810
15.43, 7809
15.43, 7808
15.43, 7807
15.43, 7806
15.43, 7805
15.44, 7804
15.44, 7803
15.44, 7802
15.44, 7801
15.44, 7800
15.44, 7799
15.44, 7798
15.45, 7797
15.45, 7796
15.45, 7795
15.45, 7794
15.46, 7793
15.46, 7792
15.46, 7791
15.46, 7790
15.46, 7789
15.47, 7788
15.47, 7787
15.47, 7786
15.48, 7785
15.48, 7784
15.48, 7783
15.48, 7782
15.49, 7781
15.49, 7780
15.49, 7779
15.49, 7778
15.50, 7777
15.50, 7776
15.50, 7775
15.50, 7774
15.51, 7773
15.51, 7772
15.51, 7771
15.51, 7770
15.52, 7769
15.52, 7768
15.52, 7767
15.52, 7766
15.53, 7765
15.53, 7764
15.54, 7763
15.54, 7762
15.56, 7761
15.56, 7760
15.56, 7759
15.57, 7758
15.58, 7757
15.59, 7756
15.59, 7755
15.59, 7754
15.60, 7753
15.61, 7752
15.61, 7751
15.61, 7750
15.61, 7749
15.62, 7748
15.63, 7747
15.63, 7746
15.63, 7745
15.64, 7744
15.64, 7743
15.64, 7742
15.64, 7741
15.65, 7740
15.65, 7739
15.65, 7738
15.66, 7737
15.66, 7736
15.66, 7735
15.66, 7734
15.66, 7733
15.67, 7732
15.67, 7731
15.68, 7730
15.68, 7729
15.68, 7728
15.68, 7727
15.68, 7726
15.68, 7725
15.69, 7724
15.69, 7723
15.70, 7722
15.71, 7721
15.71, 7720
15.71, 7719
15.72, 7718
15.72, 7717
15.73, 7716
15.73, 7715
15.73, 7714
15.73, 7713
15.75, 7712
15.75, 7711
15.75, 7710
15.75, 7709
15.76, 7708
15.76, 7707
15.76, 7706
15.78, 7705
15.78, 7704
15.78, 7703
15.79, 7702
15.79, 7701
15.79, 7700
15.79, 7699
15.80, 7698
15.80, 7697
15.82, 7696
15.82, 7695
15.84, 7694
15.84, 7693
15.84, 7692
15.84, 7691
15.85, 7690
15.85, 7689
15.85, 7688
15.85, 7687
15.86, 7686
15.86, 7685
15.86, 7684
15.87, 7683
15.87, 7682
15.87, 7681
15.88, 7680
15.88, 7679
15.88, 7678
15.88, 7677
15.89, 7676
15.89, 7675
15.89, 7674
15.90, 7673
15.90, 7672
15.90, 7671
15.91, 7670
15.91, 7669
15.92, 7668
15.92, 7667
15.92, 7666
15.93, 7665
15.93, 7664
15.94, 7663
15.94, 7662
15.94, 7661
15.95, 7660
15.95, 7659
15.95, 7658
15.96, 7657
15.96, 7656
15.97, 7655
15.97, 7654
15.98, 7653
15.99, 7652
15.99, 7651
16.00, 7650
16.00, 7649
16.01, 7648
16.02, 7647
16.03, 7646
16.03, 7645
16.05, 7644
16.06, 7643
16.06, 7642
16.06, 7641
16.07, 7640
16.07, 7639
16.08, 7638
16.08, 7637
16.09, 7636
16.09, 7635
16.09, 7634
16.10, 7633
16.10, 7632
16.11, 7631
16.11, 7630
16.11, 7629
16.11, 7628
16.13, 7627
16.14, 7626
16.14, 7625
16.15, 7624
16.15, 7623
16.16, 7622
16.17, 7621
16.17, 7620
16.17, 7619
16.18, 7618
16.18, 7617
16.20, 7616
16.20, 7615
16.20, 7614
16.20, 7613
16.22, 7612
16.22, 7611
16.23, 7610
16.23, 7609
16.23, 7608
16.24, 7607
16.24, 7606
16.25, 7605
16.25, 7604
16.25, 7603
16.26, 7602
16.26, 7601
16.27, 7600
16.27, 7599
16.28, 7598
16.28, 7597
16.30, 7596
16.30, 7595
16.31, 7594
16.32, 7593
16.33, 7592
16.34, 7591
16.34, 7590
16.38, 7589
16.39, 7588
16.39, 7587
16.41, 7586
16.41, 7585
16.41, 7584
16.41, 7583
16.42, 7582
16.42, 7581
16.43, 7580
16.44, 7579
16.45, 7578
16.47, 7577
16.48, 7576
16.48, 7575
16.48, 7574
16.48, 7573
16.49, 7572
16.51, 7571
16.52, 7570
16.52, 7569
16.52, 7568
16.53, 7567
16.53, 7566
16.54, 7565
16.55, 7564
16.55, 7563
16.56, 7562
16.56, 7561
16.56, 7560
16.57, 7559
16.58, 7558
16.59, 7557
16.63, 7556
16.64, 7555
16.65, 7554
16.66, 7553
16.67, 7552
16.67, 7551
16.67, 7550
16.68, 7549
16.68, 7548
16.68, 7547
16.68, 7546
16.69, 7545
16.73, 7544
16.74, 7543
16.74, 7542
16.75, 7541
16.75, 7540
16.75, 7539
16.76, 7538
16.76, 7537
16.77, 7536
16.77, 7535
16.77, 7534
16.78, 7533
16.79, 7532
16.80, 7531
16.83, 7530
16.83, 7529
16.84, 7528
16.86, 7527
16.86, 7526
16.86, 7525
16.87, 7524
16.89, 7523
16.89, 7522
16.90, 7521
16.91, 7520
16.92, 7519
16.95, 7518
16.96, 7517
16.97, 7516
16.97, 7515
16.98, 7514
17.00, 7513
17.00, 7512
17.00, 7511
17.01, 7510
17.02, 7509
17.05, 7508
17.06, 7507
17.07, 7506
17.08, 7505
17.08, 7504
17.09, 7503
17.10, 7502
17.11, 7501
17.13, 7500
17.14, 7499
17.18, 7498
17.19, 7497
17.20, 7496
17.21, 7495
17.23, 7494
17.24, 7493
17.25, 7492
17.26, 7491
17.27, 7490
17.28, 7489
17.28, 7488
17.29, 7487
17.29, 7486
17.29, 7485
17.30, 7484
17.30, 7483
17.31, 7482
17.32, 7481
17.32, 7480
17.33, 7479
17.34, 7478
17.37, 7477
17.41, 7476
17.42, 7475
17.43, 7474
17.43, 7473
17.44, 7472
17.44, 7471
17.45, 7470
17.45, 7469
17.46, 7468
17.47, 7467
17.50, 7466
17.50, 7465
17.52, 7464
17.54, 7463
17.54, 7462
17.55, 7461
17.56, 7460
17.58, 7459
17.61, 7458
17.61, 7457
17.66, 7456
17.69, 7455
17.71, 7454
17.72, 7453
17.74, 7452
17.75, 7451
17.76, 7450
17.79, 7449
17.79, 7448
17.79, 7447
17.85, 7446
17.85, 7445
17.87, 7444
17.87, 7443
17.87, 7442
17.88, 7441
17.89, 7440
17.89, 7439
17.91, 7438
17.94, 7437
17.94, 7436
17.96, 7435
17.96, 7434
17.98, 7433
18.02, 7432
18.03, 7431
18.04, 7430
18.08, 7429
18.08, 7428
18.09, 7427
18.11, 7426
18.17, 7425
18.17, 7424
18.17, 7423
18.23, 7422
18.24, 7421
18.30, 7420
18.31, 7419
18.31, 7418
18.31, 7417
18.33, 7416
18.37, 7415
18.40, 7414
18.43, 7413
18.43, 7412
18.46, 7411
18.47, 7410
18.47, 7409
18.49, 7408
18.49, 7407
18.53, 7406
18.57, 7405
18.57, 7404
18.58, 7403
18.58, 7402
18.59, 7401
18.61, 7400
18.67, 7399
18.67, 7398
18.68, 7397
18.70, 7396
18.72, 7395
18.72, 7394
18.75, 7393
18.75, 7392
18.77, 7391
18.82, 7390
18.82, 7389
18.83, 7388
18.84, 7387
18.85, 7386
18.89, 7385
18.92, 7384
18.95, 7383
18.98, 7382
19.02, 7381
19.02, 7380
19.03, 7379
19.04, 7378
19.05, 7377
19.09, 7376
19.09, 7375
19.10, 7374
19.11, 7373
19.12, 7372
19.15, 7371
19.15, 7370
19.17, 7369
19.23, 7368
19.27, 7367
19.27, 7366
19.29, 7365
19.31, 7364
19.32, 7363
19.33, 7362
19.35, 7361
19.37, 7360
19.40, 7359
19.40, 7358
19.43, 7357
19.49, 7356
19.56, 7355
19.56, 7354
19.66, 7353
19.78, 7352
19.81, 7351
19.83, 7350
19.89, 7349
19.91, 7348
19.93, 7347
19.98, 7346
20.11, 7345
20.16, 7344
20.22, 7343
20.27, 7342
20.28, 7341
20.30, 7340
20.31, 7339
20.33, 7338
20.34, 7337
20.38, 7336
20.40, 7335
20.44, 7334
20.50, 7333
20.52, 7332
20.54, 7331
20.70, 7330
20.73, 7329
21.02, 7328
21.06, 7327
21.09, 7326
21.17, 7325
21.32, 7324
21.35, 7323
21.37, 7322
21.40, 7321
21.66, 7320
21.90, 7319
21.95, 7318
22.08, 7317
22.26, 7316
22.27, 7315
22.31, 7314
22.42, 7313
22.48, 7312
22.63, 7311
22.71, 7310
22.87, 7309
22.90, 7308
22.91, 7307
22.94, 7306
23.02, 7305
23.06, 7304
23.19, 7303
23.24, 7302
23.32, 7301
24.10, 7300
24.26, 7299
24.39, 7298
24.91, 7297
26.00, 7296
26.52, 7295
26.64, 7294
26.76, 7293
27.18, 7292
27.24, 7291
27.73, 7290
28.31, 7289
30.68, 7288
36.47, 7287
