7.21, 5492
7.21, 5496
7.22, 5500
7.22, 5506
7.22, 5507
7.22, 5540
7.23, 5539
7.23, 5565
7.23, 5571
7.24, 5579
7.24, 5582
7.25, 5599
7.25, 5608
7.25, 5610
7.25, 5613
7.25, 5613
7.26, 5631
7.27, 5630
7.27, 5629
7.27, 5628
7.28, 5627
7.28, 5626
7.29, 5625
7.30, 5624
7.30, 5623
7.30, 5622
7.30, 5621
7.30, 5620
7.30, 5619
7.31, 5618
7.31, 5617
7.32, 5616
7.32, 5615
7.32, 5614
7.32, 5613
7.32, 5612
7.32, 5611
7.33, 5610
7.33, 5609
7.34, 5608
7.34, 5607
7.34, 5606
7.34, 5605
7.34, 5604
7.34, 5603
7.34, 5602
7.35, 5601
7.35, 5600
7.35, 5599
7.35, 5598
7.35, 5597
7.35, 5596
7.36, 5595
7.36, 5594
7.36, 5593
7.37, 5592
7.37, 5591
7.37, 5590
7.37, 5589
7.38, 5588
7.38, 5587
7.38, 5586
7.38, 5585
7.38, 5584
7.38, 5583
7.39, 5582
7.39, 5581
7.39, 5580
7.39, 5579
7.39, 5578
7.39, 5577
7.40, 5576
7.40, 5575
7.40, 5574
7.41, 5573
7.41, 5572
7.41, 5571
7.41, 5570
7.41, 5569
7.41, 5568
7.41, 5567
7.42, 5566
7.42, 5565
7.42, 5564
7.42, 5563
7.43, 5562
7.43, 5561
7.43, 5560
7.43, 5559
7.43, 5558
7.43, 5557
7.44, 5556
7.44, 5555
7.44, 5554
7.44, 5553
7.44, 5552
7.45, 5551
7.45, 5550
7.45, 5549
7.45, 5548
7.45, 5547
7.45, 5546
7.46, 5545
7.46, 5544
7.46, 5543
7.47, 5542
7.47, 5541
7.47, 5540
7.47, 5539
7.48, 5538
7.48, 5537
7.48, 5536
7.48, 5535
7.49, 5534
7.49, 5533
7.49, 5532
7.49, 5531
7.50, 5530
7.50, 5529
7.51, 5528
7.51, 5527
7.51, 5526
7.52, 5525
7.52, 5524
7.52, 5523
7.53, 5522
7.53, 5521
7.53, 5520
7.53, 5519
7.54, 5518
7.55, 5517
7.55, 5516
7.55, 5515
7.56, 5514
7.56, 5513
7.56, 5512
7.56, 5511
7.57, 5510
7.57, 5509
7.57, 5508
7.57, 5507
7.57, 5506
7.57, 5505
7.57, 5504
7.58, 5503
7.58, 5502
7.58, 5501
7.58, 5500
7.58, 5499
7.58, 5498
7.59, 5497
7.59, 5496
7.59, 5495
7.59, 5494
7.60, 5493
7.60, 5492
7.61, 5491
7.61, 5490
7.61, 5489
7.61, 5488
7.61, 5487
7.62, 5486
7.62, 5485
7.63, 5484
7.63, 5483
7.63, 5482
7.63, 5481
7.63, 5480
7.64, 5479
7.64, 5478
7.65, 5477
7.65, 5476
7.66, 5475
7.67, 5474
7.67, 5473
7.67, 5472
7.67, 5471
7.68, 5470
7.68, 5469
7.68, 5468
7.69, 5467
7.69, 5466
7.69, 5465
7.69, 5464
7.70, 5463
7.70, 5462
7.70, 5461
7.70, 5460
7.70, 5459
7.71, 5458
7.71, 5457
7.71, 5456
7.71, 5455
7.71, 5454
7.73, 5453
7.73, 5452
7.73, 5451
7.73, 5450
7.74, 5449
7.74, 5448
7.74, 5447
7.74, 5446
7.75, 5445
7.75, 5444
7.75, 5443
7.75, 5442
7.75, 5441
7.76, 5440
7.77, 5439
7.77, 5438
7.77, 5437
7.78, 5436
7.78, 5435
7.78, 5434
7.78, 5433
7.78, 5432
7.78, 5431
7.78, 5430
7.78, 5429
7.79, 5428
7.79, 5427
7.80, 5426
7.80, 5425
7.80, 5424
7.81, 5423
7.81, 5422
7.81, 5421
7.82, 5420
7.82, 5419
7.82, 5418
7.82, 5417
7.82, 5416
7.83, 5415
7.83, 5414
7.83, 5413
7.84, 5412
7.84, 5411
7.84, 5410
7.84, 5409
7.86, 5408
7.86, 5407
7.87, 5406
7.87, 5405
7.87, 5404
7.87, 5403
7.87, 5402
7.88, 5401
7.88, 5400
7.90, 5399
7.90, 5398
7.90, 5397
7.91, 5396
7.91, 5395
7.91, 5394
7.91, 5393
7.92, 5392
7.92, 5391
7.92, 5390
7.92, 5389
7.93, 5388
7.93, 5387
7.94, 5386
7.95, 5385
7.95, 5384
7.95, 5383
7.96, 5382
7.97, 5381
7.97, 5380
7.97, 5379
7.97, 5378
7.98, 5377
7.99, 5376
7.99, 5375
8.00, 5374
8.00, 5373
8.01, 5372
8.02, 5371
8.02, 5370
8.02, 5369
8.02, 5368
8.03, 5367
8.03, 5366
8.03, 5365
8.04, 5364
8.04, 5363
8.05, 5362
8.06, 5361
8.06, 5360
8.06, 5359
8.06, 5358
8.07, 5357
8.07, 5356
8.07, 5355
8.08, 5354
8.09, 5353
8.09, 5352
8.10, 5351
8.10, 5350
8.10, 5349
8.11, 5348
8.12, 5347
8.12, 5346
8.12, 5345
8.12, 5344
8.12, 5343
8.13, 5342
8.13, 5341
8.13, 5340
8.14, 5339
8.15, 5338
8.15, 5337
8.16, 5336
8.16, 5335
8.16, 5334
8.16, 5333
8.16, 5332
8.17, 5331
8.17, 5330
8.17, 5329
8.17, 5328
8.18, 5327
8.18, 5326
8.18, 5325
8.18, 5324
8.19, 5323
8.19, 5322
8.20, 5321
8.20, 5320
8.20, 5319
8.21, 5318
8.21, 5317
8.21, 5316
8.21, 5315
8.21, 5314
8.22, 5313
8.23, 5312
8.23, 5311
8.23, 5310
8.23, 5309
8.23, 5308
8.24, 5307
8.26, 5306
8.27, 5305
8.27, 5304
8.28, 5303
8.29, 5302
8.29, 5301
8.30, 5300
8.30, 5299
8.31, 5298
8.32, 5297
8.32, 5296
8.33, 5295
8.33, 5294
8.33, 5293
8.35, 5292
8.36, 5291
8.36, 5290
8.36, 5289
8.37, 5288
8.37, 5287
8.37, 5286
8.38, 5285
8.38, 5284
8.39, 5283
8.40, 5282
8.40, 5281
8.41, 5280
8.42, 5279
8.43, 5278
8.44, 5277
8.45, 5276
8.45, 5275
8.46, 5274
8.46, 5273
8.46, 5272
8.46, 5271
8.47, 5270
8.47, 5269
8.47, 5268
8.47, 5267
8.48, 5266
8.48, 5265
8.49, 5264
8.49, 5263
8.49, 5262
8.50, 5261
8.50, 5260
8.52, 5259
8.52, 5258
8.52, 5257
8.52, 5256
8.52, 5255
8.56, 5254
8.56, 5253
8.56, 5252
8.56, 5251
8.56, 5250
8.57, 5249
8.57, 5248
8.58, 5247
8.59, 5246
8.60, 5245
8.61, 5244
8.61, 5243
8.62, 5242
8.63, 5241
8.63, 5240
8.63, 5239
8.65, 5238
8.66, 5237
8.66, 5236
8.67, 5235
8.68, 5234
8.69, 5233
8.70, 5232
8.70, 5231
8.71, 5230
8.72, 5229
8.72, 5228
8.73, 5227
8.73, 5226
8.74, 5225
8.75, 5224
8.76, 5223
8.76, 5222
8.78, 5221
8.79, 5220
8.79, 5219
8.79, 5218
8.82, 5217
8.82, 5216
8.82, 5215
8.84, 5214
8.84, 5213
8.84, 5212
8.85, 5211
8.86, 5210
8.87, 5209
8.87, 5208
8.87, 5207
8.88, 5206
8.89, 5205
8.90, 5204
8.90, 5203
8.90, 5202
8.90, 5201
8.91, 5200
8.91, 5199
8.92, 5198
8.93, 5197
8.94, 5196
8.94, 5195
8.94, 5194
8.94, 5193
8.94, 5192
8.95, 5191
8.97, 5190
8.97, 5189
8.98, 5188
8.98, 5187
8.98, 5186
8.98, 5185
8.99, 5184
9.00, 5183
9.01, 5182
9.01, 5181
9.01, 5180
9.02, 5179
9.02, 5178
9.03, 5177
9.03, 5176
9.04, 5175
9.04, 5174
9.04, 5173
9.05, 5172
9.05, 5171
9.06, 5170
9.08, 5169
9.08, 5168
9.08, 5167
9.08, 5166
9.10, 5165
9.10, 5164
9.10, 5163
9.11, 5162
9.11, 5161
9.11, 5160
9.12, 5159
9.12, 5158
9.12, 5157
9.12, 5156
9.13, 5155
9.13, 5154
9.14, 5153
9.14, 5152
9.15, 5151
9.16, 5150
9.16, 5149
9.18, 5148
9.18, 5147
9.19, 5146
9.19, 5145
9.20, 5144
9.20, 5143
9.20, 5142
9.20, 5141
9.22, 5140
9.22, 5139
9.22, 5138
9.23, 5137
9.23, 5136
9.24, 5135
9.25, 5134
9.26, 5133
9.27, 5132
9.27, 5131
9.27, 5130
9.27, 5129
9.28, 5128
9.28, 5127
9.29, 5126
9.29, 5125
9.30, 5124
9.31, 5123
9.33, 5122
9.33, 5121
9.34, 5120
9.35, 5119
9.37, 5118
9.37, 5117
9.38, 5116
9.38, 5115
9.38, 5114
9.39, 5113
9.40, 5112
9.40, 5111
9.40, 5110
9.41, 5109
9.41, 5108
9.41, 5107
9.42, 5106
9.42, 5105
9.43, 5104
9.44, 5103
9.44, 5102
9.45, 5101
9.45, 5100
9.46, 5099
9.47, 5098
9.47, 5097
9.47, 5096
9.49, 5095
9.49, 5094
9.50, 5093
9.50, 5092
9.51, 5091
9.53, 5090
9.55, 5089
9.55, 5088
9.55, 5087
9.56, 5086
9.56, 5085
9.57, 5084
9.58, 5083
9.59, 5082
9.60, 5081
9.60, 5080
9.60, 5079
9.61, 5078
9.61, 5077
9.61, 5076
9.62, 5075
9.63, 5074
9.65, 5073
9.67, 5072
9.67, 5071
9.67, 5070
9.68, 5069
9.69, 5068
9.69, 5067
9.69, 5066
9.71, 5065
9.71, 5064
9.72, 5063
9.72, 5062
9.72, 5061
9.73, 5060
9.73, 5059
9.74, 5058
9.74, 5057
9.75, 5056
9.75, 5055
9.78, 5054
9.79, 5053
9.80, 5052
9.81, 5051
9.85, 5050
9.86, 5049
9.86, 5048
9.91, 5047
9.93, 5046
9.93, 5045
9.94, 5044
9.94, 5043
9.96, 5042
9.99, 5041
9.99, 5040
10.00, 5039
10.00, 5038
10.00, 5037
10.03, 5036
10.03, 5035
10.04, 5034
10.05, 5033
10.05, 5032
10.05, 5031
10.05, 5030
10.06, 5029
10.07, 5028
10.08, 5027
10.10, 5026
10.11, 5025
10.13, 5024
10.15, 5023
10.16, 5022
10.16, 5021
10.20, 5020
10.20, 5019
10.23, 5018
10.23, 5017
10.23, 5016
10.25, 5015
10.27, 5014
10.27, 5013
10.27, 5012
10.29, 5011
10.30, 5010
10.30, 5009
10.31, 5008
10.32, 5007
10.32, 5006
10.32, 5005
10.35, 5004
10.37, 5003
10.39, 5002
10.40, 5001
10.43, 5000
10.44, 4999
10.48, 4998
10.49, 4997
10.50, 4996
10.50, 4995
10.55, 4994
10.58, 4993
10.61, 4992
10.61, 4991
10.63, 4990
10.64, 4989
10.64, 4988
10.68, 4987
10.68, 4986
10.69, 4985
10.69, 4984
10.70, 4983
10.73, 4982
10.76, 4981
10.78, 4980
10.79, 4979
10.85, 4978
10.89, 4977
10.92, 4976
10.99, 4975
11.01, 4974
11.03, 4973
11.04, 4972
11.06, 4971
11.10, 4970
11.15, 4969
11.22, 4968
11.24, 4967
11.28, 4966
11.28, 4965
11.31, 4964
11.32, 4963
11.34, 4962
11.36, 4961
11.38, 4960
11.39, 4959
11.39, 4958
11.41, 4957
11.42, 4956
11.47, 4955
11.52, 4954
11.54, 4953
11.56, 4952
11.58, 4951
11.58, 4950
11.59, 4949
11.59, 4948
11.60, 4947
11.62, 4946
11.63, 4945
11.66, 4944
11.68, 4943
11.68, 4942
11.74, 4941
11.74, 4940
11.75, 4939
11.78, 4938
11.79, 4937
11.81, 4936
11.83, 4935
11.83, 4934
11.84, 4933
11.92, 4932
11.94, 4931
11.94, 4930
12.03, 4929
12.12, 4928
12.13, 4927
12.14, 4926
12.19, 4925
12.30, 4924
12.34, 4923
12.50, 4922
12.51, 4921
12.56, 4920
12.58, 4919
12.63, 4918
12.71, 4917
12.73, 4916
12.78, 4915
12.82, 4914
12.84, 4913
12.84, 4912
12.85, 4911
12.85, 4910
12.86, 4909
12.89, 4908
12.94, 4907
12.98, 4906
12.99, 4905
13.00, 4904
13.01, 4903
13.02, 4902
13.09, 4901
13.12, 4900
13.19, 4899
13.22, 4898
13.29, 4897
13.29, 4896
13.62, 4895
13.66, 4894
13.70, 4893
13.82, 4892
13.84, 4891
13.85, 4890
13.86, 4889
13.90, 4888
14.02, 4887
14.26, 4886
14.32, 4885
14.42, 4884
14.45, 4883
14.46, 4882
14.48, 4881
14.49, 4880
14.58, 4879
14.75, 4878
14.76, 4877
14.80, 4876
15.01, 4875
15.08, 4874
15.14, 4873
15.17, 4872
15.23, 4871
15.29, 4870
15.35, 4869
15.51, 4868
15.62, 4867
15.84, 4866
16.35, 4865
16.55, 4864
16.99, 4863
17.28, 4862
17.49, 4861
17.77, 4860
17.97, 4859
18.17, 4858
18.34, 4857
20.48, 4856
20.55, 4855
22.05, 4854
