7.80, 5492
7.81, 5507
7.81, 5509
7.81, 5516
7.81, 5519
7.81, 5520
7.82, 5532
7.82, 5538
7.82, 5537
7.82, 5537
7.83, 5568
7.83, 5569
7.84, 5588
7.84, 5598
7.84, 5607
7.84, 5612
7.85, 5624
7.85, 5626
7.85, 5630
7.86, 5636
7.87, 5635
7.88, 5634
7.88, 5633
7.88, 5632
7.88, 5631
7.89, 5630
7.89, 5629
7.90, 5628
7.90, 5627
7.90, 5626
7.90, 5625
7.90, 5624
7.91, 5623
7.91, 5622
7.91, 5621
7.91, 5620
7.91, 5619
7.91, 5618
7.92, 5617
7.92, 5616
7.92, 5615
7.92, 5614
7.92, 5613
7.92, 5612
7.93, 5611
7.93, 5610
7.94, 5609
7.94, 5608
7.94, 5607
7.94, 5606
7.94, 5605
7.94, 5604
7.95, 5603
7.95, 5602
7.95, 5601
7.95, 5600
7.95, 5599
7.96, 5598
7.96, 5597
7.96, 5596
7.96, 5595
7.97, 5594
7.97, 5593
7.97, 5592
7.98, 5591
7.98, 5590
7.98, 5589
7.99, 5588
7.99, 5587
7.99, 5586
8.00, 5585
8.00, 5584
8.00, 5583
8.00, 5582
8.00, 5581
8.01, 5580
8.02, 5579
8.02, 5578
8.02, 5577
8.02, 5576
8.02, 5575
8.02, 5574
8.03, 5573
8.03, 5572
8.03, 5571
8.03, 5570
8.03, 5569
8.03, 5568
8.03, 5567
8.04, 5566
8.04, 5565
8.04, 5564
8.04, 5563
8.04, 5562
8.05, 5561
8.05, 5560
8.06, 5559
8.06, 5558
8.06, 5557
8.07, 5556
8.08, 5555
8.09, 5554
8.09, 5553
8.10, 5552
8.10, 5551
8.10, 5550
8.10, 5549
8.10, 5548
8.11, 5547
8.11, 5546
8.11, 5545
8.11, 5544
8.12, 5543
8.12, 5542
8.12, 5541
8.12, 5540
8.12, 5539
8.13, 5538
8.13, 5537
8.13, 5536
8.13, 5535
8.14, 5534
8.14, 5533
8.14, 5532
8.14, 5531
8.14, 5530
8.14, 5529
8.15, 5528
8.15, 5527
8.16, 5526
8.16, 5525
8.17, 5524
8.17, 5523
8.18, 5522
8.18, 5521
8.19, 5520
8.19, 5519
8.19, 5518
8.20, 5517
8.20, 5516
8.20, 5515
8.21, 5514
8.21, 5513
8.22, 5512
8.22, 5511
8.22, 5510
8.22, 5509
8.22, 5508
8.22, 5507
8.22, 5506
8.22, 5505
8.22, 5504
8.22, 5503
8.23, 5502
8.23, 5501
8.23, 5500
8.23, 5499
8.24, 5498
8.24, 5497
8.25, 5496
8.25, 5495
8.25, 5494
8.26, 5493
8.26, 5492
8.27, 5491
8.27, 5490
8.27, 5489
8.27, 5488
8.27, 5487
8.27, 5486
8.28, 5485
8.28, 5484
8.28, 5483
8.29, 5482
8.29, 5481
8.30, 5480
8.30, 5479
8.30, 5478
8.30, 5477
8.30, 5476
8.30, 5475
8.30, 5474
8.31, 5473
8.31, 5472
8.31, 5471
8.31, 5470
8.31, 5469
8.31, 5468
8.32, 5467
8.32, 5466
8.32, 5465
8.32, 5464
8.32, 5463
8.32, 5462
8.33, 5461
8.33, 5460
8.34, 5459
8.34, 5458
8.34, 5457
8.34, 5456
8.35, 5455
8.36, 5454
8.37, 5453
8.37, 5452
8.37, 5451
8.38, 5450
8.38, 5449
8.38, 5448
8.38, 5447
8.38, 5446
8.39, 5445
8.39, 5444
8.39, 5443
8.39, 5442
8.39, 5441
8.39, 5440
8.40, 5439
8.40, 5438
8.40, 5437
8.40, 5436
8.41, 5435
8.42, 5434
8.43, 5433
8.43, 5432
8.43, 5431
8.44, 5430
8.44, 5429
8.45, 5428
8.46, 5427
8.48, 5426
8.49, 5425
8.50, 5424
8.50, 5423
8.50, 5422
8.51, 5421
8.51, 5420
8.51, 5419
8.51, 5418
8.52, 5417
8.52, 5416
8.53, 5415
8.53, 5414
8.54, 5413
8.54, 5412
8.55, 5411
8.55, 5410
8.56, 5409
8.57, 5408
8.57, 5407
8.58, 5406
8.58, 5405
8.58, 5404
8.59, 5403
8.60, 5402
8.60, 5401
8.60, 5400
8.60, 5399
8.60, 5398
8.61, 5397
8.61, 5396
8.62, 5395
8.62, 5394
8.63, 5393
8.64, 5392
8.64, 5391
8.65, 5390
8.65, 5389
8.65, 5388
8.65, 5387
8.65, 5386
8.66, 5385
8.66, 5384
8.66, 5383
8.66, 5382
8.67, 5381
8.68, 5380
8.69, 5379
8.69, 5378
8.69, 5377
8.70, 5376
8.71, 5375
8.71, 5374
8.71, 5373
8.72, 5372
8.72, 5371
8.72, 5370
8.73, 5369
8.73, 5368
8.74, 5367
8.75, 5366
8.76, 5365
8.76, 5364
8.76, 5363
8.77, 5362
8.77, 5361
8.77, 5360
8.77, 5359
8.77, 5358
8.78, 5357
8.78, 5356
8.78, 5355
8.79, 5354
8.79, 5353
8.80, 5352
8.80, 5351
8.80, 5350
8.81, 5349
8.81, 5348
8.82, 5347
8.83, 5346
8.84, 5345
8.84, 5344
8.84, 5343
8.85, 5342
8.86, 5341
8.86, 5340
8.86, 5339
8.87, 5338
8.87, 5337
8.87, 5336
8.87, 5335
8.88, 5334
8.89, 5333
8.90, 5332
8.90, 5331
8.90, 5330
8.90, 5329
8.90, 5328
8.91, 5327
8.92, 5326
8.92, 5325
8.92, 5324
8.93, 5323
8.93, 5322
8.94, 5321
8.95, 5320
8.95, 5319
8.96, 5318
8.97, 5317
8.98, 5316
8.99, 5315
8.99, 5314
8.99, 5313
9.00, 5312
9.00, 5311
9.03, 5310
9.03, 5309
9.04, 5308
9.04, 5307
9.04, 5306
9.05, 5305
9.06, 5304
9.07, 5303
9.07, 5302
9.07, 5301
9.08, 5300
9.08, 5299
9.09, 5298
9.10, 5297
9.11, 5296
9.12, 5295
9.13, 5294
9.13, 5293
9.13, 5292
9.14, 5291
9.15, 5290
9.15, 5289
9.15, 5288
9.15, 5287
9.15, 5286
9.16, 5285
9.16, 5284
9.17, 5283
9.18, 5282
9.18, 5281
9.19, 5280
9.19, 5279
9.21, 5278
9.22, 5277
9.22, 5276
9.22, 5275
9.22, 5274
9.22, 5273
9.24, 5272
9.26, 5271
9.26, 5270
9.26, 5269
9.26, 5268
9.27, 5267
9.28, 5266
9.28, 5265
9.29, 5264
9.30, 5263
9.30, 5262
9.31, 5261
9.31, 5260
9.31, 5259
9.31, 5258
9.32, 5257
9.32, 5256
9.34, 5255
9.35, 5254
9.35, 5253
9.35, 5252
9.35, 5251
9.36, 5250
9.37, 5249
9.37, 5248
9.37, 5247
9.37, 5246
9.38, 5245
9.38, 5244
9.40, 5243
9.40, 5242
9.40, 5241
9.42, 5240
9.43, 5239
9.43, 5238
9.44, 5237
9.45, 5236
9.46, 5235
9.48, 5234
9.48, 5233
9.49, 5232
9.49, 5231
9.50, 5230
9.50, 5229
9.52, 5228
9.52, 5227
9.54, 5226
9.54, 5225
9.54, 5224
9.55, 5223
9.56, 5222
9.58, 5221
9.58, 5220
9.58, 5219
9.59, 5218
9.60, 5217
9.62, 5216
9.62, 5215
9.63, 5214
9.63, 5213
9.63, 5212
9.63, 5211
9.63, 5210
9.65, 5209
9.65, 5208
9.67, 5207
9.68, 5206
9.68, 5205
9.69, 5204
9.69, 5203
9.69, 5202
9.69, 5201
9.69, 5200
9.71, 5199
9.71, 5198
9.72, 5197
9.73, 5196
9.73, 5195
9.74, 5194
9.74, 5193
9.74, 5192
9.75, 5191
9.75, 5190
9.75, 5189
9.78, 5188
9.79, 5187
9.79, 5186
9.80, 5185
9.81, 5184
9.81, 5183
9.81, 5182
9.82, 5181
9.83, 5180
9.84, 5179
9.84, 5178
9.85, 5177
9.85, 5176
9.86, 5175
9.87, 5174
9.88, 5173
9.88, 5172
9.89, 5171
9.89, 5170
9.89, 5169
9.90, 5168
9.90, 5167
9.91, 5166
9.92, 5165
9.93, 5164
9.93, 5163
9.93, 5162
9.94, 5161
9.94, 5160
9.95, 5159
9.95, 5158
9.95, 5157
9.96, 5156
9.97, 5155
9.97, 5154
9.98, 5153
9.98, 5152
9.98, 5151
9.99, 5150
9.99, 5149
10.00, 5148
10.03, 5147
10.03, 5146
10.05, 5145
10.05, 5144
10.05, 5143
10.07, 5142
10.07, 5141
10.07, 5140
10.08, 5139
10.09, 5138
10.09, 5137
10.09, 5136
10.10, 5135
10.10, 5134
10.11, 5133
10.11, 5132
10.11, 5131
10.11, 5130
10.15, 5129
10.16, 5128
10.17, 5127
10.19, 5126
10.19, 5125
10.20, 5124
10.20, 5123
10.21, 5122
10.21, 5121
10.22, 5120
10.22, 5119
10.24, 5118
10.26, 5117
10.27, 5116
10.28, 5115
10.28, 5114
10.28, 5113
10.29, 5112
10.29, 5111
10.30, 5110
10.30, 5109
10.30, 5108
10.31, 5107
10.31, 5106
10.31, 5105
10.33, 5104
10.35, 5103
10.36, 5102
10.36, 5101
10.39, 5100
10.39, 5099
10.40, 5098
10.41, 5097
10.41, 5096
10.42, 5095
10.43, 5094
10.43, 5093
10.44, 5092
10.45, 5091
10.48, 5090
10.49, 5089
10.52, 5088
10.52, 5087
10.52, 5086
10.53, 5085
10.54, 5084
10.55, 5083
10.56, 5082
10.59, 5081
10.60, 5080
10.60, 5079
10.61, 5078
10.62, 5077
10.62, 5076
10.63, 5075
10.63, 5074
10.64, 5073
10.67, 5072
10.68, 5071
10.69, 5070
10.70, 5069
10.73, 5068
10.74, 5067
10.76, 5066
10.77, 5065
10.77, 5064
10.78, 5063
10.78, 5062
10.79, 5061
10.80, 5060
10.82, 5059
10.82, 5058
10.83, 5057
10.86, 5056
10.87, 5055
10.89, 5054
10.90, 5053
10.90, 5052
10.91, 5051
10.91, 5050
10.92, 5049
10.92, 5048
10.93, 5047
10.94, 5046
10.95, 5045
10.96, 5044
10.98, 5043
10.99, 5042
10.99, 5041
11.01, 5040
11.01, 5039
11.01, 5038
11.02, 5037
11.03, 5036
11.03, 5035
11.04, 5034
11.04, 5033
11.06, 5032
11.13, 5031
11.15, 5030
11.17, 5029
11.18, 5028
11.19, 5027
11.20, 5026
11.20, 5025
11.22, 5024
11.23, 5023
11.23, 5022
11.24, 5021
11.25, 5020
11.27, 5019
11.28, 5018
11.28, 5017
11.30, 5016
11.32, 5015
11.35, 5014
11.39, 5013
11.41, 5012
11.41, 5011
11.41, 5010
11.42, 5009
11.45, 5008
11.46, 5007
11.47, 5006
11.48, 5005
11.51, 5004
11.53, 5003
11.54, 5002
11.54, 5001
11.55, 5000
11.56, 4999
11.58, 4998
11.59, 4997
11.60, 4996
11.61, 4995
11.62, 4994
11.63, 4993
11.64, 4992
11.64, 4991
11.66, 4990
11.70, 4989
11.70, 4988
11.71, 4987
11.72, 4986
11.73, 4985
11.73, 4984
11.74, 4983
11.76, 4982
11.76, 4981
11.80, 4980
11.80, 4979
11.81, 4978
11.82, 4977
11.83, 4976
11.85, 4975
11.85, 4974
11.89, 4973
11.89, 4972
11.93, 4971
11.94, 4970
11.96, 4969
11.96, 4968
11.97, 4967
12.06, 4966
12.07, 4965
12.07, 4964
12.09, 4963
12.10, 4962
12.13, 4961
12.15, 4960
12.17, 4959
12.19, 4958
12.19, 4957
12.29, 4956
12.33, 4955
12.36, 4954
12.37, 4953
12.39, 4952
12.40, 4951
12.44, 4950
12.45, 4949
12.45, 4948
12.47, 4947
12.55, 4946
12.58, 4945
12.59, 4944
12.60, 4943
12.60, 4942
12.64, 4941
12.68, 4940
12.74, 4939
12.74, 4938
12.81, 4937
12.81, 4936
12.83, 4935
12.84, 4934
12.85, 4933
12.87, 4932
12.87, 4931
12.87, 4930
12.89, 4929
12.92, 4928
12.95, 4927
12.97, 4926
13.04, 4925
13.08, 4924
13.19, 4923
13.20, 4922
13.20, 4921
13.21, 4920
13.23, 4919
13.28, 4918
13.34, 4917
13.40, 4916
13.41, 4915
13.42, 4914
13.43, 4913
13.53, 4912
13.55, 4911
13.61, 4910
13.61, 4909
13.63, 4908
13.66, 4907
13.75, 4906
13.76, 4905
13.79, 4904
13.83, 4903
13.88, 4902
13.90, 4901
13.91, 4900
13.92, 4899
13.94, 4898
14.02, 4897
14.03, 4896
14.15, 4895
14.23, 4894
14.23, 4893
14.47, 4892
14.59, 4891
14.61, 4890
14.63, 4889
14.63, 4888
14.70, 4887
14.74, 4886
14.74, 4885
14.76, 4884
14.78, 4883
15.06, 4882
15.09, 4881
15.12, 4880
15.15, 4879
15.23, 4878
15.28, 4877
15.48, 4876
15.87, 4875
15.90, 4874
15.92, 4873
16.33, 4872
16.68, 4871
17.09, 4870
17.64, 4869
17.80, 4868
17.85, 4867
18.00, 4866
18.62, 4865
18.76, 4864
20.01, 4863
24.62, 4862
