7.15, 5492
7.15, 5498
7.15, 5511
7.16, 5530
7.17, 5569
7.18, 5579
7.18, 5578
7.18, 5579
7.18, 5579
7.18, 5578
7.18, 5586
7.19, 5609
7.19, 5612
7.20, 5620
7.20, 5623
7.21, 5631
7.21, 5630
7.22, 5629
7.22, 5628
7.23, 5627
7.23, 5626
7.24, 5625
7.24, 5624
7.24, 5623
7.25, 5622
7.25, 5621
7.25, 5620
7.25, 5619
7.25, 5618
7.26, 5617
7.26, 5616
7.26, 5615
7.26, 5614
7.27, 5613
7.27, 5612
7.27, 5611
7.27, 5610
7.27, 5609
7.28, 5608
7.28, 5607
7.28, 5606
7.28, 5605
7.28, 5604
7.29, 5603
7.29, 5602
7.29, 5601
7.29, 5600
7.30, 5599
7.30, 5598
7.30, 5597
7.30, 5596
7.31, 5595
7.32, 5594
7.32, 5593
7.32, 5592
7.33, 5591
7.33, 5590
7.33, 5589
7.33, 5588
7.33, 5587
7.34, 5586
7.34, 5585
7.34, 5584
7.35, 5583
7.35, 5582
7.36, 5581
7.36, 5580
7.37, 5579
7.37, 5578
7.37, 5577
7.38, 5576
7.39, 5575
7.39, 5574
7.40, 5573
7.41, 5572
7.42, 5571
7.42, 5570
7.42, 5569
7.42, 5568
7.42, 5567
7.43, 5566
7.44, 5565
7.44, 5564
7.44, 5563
7.45, 5562
7.46, 5561
7.46, 5560
7.47, 5559
7.47, 5558
7.47, 5557
7.47, 5556
7.47, 5555
7.47, 5554
7.48, 5553
7.48, 5552
7.49, 5551
7.49, 5550
7.50, 5549
7.50, 5548
7.50, 5547
7.51, 5546
7.51, 5545
7.52, 5544
7.52, 5543
7.53, 5542
7.53, 5541
7.54, 5540
7.54, 5539
7.54, 5538
7.54, 5537
7.54, 5536
7.54, 5535
7.55, 5534
7.55, 5533
7.55, 5532
7.55, 5531
7.56, 5530
7.57, 5529
7.57, 5528
7.57, 5527
7.58, 5526
7.58, 5525
7.59, 5524
7.59, 5523
7.59, 5522
7.59, 5521
7.59, 5520
7.59, 5519
7.60, 5518
7.60, 5517
7.60, 5516
7.60, 5515
7.60, 5514
7.60, 5513
7.61, 5512
7.61, 5511
7.61, 5510
7.62, 5509
7.64, 5508
7.64, 5507
7.64, 5506
7.65, 5505
7.66, 5504
7.66, 5503
7.66, 5502
7.66, 5501
7.67, 5500
7.68, 5499
7.68, 5498
7.68, 5497
7.69, 5496
7.69, 5495
7.69, 5494
7.70, 5493
7.71, 5492
7.71, 5491
7.71, 5490
7.72, 5489
7.72, 5488
7.73, 5487
7.73, 5486
7.75, 5485
7.75, 5484
7.75, 5483
7.76, 5482
7.76, 5481
7.76, 5480
7.77, 5479
7.77, 5478
7.78, 5477
7.78, 5476
7.78, 5475
7.79, 5474
7.79, 5473
7.79, 5472
7.79, 5471
7.79, 5470
7.80, 5469
7.80, 5468
7.81, 5467
7.81, 5466
7.82, 5465
7.82, 5464
7.82, 5463
7.82, 5462
7.82, 5461
7.83, 5460
7.83, 5459
7.84, 5458
7.84, 5457
7.84, 5456
7.85, 5455
7.85, 5454
7.85, 5453
7.85, 5452
7.86, 5451
7.86, 5450
7.87, 5449
7.88, 5448
7.88, 5447
7.90, 5446
7.90, 5445
7.90, 5444
7.91, 5443
7.91, 5442
7.92, 5441
7.92, 5440
7.93, 5439
7.93, 5438
7.95, 5437
7.95, 5436
7.95, 5435
7.96, 5434
7.96, 5433
7.96, 5432
7.97, 5431
7.97, 5430
7.97, 5429
7.97, 5428
7.97, 5427
7.97, 5426
7.97, 5425
7.97, 5424
7.98, 5423
7.98, 5422
7.98, 5421
7.98, 5420
7.99, 5419
7.99, 5418
7.99, 5417
7.99, 5416
8.00, 5415
8.00, 5414
8.01, 5413
8.01, 5412
8.01, 5411
8.02, 5410
8.02, 5409
8.02, 5408
8.03, 5407
8.04, 5406
8.04, 5405
8.05, 5404
8.05, 5403
8.05, 5402
8.06, 5401
8.06, 5400
8.06, 5399
8.06, 5398
8.06, 5397
8.07, 5396
8.07, 5395
8.08, 5394
8.08, 5393
8.08, 5392
8.09, 5391
8.09, 5390
8.09, 5389
8.11, 5388
8.12, 5387
8.12, 5386
8.13, 5385
8.14, 5384
8.14, 5383
8.14, 5382
8.15, 5381
8.15, 5380
8.16, 5379
8.16, 5378
8.16, 5377
8.17, 5376
8.18, 5375
8.19, 5374
8.19, 5373
8.20, 5372
8.20, 5371
8.20, 5370
8.20, 5369
8.21, 5368
8.22, 5367
8.23, 5366
8.23, 5365
8.24, 5364
8.24, 5363
8.24, 5362
8.25, 5361
8.26, 5360
8.26, 5359
8.26, 5358
8.27, 5357
8.27, 5356
8.27, 5355
8.27, 5354
8.27, 5353
8.28, 5352
8.28, 5351
8.28, 5350
8.28, 5349
8.28, 5348
8.29, 5347
8.29, 5346
8.29, 5345
8.31, 5344
8.31, 5343
8.31, 5342
8.32, 5341
8.32, 5340
8.33, 5339
8.33, 5338
8.33, 5337
8.33, 5336
8.34, 5335
8.34, 5334
8.34, 5333
8.35, 5332
8.35, 5331
8.36, 5330
8.36, 5329
8.37, 5328
8.37, 5327
8.37, 5326
8.38, 5325
8.40, 5324
8.40, 5323
8.41, 5322
8.42, 5321
8.42, 5320
8.42, 5319
8.43, 5318
8.43, 5317
8.43, 5316
8.43, 5315
8.43, 5314
8.44, 5313
8.47, 5312
8.48, 5311
8.49, 5310
8.50, 5309
8.50, 5308
8.50, 5307
8.51, 5306
8.51, 5305
8.51, 5304
8.51, 5303
8.51, 5302
8.51, 5301
8.53, 5300
8.54, 5299
8.54, 5298
8.54, 5297
8.56, 5296
8.56, 5295
8.56, 5294
8.56, 5293
8.57, 5292
8.57, 5291
8.58, 5290
8.58, 5289
8.59, 5288
8.59, 5287
8.59, 5286
8.59, 5285
8.59, 5284
8.60, 5283
8.62, 5282
8.62, 5281
8.63, 5280
8.63, 5279
8.63, 5278
8.63, 5277
8.64, 5276
8.64, 5275
8.64, 5274
8.66, 5273
8.66, 5272
8.66, 5271
8.68, 5270
8.70, 5269
8.70, 5268
8.70, 5267
8.70, 5266
8.71, 5265
8.72, 5264
8.72, 5263
8.72, 5262
8.73, 5261
8.73, 5260
8.73, 5259
8.74, 5258
8.74, 5257
8.75, 5256
8.75, 5255
8.75, 5254
8.77, 5253
8.78, 5252
8.78, 5251
8.78, 5250
8.78, 5249
8.79, 5248
8.79, 5247
8.81, 5246
8.81, 5245
8.83, 5244
8.84, 5243
8.85, 5242
8.85, 5241
8.86, 5240
8.86, 5239
8.86, 5238
8.87, 5237
8.89, 5236
8.89, 5235
8.90, 5234
8.92, 5233
8.93, 5232
8.93, 5231
8.94, 5230
8.94, 5229
8.97, 5228
8.97, 5227
8.97, 5226
8.98, 5225
8.99, 5224
9.00, 5223
9.01, 5222
9.02, 5221
9.02, 5220
9.03, 5219
9.03, 5218
9.03, 5217
9.04, 5216
9.04, 5215
9.06, 5214
9.06, 5213
9.08, 5212
9.08, 5211
9.10, 5210
9.10, 5209
9.11, 5208
9.11, 5207
9.11, 5206
9.12, 5205
9.12, 5204
9.13, 5203
9.13, 5202
9.16, 5201
9.17, 5200
9.17, 5199
9.18, 5198
9.18, 5197
9.18, 5196
9.19, 5195
9.19, 5194
9.21, 5193
9.21, 5192
9.22, 5191
9.22, 5190
9.22, 5189
9.23, 5188
9.25, 5187
9.26, 5186
9.27, 5185
9.28, 5184
9.28, 5183
9.30, 5182
9.33, 5181
9.34, 5180
9.34, 5179
9.35, 5178
9.36, 5177
9.37, 5176
9.37, 5175
9.38, 5174
9.38, 5173
9.39, 5172
9.39, 5171
9.41, 5170
9.43, 5169
9.44, 5168
9.45, 5167
9.46, 5166
9.47, 5165
9.47, 5164
9.47, 5163
9.48, 5162
9.48, 5161
9.50, 5160
9.51, 5159
9.52, 5158
9.54, 5157
9.56, 5156
9.58, 5155
9.58, 5154
9.59, 5153
9.60, 5152
9.61, 5151
9.62, 5150
9.62, 5149
9.63, 5148
9.64, 5147
9.64, 5146
9.65, 5145
9.65, 5144
9.66, 5143
9.67, 5142
9.67, 5141
9.68, 5140
9.69, 5139
9.69, 5138
9.73, 5137
9.73, 5136
9.74, 5135
9.74, 5134
9.74, 5133
9.75, 5132
9.75, 5131
9.76, 5130
9.78, 5129
9.78, 5128
9.78, 5127
9.78, 5126
9.79, 5125
9.82, 5124
9.84, 5123
9.89, 5122
9.89, 5121
9.90, 5120
9.91, 5119
9.93, 5118
9.95, 5117
9.95, 5116
9.97, 5115
9.97, 5114
9.98, 5113
9.99, 5112
10.00, 5111
10.01, 5110
10.03, 5109
10.04, 5108
10.05, 5107
10.06, 5106
10.07, 5105
10.07, 5104
10.09, 5103
10.11, 5102
10.11, 5101
10.13, 5100
10.13, 5099
10.13, 5098
10.14, 5097
10.15, 5096
10.16, 5095
10.16, 5094
10.20, 5093
10.23, 5092
10.24, 5091
10.24, 5090
10.25, 5089
10.25, 5088
10.25, 5087
10.27, 5086
10.28, 5085
10.29, 5084
10.34, 5083
10.35, 5082
10.39, 5081
10.39, 5080
10.41, 5079
10.41, 5078
10.41, 5077
10.44, 5076
10.44, 5075
10.45, 5074
10.47, 5073
10.48, 5072
10.50, 5071
10.50, 5070
10.50, 5069
10.52, 5068
10.53, 5067
10.54, 5066
10.55, 5065
10.55, 5064
10.58, 5063
10.60, 5062
10.62, 5061
10.64, 5060
10.64, 5059
10.65, 5058
10.68, 5057
10.70, 5056
10.74, 5055
10.74, 5054
10.75, 5053
10.75, 5052
10.76, 5051
10.77, 5050
10.78, 5049
10.78, 5048
10.79, 5047
10.79, 5046
10.79, 5045
10.81, 5044
10.82, 5043
10.82, 5042
10.82, 5041
10.83, 5040
10.87, 5039
10.88, 5038
10.88, 5037
10.89, 5036
10.92, 5035
10.92, 5034
10.93, 5033
10.96, 5032
10.98, 5031
11.02, 5030
11.03, 5029
11.07, 5028
11.08, 5027
11.09, 5026
11.09, 5025
11.13, 5024
11.14, 5023
11.15, 5022
11.16, 5021
11.16, 5020
11.20, 5019
11.20, 5018
11.21, 5017
11.22, 5016
11.23, 5015
11.25, 5014
11.25, 5013
11.25, 5012
11.30, 5011
11.30, 5010
11.31, 5009
11.32, 5008
11.32, 5007
11.34, 5006
11.39, 5005
11.41, 5004
11.42, 5003
11.43, 5002
11.43, 5001
11.44, 5000
11.44, 4999
11.45, 4998
11.46, 4997
11.49, 4996
11.51, 4995
11.52, 4994
11.54, 4993
11.55, 4992
11.58, 4991
11.59, 4990
11.60, 4989
11.60, 4988
11.61, 4987
11.63, 4986
11.66, 4985
11.68, 4984
11.69, 4983
11.70, 4982
11.71, 4981
11.72, 4980
11.78, 4979
11.80, 4978
11.81, 4977
11.81, 4976
11.82, 4975
11.84, 4974
11.87, 4973
11.88, 4972
11.89, 4971
11.90, 4970
11.90, 4969
11.90, 4968
11.91, 4967
11.92, 4966
11.92, 4965
11.92, 4964
11.95, 4963
12.01, 4962
12.01, 4961
12.02, 4960
12.03, 4959
12.06, 4958
12.07, 4957
12.15, 4956
12.18, 4955
12.20, 4954
12.21, 4953
12.22, 4952
12.25, 4951
12.29, 4950
12.29, 4949
12.35, 4948
12.36, 4947
12.38, 4946
12.39, 4945
12.49, 4944
12.52, 4943
12.65, 4942
12.67, 4941
12.68, 4940
12.71, 4939
12.79, 4938
12.81, 4937
12.85, 4936
12.90, 4935
12.91, 4934
12.95, 4933
12.98, 4932
12.99, 4931
13.00, 4930
13.00, 4929
13.01, 4928
13.01, 4927
13.03, 4926
13.07, 4925
13.09, 4924
13.28, 4923
13.28, 4922
13.30, 4921
13.32, 4920
13.33, 4919
13.37, 4918
13.41, 4917
13.42, 4916
13.46, 4915
13.47, 4914
13.48, 4913
13.48, 4912
13.50, 4911
13.50, 4910
13.53, 4909
13.60, 4908
13.60, 4907
13.61, 4906
13.68, 4905
13.72, 4904
13.76, 4903
13.79, 4902
13.80, 4901
13.82, 4900
13.83, 4899
13.88, 4898
13.92, 4897
14.00, 4896
14.01, 4895
14.02, 4894
14.05, 4893
14.05, 4892
14.06, 4891
14.07, 4890
14.09, 4889
14.17, 4888
14.19, 4887
14.23, 4886
14.33, 4885
14.33, 4884
14.38, 4883
14.42, 4882
14.53, 4881
14.54, 4880
14.61, 4879
14.71, 4878
14.80, 4877
14.89, 4876
14.95, 4875
15.02, 4874
15.19, 4873
15.24, 4872
15.26, 4871
15.32, 4870
15.40, 4869
15.42, 4868
15.47, 4867
15.73, 4866
15.74, 4865
15.78, 4864
16.03, 4863
16.11, 4862
16.16, 4861
16.28, 4860
16.74, 4859
17.18, 4858
17.55, 4857
17.58, 4856
17.60, 4855
17.69, 4854
18.84, 4853
19.33, 4852
20.28, 4851
20.47, 4850
23.62, 4849
