15.26, 8392
15.26, 8394
15.27, 8394
15.27, 8395
15.27, 8394
15.27, 8393
15.27, 8392
15.27, 8391
15.27, 8390
15.27, 8390
15.27, 8389
15.27, 8393
15.27, 8392
15.27, 8393
15.27, 8392
15.27, 8392
15.27, 8391
15.28, 8390
15.28, 8389
15.28, 8388
15.28, 8387
15.28, 8386
15.28, 8385
15.28, 8384
15.28, 8383
15.28, 8382
15.28, 8381
15.28, 8380
15.28, 8379
15.28, 8378
15.28, 8377
15.28, 8378
15.28, 8378
15.28, 8378
15.29, 8377
15.29, 8376
15.29, 8375
15.29, 8374
15.29, 8373
15.29, 8372
15.29, 8376
15.29, 8375
15.29, 8375
15.29, 8374
15.29, 8374
15.29, 8374
15.30, 8374
15.30, 8373
15.30, 8372
15.30, 8371
15.30, 8370
15.30, 8371
15.30, 8370
15.30, 8369
15.30, 8368
15.30, 8367
15.30, 8366
15.30, 8365
15.30, 8364
15.30, 8364
15.30, 8363
15.30, 8363
15.30, 8362
15.31, 8361
15.31, 8360
15.31, 8360
15.31, 8359
15.31, 8358
15.31, 8357
15.31, 8356
15.31, 8355
15.31, 8354
15.31, 8353
15.31, 8352
15.31, 8352
15.31, 8352
15.31, 8351
15.31, 8350
15.31, 8349
15.32, 8349
15.32, 8348
15.32, 8347
15.32, 8346
15.32, 8345
15.32, 8348
15.32, 8348
15.32, 8349
15.32, 8350
15.32, 8350
15.33, 8352
15.33, 8353
15.33, 8352
15.33, 8354
15.33, 8353
15.33, 8352
15.33, 8351
15.33, 8351
15.33, 8351
15.33, 8350
15.34, 8349
15.34, 8349
15.34, 8349
15.34, 8348
15.34, 8347
15.34, 8346
15.34, 8345
15.34, 8344
15.34, 8343
15.34, 8342
15.34, 8341
15.34, 8340
15.34, 8339
15.34, 8338
15.35, 8337
15.35, 8336
15.35, 8335
15.35, 8334
15.35, 8333
15.35, 8332
15.35, 8331
15.35, 8330
15.35, 8329
15.35, 8328
15.35, 8327
15.35, 8326
15.35, 8325
15.35, 8324
15.35, 8323
15.35, 8322
15.35, 8321
15.36, 8320
15.36, 8319
15.36, 8318
15.36, 8317
15.36, 8316
15.36, 8315
15.36, 8314
15.36, 8313
15.36, 8312
15.36, 8311
15.36, 8310
15.36, 8309
15.36, 8308
15.37, 8307
15.37, 8306
15.37, 8305
15.37, 8304
15.37, 8303
15.37, 8302
15.37, 8301
15.37, 8300
15.38, 8299
15.38, 8298
15.38, 8297
15.38, 8296
15.38, 8295
15.38, 8294
15.38, 8293
15.38, 8292
15.38, 8291
15.39, 8290
15.39, 8289
15.39, 8288
15.39, 8287
15.39, 8286
15.39, 8285
15.39, 8284
15.39, 8283
15.39, 8282
15.39, 8281
15.39, 8280
15.39, 8279
15.40, 8278
15.40, 8277
15.40, 8276
15.40, 8275
15.40, 8274
15.40, 8273
15.40, 8272
15.40, 8271
15.40, 8270
15.41, 8269
15.41, 8268
15.41, 8267
15.41, 8266
15.41, 8265
15.41, 8264
15.41, 8263
15.41, 8262
15.41, 8261
15.41, 8260
15.42, 8259
15.42, 8258
15.42, 8257
15.42, 8256
15.42, 8255
15.42, 8254
15.42, 8253
15.43, 8252
15.43, 8251
15.43, 8250
15.43, 8249
15.43, 8248
15.43, 8247
15.43, 8246
15.43, 8245
15.43, 8244
15.43, 8243
15.43, 8242
15.44, 8241
15.44, 8240
15.44, 8239
15.44, 8238
15.44, 8237
15.44, 8236
15.44, 8235
15.44, 8234
15.44, 8233
15.44, 8232
15.44, 8231
15.44, 8230
15.45, 8229
15.45, 8228
15.45, 8227
15.45, 8226
15.45, 8225
15.45, 8224
15.46, 8223
15.46, 8222
15.46, 8221
15.46, 8220
15.46, 8219
15.46, 8218
15.46, 8217
15.46, 8216
15.46, 8215
15.46, 8214
15.46, 8213
15.46, 8212
15.46, 8211
15.47, 8210
15.47, 8209
15.47, 8208
15.47, 8207
15.47, 8206
15.47, 8205
15.47, 8204
15.47, 8203
15.47, 8202
15.48, 8201
15.48, 8200
15.48, 8199
15.48, 8198
15.48, 8197
15.48, 8196
15.48, 8195
15.48, 8194
15.49, 8193
15.49, 8192
15.49, 8191
15.49, 8190
15.49, 8189
15.49, 8188
15.49, 8187
15.49, 8186
15.50, 8185
15.50, 8184
15.50, 8183
15.50, 8182
15.50, 8181
15.50, 8180
15.50, 8179
15.50, 8178
15.50, 8177
15.50, 8176
15.51, 8175
15.51, 8174
15.51, 8173
15.51, 8172
15.51, 8171
15.51, 8170
15.51, 8169
15.52, 8168
15.52, 8167
15.52, 8166
15.52, 8165
15.52, 8164
15.53, 8163
15.53, 8162
15.53, 8161
15.53, 8160
15.53, 8159
15.53, 8158
15.53, 8157
15.53, 8156
15.53, 8155
15.53, 8154
15.54, 8153
15.54, 8152
15.54, 8151
15.54, 8150
15.54, 8149
15.54, 8148
15.54, 8147
15.54, 8146
15.55, 8145
15.55, 8144
15.55, 8143
15.55, 8142
15.55, 8141
15.55, 8140
15.55, 8139
15.55, 8138
15.55, 8137
15.55, 8136
15.55, 8135
15.56, 8134
15.56, 8133
15.56, 8132
15.56, 8131
15.56, 8130
15.56, 8129
15.57, 8128
15.57, 8127
15.57, 8126
15.57, 8125
15.57, 8124
15.57, 8123
15.57, 8122
15.57, 8121
15.58, 8120
15.58, 8119
15.58, 8118
15.58, 8117
15.58, 8116
15.59, 8115
15.59, 8114
15.59, 8113
15.59, 8112
15.59, 8111
15.59, 8110
15.59, 8109
15.59, 8108
15.59, 8107
15.60, 8106
15.60, 8105
15.60, 8104
15.60, 8103
15.60, 8102
15.60, 8101
15.60, 8100
15.61, 8099
15.61, 8098
15.61, 8097
15.61, 8096
15.61, 8095
15.61, 8094
15.62, 8093
15.62, 8092
15.62, 8091
15.62, 8090
15.62, 8089
15.62, 8088
15.62, 8087
15.63, 8086
15.63, 8085
15.63, 8084
15.63, 8083
15.63, 8082
15.63, 8081
15.63, 8080
15.63, 8079
15.63, 8078
15.64, 8077
15.64, 8076
15.64, 8075
15.64, 8074
15.64, 8073
15.64, 8072
15.65, 8071
15.65, 8070
15.65, 8069
15.65, 8068
15.65, 8067
15.65, 8066
15.65, 8065
15.66, 8064
15.66, 8063
15.66, 8062
15.66, 8061
15.66, 8060
15.66, 8059
15.66, 8058
15.67, 8057
15.67, 8056
15.67, 8055
15.67, 8054
15.67, 8053
15.67, 8052
15.67, 8051
15.67, 8050
15.68, 8049
15.68, 8048
15.68, 8047
15.68, 8046
15.68, 8045
15.68, 8044
15.68, 8043
15.68, 8042
15.69, 8041
15.69, 8040
15.69, 8039
15.69, 8038
15.69, 8037
15.69, 8036
15.69, 8035
15.69, 8034
15.69, 8033
15.70, 8032
15.70, 8031
15.70, 8030
15.70, 8029
15.70, 8028
15.70, 8027
15.70, 8026
15.70, 8025
15.71, 8024
15.71, 8023
15.71, 8022
15.71, 8021
15.71, 8020
15.71, 8019
15.72, 8018
15.72, 8017
15.72, 8016
15.72, 8015
15.73, 8014
15.73, 8013
15.73, 8012
15.73, 8011
15.73, 8010
15.73, 8009
15.73, 8008
15.73, 8007
15.73, 8006
15.73, 8005
15.74, 8004
15.74, 8003
15.74, 8002
15.74, 8001
15.74, 8000
15.74, 7999
15.75, 7998
15.75, 7997
15.75, 7996
15.75, 7995
15.75, 7994
15.75, 7993
15.75, 7992
15.75, 7991
15.75, 7990
15.75, 7989
15.76, 7988
15.76, 7987
15.76, 7986
15.76, 7985
15.76, 7984
15.77, 7983
15.77, 7982
15.77, 7981
15.77, 7980
15.77, 7979
15.77, 7978
15.77, 7977
15.77, 7976
15.78, 7975
15.78, 7974
15.78, 7973
15.79, 7972
15.79, 7971
15.79, 7970
15.79, 7969
15.79, 7968
15.79, 7967
15.79, 7966
15.80, 7965
15.80, 7964
15.80, 7963
15.80, 7962
15.81, 7961
15.81, 7960
15.81, 7959
15.81, 7958
15.81, 7957
15.81, 7956
15.81, 7955
15.81, 7954
15.81, 7953
15.82, 7952
15.82, 7951
15.82, 7950
15.82, 7949
15.83, 7948
15.83, 7947
15.83, 7946
15.83, 7945
15.84, 7944
15.84, 7943
15.84, 7942
15.84, 7941
15.84, 7940
15.84, 7939
15.85, 7938
15.85, 7937
15.85, 7936
15.85, 7935
15.85, 7934
15.86, 7933
15.86, 7932
15.87, 7931
15.87, 7930
15.87, 7929
15.88, 7928
15.88, 7927
15.88, 7926
15.88, 7925
15.88, 7924
15.88, 7923
15.88, 7922
15.89, 7921
15.89, 7920
15.89, 7919
15.89, 7918
15.89, 7917
15.89, 7916
15.89, 7915
15.90, 7914
15.90, 7913
15.90, 7912
15.91, 7911
15.91, 7910
15.91, 7909
15.91, 7908
15.92, 7907
15.92, 7906
15.92, 7905
15.92, 7904
15.93, 7903
15.93, 7902
15.93, 7901
15.94, 7900
15.94, 7899
15.94, 7898
15.94, 7897
15.94, 7896
15.95, 7895
15.95, 7894
15.95, 7893
15.95, 7892
15.96, 7891
15.96, 7890
15.96, 7889
15.96, 7888
15.97, 7887
15.97, 7886
15.97, 7885
15.97, 7884
15.97, 7883
15.97, 7882
15.97, 7881
15.98, 7880
15.98, 7879
15.98, 7878
15.99, 7877
15.99, 7876
15.99, 7875
15.99, 7874
16.00, 7873
16.00, 7872
16.00, 7871
16.00, 7870
16.01, 7869
16.02, 7868
16.02, 7867
16.02, 7866
16.02, 7865
16.03, 7864
16.03, 7863
16.04, 7862
16.04, 7861
16.04, 7860
16.04, 7859
16.04, 7858
16.04, 7857
16.04, 7856
16.05, 7855
16.05, 7854
16.05, 7853
16.05, 7852
16.05, 7851
16.05, 7850
16.06, 7849
16.06, 7848
16.07, 7847
16.07, 7846
16.07, 7845
16.07, 7844
16.08, 7843
16.08, 7842
16.08, 7841
16.08, 7840
16.09, 7839
16.09, 7838
16.09, 7837
16.09, 7836
16.09, 7835
16.10, 7834
16.10, 7833
16.11, 7832
16.11, 7831
16.12, 7830
16.12, 7829
16.12, 7828
16.13, 7827
16.13, 7826
16.13, 7825
16.13, 7824
16.14, 7823
16.15, 7822
16.15, 7821
16.15, 7820
16.15, 7819
16.15, 7818
16.16, 7817
16.16, 7816
16.16, 7815
16.16, 7814
16.16, 7813
16.16, 7812
16.16, 7811
16.17, 7810
16.18, 7809
16.18, 7808
16.19, 7807
16.19, 7806
16.20, 7805
16.20, 7804
16.20, 7803
16.20, 7802
16.20, 7801
16.20, 7800
16.20, 7799
16.21, 7798
16.21, 7797
16.21, 7796
16.22, 7795
16.22, 7794
16.22, 7793
16.22, 7792
16.23, 7791
16.23, 7790
16.23, 7789
16.23, 7788
16.24, 7787
16.24, 7786
16.24, 7785
16.24, 7784
16.24, 7783
16.25, 7782
16.25, 7781
16.25, 7780
16.25, 7779
16.26, 7778
16.26, 7777
16.26, 7776
16.26, 7775
16.28, 7774
16.28, 7773
16.29, 7772
16.29, 7771
16.29, 7770
16.30, 7769
16.30, 7768
16.30, 7767
16.30, 7766
16.31, 7765
16.31, 7764
16.31, 7763
16.32, 7762
16.32, 7761
16.32, 7760
16.32, 7759
16.33, 7758
16.33, 7757
16.33, 7756
16.33, 7755
16.34, 7754
16.35, 7753
16.35, 7752
16.35, 7751
16.36, 7750
16.36, 7749
16.37, 7748
16.37, 7747
16.37, 7746
16.37, 7745
16.38, 7744
16.38, 7743
16.39, 7742
16.40, 7741
16.40, 7740
16.40, 7739
16.41, 7738
16.41, 7737
16.42, 7736
16.42, 7735
16.42, 7734
16.43, 7733
16.43, 7732
16.43, 7731
16.43, 7730
16.43, 7729
16.43, 7728
16.43, 7727
16.43, 7726
16.44, 7725
16.44, 7724
16.44, 7723
16.44, 7722
16.45, 7721
16.45, 7720
16.46, 7719
16.46, 7718
16.46, 7717
16.47, 7716
16.47, 7715
16.47, 7714
16.47, 7713
16.48, 7712
16.48, 7711
16.48, 7710
16.49, 7709
16.50, 7708
16.50, 7707
16.50, 7706
16.51, 7705
16.52, 7704
16.53, 7703
16.54, 7702
16.54, 7701
16.55, 7700
16.55, 7699
16.56, 7698
16.57, 7697
16.58, 7696
16.58, 7695
16.58, 7694
16.58, 7693
16.58, 7692
16.58, 7691
16.59, 7690
16.59, 7689
16.59, 7688
16.59, 7687
16.61, 7686
16.61, 7685
16.62, 7684
16.62, 7683
16.63, 7682
16.63, 7681
16.63, 7680
16.64, 7679
16.64, 7678
16.64, 7677
16.65, 7676
16.66, 7675
16.66, 7674
16.66, 7673
16.66, 7672
16.67, 7671
16.67, 7670
16.68, 7669
16.68, 7668
16.69, 7667
16.69, 7666
16.70, 7665
16.70, 7664
16.70, 7663
16.71, 7662
16.71, 7661
16.72, 7660
16.73, 7659
16.73, 7658
16.73, 7657
16.75, 7656
16.75, 7655
16.76, 7654
16.76, 7653
16.76, 7652
16.76, 7651
16.78, 7650
16.78, 7649
16.78, 7648
16.78, 7647
16.79, 7646
16.80, 7645
16.80, 7644
16.81, 7643
16.83, 7642
16.83, 7641
16.84, 7640
16.84, 7639
16.85, 7638
16.85, 7637
16.85, 7636
16.85, 7635
16.87, 7634
16.89, 7633
16.90, 7632
16.90, 7631
16.91, 7630
16.91, 7629
16.91, 7628
16.92, 7627
16.92, 7626
16.92, 7625
16.92, 7624
16.93, 7623
16.95, 7622
16.95, 7621
16.96, 7620
16.97, 7619
16.97, 7618
16.97, 7617
16.98, 7616
16.99, 7615
16.99, 7614
17.00, 7613
17.00, 7612
17.00, 7611
17.01, 7610
17.01, 7609
17.02, 7608
17.03, 7607
17.04, 7606
17.06, 7605
17.07, 7604
17.07, 7603
17.08, 7602
17.09, 7601
17.09, 7600
17.10, 7599
17.11, 7598
17.11, 7597
17.12, 7596
17.12, 7595
17.12, 7594
17.13, 7593
17.13, 7592
17.13, 7591
17.13, 7590
17.14, 7589
17.15, 7588
17.16, 7587
17.16, 7586
17.17, 7585
17.18, 7584
17.18, 7583
17.18, 7582
17.19, 7581
17.19, 7580
17.19, 7579
17.19, 7578
17.20, 7577
17.20, 7576
17.20, 7575
17.20, 7574
17.21, 7573
17.21, 7572
17.25, 7571
17.25, 7570
17.25, 7569
17.25, 7568
17.26, 7567
17.27, 7566
17.27, 7565
17.27, 7564
17.27, 7563
17.28, 7562
17.29, 7561
17.29, 7560
17.30, 7559
17.30, 7558
17.30, 7557
17.31, 7556
17.31, 7555
17.31, 7554
17.32, 7553
17.33, 7552
17.33, 7551
17.34, 7550
17.34, 7549
17.34, 7548
17.34, 7547
17.35, 7546
17.35, 7545
17.35, 7544
17.35, 7543
17.36, 7542
17.36, 7541
17.38, 7540
17.38, 7539
17.40, 7538
17.41, 7537
17.42, 7536
17.42, 7535
17.42, 7534
17.42, 7533
17.43, 7532
17.44, 7531
17.47, 7530
17.50, 7529
17.51, 7528
17.51, 7527
17.52, 7526
17.53, 7525
17.53, 7524
17.55, 7523
17.55, 7522
17.57, 7521
17.58, 7520
17.59, 7519
17.59, 7518
17.60, 7517
17.60, 7516
17.61, 7515
17.63, 7514
17.63, 7513
17.63, 7512
17.64, 7511
17.64, 7510
17.64, 7509
17.66, 7508
17.67, 7507
17.68, 7506
17.68, 7505
17.68, 7504
17.69, 7503
17.69, 7502
17.69, 7501
17.70, 7500
17.70, 7499
17.70, 7498
17.72, 7497
17.73, 7496
17.75, 7495
17.75, 7494
17.77, 7493
17.77, 7492
17.78, 7491
17.78, 7490
17.79, 7489
17.80, 7488
17.81, 7487
17.83, 7486
17.83, 7485
17.84, 7484
17.84, 7483
17.85, 7482
17.88, 7481
17.89, 7480
17.89, 7479
17.90, 7478
17.90, 7477
17.90, 7476
17.91, 7475
17.94, 7474
17.95, 7473
17.96, 7472
17.98, 7471
17.99, 7470
18.00, 7469
18.01, 7468
18.04, 7467
18.05, 7466
18.06, 7465
18.06, 7464
18.06, 7463
18.07, 7462
18.08, 7461
18.08, 7460
18.09, 7459
18.10, 7458
18.12, 7457
18.12, 7456
18.13, 7455
18.14, 7454
18.14, 7453
18.14, 7452
18.15, 7451
18.15, 7450
18.16, 7449
18.18, 7448
18.21, 7447
18.22, 7446
18.22, 7445
18.27, 7444
18.27, 7443
18.27, 7442
18.33, 7441
18.36, 7440
18.42, 7439
18.43, 7438
18.45, 7437
18.46, 7436
18.46, 7435
18.48, 7434
18.48, 7433
18.49, 7432
18.50, 7431
18.50, 7430
18.53, 7429
18.57, 7428
18.58, 7427
18.58, 7426
18.58, 7425
18.60, 7424
18.61, 7423
18.61, 7422
18.61, 7421
18.62, 7420
18.62, 7419
18.66, 7418
18.69, 7417
18.70, 7416
18.71, 7415
18.71, 7414
18.72, 7413
18.75, 7412
18.78, 7411
18.81, 7410
18.81, 7409
18.81, 7408
18.83, 7407
18.89, 7406
18.90, 7405
18.90, 7404
18.93, 7403
18.93, 7402
18.95, 7401
18.97, 7400
18.98, 7399
18.98, 7398
19.02, 7397
19.05, 7396
19.07, 7395
19.08, 7394
19.08, 7393
19.10, 7392
19.10, 7391
19.11, 7390
19.11, 7389
19.14, 7388
19.15, 7387
19.16, 7386
19.17, 7385
19.19, 7384
19.20, 7383
19.21, 7382
19.21, 7381
19.22, 7380
19.23, 7379
19.28, 7378
19.29, 7377
19.30, 7376
19.32, 7375
19.33, 7374
19.34, 7373
19.35, 7372
19.38, 7371
19.39, 7370
19.49, 7369
19.49, 7368
19.50, 7367
19.52, 7366
19.52, 7365
19.53, 7364
19.54, 7363
19.55, 7362
19.56, 7361
19.58, 7360
19.59, 7359
19.60, 7358
19.64, 7357
19.65, 7356
19.65, 7355
19.68, 7354
19.68, 7353
19.68, 7352
19.70, 7351
19.71, 7350
19.72, 7349
19.75, 7348
19.76, 7347
19.77, 7346
19.83, 7345
19.84, 7344
19.85, 7343
19.86, 7342
19.90, 7341
19.93, 7340
19.94, 7339
19.94, 7338
19.98, 7337
20.06, 7336
20.07, 7335
20.13, 7334
20.14, 7333
20.20, 7332
20.21, 7331
20.22, 7330
20.25, 7329
20.25, 7328
20.27, 7327
20.31, 7326
20.36, 7325
20.53, 7324
20.58, 7323
20.58, 7322
20.63, 7321
20.65, 7320
20.67, 7319
20.70, 7318
20.73, 7317
20.76, 7316
20.78, 7315
20.79, 7314
20.80, 7313
20.83, 7312
20.88, 7311
20.91, 7310
20.93, 7309
20.97, 7308
20.98, 7307
21.03, 7306
21.10, 7305
21.11, 7304
21.12, 7303
21.25, 7302
21.25, 7301
21.32, 7300
21.58, 7299
21.65, 7298
21.69, 7297
21.70, 7296
21.71, 7295
21.74, 7294
22.00, 7293
22.05, 7292
22.07, 7291
22.10, 7290
22.19, 7289
22.29, 7288
22.37, 7287
22.42, 7286
23.20, 7285
23.30, 7284
23.42, 7283
23.63, 7282
23.89, 7281
24.19, 7280
24.21, 7279
24.27, 7278
24.31, 7277
24.55, 7276
24.70, 7275
24.76, 7274
24.96, 7273
25.21, 7272
25.30, 7271
25.37, 7270
26.46, 7269
29.84, 7268
