7.79, 5492
7.81, 5494
7.81, 5498
7.82, 5511
7.82, 5511
7.82, 5518
7.83, 5521
7.83, 5524
7.83, 5525
7.83, 5528
7.84, 5535
7.84, 5551
7.85, 5566
7.85, 5566
7.85, 5566
7.86, 5600
7.86, 5602
7.86, 5601
7.86, 5613
7.86, 5615
7.86, 5617
7.87, 5616
7.87, 5616
7.88, 5624
7.89, 5623
7.89, 5622
7.89, 5621
7.90, 5620
7.90, 5619
7.91, 5618
7.91, 5617
7.91, 5616
7.91, 5615
7.92, 5614
7.92, 5613
7.92, 5612
7.92, 5611
7.93, 5610
7.93, 5609
7.93, 5608
7.93, 5607
7.93, 5606
7.94, 5605
7.94, 5604
7.94, 5603
7.94, 5602
7.95, 5601
7.95, 5600
7.95, 5599
7.95, 5598
7.95, 5597
7.95, 5596
7.96, 5595
7.96, 5594
7.96, 5593
7.96, 5592
7.97, 5591
7.97, 5590
7.97, 5589
7.97, 5588
7.97, 5587
7.97, 5586
7.99, 5585
7.99, 5584
7.99, 5583
7.99, 5582
7.99, 5581
8.00, 5580
8.00, 5579
8.01, 5578
8.01, 5577
8.01, 5576
8.01, 5575
8.02, 5574
8.02, 5573
8.02, 5572
8.02, 5571
8.02, 5570
8.02, 5569
8.03, 5568
8.03, 5567
8.03, 5566
8.03, 5565
8.03, 5564
8.04, 5563
8.04, 5562
8.04, 5561
8.04, 5560
8.05, 5559
8.05, 5558
8.05, 5557
8.05, 5556
8.06, 5555
8.06, 5554
8.06, 5553
8.06, 5552
8.06, 5551
8.06, 5550
8.06, 5549
8.07, 5548
8.08, 5547
8.08, 5546
8.08, 5545
8.08, 5544
8.09, 5543
8.09, 5542
8.09, 5541
8.09, 5540
8.09, 5539
8.10, 5538
8.10, 5537
8.10, 5536
8.10, 5535
8.11, 5534
8.11, 5533
8.11, 5532
8.11, 5531
8.11, 5530
8.11, 5529
8.12, 5528
8.13, 5527
8.13, 5526
8.13, 5525
8.13, 5524
8.13, 5523
8.14, 5522
8.14, 5521
8.14, 5520
8.14, 5519
8.14, 5518
8.15, 5517
8.15, 5516
8.15, 5515
8.15, 5514
8.15, 5513
8.15, 5512
8.17, 5511
8.17, 5510
8.17, 5509
8.17, 5508
8.18, 5507
8.18, 5506
8.18, 5505
8.18, 5504
8.19, 5503
8.19, 5502
8.19, 5501
8.20, 5500
8.20, 5499
8.20, 5498
8.20, 5497
8.21, 5496
8.21, 5495
8.21, 5494
8.21, 5493
8.21, 5492
8.21, 5491
8.22, 5490
8.22, 5489
8.22, 5488
8.23, 5487
8.23, 5486
8.23, 5485
8.23, 5484
8.24, 5483
8.24, 5482
8.24, 5481
8.24, 5480
8.24, 5479
8.24, 5478
8.26, 5477
8.26, 5476
8.27, 5475
8.28, 5474
8.28, 5473
8.28, 5472
8.28, 5471
8.29, 5470
8.29, 5469
8.29, 5468
8.30, 5467
8.30, 5466
8.31, 5465
8.31, 5464
8.32, 5463
8.33, 5462
8.33, 5461
8.33, 5460
8.33, 5459
8.34, 5458
8.34, 5457
8.34, 5456
8.34, 5455
8.35, 5454
8.36, 5453
8.36, 5452
8.37, 5451
8.37, 5450
8.37, 5449
8.38, 5448
8.38, 5447
8.38, 5446
8.39, 5445
8.40, 5444
8.40, 5443
8.40, 5442
8.40, 5441
8.41, 5440
8.41, 5439
8.41, 5438
8.42, 5437
8.42, 5436
8.42, 5435
8.42, 5434
8.43, 5433
8.43, 5432
8.43, 5431
8.43, 5430
8.44, 5429
8.44, 5428
8.44, 5427
8.44, 5426
8.44, 5425
8.45, 5424
8.45, 5423
8.45, 5422
8.45, 5421
8.46, 5420
8.46, 5419
8.47, 5418
8.47, 5417
8.48, 5416
8.48, 5415
8.49, 5414
8.49, 5413
8.49, 5412
8.49, 5411
8.50, 5410
8.51, 5409
8.51, 5408
8.52, 5407
8.52, 5406
8.52, 5405
8.52, 5404
8.52, 5403
8.53, 5402
8.54, 5401
8.54, 5400
8.55, 5399
8.55, 5398
8.55, 5397
8.55, 5396
8.57, 5395
8.58, 5394
8.58, 5393
8.59, 5392
8.59, 5391
8.59, 5390
8.59, 5389
8.60, 5388
8.60, 5387
8.60, 5386
8.60, 5385
8.60, 5384
8.60, 5383
8.61, 5382
8.61, 5381
8.62, 5380
8.62, 5379
8.63, 5378
8.63, 5377
8.63, 5376
8.63, 5375
8.64, 5374
8.64, 5373
8.65, 5372
8.65, 5371
8.65, 5370
8.66, 5369
8.66, 5368
8.66, 5367
8.66, 5366
8.67, 5365
8.68, 5364
8.68, 5363
8.68, 5362
8.68, 5361
8.68, 5360
8.68, 5359
8.69, 5358
8.69, 5357
8.70, 5356
8.70, 5355
8.70, 5354
8.70, 5353
8.71, 5352
8.71, 5351
8.71, 5350
8.72, 5349
8.72, 5348
8.73, 5347
8.73, 5346
8.74, 5345
8.74, 5344
8.75, 5343
8.75, 5342
8.77, 5341
8.78, 5340
8.78, 5339
8.78, 5338
8.78, 5337
8.78, 5336
8.81, 5335
8.81, 5334
8.81, 5333
8.81, 5332
8.82, 5331
8.82, 5330
8.83, 5329
8.83, 5328
8.83, 5327
8.83, 5326
8.84, 5325
8.84, 5324
8.85, 5323
8.87, 5322
8.87, 5321
8.87, 5320
8.87, 5319
8.88, 5318
8.89, 5317
8.89, 5316
8.89, 5315
8.89, 5314
8.89, 5313
8.90, 5312
8.90, 5311
8.90, 5310
8.90, 5309
8.90, 5308
8.90, 5307
8.91, 5306
8.92, 5305
8.92, 5304
8.92, 5303
8.92, 5302
8.93, 5301
8.93, 5300
8.93, 5299
8.94, 5298
8.94, 5297
8.94, 5296
8.94, 5295
8.95, 5294
8.95, 5293
8.95, 5292
8.96, 5291
8.97, 5290
8.98, 5289
8.98, 5288
8.98, 5287
8.98, 5286
8.99, 5285
8.99, 5284
9.00, 5283
9.01, 5282
9.01, 5281
9.02, 5280
9.02, 5279
9.02, 5278
9.02, 5277
9.03, 5276
9.03, 5275
9.03, 5274
9.05, 5273
9.05, 5272
9.06, 5271
9.06, 5270
9.06, 5269
9.06, 5268
9.06, 5267
9.07, 5266
9.07, 5265
9.07, 5264
9.08, 5263
9.09, 5262
9.09, 5261
9.09, 5260
9.09, 5259
9.09, 5258
9.10, 5257
9.11, 5256
9.12, 5255
9.12, 5254
9.13, 5253
9.13, 5252
9.13, 5251
9.14, 5250
9.14, 5249
9.16, 5248
9.17, 5247
9.17, 5246
9.18, 5245
9.18, 5244
9.19, 5243
9.19, 5242
9.20, 5241
9.20, 5240
9.20, 5239
9.22, 5238
9.23, 5237
9.24, 5236
9.25, 5235
9.26, 5234
9.26, 5233
9.26, 5232
9.27, 5231
9.27, 5230
9.28, 5229
9.29, 5228
9.30, 5227
9.31, 5226
9.32, 5225
9.32, 5224
9.32, 5223
9.33, 5222
9.34, 5221
9.34, 5220
9.34, 5219
9.35, 5218
9.35, 5217
9.35, 5216
9.36, 5215
9.36, 5214
9.40, 5213
9.40, 5212
9.41, 5211
9.41, 5210
9.42, 5209
9.42, 5208
9.43, 5207
9.43, 5206
9.43, 5205
9.43, 5204
9.43, 5203
9.44, 5202
9.44, 5201
9.45, 5200
9.45, 5199
9.46, 5198
9.47, 5197
9.47, 5196
9.48, 5195
9.48, 5194
9.49, 5193
9.49, 5192
9.49, 5191
9.50, 5190
9.50, 5189
9.50, 5188
9.51, 5187
9.51, 5186
9.51, 5185
9.52, 5184
9.52, 5183
9.54, 5182
9.55, 5181
9.56, 5180
9.56, 5179
9.57, 5178
9.57, 5177
9.58, 5176
9.59, 5175
9.59, 5174
9.59, 5173
9.60, 5172
9.60, 5171
9.60, 5170
9.60, 5169
9.61, 5168
9.61, 5167
9.61, 5166
9.62, 5165
9.64, 5164
9.64, 5163
9.65, 5162
9.66, 5161
9.66, 5160
9.68, 5159
9.69, 5158
9.69, 5157
9.69, 5156
9.70, 5155
9.70, 5154
9.70, 5153
9.71, 5152
9.71, 5151
9.71, 5150
9.72, 5149
9.72, 5148
9.73, 5147
9.73, 5146
9.73, 5145
9.74, 5144
9.77, 5143
9.77, 5142
9.77, 5141
9.78, 5140
9.78, 5139
9.79, 5138
9.81, 5137
9.82, 5136
9.82, 5135
9.83, 5134
9.86, 5133
9.87, 5132
9.88, 5131
9.88, 5130
9.90, 5129
9.90, 5128
9.90, 5127
9.91, 5126
9.91, 5125
9.92, 5124
9.92, 5123
9.93, 5122
9.94, 5121
9.94, 5120
9.95, 5119
9.95, 5118
9.96, 5117
9.97, 5116
9.97, 5115
9.98, 5114
9.99, 5113
10.00, 5112
10.00, 5111
10.01, 5110
10.02, 5109
10.02, 5108
10.03, 5107
10.03, 5106
10.04, 5105
10.04, 5104
10.06, 5103
10.07, 5102
10.09, 5101
10.10, 5100
10.11, 5099
10.13, 5098
10.13, 5097
10.14, 5096
10.14, 5095
10.15, 5094
10.15, 5093
10.16, 5092
10.16, 5091
10.18, 5090
10.18, 5089
10.18, 5088
10.19, 5087
10.20, 5086
10.21, 5085
10.21, 5084
10.23, 5083
10.23, 5082
10.24, 5081
10.24, 5080
10.24, 5079
10.24, 5078
10.25, 5077
10.26, 5076
10.27, 5075
10.27, 5074
10.27, 5073
10.28, 5072
10.29, 5071
10.29, 5070
10.31, 5069
10.31, 5068
10.32, 5067
10.33, 5066
10.35, 5065
10.36, 5064
10.37, 5063
10.38, 5062
10.39, 5061
10.41, 5060
10.44, 5059
10.44, 5058
10.45, 5057
10.45, 5056
10.46, 5055
10.48, 5054
10.48, 5053
10.48, 5052
10.49, 5051
10.49, 5050
10.50, 5049
10.50, 5048
10.51, 5047
10.52, 5046
10.53, 5045
10.53, 5044
10.53, 5043
10.54, 5042
10.58, 5041
10.59, 5040
10.61, 5039
10.65, 5038
10.65, 5037
10.67, 5036
10.69, 5035
10.71, 5034
10.71, 5033
10.75, 5032
10.75, 5031
10.76, 5030
10.78, 5029
10.79, 5028
10.79, 5027
10.80, 5026
10.82, 5025
10.84, 5024
10.84, 5023
10.86, 5022
10.87, 5021
10.89, 5020
10.91, 5019
10.92, 5018
10.94, 5017
10.94, 5016
10.95, 5015
10.98, 5014
10.99, 5013
11.00, 5012
11.03, 5011
11.04, 5010
11.06, 5009
11.07, 5008
11.08, 5007
11.10, 5006
11.12, 5005
11.13, 5004
11.15, 5003
11.19, 5002
11.21, 5001
11.23, 5000
11.24, 4999
11.25, 4998
11.29, 4997
11.32, 4996
11.34, 4995
11.37, 4994
11.38, 4993
11.38, 4992
11.39, 4991
11.39, 4990
11.39, 4989
11.39, 4988
11.41, 4987
11.41, 4986
11.42, 4985
11.44, 4984
11.44, 4983
11.45, 4982
11.47, 4981
11.48, 4980
11.49, 4979
11.50, 4978
11.54, 4977
11.55, 4976
11.56, 4975
11.61, 4974
11.63, 4973
11.66, 4972
11.67, 4971
11.71, 4970
11.71, 4969
11.73, 4968
11.73, 4967
11.73, 4966
11.75, 4965
11.75, 4964
11.75, 4963
11.75, 4962
11.81, 4961
11.84, 4960
11.86, 4959
11.91, 4958
11.93, 4957
11.93, 4956
12.00, 4955
12.04, 4954
12.06, 4953
12.08, 4952
12.11, 4951
12.11, 4950
12.18, 4949
12.20, 4948
12.21, 4947
12.23, 4946
12.25, 4945
12.27, 4944
12.29, 4943
12.32, 4942
12.33, 4941
12.33, 4940
12.36, 4939
12.41, 4938
12.44, 4937
12.46, 4936
12.47, 4935
12.51, 4934
12.52, 4933
12.53, 4932
12.58, 4931
12.60, 4930
12.67, 4929
12.78, 4928
12.80, 4927
12.81, 4926
12.85, 4925
12.93, 4924
12.95, 4923
12.96, 4922
12.97, 4921
13.02, 4920
13.03, 4919
13.04, 4918
13.05, 4917
13.05, 4916
13.05, 4915
13.18, 4914
13.19, 4913
13.21, 4912
13.25, 4911
13.29, 4910
13.34, 4909
13.35, 4908
13.48, 4907
13.48, 4906
13.56, 4905
13.57, 4904
13.58, 4903
13.61, 4902
13.61, 4901
13.72, 4900
13.77, 4899
13.90, 4898
13.95, 4897
14.06, 4896
14.07, 4895
14.07, 4894
14.08, 4893
14.10, 4892
14.13, 4891
14.16, 4890
14.29, 4889
14.30, 4888
14.39, 4887
14.41, 4886
14.41, 4885
14.55, 4884
14.55, 4883
14.68, 4882
14.74, 4881
14.80, 4880
14.82, 4879
14.94, 4878
14.96, 4877
14.99, 4876
15.00, 4875
15.03, 4874
15.24, 4873
15.28, 4872
15.35, 4871
15.43, 4870
15.64, 4869
15.65, 4868
15.84, 4867
16.22, 4866
16.60, 4865
16.91, 4864
17.01, 4863
17.29, 4862
18.18, 4861
18.48, 4860
22.05, 4859
27.23, 4858
