16.02, 8392
16.02, 8392
16.02, 8391
16.02, 8390
16.02, 8389
16.02, 8389
16.02, 8389
16.02, 8388
16.02, 8387
16.03, 8387
16.03, 8386
16.03, 8386
16.03, 8385
16.03, 8385
16.03, 8384
16.03, 8383
16.03, 8382
16.03, 8381
16.03, 8380
16.03, 8384
16.03, 8383
16.03, 8383
16.03, 8383
16.04, 8382
16.04, 8381
16.04, 8380
16.04, 8379
16.04, 8382
16.04, 8381
16.04, 8380
16.04, 8379
16.04, 8378
16.04, 8377
16.04, 8379
16.04, 8381
16.04, 8380
16.05, 8379
16.05, 8378
16.05, 8379
16.05, 8379
16.05, 8378
16.05, 8380
16.05, 8379
16.05, 8378
16.05, 8380
16.06, 8379
16.06, 8378
16.06, 8378
16.06, 8377
16.06, 8376
16.06, 8376
16.06, 8375
16.06, 8374
16.06, 8374
16.06, 8375
16.06, 8376
16.06, 8376
16.07, 8377
16.07, 8376
16.07, 8375
16.07, 8375
16.07, 8374
16.07, 8374
16.07, 8379
16.07, 8378
16.07, 8377
16.07, 8376
16.07, 8381
16.07, 8381
16.07, 8381
16.08, 8380
16.08, 8379
16.08, 8378
16.08, 8378
16.08, 8379
16.08, 8379
16.08, 8378
16.08, 8379
16.08, 8378
16.08, 8378
16.08, 8379
16.08, 8378
16.08, 8378
16.09, 8378
16.09, 8377
16.09, 8377
16.09, 8376
16.09, 8376
16.09, 8375
16.09, 8374
16.09, 8373
16.09, 8374
16.09, 8373
16.09, 8372
16.09, 8371
16.09, 8371
16.09, 8370
16.09, 8369
16.10, 8369
16.10, 8370
16.10, 8369
16.10, 8368
16.10, 8367
16.10, 8366
16.10, 8365
16.10, 8364
16.10, 8363
16.10, 8362
16.10, 8361
16.10, 8360
16.11, 8360
16.11, 8359
16.11, 8359
16.11, 8358
16.11, 8357
16.11, 8356
16.11, 8355
16.11, 8354
16.11, 8353
16.11, 8352
16.12, 8351
16.12, 8350
16.12, 8349
16.12, 8348
16.12, 8347
16.12, 8346
16.12, 8345
16.12, 8344
16.12, 8343
16.12, 8342
16.12, 8341
16.12, 8340
16.13, 8339
16.13, 8338
16.13, 8337
16.13, 8336
16.13, 8335
16.13, 8334
16.13, 8333
16.13, 8332
16.14, 8331
16.14, 8330
16.14, 8329
16.14, 8328
16.14, 8327
16.14, 8326
16.14, 8325
16.14, 8324
16.14, 8323
16.14, 8322
16.14, 8321
16.14, 8320
16.14, 8319
16.15, 8318
16.15, 8317
16.15, 8316
16.15, 8315
16.15, 8314
16.15, 8313
16.15, 8312
16.15, 8311
16.15, 8310
16.15, 8309
16.15, 8308
16.16, 8307
16.16, 8306
16.16, 8305
16.16, 8304
16.16, 8303
16.16, 8302
16.16, 8301
16.16, 8300
16.16, 8299
16.16, 8298
16.16, 8297
16.16, 8296
16.16, 8295
16.17, 8294
16.17, 8293
16.17, 8292
16.17, 8291
16.17, 8290
16.17, 8289
16.17, 8288
16.17, 8287
16.17, 8286
16.17, 8285
16.17, 8284
16.18, 8283
16.18, 8282
16.18, 8281
16.18, 8280
16.18, 8279
16.18, 8278
16.18, 8277
16.18, 8276
16.18, 8275
16.18, 8274
16.18, 8273
16.19, 8272
16.19, 8271
16.19, 8270
16.19, 8269
16.19, 8268
16.19, 8267
16.19, 8266
16.19, 8265
16.19, 8264
16.20, 8263
16.20, 8262
16.20, 8261
16.20, 8260
16.20, 8259
16.21, 8258
16.21, 8257
16.21, 8256
16.21, 8255
16.21, 8254
16.21, 8253
16.21, 8252
16.21, 8251
16.21, 8250
16.22, 8249
16.22, 8248
16.22, 8247
16.22, 8246
16.22, 8245
16.22, 8244
16.22, 8243
16.22, 8242
16.22, 8241
16.22, 8240
16.22, 8239
16.23, 8238
16.23, 8237
16.23, 8236
16.23, 8235
16.23, 8234
16.23, 8233
16.23, 8232
16.23, 8231
16.23, 8230
16.24, 8229
16.24, 8228
16.24, 8227
16.24, 8226
16.24, 8225
16.24, 8224
16.24, 8223
16.24, 8222
16.24, 8221
16.24, 8220
16.24, 8219
16.24, 8218
16.25, 8217
16.25, 8216
16.25, 8215
16.25, 8214
16.25, 8213
16.25, 8212
16.25, 8211
16.26, 8210
16.26, 8209
16.26, 8208
16.26, 8207
16.26, 8206
16.26, 8205
16.26, 8204
16.26, 8203
16.26, 8202
16.26, 8201
16.26, 8200
16.26, 8199
16.26, 8198
16.27, 8197
16.27, 8196
16.28, 8195
16.28, 8194
16.28, 8193
16.28, 8192
16.28, 8191
16.28, 8190
16.28, 8189
16.28, 8188
16.28, 8187
16.28, 8186
16.28, 8185
16.29, 8184
16.29, 8183
16.29, 8182
16.29, 8181
16.29, 8180
16.29, 8179
16.29, 8178
16.30, 8177
16.30, 8176
16.30, 8175
16.30, 8174
16.30, 8173
16.30, 8172
16.31, 8171
16.31, 8170
16.31, 8169
16.31, 8168
16.31, 8167
16.31, 8166
16.31, 8165
16.32, 8164
16.32, 8163
16.32, 8162
16.32, 8161
16.32, 8160
16.32, 8159
16.32, 8158
16.32, 8157
16.32, 8156
16.32, 8155
16.32, 8154
16.32, 8153
16.33, 8152
16.33, 8151
16.33, 8150
16.33, 8149
16.33, 8148
16.33, 8147
16.33, 8146
16.33, 8145
16.33, 8144
16.34, 8143
16.34, 8142
16.34, 8141
16.34, 8140
16.34, 8139
16.34, 8138
16.35, 8137
16.35, 8136
16.35, 8135
16.35, 8134
16.35, 8133
16.35, 8132
16.35, 8131
16.35, 8130
16.35, 8129
16.35, 8128
16.35, 8127
16.36, 8126
16.36, 8125
16.36, 8124
16.36, 8123
16.36, 8122
16.36, 8121
16.37, 8120
16.37, 8119
16.37, 8118
16.37, 8117
16.37, 8116
16.37, 8115
16.37, 8114
16.37, 8113
16.38, 8112
16.38, 8111
16.38, 8110
16.38, 8109
16.39, 8108
16.39, 8107
16.39, 8106
16.39, 8105
16.39, 8104
16.39, 8103
16.39, 8102
16.40, 8101
16.40, 8100
16.40, 8099
16.40, 8098
16.40, 8097
16.40, 8096
16.41, 8095
16.41, 8094
16.41, 8093
16.42, 8092
16.42, 8091
16.42, 8090
16.42, 8089
16.42, 8088
16.42, 8087
16.42, 8086
16.43, 8085
16.43, 8084
16.43, 8083
16.43, 8082
16.43, 8081
16.43, 8080
16.43, 8079
16.43, 8078
16.44, 8077
16.44, 8076
16.44, 8075
16.44, 8074
16.44, 8073
16.44, 8072
16.44, 8071
16.44, 8070
16.45, 8069
16.45, 8068
16.45, 8067
16.46, 8066
16.46, 8065
16.46, 8064
16.46, 8063
16.47, 8062
16.47, 8061
16.47, 8060
16.47, 8059
16.47, 8058
16.47, 8057
16.47, 8056
16.48, 8055
16.48, 8054
16.48, 8053
16.48, 8052
16.49, 8051
16.49, 8050
16.49, 8049
16.49, 8048
16.49, 8047
16.49, 8046
16.49, 8045
16.50, 8044
16.50, 8043
16.50, 8042
16.50, 8041
16.50, 8040
16.50, 8039
16.50, 8038
16.50, 8037
16.50, 8036
16.50, 8035
16.51, 8034
16.51, 8033
16.51, 8032
16.51, 8031
16.51, 8030
16.52, 8029
16.52, 8028
16.52, 8027
16.52, 8026
16.52, 8025
16.52, 8024
16.53, 8023
16.53, 8022
16.53, 8021
16.53, 8020
16.53, 8019
16.54, 8018
16.54, 8017
16.54, 8016
16.54, 8015
16.54, 8014
16.55, 8013
16.55, 8012
16.55, 8011
16.55, 8010
16.55, 8009
16.56, 8008
16.56, 8007
16.56, 8006
16.56, 8005
16.56, 8004
16.56, 8003
16.57, 8002
16.57, 8001
16.57, 8000
16.57, 7999
16.58, 7998
16.58, 7997
16.58, 7996
16.58, 7995
16.58, 7994
16.58, 7993
16.58, 7992
16.59, 7991
16.59, 7990
16.59, 7989
16.59, 7988
16.59, 7987
16.59, 7986
16.59, 7985
16.60, 7984
16.60, 7983
16.60, 7982
16.60, 7981
16.60, 7980
16.61, 7979
16.61, 7978
16.61, 7977
16.61, 7976
16.62, 7975
16.63, 7974
16.63, 7973
16.63, 7972
16.63, 7971
16.63, 7970
16.63, 7969
16.64, 7968
16.64, 7967
16.64, 7966
16.65, 7965
16.65, 7964
16.65, 7963
16.65, 7962
16.65, 7961
16.65, 7960
16.66, 7959
16.66, 7958
16.66, 7957
16.66, 7956
16.67, 7955
16.67, 7954
16.67, 7953
16.67, 7952
16.67, 7951
16.68, 7950
16.68, 7949
16.68, 7948
16.68, 7947
16.68, 7946
16.68, 7945
16.68, 7944
16.69, 7943
16.69, 7942
16.69, 7941
16.69, 7940
16.69, 7939
16.70, 7938
16.70, 7937
16.70, 7936
16.70, 7935
16.71, 7934
16.71, 7933
16.71, 7932
16.71, 7931
16.71, 7930
16.71, 7929
16.72, 7928
16.72, 7927
16.72, 7926
16.73, 7925
16.73, 7924
16.73, 7923
16.73, 7922
16.73, 7921
16.73, 7920
16.74, 7919
16.74, 7918
16.74, 7917
16.74, 7916
16.74, 7915
16.74, 7914
16.74, 7913
16.74, 7912
16.75, 7911
16.75, 7910
16.75, 7909
16.75, 7908
16.75, 7907
16.76, 7906
16.76, 7905
16.76, 7904
16.76, 7903
16.76, 7902
16.77, 7901
16.77, 7900
16.77, 7899
16.78, 7898
16.78, 7897
16.78, 7896
16.78, 7895
16.79, 7894
16.79, 7893
16.79, 7892
16.79, 7891
16.79, 7890
16.80, 7889
16.80, 7888
16.80, 7887
16.81, 7886
16.81, 7885
16.81, 7884
16.82, 7883
16.82, 7882
16.82, 7881
16.83, 7880
16.83, 7879
16.83, 7878
16.83, 7877
16.83, 7876
16.83, 7875
16.84, 7874
16.84, 7873
16.84, 7872
16.85, 7871
16.85, 7870
16.85, 7869
16.85, 7868
16.85, 7867
16.86, 7866
16.86, 7865
16.86, 7864
16.87, 7863
16.88, 7862
16.88, 7861
16.88, 7860
16.88, 7859
16.88, 7858
16.89, 7857
16.89, 7856
16.89, 7855
16.89, 7854
16.89, 7853
16.90, 7852
16.90, 7851
16.91, 7850
16.91, 7849
16.91, 7848
16.91, 7847
16.92, 7846
16.92, 7845
16.92, 7844
16.92, 7843
16.92, 7842
16.92, 7841
16.93, 7840
16.93, 7839
16.93, 7838
16.94, 7837
16.94, 7836
16.94, 7835
16.94, 7834
16.95, 7833
16.95, 7832
16.96, 7831
16.96, 7830
16.96, 7829
16.96, 7828
16.98, 7827
16.98, 7826
16.98, 7825
16.99, 7824
17.00, 7823
17.00, 7822
17.00, 7821
17.00, 7820
17.00, 7819
17.00, 7818
17.00, 7817
17.01, 7816
17.01, 7815
17.01, 7814
17.02, 7813
17.02, 7812
17.02, 7811
17.02, 7810
17.02, 7809
17.02, 7808
17.03, 7807
17.03, 7806
17.03, 7805
17.04, 7804
17.04, 7803
17.05, 7802
17.05, 7801
17.05, 7800
17.06, 7799
17.06, 7798
17.07, 7797
17.07, 7796
17.07, 7795
17.07, 7794
17.08, 7793
17.08, 7792
17.09, 7791
17.09, 7790
17.09, 7789
17.09, 7788
17.09, 7787
17.10, 7786
17.10, 7785
17.10, 7784
17.11, 7783
17.12, 7782
17.13, 7781
17.13, 7780
17.13, 7779
17.13, 7778
17.14, 7777
17.14, 7776
17.14, 7775
17.15, 7774
17.15, 7773
17.15, 7772
17.15, 7771
17.16, 7770
17.16, 7769
17.17, 7768
17.17, 7767
17.17, 7766
17.18, 7765
17.18, 7764
17.18, 7763
17.18, 7762
17.19, 7761
17.19, 7760
17.20, 7759
17.20, 7758
17.20, 7757
17.20, 7756
17.22, 7755
17.22, 7754
17.23, 7753
17.23, 7752
17.24, 7751
17.24, 7750
17.24, 7749
17.24, 7748
17.25, 7747
17.25, 7746
17.25, 7745
17.26, 7744
17.26, 7743
17.26, 7742
17.26, 7741
17.27, 7740
17.28, 7739
17.28, 7738
17.30, 7737
17.30, 7736
17.31, 7735
17.31, 7734
17.31, 7733
17.31, 7732
17.31, 7731
17.32, 7730
17.32, 7729
17.33, 7728
17.33, 7727
17.33, 7726
17.33, 7725
17.34, 7724
17.34, 7723
17.34, 7722
17.34, 7721
17.35, 7720
17.35, 7719
17.36, 7718
17.36, 7717
17.37, 7716
17.37, 7715
17.37, 7714
17.37, 7713
17.39, 7712
17.39, 7711
17.39, 7710
17.40, 7709
17.40, 7708
17.41, 7707
17.42, 7706
17.42, 7705
17.43, 7704
17.43, 7703
17.44, 7702
17.44, 7701
17.44, 7700
17.45, 7699
17.45, 7698
17.45, 7697
17.45, 7696
17.45, 7695
17.45, 7694
17.46, 7693
17.47, 7692
17.47, 7691
17.47, 7690
17.48, 7689
17.48, 7688
17.48, 7687
17.48, 7686
17.48, 7685
17.49, 7684
17.49, 7683
17.49, 7682
17.49, 7681
17.50, 7680
17.50, 7679
17.51, 7678
17.51, 7677
17.51, 7676
17.51, 7675
17.52, 7674
17.52, 7673
17.53, 7672
17.53, 7671
17.54, 7670
17.54, 7669
17.55, 7668
17.56, 7667
17.56, 7666
17.57, 7665
17.57, 7664
17.58, 7663
17.58, 7662
17.58, 7661
17.58, 7660
17.58, 7659
17.59, 7658
17.60, 7657
17.60, 7656
17.60, 7655
17.62, 7654
17.62, 7653
17.63, 7652
17.63, 7651
17.63, 7650
17.65, 7649
17.65, 7648
17.65, 7647
17.66, 7646
17.66, 7645
17.66, 7644
17.67, 7643
17.67, 7642
17.67, 7641
17.68, 7640
17.68, 7639
17.69, 7638
17.69, 7637
17.71, 7636
17.71, 7635
17.72, 7634
17.72, 7633
17.73, 7632
17.73, 7631
17.73, 7630
17.75, 7629
17.75, 7628
17.77, 7627
17.78, 7626
17.79, 7625
17.79, 7624
17.80, 7623
17.81, 7622
17.82, 7621
17.83, 7620
17.84, 7619
17.84, 7618
17.85, 7617
17.85, 7616
17.86, 7615
17.86, 7614
17.86, 7613
17.86, 7612
17.87, 7611
17.87, 7610
17.87, 7609
17.88, 7608
17.89, 7607
17.89, 7606
17.89, 7605
17.89, 7604
17.89, 7603
17.90, 7602
17.90, 7601
17.91, 7600
17.92, 7599
17.92, 7598
17.93, 7597
17.93, 7596
17.94, 7595
17.95, 7594
17.96, 7593
17.99, 7592
17.99, 7591
18.00, 7590
18.00, 7589
18.00, 7588
18.01, 7587
18.03, 7586
18.03, 7585
18.03, 7584
18.04, 7583
18.04, 7582
18.05, 7581
18.06, 7580
18.06, 7579
18.06, 7578
18.07, 7577
18.08, 7576
18.08, 7575
18.10, 7574
18.10, 7573
18.10, 7572
18.11, 7571
18.11, 7570
18.15, 7569
18.15, 7568
18.16, 7567
18.16, 7566
18.17, 7565
18.17, 7564
18.19, 7563
18.19, 7562
18.19, 7561
18.19, 7560
18.20, 7559
18.21, 7558
18.24, 7557
18.25, 7556
18.26, 7555
18.26, 7554
18.27, 7553
18.28, 7552
18.28, 7551
18.28, 7550
18.29, 7549
18.29, 7548
18.29, 7547
18.30, 7546
18.32, 7545
18.34, 7544
18.35, 7543
18.36, 7542
18.40, 7541
18.42, 7540
18.42, 7539
18.42, 7538
18.42, 7537
18.43, 7536
18.43, 7535
18.43, 7534
18.44, 7533
18.45, 7532
18.47, 7531
18.48, 7530
18.49, 7529
18.51, 7528
18.51, 7527
18.52, 7526
18.52, 7525
18.52, 7524
18.53, 7523
18.53, 7522
18.55, 7521
18.56, 7520
18.58, 7519
18.58, 7518
18.58, 7517
18.59, 7516
18.61, 7515
18.63, 7514
18.64, 7513
18.64, 7512
18.66, 7511
18.67, 7510
18.67, 7509
18.70, 7508
18.72, 7507
18.72, 7506
18.73, 7505
18.74, 7504
18.77, 7503
18.77, 7502
18.78, 7501
18.78, 7500
18.81, 7499
18.82, 7498
18.83, 7497
18.84, 7496
18.85, 7495
18.86, 7494
18.87, 7493
18.89, 7492
18.95, 7491
18.95, 7490
18.97, 7489
18.98, 7488
18.98, 7487
19.02, 7486
19.02, 7485
19.03, 7484
19.09, 7483
19.10, 7482
19.12, 7481
19.13, 7480
19.14, 7479
19.15, 7478
19.16, 7477
19.20, 7476
19.23, 7475
19.24, 7474
19.25, 7473
19.27, 7472
19.28, 7471
19.29, 7470
19.31, 7469
19.33, 7468
19.38, 7467
19.40, 7466
19.43, 7465
19.44, 7464
19.50, 7463
19.53, 7462
19.55, 7461
19.59, 7460
19.59, 7459
19.60, 7458
19.61, 7457
19.61, 7456
19.62, 7455
19.63, 7454
19.63, 7453
19.66, 7452
19.67, 7451
19.67, 7450
19.71, 7449
19.71, 7448
19.75, 7447
19.75, 7446
19.78, 7445
19.80, 7444
19.82, 7443
19.85, 7442
19.85, 7441
19.87, 7440
19.91, 7439
19.92, 7438
19.96, 7437
19.97, 7436
19.98, 7435
20.02, 7434
20.02, 7433
20.05, 7432
20.08, 7431
20.09, 7430
20.09, 7429
20.11, 7428
20.13, 7427
20.16, 7426
20.18, 7425
20.18, 7424
20.20, 7423
20.23, 7422
20.24, 7421
20.25, 7420
20.26, 7419
20.26, 7418
20.28, 7417
20.32, 7416
20.33, 7415
20.33, 7414
20.35, 7413
20.36, 7412
20.43, 7411
20.44, 7410
20.44, 7409
20.45, 7408
20.46, 7407
20.46, 7406
20.49, 7405
20.52, 7404
20.56, 7403
20.58, 7402
20.62, 7401
20.64, 7400
20.64, 7399
20.64, 7398
20.65, 7397
20.73, 7396
20.75, 7395
20.77, 7394
20.79, 7393
20.79, 7392
20.80, 7391
20.94, 7390
20.94, 7389
20.98, 7388
21.02, 7387
21.03, 7386
21.08, 7385
21.29, 7384
21.31, 7383
21.42, 7382
21.44, 7381
21.46, 7380
21.47, 7379
21.48, 7378
21.49, 7377
21.50, 7376
21.52, 7375
21.55, 7374
21.64, 7373
21.68, 7372
21.68, 7371
21.73, 7370
21.78, 7369
21.79, 7368
21.90, 7367
21.92, 7366
21.96, 7365
22.13, 7364
22.13, 7363
22.22, 7362
22.34, 7361
22.37, 7360
22.41, 7359
22.46, 7358
22.48, 7357
22.66, 7356
22.75, 7355
22.76, 7354
22.81, 7353
22.84, 7352
22.97, 7351
23.08, 7350
23.20, 7349
23.22, 7348
23.23, 7347
23.30, 7346
23.38, 7345
23.56, 7344
23.67, 7343
23.69, 7342
23.70, 7341
23.77, 7340
23.79, 7339
23.83, 7338
23.93, 7337
24.05, 7336
24.05, 7335
24.08, 7334
24.18, 7333
24.38, 7332
24.71, 7331
24.79, 7330
24.81, 7329
25.01, 7328
25.30, 7327
25.79, 7326
25.94, 7325
26.66, 7324
26.73, 7323
26.88, 7322
27.01, 7321
27.12, 7320
27.31, 7319
27.89, 7318
28.55, 7317
28.61, 7316
30.75, 7315
33.42, 7314
