15.78, 8392
15.78, 8392
15.78, 8392
15.79, 8392
15.79, 8392
15.79, 8391
15.79, 8390
15.79, 8390
15.79, 8389
15.79, 8389
15.79, 8388
15.79, 8387
15.79, 8386
15.79, 8386
15.79, 8385
15.79, 8384
15.80, 8383
15.80, 8383
15.80, 8382
15.80, 8381
15.80, 8380
15.80, 8382
15.80, 8381
15.80, 8381
15.80, 8380
15.80, 8380
15.80, 8381
15.81, 8380
15.81, 8379
15.81, 8381
15.81, 8382
15.81, 8381
15.81, 8380
15.81, 8379
15.81, 8378
15.81, 8377
15.81, 8376
15.81, 8377
15.81, 8376
15.81, 8376
15.81, 8375
15.81, 8374
15.81, 8373
15.82, 8372
15.82, 8371
15.82, 8371
15.82, 8371
15.82, 8370
15.82, 8370
15.82, 8369
15.82, 8368
15.82, 8367
15.82, 8367
15.82, 8367
15.82, 8366
15.82, 8365
15.83, 8364
15.83, 8365
15.83, 8364
15.83, 8365
15.83, 8364
15.83, 8363
15.83, 8366
15.83, 8366
15.83, 8366
15.83, 8365
15.83, 8364
15.84, 8363
15.84, 8362
15.84, 8361
15.84, 8360
15.84, 8360
15.84, 8359
15.84, 8362
15.84, 8363
15.84, 8362
15.84, 8363
15.85, 8365
15.85, 8367
15.85, 8367
15.85, 8366
15.85, 8370
15.85, 8370
15.85, 8369
15.85, 8370
15.85, 8369
15.85, 8370
15.86, 8370
15.86, 8369
15.86, 8369
15.86, 8368
15.86, 8367
15.86, 8366
15.86, 8365
15.86, 8364
15.86, 8363
15.86, 8362
15.86, 8361
15.86, 8361
15.86, 8360
15.86, 8359
15.86, 8358
15.87, 8358
15.87, 8357
15.87, 8356
15.87, 8355
15.87, 8354
15.87, 8353
15.87, 8352
15.88, 8351
15.88, 8350
15.88, 8349
15.88, 8348
15.88, 8347
15.88, 8346
15.88, 8345
15.88, 8344
15.88, 8343
15.88, 8342
15.88, 8341
15.89, 8340
15.89, 8339
15.89, 8338
15.89, 8337
15.89, 8336
15.89, 8335
15.89, 8334
15.89, 8333
15.89, 8332
15.89, 8331
15.89, 8330
15.89, 8329
15.89, 8328
15.89, 8327
15.89, 8326
15.89, 8325
15.89, 8324
15.90, 8323
15.90, 8322
15.90, 8321
15.90, 8320
15.90, 8319
15.90, 8318
15.90, 8317
15.90, 8316
15.90, 8315
15.90, 8314
15.90, 8313
15.90, 8312
15.90, 8311
15.90, 8310
15.90, 8309
15.91, 8308
15.91, 8307
15.91, 8306
15.91, 8305
15.91, 8304
15.91, 8303
15.91, 8302
15.91, 8301
15.91, 8300
15.91, 8299
15.91, 8298
15.91, 8297
15.92, 8296
15.92, 8295
15.92, 8294
15.92, 8293
15.92, 8292
15.92, 8291
15.92, 8290
15.92, 8289
15.92, 8288
15.92, 8287
15.92, 8286
15.92, 8285
15.92, 8284
15.92, 8283
15.93, 8282
15.93, 8281
15.93, 8280
15.93, 8279
15.93, 8278
15.93, 8277
15.93, 8276
15.93, 8275
15.93, 8274
15.93, 8273
15.93, 8272
15.93, 8271
15.93, 8270
15.94, 8269
15.94, 8268
15.94, 8267
15.94, 8266
15.94, 8265
15.94, 8264
15.94, 8263
15.94, 8262
15.95, 8261
15.95, 8260
15.95, 8259
15.95, 8258
15.95, 8257
15.95, 8256
15.95, 8255
15.95, 8254
15.95, 8253
15.96, 8252
15.96, 8251
15.96, 8250
15.96, 8249
15.96, 8248
15.96, 8247
15.96, 8246
15.96, 8245
15.96, 8244
15.96, 8243
15.96, 8242
15.97, 8241
15.97, 8240
15.97, 8239
15.97, 8238
15.97, 8237
15.97, 8236
15.97, 8235
15.97, 8234
15.97, 8233
15.97, 8232
15.97, 8231
15.98, 8230
15.98, 8229
15.98, 8228
15.98, 8227
15.98, 8226
15.98, 8225
15.98, 8224
15.98, 8223
15.98, 8222
15.98, 8221
15.98, 8220
15.99, 8219
15.99, 8218
15.99, 8217
15.99, 8216
15.99, 8215
15.99, 8214
15.99, 8213
15.99, 8212
15.99, 8211
16.00, 8210
16.00, 8209
16.00, 8208
16.00, 8207
16.00, 8206
16.00, 8205
16.00, 8204
16.00, 8203
16.00, 8202
16.00, 8201
16.00, 8200
16.00, 8199
16.01, 8198
16.01, 8197
16.01, 8196
16.01, 8195
16.01, 8194
16.01, 8193
16.01, 8192
16.01, 8191
16.01, 8190
16.01, 8189
16.02, 8188
16.02, 8187
16.02, 8186
16.02, 8185
16.02, 8184
16.03, 8183
16.03, 8182
16.03, 8181
16.03, 8180
16.03, 8179
16.03, 8178
16.03, 8177
16.03, 8176
16.03, 8175
16.03, 8174
16.04, 8173
16.04, 8172
16.04, 8171
16.04, 8170
16.04, 8169
16.04, 8168
16.04, 8167
16.05, 8166
16.05, 8165
16.05, 8164
16.05, 8163
16.06, 8162
16.06, 8161
16.06, 8160
16.06, 8159
16.06, 8158
16.06, 8157
16.07, 8156
16.07, 8155
16.07, 8154
16.07, 8153
16.07, 8152
16.07, 8151
16.07, 8150
16.07, 8149
16.07, 8148
16.07, 8147
16.07, 8146
16.08, 8145
16.08, 8144
16.08, 8143
16.08, 8142
16.08, 8141
16.08, 8140
16.08, 8139
16.09, 8138
16.09, 8137
16.09, 8136
16.09, 8135
16.09, 8134
16.09, 8133
16.09, 8132
16.09, 8131
16.10, 8130
16.10, 8129
16.10, 8128
16.10, 8127
16.10, 8126
16.10, 8125
16.10, 8124
16.10, 8123
16.10, 8122
16.10, 8121
16.10, 8120
16.10, 8119
16.10, 8118
16.10, 8117
16.11, 8116
16.11, 8115
16.11, 8114
16.11, 8113
16.11, 8112
16.11, 8111
16.11, 8110
16.12, 8109
16.12, 8108
16.12, 8107
16.12, 8106
16.12, 8105
16.12, 8104
16.12, 8103
16.12, 8102
16.13, 8101
16.13, 8100
16.13, 8099
16.13, 8098
16.14, 8097
16.14, 8096
16.14, 8095
16.14, 8094
16.14, 8093
16.14, 8092
16.14, 8091
16.14, 8090
16.15, 8089
16.15, 8088
16.15, 8087
16.15, 8086
16.15, 8085
16.15, 8084
16.15, 8083
16.15, 8082
16.16, 8081
16.16, 8080
16.16, 8079
16.16, 8078
16.16, 8077
16.16, 8076
16.16, 8075
16.17, 8074
16.17, 8073
16.17, 8072
16.17, 8071
16.17, 8070
16.17, 8069
16.18, 8068
16.18, 8067
16.18, 8066
16.18, 8065
16.18, 8064
16.18, 8063
16.18, 8062
16.19, 8061
16.19, 8060
16.19, 8059
16.19, 8058
16.19, 8057
16.19, 8056
16.19, 8055
16.20, 8054
16.20, 8053
16.20, 8052
16.20, 8051
16.20, 8050
16.20, 8049
16.20, 8048
16.20, 8047
16.21, 8046
16.21, 8045
16.21, 8044
16.21, 8043
16.21, 8042
16.21, 8041
16.21, 8040
16.21, 8039
16.21, 8038
16.22, 8037
16.22, 8036
16.22, 8035
16.22, 8034
16.22, 8033
16.22, 8032
16.22, 8031
16.22, 8030
16.22, 8029
16.22, 8028
16.23, 8027
16.23, 8026
16.23, 8025
16.23, 8024
16.23, 8023
16.23, 8022
16.23, 8021
16.23, 8020
16.23, 8019
16.24, 8018
16.24, 8017
16.24, 8016
16.24, 8015
16.25, 8014
16.25, 8013
16.25, 8012
16.25, 8011
16.25, 8010
16.26, 8009
16.26, 8008
16.26, 8007
16.26, 8006
16.26, 8005
16.26, 8004
16.26, 8003
16.26, 8002
16.27, 8001
16.27, 8000
16.27, 7999
16.27, 7998
16.27, 7997
16.27, 7996
16.27, 7995
16.27, 7994
16.27, 7993
16.27, 7992
16.28, 7991
16.28, 7990
16.28, 7989
16.28, 7988
16.28, 7987
16.29, 7986
16.29, 7985
16.29, 7984
16.29, 7983
16.29, 7982
16.29, 7981
16.29, 7980
16.30, 7979
16.30, 7978
16.30, 7977
16.30, 7976
16.30, 7975
16.30, 7974
16.30, 7973
16.30, 7972
16.31, 7971
16.31, 7970
16.31, 7969
16.31, 7968
16.31, 7967
16.31, 7966
16.32, 7965
16.32, 7964
16.32, 7963
16.32, 7962
16.32, 7961
16.32, 7960
16.32, 7959
16.32, 7958
16.32, 7957
16.33, 7956
16.33, 7955
16.33, 7954
16.33, 7953
16.33, 7952
16.33, 7951
16.34, 7950
16.34, 7949
16.34, 7948
16.34, 7947
16.34, 7946
16.34, 7945
16.34, 7944
16.34, 7943
16.35, 7942
16.35, 7941
16.35, 7940
16.35, 7939
16.35, 7938
16.35, 7937
16.35, 7936
16.35, 7935
16.36, 7934
16.36, 7933
16.36, 7932
16.36, 7931
16.36, 7930
16.36, 7929
16.36, 7928
16.36, 7927
16.36, 7926
16.37, 7925
16.37, 7924
16.37, 7923
16.37, 7922
16.37, 7921
16.37, 7920
16.38, 7919
16.38, 7918
16.38, 7917
16.38, 7916
16.38, 7915
16.39, 7914
16.39, 7913
16.39, 7912
16.39, 7911
16.40, 7910
16.40, 7909
16.40, 7908
16.40, 7907
16.40, 7906
16.41, 7905
16.41, 7904
16.41, 7903
16.41, 7902
16.42, 7901
16.42, 7900
16.42, 7899
16.42, 7898
16.42, 7897
16.42, 7896
16.42, 7895
16.43, 7894
16.43, 7893
16.43, 7892
16.44, 7891
16.44, 7890
16.44, 7889
16.44, 7888
16.45, 7887
16.45, 7886
16.45, 7885
16.45, 7884
16.45, 7883
16.45, 7882
16.45, 7881
16.45, 7880
16.45, 7879
16.46, 7878
16.46, 7877
16.47, 7876
16.47, 7875
16.47, 7874
16.47, 7873
16.47, 7872
16.48, 7871
16.48, 7870
16.48, 7869
16.48, 7868
16.48, 7867
16.48, 7866
16.48, 7865
16.49, 7864
16.49, 7863
16.49, 7862
16.50, 7861
16.50, 7860
16.50, 7859
16.50, 7858
16.50, 7857
16.51, 7856
16.51, 7855
16.52, 7854
16.52, 7853
16.52, 7852
16.52, 7851
16.52, 7850
16.52, 7849
16.52, 7848
16.52, 7847
16.53, 7846
16.53, 7845
16.53, 7844
16.54, 7843
16.54, 7842
16.54, 7841
16.55, 7840
16.55, 7839
16.55, 7838
16.55, 7837
16.56, 7836
16.56, 7835
16.56, 7834
16.56, 7833
16.57, 7832
16.57, 7831
16.57, 7830
16.57, 7829
16.57, 7828
16.57, 7827
16.58, 7826
16.58, 7825
16.58, 7824
16.58, 7823
16.59, 7822
16.59, 7821
16.59, 7820
16.59, 7819
16.59, 7818
16.60, 7817
16.60, 7816
16.60, 7815
16.60, 7814
16.60, 7813
16.61, 7812
16.61, 7811
16.61, 7810
16.62, 7809
16.62, 7808
16.62, 7807
16.63, 7806
16.63, 7805
16.63, 7804
16.63, 7803
16.64, 7802
16.64, 7801
16.64, 7800
16.64, 7799
16.65, 7798
16.65, 7797
16.65, 7796
16.66, 7795
16.67, 7794
16.68, 7793
16.68, 7792
16.68, 7791
16.68, 7790
16.68, 7789
16.68, 7788
16.69, 7787
16.69, 7786
16.69, 7785
16.70, 7784
16.70, 7783
16.70, 7782
16.70, 7781
16.71, 7780
16.72, 7779
16.73, 7778
16.73, 7777
16.73, 7776
16.73, 7775
16.74, 7774
16.74, 7773
16.74, 7772
16.75, 7771
16.75, 7770
16.75, 7769
16.76, 7768
16.76, 7767
16.76, 7766
16.77, 7765
16.77, 7764
16.77, 7763
16.77, 7762
16.78, 7761
16.78, 7760
16.78, 7759
16.79, 7758
16.79, 7757
16.79, 7756
16.79, 7755
16.79, 7754
16.80, 7753
16.80, 7752
16.80, 7751
16.80, 7750
16.81, 7749
16.81, 7748
16.81, 7747
16.84, 7746
16.84, 7745
16.85, 7744
16.85, 7743
16.85, 7742
16.86, 7741
16.86, 7740
16.87, 7739
16.88, 7738
16.88, 7737
16.89, 7736
16.89, 7735
16.90, 7734
16.90, 7733
16.90, 7732
16.91, 7731
16.92, 7730
16.92, 7729
16.92, 7728
16.92, 7727
16.92, 7726
16.92, 7725
16.92, 7724
16.94, 7723
16.95, 7722
16.95, 7721
16.96, 7720
16.97, 7719
16.97, 7718
16.97, 7717
16.97, 7716
16.97, 7715
16.98, 7714
16.98, 7713
16.99, 7712
16.99, 7711
16.99, 7710
17.00, 7709
17.00, 7708
17.00, 7707
17.01, 7706
17.02, 7705
17.02, 7704
17.03, 7703
17.03, 7702
17.03, 7701
17.04, 7700
17.05, 7699
17.05, 7698
17.05, 7697
17.05, 7696
17.05, 7695
17.06, 7694
17.07, 7693
17.07, 7692
17.07, 7691
17.08, 7690
17.08, 7689
17.08, 7688
17.08, 7687
17.08, 7686
17.09, 7685
17.10, 7684
17.10, 7683
17.11, 7682
17.11, 7681
17.12, 7680
17.12, 7679
17.13, 7678
17.13, 7677
17.14, 7676
17.14, 7675
17.14, 7674
17.14, 7673
17.14, 7672
17.15, 7671
17.15, 7670
17.16, 7669
17.16, 7668
17.16, 7667
17.17, 7666
17.17, 7665
17.18, 7664
17.19, 7663
17.20, 7662
17.20, 7661
17.20, 7660
17.21, 7659
17.21, 7658
17.21, 7657
17.22, 7656
17.22, 7655
17.22, 7654
17.23, 7653
17.23, 7652
17.24, 7651
17.24, 7650
17.24, 7649
17.24, 7648
17.25, 7647
17.26, 7646
17.26, 7645
17.26, 7644
17.27, 7643
17.28, 7642
17.28, 7641
17.29, 7640
17.29, 7639
17.29, 7638
17.29, 7637
17.30, 7636
17.31, 7635
17.31, 7634
17.32, 7633
17.32, 7632
17.32, 7631
17.32, 7630
17.33, 7629
17.33, 7628
17.34, 7627
17.34, 7626
17.34, 7625
17.35, 7624
17.36, 7623
17.36, 7622
17.37, 7621
17.37, 7620
17.38, 7619
17.38, 7618
17.39, 7617
17.40, 7616
17.40, 7615
17.42, 7614
17.42, 7613
17.43, 7612
17.43, 7611
17.44, 7610
17.44, 7609
17.44, 7608
17.45, 7607
17.45, 7606
17.46, 7605
17.47, 7604
17.47, 7603
17.48, 7602
17.48, 7601
17.48, 7600
17.48, 7599
17.48, 7598
17.50, 7597
17.50, 7596
17.50, 7595
17.50, 7594
17.51, 7593
17.51, 7592
17.51, 7591
17.51, 7590
17.51, 7589
17.52, 7588
17.52, 7587
17.54, 7586
17.54, 7585
17.55, 7584
17.55, 7583
17.55, 7582
17.56, 7581
17.57, 7580
17.57, 7579
17.57, 7578
17.57, 7577
17.60, 7576
17.60, 7575
17.62, 7574
17.62, 7573
17.63, 7572
17.63, 7571
17.64, 7570
17.66, 7569
17.66, 7568
17.67, 7567
17.68, 7566
17.69, 7565
17.69, 7564
17.69, 7563
17.70, 7562
17.70, 7561
17.70, 7560
17.71, 7559
17.71, 7558
17.72, 7557
17.72, 7556
17.73, 7555
17.74, 7554
17.74, 7553
17.74, 7552
17.75, 7551
17.76, 7550
17.78, 7549
17.79, 7548
17.79, 7547
17.80, 7546
17.81, 7545
17.81, 7544
17.82, 7543
17.82, 7542
17.83, 7541
17.83, 7540
17.84, 7539
17.85, 7538
17.87, 7537
17.87, 7536
17.87, 7535
17.88, 7534
17.89, 7533
17.89, 7532
17.91, 7531
17.91, 7530
17.92, 7529
17.92, 7528
17.93, 7527
17.93, 7526
17.94, 7525
17.94, 7524
17.94, 7523
17.96, 7522
17.96, 7521
17.97, 7520
17.97, 7519
17.97, 7518
17.97, 7517
17.98, 7516
17.99, 7515
18.00, 7514
18.00, 7513
18.01, 7512
18.01, 7511
18.02, 7510
18.03, 7509
18.04, 7508
18.06, 7507
18.07, 7506
18.08, 7505
18.08, 7504
18.09, 7503
18.12, 7502
18.13, 7501
18.13, 7500
18.13, 7499
18.14, 7498
18.15, 7497
18.17, 7496
18.18, 7495
18.18, 7494
18.19, 7493
18.20, 7492
18.21, 7491
18.23, 7490
18.24, 7489
18.27, 7488
18.29, 7487
18.29, 7486
18.29, 7485
18.30, 7484
18.32, 7483
18.33, 7482
18.33, 7481
18.33, 7480
18.33, 7479
18.35, 7478
18.35, 7477
18.36, 7476
18.36, 7475
18.39, 7474
18.40, 7473
18.40, 7472
18.43, 7471
18.45, 7470
18.46, 7469
18.47, 7468
18.49, 7467
18.49, 7466
18.50, 7465
18.50, 7464
18.51, 7463
18.52, 7462
18.52, 7461
18.52, 7460
18.54, 7459
18.56, 7458
18.56, 7457
18.57, 7456
18.64, 7455
18.65, 7454
18.66, 7453
18.66, 7452
18.69, 7451
18.72, 7450
18.73, 7449
18.76, 7448
18.77, 7447
18.77, 7446
18.78, 7445
18.79, 7444
18.80, 7443
18.81, 7442
18.82, 7441
18.82, 7440
18.83, 7439
18.83, 7438
18.85, 7437
18.85, 7436
18.85, 7435
18.87, 7434
18.89, 7433
18.92, 7432
18.93, 7431
18.93, 7430
18.94, 7429
18.96, 7428
18.97, 7427
18.98, 7426
19.00, 7425
19.01, 7424
19.02, 7423
19.02, 7422
19.03, 7421
19.05, 7420
19.06, 7419
19.06, 7418
19.07, 7417
19.07, 7416
19.13, 7415
19.14, 7414
19.17, 7413
19.17, 7412
19.18, 7411
19.23, 7410
19.25, 7409
19.28, 7408
19.29, 7407
19.29, 7406
19.30, 7405
19.31, 7404
19.33, 7403
19.34, 7402
19.34, 7401
19.35, 7400
19.38, 7399
19.40, 7398
19.41, 7397
19.42, 7396
19.45, 7395
19.48, 7394
19.48, 7393
19.49, 7392
19.49, 7391
19.50, 7390
19.56, 7389
19.58, 7388
19.60, 7387
19.61, 7386
19.61, 7385
19.62, 7384
19.66, 7383
19.68, 7382
19.69, 7381
19.70, 7380
19.75, 7379
19.76, 7378
19.77, 7377
19.78, 7376
19.78, 7375
19.80, 7374
19.81, 7373
19.86, 7372
19.91, 7371
19.93, 7370
19.94, 7369
19.94, 7368
19.96, 7367
19.98, 7366
19.99, 7365
19.99, 7364
20.00, 7363
20.01, 7362
20.12, 7361
20.15, 7360
20.16, 7359
20.17, 7358
20.18, 7357
20.24, 7356
20.33, 7355
20.36, 7354
20.44, 7353
20.49, 7352
20.51, 7351
20.55, 7350
20.57, 7349
20.59, 7348
20.60, 7347
20.67, 7346
20.69, 7345
20.71, 7344
20.77, 7343
20.85, 7342
21.00, 7341
21.04, 7340
21.05, 7339
21.06, 7338
21.12, 7337
21.14, 7336
21.14, 7335
21.16, 7334
21.16, 7333
21.17, 7332
21.27, 7331
21.28, 7330
21.46, 7329
21.47, 7328
21.49, 7327
21.50, 7326
21.53, 7325
21.54, 7324
21.61, 7323
21.65, 7322
21.73, 7321
21.74, 7320
21.74, 7319
21.80, 7318
21.95, 7317
21.95, 7316
22.02, 7315
22.08, 7314
22.29, 7313
22.34, 7312
22.36, 7311
22.36, 7310
22.40, 7309
22.46, 7308
22.53, 7307
22.55, 7306
22.63, 7305
22.71, 7304
22.73, 7303
22.79, 7302
23.14, 7301
23.18, 7300
23.20, 7299
23.40, 7298
23.45, 7297
23.48, 7296
23.69, 7295
23.77, 7294
24.05, 7293
24.69, 7292
24.82, 7291
24.89, 7290
25.17, 7289
25.25, 7288
25.55, 7287
25.56, 7286
25.88, 7285
25.98, 7284
26.26, 7283
26.65, 7282
26.79, 7281
26.84, 7280
30.52, 7279
30.77, 7278
