14.90, 8392
14.90, 8394
14.90, 8397
14.91, 8397
14.91, 8396
14.91, 8395
14.91, 8395
14.91, 8394
14.91, 8393
14.91, 8392
14.91, 8391
14.91, 8393
14.91, 8392
14.91, 8391
14.91, 8390
14.91, 8390
14.91, 8389
14.92, 8388
14.92, 8387
14.92, 8388
14.92, 8387
14.92, 8386
14.92, 8386
14.92, 8387
14.92, 8387
14.92, 8386
14.92, 8385
14.92, 8384
14.92, 8383
14.92, 8382
14.92, 8381
14.93, 8381
14.93, 8380
14.93, 8379
14.93, 8379
14.93, 8378
14.93, 8377
14.93, 8376
14.93, 8375
14.93, 8374
14.93, 8373
14.93, 8374
14.93, 8373
14.93, 8372
14.94, 8374
14.94, 8376
14.94, 8377
14.94, 8377
14.94, 8377
14.94, 8376
14.94, 8375
14.94, 8374
14.94, 8375
14.94, 8374
14.95, 8373
14.95, 8372
14.95, 8371
14.95, 8375
14.95, 8375
14.95, 8377
14.95, 8376
14.95, 8375
14.95, 8374
14.95, 8373
14.95, 8372
14.95, 8371
14.96, 8370
14.96, 8371
14.96, 8370
14.96, 8369
14.96, 8368
14.96, 8367
14.96, 8366
14.96, 8365
14.96, 8365
14.96, 8364
14.96, 8363
14.96, 8362
14.96, 8362
14.96, 8361
14.96, 8360
14.97, 8359
14.97, 8359
14.97, 8360
14.97, 8361
14.97, 8360
14.97, 8359
14.97, 8358
14.97, 8357
14.97, 8356
14.97, 8357
14.97, 8356
14.97, 8357
14.98, 8356
14.98, 8355
14.98, 8355
14.98, 8354
14.98, 8353
14.98, 8352
14.98, 8351
14.98, 8350
14.98, 8349
14.98, 8348
14.98, 8347
14.98, 8347
14.99, 8346
14.99, 8345
14.99, 8344
14.99, 8343
14.99, 8342
14.99, 8341
14.99, 8340
14.99, 8339
14.99, 8338
14.99, 8337
14.99, 8336
14.99, 8335
14.99, 8334
14.99, 8333
14.99, 8332
14.99, 8331
14.99, 8330
15.00, 8329
15.00, 8328
15.00, 8327
15.00, 8326
15.00, 8325
15.00, 8324
15.00, 8323
15.00, 8322
15.00, 8321
15.00, 8320
15.00, 8319
15.01, 8318
15.01, 8317
15.01, 8316
15.01, 8315
15.01, 8314
15.01, 8313
15.01, 8312
15.01, 8311
15.01, 8310
15.01, 8309
15.01, 8308
15.01, 8307
15.01, 8306
15.02, 8305
15.02, 8304
15.02, 8303
15.02, 8302
15.02, 8301
15.02, 8300
15.02, 8299
15.02, 8298
15.02, 8297
15.02, 8296
15.02, 8295
15.03, 8294
15.03, 8293
15.03, 8292
15.03, 8291
15.03, 8290
15.03, 8289
15.03, 8288
15.03, 8287
15.03, 8286
15.03, 8285
15.03, 8284
15.03, 8283
15.03, 8282
15.03, 8281
15.03, 8280
15.04, 8279
15.04, 8278
15.04, 8277
15.04, 8276
15.04, 8275
15.04, 8274
15.04, 8273
15.04, 8272
15.04, 8271
15.04, 8270
15.05, 8269
15.05, 8268
15.05, 8267
15.05, 8266
15.05, 8265
15.05, 8264
15.05, 8263
15.05, 8262
15.05, 8261
15.05, 8260
15.05, 8259
15.05, 8258
15.05, 8257
15.05, 8256
15.06, 8255
15.06, 8254
15.06, 8253
15.06, 8252
15.06, 8251
15.06, 8250
15.06, 8249
15.06, 8248
15.06, 8247
15.06, 8246
15.06, 8245
15.07, 8244
15.07, 8243
15.07, 8242
15.07, 8241
15.07, 8240
15.07, 8239
15.07, 8238
15.07, 8237
15.07, 8236
15.07, 8235
15.07, 8234
15.07, 8233
15.07, 8232
15.08, 8231
15.08, 8230
15.08, 8229
15.08, 8228
15.08, 8227
15.08, 8226
15.08, 8225
15.08, 8224
15.09, 8223
15.09, 8222
15.09, 8221
15.09, 8220
15.09, 8219
15.09, 8218
15.09, 8217
15.09, 8216
15.10, 8215
15.10, 8214
15.10, 8213
15.10, 8212
15.10, 8211
15.10, 8210
15.10, 8209
15.10, 8208
15.10, 8207
15.10, 8206
15.10, 8205
15.10, 8204
15.10, 8203
15.11, 8202
15.11, 8201
15.11, 8200
15.11, 8199
15.11, 8198
15.11, 8197
15.11, 8196
15.12, 8195
15.12, 8194
15.12, 8193
15.12, 8192
15.12, 8191
15.13, 8190
15.13, 8189
15.13, 8188
15.13, 8187
15.13, 8186
15.13, 8185
15.13, 8184
15.13, 8183
15.14, 8182
15.14, 8181
15.14, 8180
15.14, 8179
15.15, 8178
15.15, 8177
15.15, 8176
15.15, 8175
15.15, 8174
15.15, 8173
15.15, 8172
15.15, 8171
15.15, 8170
15.15, 8169
15.15, 8168
15.15, 8167
15.15, 8166
15.16, 8165
15.16, 8164
15.16, 8163
15.16, 8162
15.16, 8161
15.16, 8160
15.16, 8159
15.16, 8158
15.17, 8157
15.17, 8156
15.17, 8155
15.17, 8154
15.17, 8153
15.17, 8152
15.17, 8151
15.17, 8150
15.17, 8149
15.17, 8148
15.18, 8147
15.18, 8146
15.18, 8145
15.18, 8144
15.18, 8143
15.18, 8142
15.18, 8141
15.18, 8140
15.18, 8139
15.19, 8138
15.19, 8137
15.19, 8136
15.19, 8135
15.19, 8134
15.19, 8133
15.19, 8132
15.19, 8131
15.19, 8130
15.20, 8129
15.20, 8128
15.20, 8127
15.20, 8126
15.20, 8125
15.20, 8124
15.20, 8123
15.20, 8122
15.20, 8121
15.20, 8120
15.21, 8119
15.21, 8118
15.21, 8117
15.21, 8116
15.21, 8115
15.21, 8114
15.21, 8113
15.21, 8112
15.21, 8111
15.22, 8110
15.22, 8109
15.22, 8108
15.22, 8107
15.22, 8106
15.22, 8105
15.22, 8104
15.22, 8103
15.23, 8102
15.23, 8101
15.23, 8100
15.23, 8099
15.23, 8098
15.23, 8097
15.23, 8096
15.24, 8095
15.24, 8094
15.24, 8093
15.24, 8092
15.24, 8091
15.24, 8090
15.24, 8089
15.24, 8088
15.24, 8087
15.24, 8086
15.24, 8085
15.24, 8084
15.24, 8083
15.24, 8082
15.25, 8081
15.25, 8080
15.25, 8079
15.25, 8078
15.25, 8077
15.26, 8076
15.26, 8075
15.26, 8074
15.26, 8073
15.26, 8072
15.26, 8071
15.26, 8070
15.26, 8069
15.27, 8068
15.27, 8067
15.27, 8066
15.27, 8065
15.27, 8064
15.28, 8063
15.28, 8062
15.28, 8061
15.28, 8060
15.28, 8059
15.28, 8058
15.28, 8057
15.28, 8056
15.29, 8055
15.29, 8054
15.29, 8053
15.29, 8052
15.29, 8051
15.30, 8050
15.30, 8049
15.30, 8048
15.30, 8047
15.30, 8046
15.30, 8045
15.31, 8044
15.31, 8043
15.31, 8042
15.31, 8041
15.31, 8040
15.32, 8039
15.32, 8038
15.32, 8037
15.32, 8036
15.32, 8035
15.32, 8034
15.32, 8033
15.33, 8032
15.33, 8031
15.33, 8030
15.34, 8029
15.34, 8028
15.34, 8027
15.34, 8026
15.34, 8025
15.34, 8024
15.35, 8023
15.35, 8022
15.35, 8021
15.35, 8020
15.36, 8019
15.36, 8018
15.36, 8017
15.36, 8016
15.36, 8015
15.36, 8014
15.37, 8013
15.37, 8012
15.37, 8011
15.38, 8010
15.38, 8009
15.38, 8008
15.38, 8007
15.38, 8006
15.38, 8005
15.39, 8004
15.39, 8003
15.39, 8002
15.39, 8001
15.39, 8000
15.39, 7999
15.39, 7998
15.39, 7997
15.39, 7996
15.39, 7995
15.39, 7994
15.39, 7993
15.39, 7992
15.40, 7991
15.40, 7990
15.40, 7989
15.40, 7988
15.40, 7987
15.41, 7986
15.41, 7985
15.41, 7984
15.41, 7983
15.41, 7982
15.41, 7981
15.41, 7980
15.42, 7979
15.42, 7978
15.42, 7977
15.42, 7976
15.42, 7975
15.42, 7974
15.42, 7973
15.43, 7972
15.43, 7971
15.43, 7970
15.43, 7969
15.43, 7968
15.43, 7967
15.43, 7966
15.43, 7965
15.44, 7964
15.44, 7963
15.44, 7962
15.44, 7961
15.45, 7960
15.45, 7959
15.45, 7958
15.45, 7957
15.45, 7956
15.45, 7955
15.46, 7954
15.46, 7953
15.46, 7952
15.46, 7951
15.46, 7950
15.46, 7949
15.47, 7948
15.47, 7947
15.47, 7946
15.47, 7945
15.47, 7944
15.47, 7943
15.48, 7942
15.48, 7941
15.48, 7940
15.48, 7939
15.48, 7938
15.48, 7937
15.49, 7936
15.49, 7935
15.49, 7934
15.49, 7933
15.49, 7932
15.49, 7931
15.50, 7930
15.50, 7929
15.50, 7928
15.50, 7927
15.50, 7926
15.51, 7925
15.51, 7924
15.51, 7923
15.51, 7922
15.51, 7921
15.52, 7920
15.52, 7919
15.52, 7918
15.52, 7917
15.52, 7916
15.52, 7915
15.53, 7914
15.53, 7913
15.53, 7912
15.53, 7911
15.53, 7910
15.54, 7909
15.54, 7908
15.54, 7907
15.54, 7906
15.54, 7905
15.55, 7904
15.55, 7903
15.55, 7902
15.55, 7901
15.56, 7900
15.56, 7899
15.56, 7898
15.56, 7897
15.56, 7896
15.56, 7895
15.57, 7894
15.57, 7893
15.57, 7892
15.57, 7891
15.57, 7890
15.58, 7889
15.59, 7888
15.59, 7887
15.59, 7886
15.59, 7885
15.60, 7884
15.60, 7883
15.60, 7882
15.60, 7881
15.60, 7880
15.60, 7879
15.60, 7878
15.61, 7877
15.61, 7876
15.61, 7875
15.61, 7874
15.62, 7873
15.62, 7872
15.62, 7871
15.62, 7870
15.62, 7869
15.62, 7868
15.63, 7867
15.63, 7866
15.63, 7865
15.63, 7864
15.63, 7863
15.63, 7862
15.64, 7861
15.64, 7860
15.64, 7859
15.64, 7858
15.64, 7857
15.64, 7856
15.64, 7855
15.65, 7854
15.65, 7853
15.65, 7852
15.65, 7851
15.66, 7850
15.66, 7849
15.67, 7848
15.67, 7847
15.67, 7846
15.67, 7845
15.67, 7844
15.68, 7843
15.68, 7842
15.68, 7841
15.68, 7840
15.68, 7839
15.69, 7838
15.69, 7837
15.69, 7836
15.69, 7835
15.70, 7834
15.70, 7833
15.70, 7832
15.70, 7831
15.71, 7830
15.71, 7829
15.71, 7828
15.72, 7827
15.72, 7826
15.73, 7825
15.73, 7824
15.73, 7823
15.74, 7822
15.74, 7821
15.74, 7820
15.76, 7819
15.76, 7818
15.76, 7817
15.77, 7816
15.77, 7815
15.77, 7814
15.77, 7813
15.77, 7812
15.77, 7811
15.77, 7810
15.77, 7809
15.78, 7808
15.78, 7807
15.78, 7806
15.78, 7805
15.78, 7804
15.78, 7803
15.79, 7802
15.79, 7801
15.79, 7800
15.80, 7799
15.80, 7798
15.80, 7797
15.80, 7796
15.81, 7795
15.81, 7794
15.82, 7793
15.82, 7792
15.83, 7791
15.83, 7790
15.84, 7789
15.84, 7788
15.84, 7787
15.85, 7786
15.85, 7785
15.85, 7784
15.85, 7783
15.87, 7782
15.87, 7781
15.88, 7780
15.88, 7779
15.88, 7778
15.88, 7777
15.89, 7776
15.89, 7775
15.89, 7774
15.90, 7773
15.90, 7772
15.90, 7771
15.91, 7770
15.91, 7769
15.91, 7768
15.92, 7767
15.92, 7766
15.93, 7765
15.93, 7764
15.94, 7763
15.94, 7762
15.94, 7761
15.94, 7760
15.95, 7759
15.95, 7758
15.95, 7757
15.96, 7756
15.96, 7755
15.96, 7754
15.97, 7753
15.97, 7752
15.97, 7751
15.98, 7750
15.98, 7749
15.99, 7748
15.99, 7747
16.00, 7746
16.00, 7745
16.00, 7744
16.00, 7743
16.00, 7742
16.01, 7741
16.01, 7740
16.01, 7739
16.02, 7738
16.02, 7737
16.03, 7736
16.04, 7735
16.04, 7734
16.04, 7733
16.04, 7732
16.05, 7731
16.05, 7730
16.05, 7729
16.05, 7728
16.05, 7727
16.06, 7726
16.06, 7725
16.06, 7724
16.06, 7723
16.07, 7722
16.07, 7721
16.08, 7720
16.09, 7719
16.09, 7718
16.10, 7717
16.10, 7716
16.10, 7715
16.10, 7714
16.11, 7713
16.11, 7712
16.11, 7711
16.11, 7710
16.12, 7709
16.12, 7708
16.13, 7707
16.13, 7706
16.13, 7705
16.13, 7704
16.14, 7703
16.14, 7702
16.14, 7701
16.15, 7700
16.15, 7699
16.15, 7698
16.16, 7697
16.16, 7696
16.17, 7695
16.17, 7694
16.17, 7693
16.18, 7692
16.18, 7691
16.19, 7690
16.19, 7689
16.19, 7688
16.19, 7687
16.20, 7686
16.20, 7685
16.20, 7684
16.21, 7683
16.22, 7682
16.22, 7681
16.22, 7680
16.23, 7679
16.23, 7678
16.24, 7677
16.25, 7676
16.25, 7675
16.25, 7674
16.25, 7673
16.25, 7672
16.26, 7671
16.26, 7670
16.26, 7669
16.27, 7668
16.27, 7667
16.27, 7666
16.27, 7665
16.30, 7664
16.30, 7663
16.30, 7662
16.31, 7661
16.31, 7660
16.31, 7659
16.31, 7658
16.32, 7657
16.32, 7656
16.32, 7655
16.33, 7654
16.33, 7653
16.34, 7652
16.34, 7651
16.34, 7650
16.35, 7649
16.36, 7648
16.36, 7647
16.36, 7646
16.36, 7645
16.37, 7644
16.37, 7643
16.37, 7642
16.37, 7641
16.38, 7640
16.38, 7639
16.39, 7638
16.39, 7637
16.40, 7636
16.41, 7635
16.41, 7634
16.42, 7633
16.42, 7632
16.42, 7631
16.42, 7630
16.43, 7629
16.43, 7628
16.44, 7627
16.45, 7626
16.45, 7625
16.45, 7624
16.46, 7623
16.46, 7622
16.47, 7621
16.47, 7620
16.47, 7619
16.47, 7618
16.50, 7617
16.50, 7616
16.51, 7615
16.53, 7614
16.53, 7613
16.54, 7612
16.54, 7611
16.54, 7610
16.55, 7609
16.55, 7608
16.55, 7607
16.55, 7606
16.56, 7605
16.56, 7604
16.57, 7603
16.57, 7602
16.58, 7601
16.58, 7600
16.59, 7599
16.60, 7598
16.60, 7597
16.61, 7596
16.62, 7595
16.63, 7594
16.63, 7593
16.63, 7592
16.63, 7591
16.63, 7590
16.64, 7589
16.64, 7588
16.65, 7587
16.65, 7586
16.67, 7585
16.68, 7584
16.69, 7583
16.70, 7582
16.71, 7581
16.71, 7580
16.71, 7579
16.73, 7578
16.74, 7577
16.74, 7576
16.75, 7575
16.76, 7574
16.76, 7573
16.78, 7572
16.78, 7571
16.78, 7570
16.79, 7569
16.79, 7568
16.81, 7567
16.82, 7566
16.82, 7565
16.83, 7564
16.84, 7563
16.85, 7562
16.85, 7561
16.85, 7560
16.85, 7559
16.86, 7558
16.88, 7557
16.89, 7556
16.90, 7555
16.90, 7554
16.91, 7553
16.91, 7552
16.91, 7551
16.92, 7550
16.92, 7549
16.95, 7548
16.95, 7547
16.97, 7546
16.97, 7545
16.98, 7544
17.01, 7543
17.01, 7542
17.03, 7541
17.03, 7540
17.03, 7539
17.05, 7538
17.06, 7537
17.07, 7536
17.07, 7535
17.08, 7534
17.08, 7533
17.08, 7532
17.08, 7531
17.09, 7530
17.11, 7529
17.11, 7528
17.11, 7527
17.13, 7526
17.13, 7525
17.14, 7524
17.14, 7523
17.14, 7522
17.15, 7521
17.15, 7520
17.16, 7519
17.17, 7518
17.18, 7517
17.19, 7516
17.20, 7515
17.20, 7514
17.22, 7513
17.24, 7512
17.27, 7511
17.29, 7510
17.30, 7509
17.31, 7508
17.31, 7507
17.31, 7506
17.32, 7505
17.33, 7504
17.34, 7503
17.37, 7502
17.38, 7501
17.38, 7500
17.39, 7499
17.40, 7498
17.41, 7497
17.41, 7496
17.43, 7495
17.44, 7494
17.44, 7493
17.45, 7492
17.47, 7491
17.48, 7490
17.49, 7489
17.50, 7488
17.51, 7487
17.52, 7486
17.52, 7485
17.53, 7484
17.53, 7483
17.53, 7482
17.53, 7481
17.53, 7480
17.54, 7479
17.55, 7478
17.56, 7477
17.56, 7476
17.56, 7475
17.58, 7474
17.58, 7473
17.59, 7472
17.59, 7471
17.61, 7470
17.61, 7469
17.61, 7468
17.63, 7467
17.65, 7466
17.65, 7465
17.69, 7464
17.70, 7463
17.70, 7462
17.72, 7461
17.72, 7460
17.73, 7459
17.73, 7458
17.74, 7457
17.74, 7456
17.75, 7455
17.75, 7454
17.78, 7453
17.80, 7452
17.80, 7451
17.81, 7450
17.85, 7449
17.89, 7448
17.90, 7447
17.91, 7446
17.93, 7445
17.94, 7444
17.97, 7443
17.97, 7442
17.99, 7441
17.99, 7440
17.99, 7439
18.00, 7438
18.00, 7437
18.02, 7436
18.04, 7435
18.05, 7434
18.05, 7433
18.06, 7432
18.09, 7431
18.12, 7430
18.13, 7429
18.14, 7428
18.15, 7427
18.18, 7426
18.19, 7425
18.20, 7424
18.21, 7423
18.22, 7422
18.23, 7421
18.24, 7420
18.26, 7419
18.26, 7418
18.30, 7417
18.33, 7416
18.34, 7415
18.35, 7414
18.35, 7413
18.37, 7412
18.41, 7411
18.43, 7410
18.43, 7409
18.44, 7408
18.45, 7407
18.46, 7406
18.48, 7405
18.50, 7404
18.50, 7403
18.51, 7402
18.54, 7401
18.57, 7400
18.59, 7399
18.60, 7398
18.63, 7397
18.64, 7396
18.65, 7395
18.66, 7394
18.67, 7393
18.68, 7392
18.69, 7391
18.71, 7390
18.73, 7389
18.74, 7388
18.74, 7387
18.75, 7386
18.77, 7385
18.77, 7384
18.78, 7383
18.79, 7382
18.80, 7381
18.83, 7380
18.89, 7379
18.93, 7378
18.94, 7377
18.96, 7376
18.97, 7375
18.97, 7374
19.01, 7373
19.02, 7372
19.06, 7371
19.06, 7370
19.07, 7369
19.14, 7368
19.15, 7367
19.16, 7366
19.18, 7365
19.20, 7364
19.22, 7363
19.23, 7362
19.29, 7361
19.32, 7360
19.33, 7359
19.35, 7358
19.36, 7357
19.37, 7356
19.37, 7355
19.39, 7354
19.40, 7353
19.45, 7352
19.47, 7351
19.50, 7350
19.53, 7349
19.55, 7348
19.55, 7347
19.56, 7346
19.60, 7345
19.66, 7344
19.66, 7343
19.66, 7342
19.68, 7341
19.69, 7340
19.76, 7339
19.76, 7338
19.83, 7337
19.90, 7336
19.97, 7335
19.97, 7334
19.98, 7333
19.98, 7332
19.98, 7331
20.03, 7330
20.04, 7329
20.07, 7328
20.11, 7327
20.11, 7326
20.37, 7325
20.39, 7324
20.44, 7323
20.51, 7322
20.53, 7321
20.64, 7320
20.66, 7319
20.71, 7318
20.71, 7317
20.77, 7316
20.79, 7315
20.84, 7314
20.87, 7313
20.87, 7312
20.90, 7311
20.92, 7310
20.95, 7309
20.97, 7308
20.99, 7307
21.02, 7306
21.03, 7305
21.13, 7304
21.15, 7303
21.17, 7302
21.19, 7301
21.28, 7300
21.29, 7299
21.30, 7298
21.33, 7297
21.52, 7296
21.58, 7295
21.64, 7294
21.77, 7293
21.94, 7292
22.09, 7291
22.31, 7290
22.32, 7289
22.37, 7288
22.50, 7287
22.55, 7286
22.58, 7285
22.59, 7284
22.79, 7283
22.93, 7282
23.28, 7281
23.56, 7280
23.75, 7279
24.40, 7278
24.46, 7277
25.18, 7276
25.21, 7275
25.32, 7274
25.49, 7273
25.66, 7272
26.38, 7271
26.80, 7270
