7.55, 5492
7.55, 5494
7.55, 5507
7.56, 5546
7.57, 5562
7.57, 5578
7.57, 5577
7.57, 5583
7.57, 5591
7.58, 5603
7.58, 5612
7.58, 5611
7.58, 5617
7.59, 5620
7.59, 5621
7.59, 5627
7.59, 5627
7.59, 5632
7.59, 5636
7.59, 5639
7.60, 5642
7.60, 5641
7.60, 5640
7.61, 5639
7.61, 5638
7.61, 5637
7.61, 5636
7.61, 5635
7.62, 5634
7.62, 5633
7.63, 5632
7.63, 5631
7.64, 5630
7.65, 5629
7.65, 5628
7.65, 5627
7.66, 5626
7.66, 5625
7.66, 5624
7.66, 5623
7.66, 5622
7.66, 5621
7.66, 5620
7.66, 5619
7.67, 5618
7.67, 5617
7.67, 5616
7.68, 5615
7.68, 5614
7.68, 5613
7.68, 5612
7.68, 5611
7.69, 5610
7.69, 5609
7.69, 5608
7.70, 5607
7.70, 5606
7.70, 5605
7.70, 5604
7.70, 5603
7.70, 5602
7.71, 5601
7.71, 5600
7.71, 5599
7.71, 5598
7.72, 5597
7.72, 5596
7.72, 5595
7.72, 5594
7.72, 5593
7.72, 5592
7.73, 5591
7.73, 5590
7.73, 5589
7.74, 5588
7.74, 5587
7.75, 5586
7.75, 5585
7.75, 5584
7.75, 5583
7.75, 5582
7.76, 5581
7.76, 5580
7.76, 5579
7.77, 5578
7.77, 5577
7.77, 5576
7.78, 5575
7.78, 5574
7.78, 5573
7.78, 5572
7.79, 5571
7.79, 5570
7.79, 5569
7.80, 5568
7.80, 5567
7.81, 5566
7.81, 5565
7.81, 5564
7.81, 5563
7.82, 5562
7.82, 5561
7.82, 5560
7.82, 5559
7.82, 5558
7.82, 5557
7.82, 5556
7.82, 5555
7.83, 5554
7.83, 5553
7.84, 5552
7.84, 5551
7.84, 5550
7.84, 5549
7.84, 5548
7.85, 5547
7.85, 5546
7.86, 5545
7.86, 5544
7.86, 5543
7.86, 5542
7.86, 5541
7.86, 5540
7.87, 5539
7.87, 5538
7.88, 5537
7.88, 5536
7.88, 5535
7.88, 5534
7.89, 5533
7.89, 5532
7.89, 5531
7.89, 5530
7.90, 5529
7.90, 5528
7.90, 5527
7.90, 5526
7.90, 5525
7.90, 5524
7.90, 5523
7.91, 5522
7.91, 5521
7.92, 5520
7.92, 5519
7.92, 5518
7.92, 5517
7.93, 5516
7.93, 5515
7.93, 5514
7.93, 5513
7.93, 5512
7.93, 5511
7.93, 5510
7.94, 5509
7.94, 5508
7.95, 5507
7.95, 5506
7.95, 5505
7.96, 5504
7.96, 5503
7.96, 5502
7.97, 5501
7.97, 5500
7.97, 5499
7.97, 5498
7.98, 5497
7.98, 5496
7.98, 5495
7.98, 5494
7.98, 5493
7.98, 5492
7.99, 5491
7.99, 5490
7.99, 5489
8.00, 5488
8.00, 5487
8.00, 5486
8.00, 5485
8.00, 5484
8.00, 5483
8.00, 5482
8.00, 5481
8.00, 5480
8.01, 5479
8.01, 5478
8.01, 5477
8.02, 5476
8.02, 5475
8.02, 5474
8.02, 5473
8.02, 5472
8.02, 5471
8.02, 5470
8.03, 5469
8.03, 5468
8.03, 5467
8.04, 5466
8.05, 5465
8.05, 5464
8.05, 5463
8.06, 5462
8.06, 5461
8.06, 5460
8.07, 5459
8.08, 5458
8.08, 5457
8.08, 5456
8.09, 5455
8.09, 5454
8.09, 5453
8.10, 5452
8.11, 5451
8.11, 5450
8.12, 5449
8.12, 5448
8.12, 5447
8.12, 5446
8.12, 5445
8.12, 5444
8.12, 5443
8.13, 5442
8.13, 5441
8.13, 5440
8.14, 5439
8.14, 5438
8.15, 5437
8.15, 5436
8.15, 5435
8.15, 5434
8.15, 5433
8.16, 5432
8.16, 5431
8.16, 5430
8.16, 5429
8.17, 5428
8.18, 5427
8.18, 5426
8.18, 5425
8.18, 5424
8.18, 5423
8.18, 5422
8.19, 5421
8.19, 5420
8.19, 5419
8.20, 5418
8.20, 5417
8.21, 5416
8.21, 5415
8.22, 5414
8.22, 5413
8.22, 5412
8.23, 5411
8.23, 5410
8.23, 5409
8.23, 5408
8.24, 5407
8.24, 5406
8.24, 5405
8.25, 5404
8.25, 5403
8.25, 5402
8.27, 5401
8.27, 5400
8.27, 5399
8.27, 5398
8.27, 5397
8.27, 5396
8.27, 5395
8.28, 5394
8.28, 5393
8.28, 5392
8.28, 5391
8.28, 5390
8.28, 5389
8.29, 5388
8.30, 5387
8.30, 5386
8.30, 5385
8.30, 5384
8.31, 5383
8.31, 5382
8.32, 5381
8.32, 5380
8.32, 5379
8.33, 5378
8.33, 5377
8.34, 5376
8.35, 5375
8.35, 5374
8.35, 5373
8.35, 5372
8.36, 5371
8.37, 5370
8.37, 5369
8.37, 5368
8.37, 5367
8.37, 5366
8.39, 5365
8.39, 5364
8.39, 5363
8.39, 5362
8.39, 5361
8.40, 5360
8.40, 5359
8.41, 5358
8.41, 5357
8.41, 5356
8.42, 5355
8.42, 5354
8.42, 5353
8.43, 5352
8.44, 5351
8.44, 5350
8.44, 5349
8.44, 5348
8.44, 5347
8.45, 5346
8.45, 5345
8.45, 5344
8.45, 5343
8.45, 5342
8.46, 5341
8.46, 5340
8.46, 5339
8.46, 5338
8.46, 5337
8.46, 5336
8.47, 5335
8.47, 5334
8.48, 5333
8.49, 5332
8.49, 5331
8.50, 5330
8.50, 5329
8.50, 5328
8.51, 5327
8.51, 5326
8.51, 5325
8.51, 5324
8.52, 5323
8.52, 5322
8.54, 5321
8.54, 5320
8.55, 5319
8.56, 5318
8.56, 5317
8.57, 5316
8.59, 5315
8.59, 5314
8.59, 5313
8.61, 5312
8.61, 5311
8.61, 5310
8.62, 5309
8.62, 5308
8.63, 5307
8.63, 5306
8.64, 5305
8.65, 5304
8.66, 5303
8.66, 5302
8.66, 5301
8.68, 5300
8.69, 5299
8.69, 5298
8.70, 5297
8.70, 5296
8.71, 5295
8.72, 5294
8.72, 5293
8.73, 5292
8.73, 5291
8.73, 5290
8.74, 5289
8.75, 5288
8.75, 5287
8.75, 5286
8.76, 5285
8.76, 5284
8.76, 5283
8.76, 5282
8.76, 5281
8.77, 5280
8.77, 5279
8.77, 5278
8.78, 5277
8.79, 5276
8.80, 5275
8.81, 5274
8.81, 5273
8.81, 5272
8.81, 5271
8.81, 5270
8.82, 5269
8.82, 5268
8.82, 5267
8.82, 5266
8.83, 5265
8.84, 5264
8.84, 5263
8.84, 5262
8.85, 5261
8.85, 5260
8.85, 5259
8.86, 5258
8.86, 5257
8.87, 5256
8.87, 5255
8.87, 5254
8.87, 5253
8.88, 5252
8.88, 5251
8.88, 5250
8.89, 5249
8.89, 5248
8.89, 5247
8.89, 5246
8.89, 5245
8.90, 5244
8.90, 5243
8.90, 5242
8.91, 5241
8.92, 5240
8.92, 5239
8.93, 5238
8.94, 5237
8.94, 5236
8.95, 5235
8.96, 5234
8.96, 5233
8.97, 5232
8.97, 5231
8.98, 5230
8.98, 5229
8.99, 5228
8.99, 5227
8.99, 5226
9.00, 5225
9.00, 5224
9.01, 5223
9.01, 5222
9.01, 5221
9.02, 5220
9.02, 5219
9.02, 5218
9.02, 5217
9.03, 5216
9.05, 5215
9.05, 5214
9.06, 5213
9.06, 5212
9.06, 5211
9.07, 5210
9.08, 5209
9.08, 5208
9.10, 5207
9.10, 5206
9.10, 5205
9.10, 5204
9.10, 5203
9.11, 5202
9.11, 5201
9.12, 5200
9.13, 5199
9.14, 5198
9.14, 5197
9.15, 5196
9.16, 5195
9.17, 5194
9.19, 5193
9.19, 5192
9.19, 5191
9.20, 5190
9.21, 5189
9.21, 5188
9.23, 5187
9.23, 5186
9.23, 5185
9.23, 5184
9.24, 5183
9.24, 5182
9.24, 5181
9.24, 5180
9.24, 5179
9.25, 5178
9.25, 5177
9.26, 5176
9.28, 5175
9.30, 5174
9.31, 5173
9.33, 5172
9.33, 5171
9.33, 5170
9.34, 5169
9.34, 5168
9.35, 5167
9.35, 5166
9.36, 5165
9.36, 5164
9.40, 5163
9.41, 5162
9.42, 5161
9.42, 5160
9.43, 5159
9.43, 5158
9.45, 5157
9.45, 5156
9.45, 5155
9.47, 5154
9.47, 5153
9.47, 5152
9.48, 5151
9.49, 5150
9.49, 5149
9.50, 5148
9.53, 5147
9.53, 5146
9.54, 5145
9.55, 5144
9.57, 5143
9.57, 5142
9.58, 5141
9.58, 5140
9.59, 5139
9.59, 5138
9.60, 5137
9.60, 5136
9.60, 5135
9.60, 5134
9.61, 5133
9.61, 5132
9.62, 5131
9.62, 5130
9.64, 5129
9.65, 5128
9.66, 5127
9.66, 5126
9.66, 5125
9.67, 5124
9.67, 5123
9.67, 5122
9.68, 5121
9.68, 5120
9.68, 5119
9.69, 5118
9.69, 5117
9.69, 5116
9.70, 5115
9.70, 5114
9.72, 5113
9.72, 5112
9.72, 5111
9.73, 5110
9.73, 5109
9.75, 5108
9.77, 5107
9.78, 5106
9.81, 5105
9.82, 5104
9.82, 5103
9.83, 5102
9.84, 5101
9.85, 5100
9.85, 5099
9.85, 5098
9.85, 5097
9.86, 5096
9.87, 5095
9.87, 5094
9.88, 5093
9.88, 5092
9.89, 5091
9.90, 5090
9.93, 5089
9.95, 5088
9.95, 5087
9.95, 5086
9.96, 5085
9.96, 5084
9.97, 5083
9.98, 5082
9.98, 5081
9.99, 5080
9.99, 5079
10.00, 5078
10.01, 5077
10.02, 5076
10.02, 5075
10.03, 5074
10.04, 5073
10.04, 5072
10.05, 5071
10.06, 5070
10.06, 5069
10.07, 5068
10.07, 5067
10.07, 5066
10.08, 5065
10.09, 5064
10.10, 5063
10.10, 5062
10.11, 5061
10.11, 5060
10.11, 5059
10.12, 5058
10.13, 5057
10.15, 5056
10.15, 5055
10.15, 5054
10.15, 5053
10.18, 5052
10.19, 5051
10.19, 5050
10.20, 5049
10.20, 5048
10.23, 5047
10.23, 5046
10.24, 5045
10.24, 5044
10.26, 5043
10.28, 5042
10.28, 5041
10.29, 5040
10.29, 5039
10.30, 5038
10.30, 5037
10.31, 5036
10.31, 5035
10.35, 5034
10.36, 5033
10.37, 5032
10.38, 5031
10.38, 5030
10.41, 5029
10.42, 5028
10.43, 5027
10.43, 5026
10.49, 5025
10.50, 5024
10.52, 5023
10.54, 5022
10.54, 5021
10.55, 5020
10.56, 5019
10.57, 5018
10.60, 5017
10.61, 5016
10.64, 5015
10.64, 5014
10.66, 5013
10.66, 5012
10.67, 5011
10.68, 5010
10.68, 5009
10.69, 5008
10.70, 5007
10.70, 5006
10.72, 5005
10.72, 5004
10.80, 5003
10.80, 5002
10.80, 5001
10.81, 5000
10.82, 4999
10.85, 4998
10.86, 4997
10.88, 4996
10.88, 4995
10.89, 4994
10.89, 4993
10.93, 4992
10.96, 4991
10.98, 4990
10.99, 4989
11.01, 4988
11.05, 4987
11.06, 4986
11.07, 4985
11.09, 4984
11.12, 4983
11.13, 4982
11.14, 4981
11.16, 4980
11.16, 4979
11.19, 4978
11.20, 4977
11.20, 4976
11.21, 4975
11.25, 4974
11.27, 4973
11.31, 4972
11.34, 4971
11.36, 4970
11.38, 4969
11.42, 4968
11.43, 4967
11.45, 4966
11.45, 4965
11.47, 4964
11.49, 4963
11.51, 4962
11.54, 4961
11.54, 4960
11.55, 4959
11.56, 4958
11.56, 4957
11.58, 4956
11.62, 4955
11.62, 4954
11.63, 4953
11.63, 4952
11.64, 4951
11.67, 4950
11.67, 4949
11.70, 4948
11.72, 4947
11.72, 4946
11.73, 4945
11.74, 4944
11.77, 4943
11.77, 4942
11.78, 4941
11.79, 4940
11.79, 4939
11.82, 4938
11.89, 4937
11.89, 4936
11.95, 4935
11.98, 4934
11.98, 4933
11.98, 4932
12.00, 4931
12.00, 4930
12.03, 4929
12.04, 4928
12.05, 4927
12.06, 4926
12.11, 4925
12.13, 4924
12.15, 4923
12.19, 4922
12.19, 4921
12.20, 4920
12.22, 4919
12.26, 4918
12.32, 4917
12.37, 4916
12.37, 4915
12.38, 4914
12.39, 4913
12.43, 4912
12.61, 4911
12.62, 4910
12.67, 4909
12.68, 4908
12.68, 4907
12.73, 4906
12.76, 4905
12.80, 4904
12.81, 4903
12.84, 4902
13.02, 4901
13.06, 4900
13.07, 4899
13.10, 4898
13.13, 4897
13.18, 4896
13.28, 4895
13.37, 4894
13.42, 4893
13.42, 4892
13.49, 4891
13.52, 4890
13.52, 4889
13.54, 4888
13.64, 4887
13.78, 4886
13.80, 4885
13.80, 4884
13.80, 4883
13.86, 4882
13.93, 4881
13.96, 4880
13.98, 4879
14.01, 4878
14.02, 4877
14.12, 4876
14.20, 4875
14.30, 4874
14.33, 4873
14.36, 4872
14.46, 4871
14.76, 4870
14.82, 4869
14.88, 4868
14.97, 4867
15.35, 4866
15.39, 4865
15.57, 4864
15.60, 4863
15.91, 4862
15.95, 4861
16.25, 4860
16.45, 4859
16.46, 4858
17.33, 4857
17.41, 4856
17.44, 4855
22.77, 4854
