15.75, 8392
15.76, 8394
15.76, 8394
15.76, 8394
15.76, 8393
15.76, 8392
15.76, 8391
15.76, 8391
15.76, 8392
15.76, 8392
15.77, 8391
15.77, 8390
15.77, 8389
15.77, 8391
15.77, 8390
15.77, 8389
15.77, 8388
15.77, 8387
15.77, 8386
15.77, 8386
15.77, 8385
15.77, 8386
15.77, 8385
15.77, 8387
15.78, 8386
15.78, 8387
15.78, 8387
15.78, 8387
15.78, 8387
15.78, 8386
15.78, 8385
15.78, 8384
15.78, 8387
15.78, 8386
15.78, 8387
15.79, 8386
15.79, 8385
15.79, 8387
15.79, 8388
15.79, 8391
15.79, 8391
15.79, 8393
15.79, 8392
15.80, 8391
15.80, 8391
15.80, 8390
15.80, 8389
15.80, 8388
15.80, 8388
15.80, 8387
15.80, 8386
15.80, 8385
15.80, 8384
15.80, 8383
15.80, 8383
15.80, 8383
15.81, 8383
15.81, 8383
15.81, 8383
15.81, 8382
15.81, 8382
15.81, 8383
15.81, 8383
15.81, 8382
15.81, 8381
15.81, 8382
15.81, 8381
15.81, 8380
15.81, 8382
15.82, 8381
15.82, 8380
15.82, 8379
15.82, 8378
15.82, 8377
15.82, 8376
15.82, 8377
15.82, 8376
15.82, 8375
15.82, 8374
15.82, 8373
15.82, 8372
15.82, 8371
15.82, 8370
15.82, 8370
15.82, 8369
15.82, 8368
15.82, 8368
15.83, 8367
15.83, 8367
15.83, 8367
15.83, 8368
15.83, 8367
15.83, 8367
15.83, 8366
15.83, 8365
15.83, 8364
15.83, 8363
15.84, 8362
15.84, 8361
15.84, 8360
15.84, 8359
15.84, 8358
15.84, 8357
15.84, 8356
15.84, 8355
15.84, 8354
15.84, 8353
15.84, 8352
15.85, 8351
15.85, 8350
15.85, 8349
15.85, 8348
15.85, 8347
15.85, 8346
15.85, 8345
15.85, 8344
15.85, 8343
15.85, 8342
15.85, 8341
15.85, 8340
15.85, 8339
15.85, 8338
15.86, 8337
15.86, 8336
15.86, 8335
15.86, 8334
15.86, 8333
15.86, 8332
15.86, 8331
15.86, 8330
15.86, 8329
15.86, 8328
15.86, 8327
15.86, 8326
15.87, 8325
15.87, 8324
15.87, 8323
15.87, 8322
15.87, 8321
15.87, 8320
15.87, 8319
15.87, 8318
15.87, 8317
15.87, 8316
15.88, 8315
15.88, 8314
15.88, 8313
15.88, 8312
15.88, 8311
15.88, 8310
15.88, 8309
15.88, 8308
15.88, 8307
15.88, 8306
15.88, 8305
15.88, 8304
15.88, 8303
15.89, 8302
15.89, 8301
15.89, 8300
15.89, 8299
15.89, 8298
15.89, 8297
15.89, 8296
15.89, 8295
15.89, 8294
15.89, 8293
15.89, 8292
15.89, 8291
15.89, 8290
15.90, 8289
15.90, 8288
15.90, 8287
15.90, 8286
15.90, 8285
15.90, 8284
15.90, 8283
15.90, 8282
15.90, 8281
15.90, 8280
15.90, 8279
15.90, 8278
15.90, 8277
15.90, 8276
15.91, 8275
15.91, 8274
15.91, 8273
15.91, 8272
15.91, 8271
15.91, 8270
15.91, 8269
15.91, 8268
15.91, 8267
15.91, 8266
15.91, 8265
15.91, 8264
15.91, 8263
15.92, 8262
15.92, 8261
15.92, 8260
15.92, 8259
15.92, 8258
15.92, 8257
15.92, 8256
15.92, 8255
15.92, 8254
15.92, 8253
15.93, 8252
15.93, 8251
15.93, 8250
15.93, 8249
15.93, 8248
15.93, 8247
15.93, 8246
15.93, 8245
15.93, 8244
15.93, 8243
15.94, 8242
15.94, 8241
15.94, 8240
15.94, 8239
15.94, 8238
15.94, 8237
15.94, 8236
15.94, 8235
15.94, 8234
15.95, 8233
15.95, 8232
15.95, 8231
15.95, 8230
15.95, 8229
15.95, 8228
15.95, 8227
15.96, 8226
15.96, 8225
15.96, 8224
15.96, 8223
15.96, 8222
15.96, 8221
15.96, 8220
15.96, 8219
15.96, 8218
15.96, 8217
15.97, 8216
15.97, 8215
15.97, 8214
15.97, 8213
15.97, 8212
15.97, 8211
15.97, 8210
15.97, 8209
15.97, 8208
15.97, 8207
15.98, 8206
15.98, 8205
15.98, 8204
15.98, 8203
15.98, 8202
15.98, 8201
15.98, 8200
15.98, 8199
15.98, 8198
15.98, 8197
15.98, 8196
15.98, 8195
15.98, 8194
15.98, 8193
15.98, 8192
15.98, 8191
15.98, 8190
15.99, 8189
15.99, 8188
15.99, 8187
15.99, 8186
15.99, 8185
15.99, 8184
16.00, 8183
16.00, 8182
16.00, 8181
16.00, 8180
16.00, 8179
16.00, 8178
16.00, 8177
16.00, 8176
16.00, 8175
16.00, 8174
16.00, 8173
16.01, 8172
16.01, 8171
16.01, 8170
16.01, 8169
16.01, 8168
16.01, 8167
16.01, 8166
16.01, 8165
16.01, 8164
16.02, 8163
16.02, 8162
16.02, 8161
16.02, 8160
16.02, 8159
16.02, 8158
16.02, 8157
16.02, 8156
16.02, 8155
16.02, 8154
16.02, 8153
16.02, 8152
16.03, 8151
16.03, 8150
16.03, 8149
16.03, 8148
16.03, 8147
16.03, 8146
16.03, 8145
16.04, 8144
16.04, 8143
16.04, 8142
16.04, 8141
16.04, 8140
16.04, 8139
16.04, 8138
16.04, 8137
16.04, 8136
16.05, 8135
16.05, 8134
16.05, 8133
16.05, 8132
16.05, 8131
16.05, 8130
16.05, 8129
16.05, 8128
16.05, 8127
16.06, 8126
16.06, 8125
16.06, 8124
16.06, 8123
16.06, 8122
16.06, 8121
16.06, 8120
16.06, 8119
16.06, 8118
16.06, 8117
16.06, 8116
16.06, 8115
16.06, 8114
16.07, 8113
16.07, 8112
16.07, 8111
16.07, 8110
16.07, 8109
16.07, 8108
16.08, 8107
16.08, 8106
16.08, 8105
16.08, 8104
16.08, 8103
16.08, 8102
16.09, 8101
16.09, 8100
16.09, 8099
16.09, 8098
16.10, 8097
16.10, 8096
16.10, 8095
16.10, 8094
16.10, 8093
16.11, 8092
16.11, 8091
16.11, 8090
16.11, 8089
16.11, 8088
16.11, 8087
16.11, 8086
16.11, 8085
16.12, 8084
16.12, 8083
16.12, 8082
16.13, 8081
16.13, 8080
16.13, 8079
16.13, 8078
16.13, 8077
16.13, 8076
16.13, 8075
16.14, 8074
16.14, 8073
16.14, 8072
16.14, 8071
16.14, 8070
16.14, 8069
16.15, 8068
16.15, 8067
16.15, 8066
16.15, 8065
16.16, 8064
16.16, 8063
16.16, 8062
16.16, 8061
16.16, 8060
16.16, 8059
16.17, 8058
16.17, 8057
16.17, 8056
16.17, 8055
16.17, 8054
16.17, 8053
16.17, 8052
16.17, 8051
16.18, 8050
16.18, 8049
16.18, 8048
16.18, 8047
16.18, 8046
16.18, 8045
16.18, 8044
16.18, 8043
16.19, 8042
16.19, 8041
16.19, 8040
16.19, 8039
16.19, 8038
16.19, 8037
16.19, 8036
16.20, 8035
16.20, 8034
16.20, 8033
16.20, 8032
16.20, 8031
16.20, 8030
16.21, 8029
16.21, 8028
16.21, 8027
16.21, 8026
16.21, 8025
16.21, 8024
16.21, 8023
16.21, 8022
16.22, 8021
16.22, 8020
16.22, 8019
16.22, 8018
16.22, 8017
16.22, 8016
16.23, 8015
16.23, 8014
16.23, 8013
16.23, 8012
16.23, 8011
16.23, 8010
16.24, 8009
16.24, 8008
16.24, 8007
16.24, 8006
16.24, 8005
16.24, 8004
16.24, 8003
16.24, 8002
16.25, 8001
16.25, 8000
16.25, 7999
16.25, 7998
16.25, 7997
16.25, 7996
16.26, 7995
16.26, 7994
16.26, 7993
16.26, 7992
16.26, 7991
16.27, 7990
16.27, 7989
16.27, 7988
16.27, 7987
16.27, 7986
16.27, 7985
16.28, 7984
16.28, 7983
16.28, 7982
16.29, 7981
16.29, 7980
16.29, 7979
16.30, 7978
16.30, 7977
16.30, 7976
16.30, 7975
16.30, 7974
16.31, 7973
16.31, 7972
16.31, 7971
16.31, 7970
16.31, 7969
16.31, 7968
16.32, 7967
16.32, 7966
16.32, 7965
16.33, 7964
16.33, 7963
16.33, 7962
16.33, 7961
16.33, 7960
16.33, 7959
16.34, 7958
16.34, 7957
16.34, 7956
16.35, 7955
16.35, 7954
16.35, 7953
16.35, 7952
16.35, 7951
16.35, 7950
16.35, 7949
16.35, 7948
16.36, 7947
16.36, 7946
16.37, 7945
16.37, 7944
16.37, 7943
16.38, 7942
16.38, 7941
16.38, 7940
16.39, 7939
16.39, 7938
16.39, 7937
16.39, 7936
16.39, 7935
16.39, 7934
16.39, 7933
16.40, 7932
16.40, 7931
16.40, 7930
16.40, 7929
16.40, 7928
16.41, 7927
16.41, 7926
16.41, 7925
16.42, 7924
16.42, 7923
16.42, 7922
16.42, 7921
16.42, 7920
16.42, 7919
16.42, 7918
16.43, 7917
16.43, 7916
16.43, 7915
16.44, 7914
16.44, 7913
16.45, 7912
16.45, 7911
16.45, 7910
16.45, 7909
16.45, 7908
16.45, 7907
16.45, 7906
16.45, 7905
16.45, 7904
16.46, 7903
16.46, 7902
16.46, 7901
16.46, 7900
16.46, 7899
16.46, 7898
16.46, 7897
16.47, 7896
16.47, 7895
16.47, 7894
16.47, 7893
16.47, 7892
16.47, 7891
16.47, 7890
16.47, 7889
16.48, 7888
16.48, 7887
16.48, 7886
16.48, 7885
16.48, 7884
16.49, 7883
16.49, 7882
16.49, 7881
16.49, 7880
16.49, 7879
16.49, 7878
16.50, 7877
16.50, 7876
16.50, 7875
16.50, 7874
16.50, 7873
16.50, 7872
16.51, 7871
16.51, 7870
16.51, 7869
16.51, 7868
16.51, 7867
16.51, 7866
16.51, 7865
16.52, 7864
16.52, 7863
16.52, 7862
16.52, 7861
16.52, 7860
16.52, 7859
16.53, 7858
16.53, 7857
16.53, 7856
16.53, 7855
16.53, 7854
16.53, 7853
16.53, 7852
16.54, 7851
16.54, 7850
16.54, 7849
16.55, 7848
16.55, 7847
16.55, 7846
16.55, 7845
16.55, 7844
16.55, 7843
16.56, 7842
16.56, 7841
16.56, 7840
16.56, 7839
16.56, 7838
16.56, 7837
16.56, 7836
16.57, 7835
16.57, 7834
16.57, 7833
16.57, 7832
16.57, 7831
16.58, 7830
16.58, 7829
16.58, 7828
16.58, 7827
16.59, 7826
16.60, 7825
16.60, 7824
16.60, 7823
16.61, 7822
16.61, 7821
16.61, 7820
16.61, 7819
16.62, 7818
16.62, 7817
16.62, 7816
16.63, 7815
16.63, 7814
16.63, 7813
16.64, 7812
16.64, 7811
16.64, 7810
16.64, 7809
16.64, 7808
16.65, 7807
16.65, 7806
16.66, 7805
16.66, 7804
16.66, 7803
16.67, 7802
16.67, 7801
16.67, 7800
16.67, 7799
16.68, 7798
16.68, 7797
16.68, 7796
16.68, 7795
16.69, 7794
16.69, 7793
16.69, 7792
16.69, 7791
16.70, 7790
16.70, 7789
16.70, 7788
16.70, 7787
16.70, 7786
16.71, 7785
16.72, 7784
16.72, 7783
16.72, 7782
16.72, 7781
16.73, 7780
16.73, 7779
16.73, 7778
16.73, 7777
16.74, 7776
16.74, 7775
16.74, 7774
16.75, 7773
16.75, 7772
16.75, 7771
16.76, 7770
16.76, 7769
16.76, 7768
16.76, 7767
16.77, 7766
16.77, 7765
16.77, 7764
16.77, 7763
16.77, 7762
16.78, 7761
16.78, 7760
16.78, 7759
16.79, 7758
16.79, 7757
16.80, 7756
16.81, 7755
16.82, 7754
16.82, 7753
16.82, 7752
16.83, 7751
16.83, 7750
16.83, 7749
16.83, 7748
16.84, 7747
16.84, 7746
16.84, 7745
16.84, 7744
16.84, 7743
16.85, 7742
16.85, 7741
16.86, 7740
16.86, 7739
16.86, 7738
16.87, 7737
16.87, 7736
16.88, 7735
16.88, 7734
16.88, 7733
16.88, 7732
16.88, 7731
16.89, 7730
16.89, 7729
16.90, 7728
16.90, 7727
16.90, 7726
16.90, 7725
16.91, 7724
16.92, 7723
16.92, 7722
16.93, 7721
16.93, 7720
16.94, 7719
16.94, 7718
16.96, 7717
16.97, 7716
16.97, 7715
16.97, 7714
16.98, 7713
16.99, 7712
16.99, 7711
16.99, 7710
16.99, 7709
16.99, 7708
16.99, 7707
16.99, 7706
17.00, 7705
17.00, 7704
17.00, 7703
17.01, 7702
17.01, 7701
17.01, 7700
17.01, 7699
17.02, 7698
17.03, 7697
17.03, 7696
17.04, 7695
17.04, 7694
17.04, 7693
17.05, 7692
17.05, 7691
17.06, 7690
17.06, 7689
17.06, 7688
17.07, 7687
17.07, 7686
17.08, 7685
17.08, 7684
17.08, 7683
17.08, 7682
17.10, 7681
17.10, 7680
17.10, 7679
17.11, 7678
17.11, 7677
17.11, 7676
17.11, 7675
17.11, 7674
17.11, 7673
17.11, 7672
17.12, 7671
17.13, 7670
17.13, 7669
17.14, 7668
17.14, 7667
17.14, 7666
17.15, 7665
17.16, 7664
17.16, 7663
17.16, 7662
17.17, 7661
17.17, 7660
17.18, 7659
17.19, 7658
17.20, 7657
17.21, 7656
17.22, 7655
17.22, 7654
17.23, 7653
17.23, 7652
17.23, 7651
17.24, 7650
17.27, 7649
17.27, 7648
17.27, 7647
17.28, 7646
17.28, 7645
17.29, 7644
17.29, 7643
17.29, 7642
17.30, 7641
17.31, 7640
17.31, 7639
17.31, 7638
17.31, 7637
17.32, 7636
17.32, 7635
17.32, 7634
17.33, 7633
17.33, 7632
17.33, 7631
17.36, 7630
17.36, 7629
17.38, 7628
17.39, 7627
17.39, 7626
17.39, 7625
17.40, 7624
17.41, 7623
17.41, 7622
17.41, 7621
17.43, 7620
17.44, 7619
17.44, 7618
17.45, 7617
17.46, 7616
17.47, 7615
17.48, 7614
17.48, 7613
17.49, 7612
17.49, 7611
17.53, 7610
17.53, 7609
17.54, 7608
17.54, 7607
17.54, 7606
17.54, 7605
17.55, 7604
17.55, 7603
17.57, 7602
17.58, 7601
17.59, 7600
17.60, 7599
17.61, 7598
17.62, 7597
17.65, 7596
17.65, 7595
17.66, 7594
17.67, 7593
17.68, 7592
17.70, 7591
17.70, 7590
17.70, 7589
17.71, 7588
17.72, 7587
17.73, 7586
17.73, 7585
17.73, 7584
17.74, 7583
17.75, 7582
17.75, 7581
17.76, 7580
17.76, 7579
17.76, 7578
17.77, 7577
17.77, 7576
17.78, 7575
17.79, 7574
17.80, 7573
17.80, 7572
17.80, 7571
17.81, 7570
17.84, 7569
17.85, 7568
17.88, 7567
17.89, 7566
17.91, 7565
17.91, 7564
17.91, 7563
17.93, 7562
17.94, 7561
17.95, 7560
17.95, 7559
17.95, 7558
17.97, 7557
17.97, 7556
17.98, 7555
17.99, 7554
18.00, 7553
18.00, 7552
18.01, 7551
18.03, 7550
18.03, 7549
18.03, 7548
18.04, 7547
18.05, 7546
18.07, 7545
18.08, 7544
18.10, 7543
18.12, 7542
18.12, 7541
18.13, 7540
18.13, 7539
18.14, 7538
18.14, 7537
18.14, 7536
18.14, 7535
18.15, 7534
18.15, 7533
18.16, 7532
18.17, 7531
18.19, 7530
18.20, 7529
18.20, 7528
18.21, 7527
18.21, 7526
18.22, 7525
18.22, 7524
18.22, 7523
18.22, 7522
18.25, 7521
18.26, 7520
18.27, 7519
18.27, 7518
18.27, 7517
18.29, 7516
18.29, 7515
18.29, 7514
18.31, 7513
18.31, 7512
18.32, 7511
18.34, 7510
18.35, 7509
18.36, 7508
18.36, 7507
18.36, 7506
18.37, 7505
18.40, 7504
18.41, 7503
18.42, 7502
18.43, 7501
18.46, 7500
18.47, 7499
18.48, 7498
18.51, 7497
18.58, 7496
18.61, 7495
18.61, 7494
18.62, 7493
18.63, 7492
18.63, 7491
18.64, 7490
18.64, 7489
18.64, 7488
18.65, 7487
18.67, 7486
18.67, 7485
18.71, 7484
18.72, 7483
18.72, 7482
18.73, 7481
18.74, 7480
18.75, 7479
18.75, 7478
18.76, 7477
18.78, 7476
18.80, 7475
18.81, 7474
18.82, 7473
18.84, 7472
18.84, 7471
18.85, 7470
18.86, 7469
18.87, 7468
18.88, 7467
18.92, 7466
18.93, 7465
18.94, 7464
18.94, 7463
18.97, 7462
18.98, 7461
19.02, 7460
19.04, 7459
19.07, 7458
19.07, 7457
19.08, 7456
19.09, 7455
19.12, 7454
19.15, 7453
19.16, 7452
19.16, 7451
19.18, 7450
19.20, 7449
19.20, 7448
19.21, 7447
19.21, 7446
19.22, 7445
19.26, 7444
19.27, 7443
19.28, 7442
19.29, 7441
19.29, 7440
19.32, 7439
19.33, 7438
19.35, 7437
19.35, 7436
19.36, 7435
19.37, 7434
19.37, 7433
19.39, 7432
19.41, 7431
19.43, 7430
19.43, 7429
19.44, 7428
19.45, 7427
19.46, 7426
19.46, 7425
19.48, 7424
19.49, 7423
19.50, 7422
19.50, 7421
19.50, 7420
19.53, 7419
19.54, 7418
19.55, 7417
19.59, 7416
19.59, 7415
19.65, 7414
19.65, 7413
19.65, 7412
19.66, 7411
19.70, 7410
19.86, 7409
19.89, 7408
19.91, 7407
19.93, 7406
19.93, 7405
19.98, 7404
20.06, 7403
20.15, 7402
20.16, 7401
20.17, 7400
20.21, 7399
20.21, 7398
20.22, 7397
20.28, 7396
20.31, 7395
20.32, 7394
20.35, 7393
20.36, 7392
20.37, 7391
20.37, 7390
20.41, 7389
20.43, 7388
20.48, 7387
20.49, 7386
20.53, 7385
20.54, 7384
20.56, 7383
20.56, 7382
20.57, 7381
20.70, 7380
20.70, 7379
20.72, 7378
20.73, 7377
20.77, 7376
20.81, 7375
20.83, 7374
20.88, 7373
20.92, 7372
20.99, 7371
21.09, 7370
21.12, 7369
21.22, 7368
21.26, 7367
21.29, 7366
21.30, 7365
21.34, 7364
21.39, 7363
21.48, 7362
21.50, 7361
21.51, 7360
21.52, 7359
21.55, 7358
21.57, 7357
21.67, 7356
21.78, 7355
21.80, 7354
21.82, 7353
21.91, 7352
21.93, 7351
21.94, 7350
22.05, 7349
22.06, 7348
22.12, 7347
22.17, 7346
22.17, 7345
22.25, 7344
22.30, 7343
22.35, 7342
22.43, 7341
22.68, 7340
22.82, 7339
22.92, 7338
22.92, 7337
23.27, 7336
23.64, 7335
23.76, 7334
23.89, 7333
23.96, 7332
24.19, 7331
24.39, 7330
24.71, 7329
24.96, 7328
25.49, 7327
25.75, 7326
26.09, 7325
27.00, 7324
27.47, 7323
27.82, 7322
28.10, 7321
31.26, 7320
