9.35, 5492
9.35, 5493
9.36, 5502
9.36, 5504
9.36, 5510
9.36, 5509
9.36, 5511
9.36, 5512
9.36, 5515
9.37, 5533
9.37, 5541
9.38, 5548
9.38, 5549
9.38, 5550
9.38, 5562
9.38, 5561
9.39, 5572
9.39, 5571
9.39, 5582
9.40, 5610
9.40, 5614
9.41, 5627
9.41, 5626
9.41, 5625
9.41, 5624
9.42, 5623
9.42, 5622
9.42, 5621
9.42, 5620
9.43, 5619
9.43, 5618
9.43, 5617
9.43, 5616
9.43, 5615
9.43, 5614
9.44, 5613
9.44, 5612
9.44, 5611
9.44, 5610
9.44, 5609
9.45, 5608
9.45, 5607
9.45, 5606
9.45, 5605
9.46, 5604
9.46, 5603
9.46, 5602
9.46, 5601
9.46, 5600
9.46, 5599
9.46, 5598
9.47, 5597
9.47, 5596
9.47, 5595
9.47, 5594
9.47, 5593
9.47, 5592
9.47, 5591
9.48, 5590
9.48, 5589
9.48, 5588
9.48, 5587
9.49, 5586
9.49, 5585
9.49, 5584
9.49, 5583
9.50, 5582
9.50, 5581
9.50, 5580
9.51, 5579
9.51, 5578
9.51, 5577
9.52, 5576
9.52, 5575
9.52, 5574
9.52, 5573
9.53, 5572
9.53, 5571
9.53, 5570
9.54, 5569
9.54, 5568
9.54, 5567
9.55, 5566
9.55, 5565
9.55, 5564
9.56, 5563
9.56, 5562
9.56, 5561
9.56, 5560
9.56, 5559
9.56, 5558
9.56, 5557
9.57, 5556
9.57, 5555
9.57, 5554
9.57, 5553
9.57, 5552
9.57, 5551
9.57, 5550
9.57, 5549
9.58, 5548
9.58, 5547
9.59, 5546
9.59, 5545
9.59, 5544
9.59, 5543
9.59, 5542
9.60, 5541
9.60, 5540
9.60, 5539
9.60, 5538
9.60, 5537
9.60, 5536
9.61, 5535
9.61, 5534
9.61, 5533
9.61, 5532
9.61, 5531
9.62, 5530
9.62, 5529
9.62, 5528
9.62, 5527
9.62, 5526
9.63, 5525
9.63, 5524
9.63, 5523
9.63, 5522
9.64, 5521
9.64, 5520
9.64, 5519
9.64, 5518
9.64, 5517
9.65, 5516
9.65, 5515
9.65, 5514
9.66, 5513
9.66, 5512
9.66, 5511
9.66, 5510
9.66, 5509
9.67, 5508
9.67, 5507
9.68, 5506
9.68, 5505
9.68, 5504
9.68, 5503
9.68, 5502
9.68, 5501
9.69, 5500
9.69, 5499
9.69, 5498
9.69, 5497
9.71, 5496
9.71, 5495
9.72, 5494
9.72, 5493
9.72, 5492
9.72, 5491
9.73, 5490
9.73, 5489
9.73, 5488
9.73, 5487
9.74, 5486
9.74, 5485
9.74, 5484
9.75, 5483
9.75, 5482
9.75, 5481
9.76, 5480
9.76, 5479
9.76, 5478
9.76, 5477
9.76, 5476
9.76, 5475
9.76, 5474
9.77, 5473
9.77, 5472
9.77, 5471
9.77, 5470
9.78, 5469
9.78, 5468
9.78, 5467
9.79, 5466
9.79, 5465
9.79, 5464
9.80, 5463
9.80, 5462
9.80, 5461
9.80, 5460
9.80, 5459
9.80, 5458
9.81, 5457
9.81, 5456
9.81, 5455
9.81, 5454
9.81, 5453
9.82, 5452
9.82, 5451
9.82, 5450
9.82, 5449
9.82, 5448
9.82, 5447
9.84, 5446
9.84, 5445
9.84, 5444
9.84, 5443
9.85, 5442
9.85, 5441
9.86, 5440
9.86, 5439
9.86, 5438
9.87, 5437
9.87, 5436
9.87, 5435
9.88, 5434
9.88, 5433
9.89, 5432
9.89, 5431
9.89, 5430
9.90, 5429
9.90, 5428
9.90, 5427
9.90, 5426
9.90, 5425
9.91, 5424
9.91, 5423
9.92, 5422
9.92, 5421
9.92, 5420
9.92, 5419
9.93, 5418
9.93, 5417
9.93, 5416
9.93, 5415
9.93, 5414
9.94, 5413
9.94, 5412
9.94, 5411
9.94, 5410
9.95, 5409
9.95, 5408
9.96, 5407
9.96, 5406
9.96, 5405
9.97, 5404
9.97, 5403
9.97, 5402
9.97, 5401
9.97, 5400
9.98, 5399
9.98, 5398
9.98, 5397
9.98, 5396
9.99, 5395
9.99, 5394
9.99, 5393
9.99, 5392
10.00, 5391
10.00, 5390
10.01, 5389
10.01, 5388
10.02, 5387
10.02, 5386
10.02, 5385
10.02, 5384
10.04, 5383
10.04, 5382
10.05, 5381
10.05, 5380
10.05, 5379
10.05, 5378
10.05, 5377
10.06, 5376
10.06, 5375
10.06, 5374
10.07, 5373
10.07, 5372
10.07, 5371
10.09, 5370
10.09, 5369
10.10, 5368
10.10, 5367
10.10, 5366
10.10, 5365
10.10, 5364
10.10, 5363
10.11, 5362
10.11, 5361
10.11, 5360
10.11, 5359
10.12, 5358
10.12, 5357
10.12, 5356
10.12, 5355
10.13, 5354
10.13, 5353
10.13, 5352
10.13, 5351
10.14, 5350
10.14, 5349
10.14, 5348
10.14, 5347
10.15, 5346
10.15, 5345
10.15, 5344
10.16, 5343
10.17, 5342
10.17, 5341
10.17, 5340
10.17, 5339
10.18, 5338
10.18, 5337
10.19, 5336
10.19, 5335
10.19, 5334
10.19, 5333
10.19, 5332
10.19, 5331
10.19, 5330
10.20, 5329
10.20, 5328
10.20, 5327
10.20, 5326
10.21, 5325
10.21, 5324
10.21, 5323
10.22, 5322
10.22, 5321
10.23, 5320
10.24, 5319
10.25, 5318
10.27, 5317
10.27, 5316
10.27, 5315
10.28, 5314
10.28, 5313
10.28, 5312
10.29, 5311
10.29, 5310
10.29, 5309
10.30, 5308
10.30, 5307
10.30, 5306
10.30, 5305
10.31, 5304
10.31, 5303
10.31, 5302
10.31, 5301
10.31, 5300
10.31, 5299
10.32, 5298
10.32, 5297
10.32, 5296
10.32, 5295
10.33, 5294
10.34, 5293
10.34, 5292
10.34, 5291
10.34, 5290
10.34, 5289
10.35, 5288
10.35, 5287
10.36, 5286
10.36, 5285
10.37, 5284
10.39, 5283
10.39, 5282
10.40, 5281
10.40, 5280
10.41, 5279
10.42, 5278
10.42, 5277
10.42, 5276
10.43, 5275
10.43, 5274
10.43, 5273
10.44, 5272
10.45, 5271
10.45, 5270
10.45, 5269
10.45, 5268
10.46, 5267
10.46, 5266
10.46, 5265
10.46, 5264
10.47, 5263
10.47, 5262
10.47, 5261
10.47, 5260
10.47, 5259
10.48, 5258
10.48, 5257
10.51, 5256
10.51, 5255
10.52, 5254
10.52, 5253
10.52, 5252
10.53, 5251
10.53, 5250
10.54, 5249
10.54, 5248
10.55, 5247
10.55, 5246
10.55, 5245
10.55, 5244
10.56, 5243
10.57, 5242
10.57, 5241
10.57, 5240
10.59, 5239
10.60, 5238
10.60, 5237
10.60, 5236
10.61, 5235
10.61, 5234
10.62, 5233
10.63, 5232
10.63, 5231
10.64, 5230
10.64, 5229
10.64, 5228
10.64, 5227
10.65, 5226
10.67, 5225
10.68, 5224
10.68, 5223
10.69, 5222
10.69, 5221
10.69, 5220
10.70, 5219
10.70, 5218
10.71, 5217
10.72, 5216
10.73, 5215
10.73, 5214
10.75, 5213
10.76, 5212
10.76, 5211
10.76, 5210
10.77, 5209
10.77, 5208
10.78, 5207
10.79, 5206
10.79, 5205
10.80, 5204
10.80, 5203
10.81, 5202
10.81, 5201
10.83, 5200
10.84, 5199
10.84, 5198
10.85, 5197
10.85, 5196
10.86, 5195
10.86, 5194
10.86, 5193
10.86, 5192
10.87, 5191
10.87, 5190
10.88, 5189
10.88, 5188
10.88, 5187
10.89, 5186
10.90, 5185
10.90, 5184
10.90, 5183
10.91, 5182
10.91, 5181
10.92, 5180
10.92, 5179
10.93, 5178
10.93, 5177
10.94, 5176
10.94, 5175
10.94, 5174
10.96, 5173
10.96, 5172
10.98, 5171
10.98, 5170
11.00, 5169
11.00, 5168
11.00, 5167
11.02, 5166
11.02, 5165
11.03, 5164
11.03, 5163
11.04, 5162
11.04, 5161
11.04, 5160
11.05, 5159
11.07, 5158
11.08, 5157
11.08, 5156
11.09, 5155
11.10, 5154
11.10, 5153
11.10, 5152
11.10, 5151
11.11, 5150
11.11, 5149
11.11, 5148
11.12, 5147
11.12, 5146
11.13, 5145
11.13, 5144
11.14, 5143
11.14, 5142
11.16, 5141
11.16, 5140
11.16, 5139
11.17, 5138
11.18, 5137
11.18, 5136
11.20, 5135
11.20, 5134
11.23, 5133
11.24, 5132
11.24, 5131
11.25, 5130
11.27, 5129
11.28, 5128
11.28, 5127
11.28, 5126
11.30, 5125
11.33, 5124
11.35, 5123
11.36, 5122
11.36, 5121
11.37, 5120
11.37, 5119
11.37, 5118
11.38, 5117
11.38, 5116
11.40, 5115
11.40, 5114
11.40, 5113
11.40, 5112
11.41, 5111
11.42, 5110
11.42, 5109
11.44, 5108
11.45, 5107
11.45, 5106
11.46, 5105
11.46, 5104
11.48, 5103
11.48, 5102
11.48, 5101
11.49, 5100
11.49, 5099
11.49, 5098
11.51, 5097
11.52, 5096
11.53, 5095
11.53, 5094
11.53, 5093
11.54, 5092
11.54, 5091
11.54, 5090
11.54, 5089
11.55, 5088
11.56, 5087
11.57, 5086
11.57, 5085
11.58, 5084
11.59, 5083
11.59, 5082
11.60, 5081
11.63, 5080
11.67, 5079
11.67, 5078
11.69, 5077
11.71, 5076
11.71, 5075
11.72, 5074
11.72, 5073
11.72, 5072
11.73, 5071
11.73, 5070
11.77, 5069
11.77, 5068
11.79, 5067
11.81, 5066
11.85, 5065
11.87, 5064
11.87, 5063
11.88, 5062
11.88, 5061
11.89, 5060
11.90, 5059
11.90, 5058
11.92, 5057
11.93, 5056
11.93, 5055
11.94, 5054
11.95, 5053
11.95, 5052
11.95, 5051
11.97, 5050
11.98, 5049
12.02, 5048
12.06, 5047
12.06, 5046
12.06, 5045
12.06, 5044
12.10, 5043
12.10, 5042
12.13, 5041
12.13, 5040
12.16, 5039
12.16, 5038
12.17, 5037
12.17, 5036
12.18, 5035
12.18, 5034
12.19, 5033
12.23, 5032
12.24, 5031
12.25, 5030
12.27, 5029
12.28, 5028
12.33, 5027
12.33, 5026
12.34, 5025
12.35, 5024
12.37, 5023
12.37, 5022
12.39, 5021
12.39, 5020
12.39, 5019
12.39, 5018
12.42, 5017
12.42, 5016
12.44, 5015
12.44, 5014
12.45, 5013
12.45, 5012
12.46, 5011
12.47, 5010
12.48, 5009
12.49, 5008
12.50, 5007
12.51, 5006
12.56, 5005
12.57, 5004
12.58, 5003
12.60, 5002
12.61, 5001
12.63, 5000
12.63, 4999
12.65, 4998
12.68, 4997
12.69, 4996
12.72, 4995
12.74, 4994
12.76, 4993
12.77, 4992
12.78, 4991
12.79, 4990
12.79, 4989
12.81, 4988
12.82, 4987
12.82, 4986
12.84, 4985
12.86, 4984
12.87, 4983
12.87, 4982
12.91, 4981
12.93, 4980
12.93, 4979
12.93, 4978
12.95, 4977
12.95, 4976
12.97, 4975
12.98, 4974
13.02, 4973
13.03, 4972
13.04, 4971
13.05, 4970
13.05, 4969
13.06, 4968
13.07, 4967
13.08, 4966
13.08, 4965
13.15, 4964
13.17, 4963
13.24, 4962
13.32, 4961
13.36, 4960
13.39, 4959
13.39, 4958
13.40, 4957
13.41, 4956
13.42, 4955
13.42, 4954
13.42, 4953
13.49, 4952
13.51, 4951
13.53, 4950
13.53, 4949
13.54, 4948
13.54, 4947
13.55, 4946
13.55, 4945
13.60, 4944
13.66, 4943
13.66, 4942
13.69, 4941
13.69, 4940
13.71, 4939
13.73, 4938
13.77, 4937
13.78, 4936
13.80, 4935
13.90, 4934
13.93, 4933
13.96, 4932
13.98, 4931
14.04, 4930
14.05, 4929
14.07, 4928
14.08, 4927
14.10, 4926
14.10, 4925
14.13, 4924
14.15, 4923
14.16, 4922
14.19, 4921
14.20, 4920
14.24, 4919
14.27, 4918
14.27, 4917
14.37, 4916
14.39, 4915
14.39, 4914
14.39, 4913
14.40, 4912
14.40, 4911
14.42, 4910
14.46, 4909
14.47, 4908
14.49, 4907
14.59, 4906
14.68, 4905
14.69, 4904
14.75, 4903
14.77, 4902
14.82, 4901
14.84, 4900
14.89, 4899
14.92, 4898
14.93, 4897
15.06, 4896
15.08, 4895
15.09, 4894
15.10, 4893
15.24, 4892
15.28, 4891
15.43, 4890
15.54, 4889
15.62, 4888
15.99, 4887
16.04, 4886
16.15, 4885
16.17, 4884
16.18, 4883
16.29, 4882
16.36, 4881
16.38, 4880
16.43, 4879
16.68, 4878
16.82, 4877
16.84, 4876
17.70, 4875
17.88, 4874
18.22, 4873
18.26, 4872
18.44, 4871
18.58, 4870
18.69, 4869
19.24, 4868
19.39, 4867
19.48, 4866
