0.07, 4857
0.25, 4856
0.26, 4855
0.92, 4854
0.93, 4853
0.93, 4852
1.01, 4851
1.03, 4850
1.03, 4849
1.11, 4848
1.35, 4847
1.35, 4846
1.43, 4845
1.45, 4844
1.48, 4843
1.57, 4842
1.80, 4841
1.89, 4840
2.41, 4839
2.75, 4838
2.85, 4837
3.05, 4836
3.67, 4835
4.18, 4834
4.51, 4833
4.57, 4832
4.68, 4831
4.70, 4830
4.71, 4829
4.85, 4828
5.02, 4827
5.06, 4826
5.20, 4825
5.55, 4824
5.66, 4823
5.94, 4822
6.04, 4821
6.08, 4820
6.37, 4819
6.41, 4818
6.43, 4817
6.67, 4816
6.71, 4815
6.76, 4814
6.85, 4813
6.99, 4812
7.28, 4811
7.29, 4810
7.57, 4809
7.64, 4808
7.69, 4807
8.02, 4806
8.03, 4805
8.23, 4804
8.24, 4803
8.66, 4802
9.16, 4801
9.32, 4800
9.45, 4799
9.49, 4798
9.53, 4797
9.86, 4796
10.06, 4795
10.28, 4794
10.90, 4793
11.45, 4792
11.47, 4791
11.49, 4790
11.50, 4789
11.90, 4788
12.00, 4787
12.43, 4786
12.90, 4785
13.30, 4784
14.08, 4783
14.15, 4782
14.50, 4781
14.56, 4780
15.60, 4779
16.31, 4778
18.14, 4777
19.69, 4776
19.70, 4775
20.08, 4774
20.40, 4773
20.59, 4772
20.86, 4771
21.88, 4770
22.27, 4769
23.00, 4768
23.60, 4767
24.55, 4766
25.18, 4765
25.93, 4764
26.66, 4763
26.92, 4762
27.89, 4761
27.92, 4760
28.58, 4759
30.11, 4758
30.13, 4757
30.53, 4756
31.21, 4755
31.29, 4754
31.52, 4753
31.63, 4752
32.12, 4751
32.99, 4750
33.27, 4749
33.38, 4748
33.97, 4747
34.02, 4746
34.33, 4745
34.49, 4744
34.79, 4743
35.10, 4742
35.83, 4741
40.66, 4740
41.94, 4739
42.25, 4738
43.26, 4737
43.74, 4736
46.34, 4735
48.37, 4734
49.96, 4733
49.99, 4732
58.06, 4731
58.19, 4730
58.20, 4729
62.55, 4728
63.65, 4727
64.58, 4726
67.40, 4725
67.95, 4724
68.54, 4723
69.68, 4722
71.27, 4721
71.70, 4720
74.31, 4719
77.42, 4718
78.55, 4717
79.12, 4716
81.48, 4715
88.19, 4714
88.60, 4713
97.79, 4712
104.31, 4711
107.85, 4710
108.78, 4709
113.77, 4708
115.20, 4707
118.11, 4706
128.38, 4705
133.04, 4704
134.55, 4703
140.87, 4702
146.82, 4701
147.20, 4700
168.96, 4699
170.27, 4698
174.87, 4697
188.80, 4696
197.15, 4695
207.31, 4694
209.52, 4693
214.68, 4692
220.96, 4691
226.42, 4690
232.20, 4689
233.46, 4688
259.49, 4687
261.55, 4686
269.70, 4685
307.02, 4684
314.71, 4683
315.34, 4682
316.56, 4681
357.49, 4680
404.55, 4679
428.94, 4678
446.33, 4677
450.54, 4676
454.09, 4675
464.20, 4674
471.04, 4673
488.53, 4672
495.30, 4671
517.65, 4670
566.13, 4669
