0.31, 4857
1.21, 4856
1.26, 4855
1.37, 4854
1.38, 4853
1.51, 4852
1.52, 4851
1.64, 4850
1.72, 4849
1.72, 4848
1.76, 4847
1.78, 4846
1.82, 4845
1.82, 4844
1.86, 4843
2.00, 4842
2.11, 4841
2.23, 4840
2.37, 4839
2.66, 4838
2.67, 4837
2.67, 4836
2.75, 4835
2.91, 4834
3.22, 4833
3.24, 4832
3.29, 4831
3.30, 4830
3.63, 4829
3.86, 4828
3.93, 4827
3.94, 4826
4.01, 4825
4.03, 4824
4.27, 4823
4.60, 4822
4.83, 4821
4.85, 4820
4.99, 4819
5.13, 4818
5.20, 4817
5.24, 4816
5.26, 4815
5.32, 4814
5.58, 4813
5.69, 4812
6.39, 4811
6.65, 4810
6.75, 4809
6.91, 4808
7.21, 4807
7.35, 4806
7.50, 4805
7.93, 4804
7.97, 4803
7.98, 4802
8.32, 4801
8.46, 4800
8.48, 4799
8.58, 4798
8.65, 4797
9.14, 4796
9.19, 4795
9.24, 4794
9.72, 4793
9.90, 4792
10.25, 4791
10.64, 4790
11.26, 4789
11.32, 4788
11.49, 4787
11.52, 4786
11.58, 4785
11.59, 4784
12.35, 4783
12.51, 4782
12.83, 4781
13.09, 4780
13.11, 4779
13.18, 4778
13.40, 4777
13.72, 4776
13.85, 4775
13.90, 4774
14.01, 4773
14.06, 4772
14.21, 4771
14.44, 4770
14.65, 4769
14.78, 4768
15.20, 4767
16.08, 4766
16.09, 4765
16.45, 4764
16.99, 4763
18.63, 4762
18.75, 4761
19.15, 4760
19.23, 4759
19.78, 4758
20.17, 4757
20.25, 4756
21.02, 4755
21.58, 4754
21.72, 4753
23.17, 4752
23.29, 4751
25.07, 4750
25.23, 4749
25.90, 4748
27.06, 4747
27.53, 4746
27.90, 4745
27.94, 4744
28.46, 4743
28.74, 4742
28.81, 4741
28.93, 4740
30.88, 4739
31.93, 4738
34.13, 4737
34.17, 4736
34.93, 4735
35.41, 4734
36.66, 4733
36.68, 4732
37.52, 4731
37.62, 4730
39.59, 4729
41.98, 4728
51.54, 4727
52.68, 4726
58.42, 4725
66.07, 4724
71.32, 4723
75.07, 4722
76.22, 4721
76.50, 4720
77.46, 4719
81.72, 4718
81.78, 4717
83.62, 4716
85.30, 4715
87.41, 4714
98.17, 4713
100.43, 4712
101.42, 4711
101.68, 4710
105.17, 4709
111.93, 4708
118.17, 4707
121.21, 4706
130.15, 4705
135.20, 4704
136.66, 4703
150.70, 4702
151.37, 4701
152.29, 4700
154.70, 4699
171.21, 4698
180.36, 4697
195.51, 4696
196.91, 4695
210.57, 4694
215.24, 4693
237.32, 4692
280.02, 4691
291.87, 4690
293.86, 4689
317.61, 4688
358.31, 4687
367.63, 4686
378.67, 4685
454.65, 4684
478.94, 4683
497.91, 4682
580.09, 4681
