0.04, 7027
1.85, 7026
1.86, 7025
2.10, 7024
2.15, 7023
2.72, 7022
3.04, 7021
3.50, 7020
3.59, 7019
3.71, 7018
4.26, 7017
4.43, 7016
4.87, 7015
4.99, 7014
5.02, 7013
5.47, 7012
6.11, 7011
6.31, 7010
6.32, 7009
6.42, 7008
7.14, 7007
8.62, 7006
8.68, 7005
8.74, 7004
8.95, 7003
8.95, 7002
9.97, 7001
10.01, 7000
10.95, 6999
13.27, 6998
14.42, 6997
16.34, 6996
17.37, 6995
18.49, 6994
20.72, 6993
20.72, 6992
22.47, 6991
23.67, 6990
24.69, 6989
31.34, 6988
36.63, 6987
36.63, 6986
38.51, 6985
44.95, 6984
47.68, 6983
50.53, 6982
55.14, 6981
56.42, 6980
67.18, 6979
67.65, 6978
69.34, 6977
70.86, 6976
72.67, 6975
83.73, 6974
104.62, 6973
113.42, 6972
116.05, 6971
142.57, 6970
155.56, 6969
230.23, 6968
292.78, 6967
354.23, 6966
375.23, 6965
375.23, 6964
385.03, 6963
390.60, 6962
456.78, 6961
477.60, 6960
509.42, 6959
543.90, 6958
