0.05, 4857
0.43, 4856
0.69, 4855
1.24, 4854
1.39, 4853
1.40, 4852
1.56, 4851
1.90, 4850
1.90, 4849
2.13, 4848
2.14, 4847
2.22, 4846
2.35, 4845
2.36, 4844
2.78, 4843
3.07, 4842
3.11, 4841
3.16, 4840
3.27, 4839
3.42, 4838
3.64, 4837
3.65, 4836
3.72, 4835
4.00, 4834
4.00, 4833
4.21, 4832
4.22, 4831
4.24, 4830
4.45, 4829
4.52, 4828
4.84, 4827
5.83, 4826
6.18, 4825
6.24, 4824
6.91, 4823
6.98, 4822
7.13, 4821
7.39, 4820
7.82, 4819
8.25, 4818
8.73, 4817
8.78, 4816
9.07, 4815
9.34, 4814
9.42, 4813
9.48, 4812
9.48, 4811
9.51, 4810
9.61, 4809
9.67, 4808
10.39, 4807
10.46, 4806
10.61, 4805
11.18, 4804
11.19, 4803
11.53, 4802
11.83, 4801
11.89, 4800
12.03, 4799
12.15, 4798
12.23, 4797
12.55, 4796
12.65, 4795
12.74, 4794
12.88, 4793
12.94, 4792
13.30, 4791
13.60, 4790
13.65, 4789
13.67, 4788
13.86, 4787
14.34, 4786
14.36, 4785
14.71, 4784
14.81, 4783
14.81, 4782
14.99, 4781
15.98, 4780
16.16, 4779
16.20, 4778
16.66, 4777
17.63, 4776
17.63, 4775
17.90, 4774
18.67, 4773
18.98, 4772
19.01, 4771
19.08, 4770
19.36, 4769
19.52, 4768
20.06, 4767
20.45, 4766
24.66, 4765
26.40, 4764
27.28, 4763
28.03, 4762
29.37, 4761
29.56, 4760
29.62, 4759
29.73, 4758
30.77, 4757
31.16, 4756
33.39, 4755
33.80, 4754
35.02, 4753
35.45, 4752
36.35, 4751
36.68, 4750
36.97, 4749
37.04, 4748
37.12, 4747
40.31, 4746
41.88, 4745
44.64, 4744
47.62, 4743
48.15, 4742
48.20, 4741
48.28, 4740
48.98, 4739
49.23, 4738
49.62, 4737
51.66, 4736
53.49, 4735
56.10, 4734
57.31, 4733
62.68, 4732
64.85, 4731
65.41, 4730
65.50, 4729
68.99, 4728
69.07, 4727
73.42, 4726
74.45, 4725
76.14, 4724
79.42, 4723
81.11, 4722
81.58, 4721
82.85, 4720
83.98, 4719
88.71, 4718
89.80, 4717
95.12, 4716
98.53, 4715
100.99, 4714
106.34, 4713
110.59, 4712
114.86, 4711
118.00, 4710
118.31, 4709
127.06, 4708
136.47, 4707
138.24, 4706
139.46, 4705
144.87, 4704
160.57, 4703
164.41, 4702
165.89, 4701
174.99, 4700
176.74, 4699
184.09, 4698
194.34, 4697
197.03, 4696
244.06, 4695
246.99, 4694
282.79, 4693
299.22, 4692
299.89, 4691
307.47, 4690
307.61, 4689
308.39, 4688
315.68, 4687
318.92, 4686
320.51, 4685
328.30, 4684
344.97, 4683
352.92, 4682
353.14, 4681
365.04, 4680
397.59, 4679
401.18, 4678
403.51, 4677
404.69, 4676
415.58, 4675
417.85, 4674
418.02, 4673
477.59, 4672
530.29, 4671
536.20, 4670
555.47, 4669
