0.02, 7027
0.89, 7026
1.91, 7025
1.91, 7024
2.13, 7023
2.61, 7022
2.61, 7021
2.62, 7020
3.29, 7019
3.40, 7018
5.09, 7017
5.81, 7016
6.99, 7015
7.36, 7014
7.36, 7013
7.45, 7012
8.17, 7011
8.96, 7010
8.96, 7009
9.98, 7008
9.99, 7007
10.12, 7006
10.97, 7005
10.97, 7004
11.04, 7003
12.17, 7002
13.39, 7001
13.39, 7000
17.77, 6999
19.76, 6998
21.58, 6997
28.74, 6996
31.17, 6995
31.18, 6994
32.26, 6993
36.53, 6992
37.50, 6991
38.37, 6990
42.81, 6989
50.56, 6988
73.34, 6987
84.96, 6986
93.14, 6985
93.15, 6984
94.39, 6983
96.89, 6982
102.69, 6981
109.19, 6980
109.19, 6979
121.21, 6978
127.20, 6977
130.95, 6976
131.54, 6975
134.76, 6974
139.78, 6973
141.67, 6972
143.34, 6971
146.15, 6970
181.87, 6969
234.63, 6968
263.54, 6967
287.67, 6966
365.94, 6965
399.70, 6964
413.99, 6963
448.60, 6962
475.42, 6961
530.88, 6960
