0.06, 4857
0.41, 4856
0.60, 4855
0.64, 4854
0.64, 4853
0.94, 4852
1.06, 4851
1.48, 4850
1.57, 4849
1.75, 4848
1.76, 4847
1.78, 4846
1.93, 4845
2.02, 4844
2.10, 4843
2.13, 4842
2.17, 4841
2.28, 4840
2.53, 4839
2.56, 4838
2.65, 4837
2.80, 4836
2.86, 4835
3.10, 4834
3.26, 4833
3.31, 4832
3.34, 4831
3.35, 4830
3.84, 4829
3.93, 4828
4.10, 4827
4.50, 4826
4.51, 4825
5.01, 4824
5.35, 4823
5.80, 4822
6.00, 4821
6.07, 4820
6.49, 4819
6.91, 4818
7.02, 4817
7.24, 4816
7.40, 4815
7.98, 4814
8.02, 4813
8.14, 4812
8.67, 4811
8.67, 4810
8.69, 4809
8.72, 4808
9.08, 4807
9.37, 4806
9.66, 4805
9.79, 4804
9.95, 4803
9.99, 4802
10.12, 4801
10.22, 4800
10.33, 4799
10.58, 4798
10.62, 4797
10.78, 4796
10.92, 4795
10.99, 4794
11.15, 4793
11.24, 4792
11.54, 4791
11.63, 4790
12.86, 4789
13.59, 4788
13.76, 4787
14.01, 4786
14.02, 4785
14.19, 4784
14.27, 4783
14.37, 4782
14.45, 4781
14.45, 4780
14.86, 4779
14.87, 4778
14.99, 4777
15.37, 4776
15.51, 4775
15.74, 4774
16.03, 4773
16.21, 4772
16.21, 4771
16.89, 4770
17.33, 4769
17.48, 4768
18.11, 4767
18.97, 4766
19.13, 4765
19.35, 4764
19.81, 4763
20.00, 4762
20.10, 4761
20.52, 4760
20.62, 4759
20.73, 4758
21.27, 4757
21.52, 4756
21.66, 4755
22.68, 4754
23.08, 4753
23.96, 4752
26.81, 4751
27.04, 4750
27.35, 4749
28.70, 4748
28.70, 4747
28.82, 4746
29.56, 4745
29.63, 4744
30.23, 4743
32.67, 4742
34.38, 4741
37.18, 4740
38.79, 4739
39.66, 4738
39.99, 4737
41.35, 4736
42.22, 4735
42.85, 4734
43.66, 4733
43.90, 4732
43.95, 4731
45.19, 4730
45.67, 4729
46.10, 4728
49.21, 4727
49.68, 4726
51.57, 4725
52.32, 4724
55.32, 4723
61.04, 4722
61.63, 4721
64.35, 4720
67.56, 4719
67.56, 4718
68.63, 4717
69.07, 4716
69.86, 4715
71.02, 4714
71.20, 4713
71.98, 4712
74.68, 4711
77.48, 4710
86.55, 4709
87.50, 4708
90.96, 4707
94.91, 4706
94.94, 4705
96.14, 4704
97.66, 4703
99.09, 4702
108.65, 4701
110.39, 4700
111.91, 4699
114.70, 4698
120.33, 4697
122.83, 4696
135.00, 4695
136.84, 4694
139.66, 4693
141.63, 4692
149.10, 4691
154.21, 4690
163.03, 4689
165.32, 4688
171.81, 4687
173.42, 4686
176.09, 4685
194.76, 4684
203.52, 4683
213.55, 4682
231.03, 4681
257.49, 4680
259.75, 4679
262.10, 4678
286.18, 4677
312.67, 4676
317.77, 4675
329.97, 4674
335.32, 4673
353.89, 4672
376.56, 4671
427.48, 4670
432.84, 4669
493.46, 4668
499.89, 4667
574.76, 4666
574.79, 4665
577.99, 4664
