0.08, 4857
0.63, 4856
1.06, 4855
1.11, 4854
1.25, 4853
1.41, 4852
1.53, 4851
1.58, 4850
1.76, 4849
2.21, 4848
2.37, 4847
2.46, 4846
2.47, 4845
2.57, 4844
2.88, 4843
3.05, 4842
3.24, 4841
3.40, 4840
3.55, 4839
3.64, 4838
3.65, 4837
3.70, 4836
3.91, 4835
3.97, 4834
3.98, 4833
4.00, 4832
4.30, 4831
4.30, 4830
4.77, 4829
5.04, 4828
5.43, 4827
5.78, 4826
5.96, 4825
6.01, 4824
6.02, 4823
6.16, 4822
6.16, 4821
6.20, 4820
6.36, 4819
6.63, 4818
7.04, 4817
7.20, 4816
8.06, 4815
8.06, 4814
8.15, 4813
8.72, 4812
8.74, 4811
8.84, 4810
9.23, 4809
9.24, 4808
11.07, 4807
11.08, 4806
11.26, 4805
11.73, 4804
12.10, 4803
12.62, 4802
13.31, 4801
13.77, 4800
15.09, 4799
15.14, 4798
15.25, 4797
15.67, 4796
16.10, 4795
16.23, 4794
17.67, 4793
18.80, 4792
18.83, 4791
19.51, 4790
19.84, 4789
19.99, 4788
20.64, 4787
21.24, 4786
22.10, 4785
22.31, 4784
22.49, 4783
22.80, 4782
23.30, 4781
23.47, 4780
23.87, 4779
24.06, 4778
24.46, 4777
25.34, 4776
26.18, 4775
27.71, 4774
27.83, 4773
28.00, 4772
28.25, 4771
29.27, 4770
29.62, 4769
29.93, 4768
30.18, 4767
30.48, 4766
30.57, 4765
30.61, 4764
31.09, 4763
31.11, 4762
34.12, 4761
34.55, 4760
34.79, 4759
36.55, 4758
38.64, 4757
39.88, 4756
42.04, 4755
43.31, 4754
43.34, 4753
43.53, 4752
43.82, 4751
48.52, 4750
51.26, 4749
52.47, 4748
52.48, 4747
52.99, 4746
53.38, 4745
53.92, 4744
59.78, 4743
60.89, 4742
61.06, 4741
61.10, 4740
64.14, 4739
72.61, 4738
77.31, 4737
79.12, 4736
81.13, 4735
81.80, 4734
82.56, 4733
83.48, 4732
83.78, 4731
86.63, 4730
87.21, 4729
88.64, 4728
89.93, 4727
96.74, 4726
97.13, 4725
103.69, 4724
103.92, 4723
108.43, 4722
116.00, 4721
116.43, 4720
124.73, 4719
128.54, 4718
130.51, 4717
130.79, 4716
133.53, 4715
137.57, 4714
147.14, 4713
151.39, 4712
168.06, 4711
169.17, 4710
172.88, 4709
175.94, 4708
176.31, 4707
183.30, 4706
184.64, 4705
187.15, 4704
191.70, 4703
200.96, 4702
200.98, 4701
205.32, 4700
219.48, 4699
230.54, 4698
266.09, 4697
277.18, 4696
277.73, 4695
284.33, 4694
315.98, 4693
330.92, 4692
337.76, 4691
342.81, 4690
344.05, 4689
350.44, 4688
374.36, 4687
387.81, 4686
402.44, 4685
473.92, 4684
476.23, 4683
493.59, 4682
509.60, 4681
516.75, 4680
524.00, 4679
529.63, 4678
534.16, 4677
556.97, 4676
557.80, 4675
571.99, 4674
582.19, 4673
