0.02, 7027
0.44, 7026
1.10, 7025
1.13, 7024
1.24, 7023
1.57, 7022
1.58, 7021
1.72, 7020
1.74, 7019
3.06, 7018
3.24, 7017
3.39, 7016
3.45, 7015
4.47, 7014
6.62, 7013
7.00, 7012
7.00, 7011
7.01, 7010
7.01, 7009
7.88, 7008
12.42, 7007
12.55, 7006
13.03, 7005
13.98, 7004
14.13, 7003
14.52, 7002
15.06, 7001
15.06, 7000
15.43, 6999
16.07, 6998
16.15, 6997
16.55, 6996
20.22, 6995
23.03, 6994
24.42, 6993
24.68, 6992
27.09, 6991
28.52, 6990
29.19, 6989
33.10, 6988
38.72, 6987
46.65, 6986
50.97, 6985
56.68, 6984
58.96, 6983
70.75, 6982
76.50, 6981
79.36, 6980
79.87, 6979
97.67, 6978
99.48, 6977
102.66, 6976
104.86, 6975
116.68, 6974
118.71, 6973
163.90, 6972
231.43, 6971
308.73, 6970
324.28, 6969
387.21, 6968
461.83, 6967
479.79, 6966
531.08, 6965
558.06, 6964
580.24, 6963
583.34, 6962
