0.13, 4857
0.69, 4856
0.76, 4855
1.02, 4854
1.02, 4853
1.03, 4852
1.54, 4851
1.62, 4850
1.69, 4849
1.80, 4848
1.81, 4847
2.41, 4846
2.42, 4845
2.42, 4844
2.53, 4843
2.56, 4842
2.68, 4841
2.70, 4840
3.08, 4839
3.13, 4838
3.13, 4837
3.20, 4836
3.30, 4835
3.35, 4834
3.47, 4833
3.91, 4832
4.27, 4831
4.33, 4830
4.54, 4829
4.57, 4828
4.63, 4827
4.77, 4826
5.19, 4825
5.48, 4824
5.55, 4823
5.82, 4822
6.16, 4821
6.58, 4820
6.61, 4819
6.81, 4818
6.85, 4817
7.05, 4816
7.10, 4815
7.24, 4814
7.27, 4813
7.37, 4812
7.59, 4811
8.09, 4810
8.11, 4809
8.41, 4808
8.42, 4807
8.42, 4806
8.52, 4805
8.67, 4804
8.93, 4803
8.96, 4802
9.03, 4801
9.13, 4800
9.23, 4799
9.27, 4798
9.32, 4797
9.55, 4796
9.68, 4795
9.85, 4794
10.01, 4793
10.03, 4792
10.09, 4791
10.15, 4790
11.02, 4789
11.40, 4788
11.55, 4787
11.70, 4786
11.83, 4785
12.63, 4784
12.64, 4783
12.69, 4782
13.00, 4781
13.26, 4780
14.97, 4779
15.45, 4778
16.03, 4777
18.03, 4776
18.51, 4775
20.27, 4774
20.33, 4773
20.44, 4772
20.56, 4771
20.84, 4770
21.02, 4769
21.27, 4768
23.38, 4767
23.39, 4766
23.56, 4765
24.42, 4764
24.80, 4763
25.33, 4762
25.34, 4761
25.90, 4760
27.34, 4759
27.50, 4758
27.88, 4757
28.15, 4756
29.13, 4755
30.08, 4754
30.45, 4753
31.10, 4752
31.18, 4751
31.80, 4750
31.89, 4749
31.90, 4748
31.99, 4747
32.85, 4746
33.52, 4745
33.60, 4744
33.85, 4743
36.94, 4742
37.02, 4741
37.87, 4740
38.09, 4739
39.93, 4738
41.68, 4737
43.07, 4736
43.50, 4735
49.15, 4734
49.88, 4733
49.88, 4732
50.32, 4731
50.39, 4730
50.73, 4729
51.77, 4728
52.90, 4727
56.60, 4726
57.35, 4725
59.01, 4724
62.04, 4723
64.67, 4722
65.66, 4721
67.08, 4720
69.16, 4719
70.75, 4718
71.85, 4717
72.79, 4716
73.18, 4715
74.17, 4714
75.01, 4713
75.37, 4712
80.08, 4711
83.88, 4710
84.32, 4709
90.53, 4708
90.84, 4707
97.54, 4706
97.55, 4705
101.09, 4704
101.84, 4703
102.16, 4702
113.94, 4701
117.75, 4700
128.98, 4699
132.05, 4698
138.63, 4697
141.29, 4696
141.32, 4695
147.24, 4694
158.80, 4693
163.16, 4692
165.32, 4691
165.60, 4690
173.05, 4689
193.35, 4688
209.53, 4687
211.62, 4686
245.51, 4685
249.19, 4684
259.05, 4683
292.91, 4682
299.33, 4681
318.24, 4680
326.46, 4679
337.73, 4678
342.87, 4677
366.36, 4676
382.39, 4675
427.85, 4674
434.02, 4673
