0.06, 4857
0.48, 4856
0.77, 4855
0.78, 4854
0.81, 4853
0.82, 4852
0.95, 4851
1.38, 4850
1.70, 4849
1.78, 4848
1.99, 4847
2.01, 4846
2.02, 4845
2.04, 4844
2.05, 4843
2.15, 4842
2.15, 4841
2.44, 4840
2.57, 4839
2.74, 4838
3.04, 4837
3.11, 4836
3.11, 4835
3.54, 4834
4.01, 4833
4.07, 4832
4.28, 4831
5.03, 4830
5.46, 4829
5.62, 4828
6.92, 4827
6.92, 4826
7.18, 4825
7.23, 4824
7.66, 4823
8.07, 4822
8.35, 4821
8.43, 4820
8.71, 4819
8.72, 4818
9.40, 4817
9.59, 4816
9.70, 4815
9.73, 4814
9.76, 4813
10.11, 4812
10.13, 4811
10.44, 4810
10.48, 4809
10.50, 4808
10.61, 4807
11.02, 4806
11.10, 4805
11.48, 4804
12.40, 4803
12.45, 4802
12.59, 4801
12.67, 4800
12.95, 4799
14.44, 4798
14.72, 4797
14.77, 4796
15.04, 4795
15.27, 4794
15.59, 4793
15.97, 4792
16.34, 4791
16.61, 4790
16.96, 4789
16.98, 4788
17.06, 4787
17.55, 4786
17.79, 4785
18.41, 4784
19.51, 4783
19.52, 4782
19.64, 4781
19.91, 4780
20.28, 4779
20.33, 4778
20.57, 4777
21.21, 4776
21.55, 4775
21.66, 4774
21.70, 4773
21.96, 4772
22.52, 4771
22.52, 4770
23.87, 4769
24.73, 4768
24.84, 4767
24.86, 4766
25.44, 4765
26.30, 4764
26.87, 4763
26.89, 4762
27.37, 4761
29.45, 4760
30.00, 4759
31.06, 4758
31.61, 4757
33.57, 4756
33.67, 4755
37.19, 4754
38.96, 4753
39.13, 4752
39.61, 4751
40.09, 4750
41.00, 4749
42.28, 4748
42.73, 4747
44.38, 4746
44.58, 4745
45.92, 4744
46.01, 4743
46.65, 4742
46.96, 4741
50.44, 4740
52.87, 4739
53.42, 4738
55.19, 4737
57.65, 4736
59.50, 4735
60.02, 4734
60.17, 4733
60.65, 4732
67.42, 4731
78.76, 4730
80.01, 4729
82.47, 4728
83.49, 4727
86.17, 4726
87.05, 4725
87.13, 4724
88.43, 4723
96.42, 4722
96.71, 4721
99.57, 4720
104.67, 4719
106.63, 4718
107.60, 4717
117.51, 4716
123.61, 4715
130.52, 4714
135.66, 4713
136.41, 4712
138.96, 4711
142.46, 4710
155.66, 4709
157.87, 4708
163.23, 4707
165.05, 4706
174.69, 4705
192.84, 4704
193.00, 4703
193.35, 4702
200.91, 4701
212.74, 4700
216.71, 4699
217.36, 4698
224.90, 4697
230.04, 4696
253.55, 4695
258.60, 4694
271.51, 4693
341.67, 4692
348.54, 4691
348.65, 4690
350.85, 4689
353.83, 4688
360.51, 4687
370.10, 4686
386.14, 4685
392.65, 4684
400.45, 4683
414.88, 4682
478.31, 4681
510.41, 4680
525.60, 4679
561.28, 4678
595.35, 4677
599.07, 4676
