0.03, 7027
0.85, 7026
0.93, 7025
1.06, 7024
1.22, 7023
1.23, 7022
1.36, 7021
1.39, 7020
1.66, 7019
1.79, 7018
2.59, 7017
2.59, 7016
3.15, 7015
3.38, 7014
4.16, 7013
4.54, 7012
5.74, 7011
5.74, 7010
6.21, 7009
6.49, 7008
7.13, 7007
7.14, 7006
8.36, 7005
8.91, 7004
9.13, 7003
9.65, 7002
9.66, 7001
11.44, 7000
12.23, 6999
14.12, 6998
14.61, 6997
14.69, 6996
16.34, 6995
16.34, 6994
16.34, 6993
18.83, 6992
23.12, 6991
23.13, 6990
26.68, 6989
29.90, 6988
29.90, 6987
30.25, 6986
41.85, 6985
46.54, 6984
51.36, 6983
55.38, 6982
67.95, 6981
91.00, 6980
96.93, 6979
100.30, 6978
102.66, 6977
103.91, 6976
119.10, 6975
120.03, 6974
132.89, 6973
133.37, 6972
164.87, 6971
181.91, 6970
211.96, 6969
229.19, 6968
306.29, 6967
319.42, 6966
363.86, 6965
493.55, 6964
499.60, 6963
