0.03, 7027
0.82, 7026
0.84, 7025
1.33, 7024
1.50, 7023
1.57, 7022
1.63, 7021
1.67, 7020
1.74, 7019
1.88, 7018
1.88, 7017
2.11, 7016
3.86, 7015
4.24, 7014
4.25, 7013
5.02, 7012
5.02, 7011
5.35, 7010
5.36, 7009
5.58, 7008
6.80, 7007
7.55, 7006
8.08, 7005
8.86, 7004
9.96, 7003
12.67, 7002
13.33, 7001
14.01, 7000
14.02, 6999
14.02, 6998
14.16, 6997
15.96, 6996
20.54, 6995
24.05, 6994
28.62, 6993
30.98, 6992
37.21, 6991
37.51, 6990
37.72, 6989
38.13, 6988
42.67, 6987
42.67, 6986
45.24, 6985
45.74, 6984
49.14, 6983
50.85, 6982
57.78, 6981
61.37, 6980
86.04, 6979
93.76, 6978
99.10, 6977
99.11, 6976
125.18, 6975
133.21, 6974
176.10, 6973
181.04, 6972
196.43, 6971
196.46, 6970
207.91, 6969
210.84, 6968
297.27, 6967
299.58, 6966
303.77, 6965
312.57, 6964
451.57, 6963
