0.07, 4857
0.41, 4856
0.63, 4855
0.88, 4854
0.96, 4853
1.15, 4852
1.20, 4851
1.24, 4850
1.31, 4849
1.34, 4848
1.44, 4847
1.67, 4846
1.83, 4845
1.87, 4844
1.95, 4843
2.09, 4842
2.25, 4841
2.29, 4840
2.29, 4839
2.35, 4838
2.42, 4837
2.49, 4836
2.55, 4835
2.57, 4834
2.69, 4833
2.96, 4832
3.02, 4831
3.10, 4830
3.17, 4829
4.03, 4828
4.10, 4827
4.11, 4826
4.26, 4825
4.28, 4824
4.55, 4823
4.99, 4822
5.56, 4821
5.79, 4820
5.96, 4819
6.16, 4818
6.27, 4817
6.30, 4816
6.41, 4815
6.42, 4814
6.91, 4813
6.95, 4812
7.48, 4811
7.64, 4810
7.69, 4809
7.73, 4808
7.87, 4807
7.98, 4806
8.06, 4805
8.12, 4804
8.15, 4803
8.29, 4802
8.36, 4801
8.53, 4800
9.19, 4799
9.89, 4798
9.90, 4797
9.97, 4796
10.09, 4795
10.31, 4794
10.75, 4793
10.76, 4792
10.86, 4791
11.31, 4790
11.44, 4789
11.75, 4788
11.90, 4787
11.96, 4786
13.07, 4785
14.13, 4784
14.36, 4783
14.74, 4782
14.75, 4781
15.01, 4780
15.04, 4779
15.12, 4778
15.44, 4777
15.52, 4776
16.42, 4775
17.80, 4774
17.94, 4773
18.63, 4772
18.80, 4771
19.66, 4770
20.08, 4769
20.23, 4768
20.33, 4767
21.43, 4766
22.09, 4765
22.28, 4764
22.80, 4763
23.59, 4762
23.71, 4761
24.93, 4760
24.95, 4759
25.17, 4758
25.27, 4757
25.39, 4756
25.94, 4755
26.06, 4754
26.66, 4753
26.71, 4752
26.84, 4751
27.70, 4750
27.70, 4749
28.04, 4748
29.32, 4747
29.80, 4746
30.90, 4745
31.36, 4744
34.19, 4743
34.32, 4742
36.88, 4741
37.21, 4740
38.01, 4739
38.15, 4738
38.28, 4737
39.03, 4736
39.84, 4735
40.04, 4734
41.99, 4733
43.78, 4732
44.15, 4731
48.12, 4730
49.37, 4729
51.33, 4728
51.58, 4727
52.04, 4726
53.96, 4725
54.81, 4724
55.85, 4723
57.10, 4722
58.62, 4721
59.01, 4720
60.32, 4719
64.39, 4718
64.56, 4717
66.20, 4716
73.27, 4715
73.29, 4714
78.27, 4713
85.77, 4712
88.22, 4711
90.80, 4710
97.99, 4709
99.96, 4708
113.34, 4707
115.44, 4706
117.46, 4705
121.22, 4704
124.81, 4703
132.77, 4702
135.19, 4701
138.01, 4700
138.86, 4699
142.11, 4698
145.45, 4697
151.43, 4696
156.27, 4695
180.64, 4694
188.98, 4693
204.88, 4692
206.45, 4691
221.26, 4690
233.34, 4689
234.63, 4688
244.11, 4687
245.23, 4686
253.54, 4685
271.10, 4684
276.67, 4683
315.44, 4682
343.26, 4681
425.57, 4680
447.37, 4679
457.68, 4678
463.87, 4677
494.38, 4676
521.83, 4675
