0.06, 4857
0.46, 4856
0.66, 4855
0.67, 4854
0.90, 4853
0.98, 4852
1.01, 4851
1.12, 4850
1.12, 4849
1.34, 4848
1.52, 4847
1.83, 4846
1.90, 4845
1.94, 4844
2.00, 4843
2.05, 4842
2.46, 4841
2.62, 4840
2.81, 4839
2.87, 4838
2.92, 4837
3.07, 4836
3.11, 4835
3.13, 4834
3.19, 4833
3.29, 4832
3.55, 4831
4.00, 4830
4.30, 4829
4.69, 4828
4.83, 4827
4.94, 4826
5.00, 4825
5.10, 4824
5.63, 4823
5.68, 4822
5.92, 4821
5.97, 4820
6.97, 4819
6.98, 4818
7.24, 4817
7.24, 4816
7.43, 4815
7.53, 4814
7.66, 4813
7.89, 4812
8.73, 4811
8.90, 4810
9.27, 4809
9.27, 4808
9.78, 4807
10.16, 4806
10.18, 4805
10.53, 4804
11.32, 4803
11.33, 4802
11.86, 4801
12.04, 4800
12.16, 4799
12.26, 4798
12.42, 4797
12.44, 4796
12.54, 4795
12.60, 4794
12.63, 4793
12.94, 4792
12.99, 4791
13.27, 4790
13.43, 4789
13.78, 4788
14.06, 4787
15.35, 4786
15.65, 4785
16.15, 4784
16.20, 4783
16.28, 4782
16.70, 4781
17.13, 4780
18.52, 4779
18.81, 4778
19.43, 4777
19.43, 4776
19.47, 4775
19.63, 4774
20.55, 4773
21.23, 4772
21.55, 4771
21.78, 4770
22.40, 4769
23.57, 4768
24.07, 4767
24.25, 4766
24.54, 4765
25.01, 4764
25.07, 4763
25.75, 4762
25.85, 4761
25.91, 4760
26.14, 4759
26.42, 4758
26.89, 4757
27.71, 4756
27.72, 4755
27.95, 4754
28.00, 4753
28.04, 4752
28.83, 4751
29.99, 4750
31.78, 4749
32.65, 4748
32.91, 4747
34.75, 4746
36.13, 4745
38.50, 4744
38.92, 4743
39.49, 4742
40.05, 4741
43.43, 4740
43.49, 4739
44.13, 4738
46.63, 4737
47.48, 4736
48.95, 4735
49.22, 4734
51.29, 4733
51.41, 4732
51.56, 4731
53.99, 4730
54.78, 4729
55.01, 4728
55.32, 4727
62.24, 4726
62.63, 4725
62.96, 4724
66.52, 4723
66.52, 4722
70.10, 4721
71.46, 4720
74.89, 4719
83.47, 4718
84.78, 4717
87.39, 4716
90.54, 4715
93.56, 4714
99.78, 4713
115.35, 4712
116.82, 4711
117.25, 4710
126.09, 4709
129.13, 4708
136.81, 4707
159.36, 4706
165.43, 4705
173.89, 4704
178.00, 4703
179.68, 4702
187.05, 4701
198.74, 4700
199.12, 4699
200.26, 4698
203.66, 4697
213.66, 4696
220.85, 4695
223.27, 4694
230.15, 4693
235.25, 4692
246.49, 4691
256.10, 4690
258.34, 4689
264.84, 4688
266.01, 4687
294.80, 4686
307.64, 4685
322.78, 4684
342.01, 4683
365.42, 4682
366.47, 4681
369.73, 4680
381.55, 4679
389.96, 4678
409.73, 4677
415.68, 4676
422.23, 4675
426.13, 4674
439.61, 4673
494.35, 4672
535.76, 4671
551.65, 4670
571.23, 4669
584.64, 4668
587.85, 4667
589.82, 4666
