0.03, 7027
0.94, 7026
0.95, 7025
1.06, 7024
1.72, 7023
1.87, 7022
2.35, 7021
2.55, 7020
3.04, 7019
3.41, 7018
4.19, 7017
4.63, 7016
4.63, 7015
4.90, 7014
4.91, 7013
5.01, 7012
5.89, 7011
5.90, 7010
5.90, 7009
6.47, 7008
6.56, 7007
7.76, 7006
7.76, 7005
8.02, 7004
8.10, 7003
8.22, 7002
9.69, 7001
11.40, 7000
11.40, 6999
11.95, 6998
12.38, 6997
16.25, 6996
16.37, 6995
17.96, 6994
20.32, 6993
20.32, 6992
23.92, 6991
23.93, 6990
24.93, 6989
27.81, 6988
29.06, 6987
32.56, 6986
39.23, 6985
41.76, 6984
42.22, 6983
47.64, 6982
47.65, 6981
50.96, 6980
64.01, 6979
64.92, 6978
67.14, 6977
70.93, 6976
77.46, 6975
77.46, 6974
97.61, 6973
109.96, 6972
113.92, 6971
134.06, 6970
137.44, 6969
141.24, 6968
161.02, 6967
207.76, 6966
226.88, 6965
235.65, 6964
399.96, 6963
482.72, 6962
546.96, 6961
