0.03, 7027
1.01, 7026
1.37, 7025
1.69, 7024
1.80, 7023
2.01, 7022
2.07, 7021
2.59, 7020
2.60, 7019
2.60, 7018
3.22, 7017
3.25, 7016
3.61, 7015
3.65, 7014
3.77, 7013
4.20, 7012
4.79, 7011
5.49, 7010
5.49, 7009
5.86, 7008
5.87, 7007
6.22, 7006
8.06, 7005
8.07, 7004
9.70, 7003
9.70, 7002
14.75, 7001
15.12, 7000
15.94, 6999
17.60, 6998
20.18, 6997
23.10, 6996
25.11, 6995
29.54, 6994
39.29, 6993
41.54, 6992
41.54, 6991
41.59, 6990
44.72, 6989
45.54, 6988
45.97, 6987
48.35, 6986
50.59, 6985
53.66, 6984
56.17, 6983
57.74, 6982
62.08, 6981
63.01, 6980
65.63, 6979
80.57, 6978
80.96, 6977
84.20, 6976
109.08, 6975
132.61, 6974
146.49, 6973
147.09, 6972
167.98, 6971
205.16, 6970
224.03, 6969
237.37, 6968
299.03, 6967
341.40, 6966
380.27, 6965
410.08, 6964
427.42, 6963
435.30, 6962
