0.07, 4857
0.37, 4856
0.65, 4855
1.48, 4854
1.48, 4853
1.49, 4852
1.54, 4851
1.57, 4850
1.84, 4849
1.87, 4848
2.26, 4847
2.97, 4846
3.04, 4845
3.31, 4844
3.44, 4843
3.48, 4842
3.48, 4841
3.49, 4840
3.60, 4839
3.67, 4838
3.69, 4837
3.75, 4836
3.79, 4835
3.99, 4834
4.14, 4833
4.16, 4832
4.17, 4831
4.35, 4830
4.63, 4829
4.66, 4828
4.72, 4827
5.12, 4826
5.14, 4825
5.22, 4824
5.23, 4823
5.24, 4822
5.52, 4821
5.52, 4820
5.53, 4819
5.97, 4818
5.99, 4817
6.33, 4816
6.47, 4815
6.69, 4814
7.12, 4813
7.20, 4812
7.54, 4811
7.78, 4810
7.91, 4809
8.22, 4808
8.25, 4807
8.40, 4806
8.45, 4805
8.52, 4804
8.56, 4803
9.16, 4802
9.19, 4801
9.24, 4800
9.79, 4799
9.87, 4798
9.94, 4797
10.82, 4796
10.91, 4795
11.32, 4794
11.76, 4793
11.89, 4792
12.15, 4791
12.47, 4790
12.60, 4789
13.07, 4788
13.08, 4787
13.20, 4786
13.33, 4785
13.34, 4784
13.78, 4783
13.89, 4782
14.84, 4781
14.87, 4780
15.26, 4779
15.66, 4778
16.19, 4777
16.88, 4776
17.69, 4775
18.05, 4774
18.12, 4773
18.42, 4772
19.42, 4771
19.43, 4770
20.25, 4769
20.49, 4768
20.88, 4767
20.96, 4766
21.21, 4765
21.68, 4764
22.29, 4763
22.51, 4762
22.66, 4761
22.93, 4760
23.48, 4759
23.64, 4758
23.83, 4757
23.88, 4756
24.28, 4755
24.34, 4754
25.27, 4753
25.38, 4752
27.67, 4751
28.40, 4750
29.45, 4749
29.79, 4748
29.80, 4747
29.89, 4746
30.05, 4745
31.47, 4744
33.26, 4743
33.61, 4742
33.71, 4741
34.34, 4740
34.69, 4739
34.92, 4738
35.72, 4737
37.59, 4736
39.35, 4735
40.16, 4734
41.01, 4733
41.42, 4732
42.23, 4731
42.67, 4730
44.14, 4729
47.68, 4728
49.85, 4727
52.32, 4726
53.95, 4725
56.01, 4724
57.53, 4723
58.24, 4722
59.22, 4721
59.43, 4720
61.52, 4719
61.83, 4718
61.98, 4717
62.87, 4716
73.07, 4715
73.64, 4714
75.90, 4713
81.82, 4712
82.66, 4711
83.24, 4710
84.75, 4709
85.54, 4708
85.54, 4707
86.28, 4706
87.76, 4705
88.39, 4704
89.24, 4703
90.08, 4702
98.47, 4701
100.50, 4700
107.78, 4699
110.52, 4698
111.54, 4697
114.26, 4696
116.85, 4695
122.25, 4694
127.33, 4693
130.09, 4692
131.49, 4691
133.46, 4690
136.22, 4689
139.48, 4688
145.42, 4687
146.29, 4686
151.92, 4685
155.94, 4684
168.79, 4683
171.21, 4682
172.74, 4681
173.59, 4680
202.10, 4679
228.92, 4678
232.36, 4677
268.55, 4676
273.49, 4675
275.80, 4674
276.74, 4673
278.86, 4672
306.50, 4671
307.09, 4670
358.65, 4669
384.85, 4668
452.35, 4667
496.04, 4666
516.85, 4665
575.60, 4664
