0.03, 7027
0.48, 7026
2.15, 7025
2.33, 7024
3.04, 7023
3.43, 7022
4.30, 7021
4.39, 7020
4.89, 7019
5.51, 7018
5.67, 7017
5.74, 7016
5.75, 7015
5.91, 7014
6.42, 7013
6.45, 7012
7.52, 7011
7.58, 7010
7.63, 7009
8.34, 7008
8.34, 7007
13.60, 7006
13.61, 7005
14.23, 7004
16.00, 7003
16.75, 7002
16.97, 7001
17.44, 7000
19.57, 6999
19.57, 6998
22.84, 6997
25.25, 6996
26.74, 6995
26.74, 6994
27.34, 6993
28.57, 6992
29.77, 6991
33.35, 6990
34.00, 6989
38.30, 6988
40.41, 6987
41.42, 6986
52.13, 6985
52.85, 6984
59.35, 6983
72.15, 6982
73.80, 6981
74.40, 6980
76.50, 6979
79.14, 6978
84.53, 6977
85.83, 6976
89.13, 6975
94.97, 6974
117.62, 6973
133.60, 6972
140.05, 6971
147.98, 6970
147.98, 6969
149.30, 6968
171.22, 6967
194.55, 6966
223.13, 6965
263.63, 6964
285.07, 6963
348.67, 6962
358.63, 6961
447.62, 6960
