0.03, 7027
0.55, 7026
0.56, 7025
0.68, 7024
1.52, 7023
1.53, 7022
1.66, 7021
2.23, 7020
2.82, 7019
2.85, 7018
3.53, 7017
4.44, 7016
5.19, 7015
5.19, 7014
7.61, 7013
8.14, 7012
8.15, 7011
10.58, 7010
11.77, 7009
11.77, 7008
12.17, 7007
12.22, 7006
12.76, 7005
12.81, 7004
12.99, 7003
13.20, 7002
14.47, 7001
15.06, 7000
19.48, 6999
21.12, 6998
24.57, 6997
26.38, 6996
36.50, 6995
40.39, 6994
40.39, 6993
40.39, 6992
41.03, 6991
45.24, 6990
48.41, 6989
52.44, 6988
54.36, 6987
60.60, 6986
61.90, 6985
61.90, 6984
61.97, 6983
77.79, 6982
89.61, 6981
97.23, 6980
105.53, 6979
131.97, 6978
154.65, 6977
173.69, 6976
192.41, 6975
210.46, 6974
225.62, 6973
226.31, 6972
226.31, 6971
249.93, 6970
250.19, 6969
257.76, 6968
276.86, 6967
288.95, 6966
292.20, 6965
314.23, 6964
353.18, 6963
448.82, 6962
552.79, 6961
555.10, 6960
587.78, 6959
