0.19, 7027
1.37, 7026
1.49, 7025
1.74, 7024
2.88, 7023
2.88, 7022
3.15, 7021
3.16, 7020
3.17, 7019
4.11, 7018
4.22, 7017
5.15, 7016
5.40, 7015
5.81, 7014
6.02, 7013
6.02, 7012
6.15, 7011
9.08, 7010
9.08, 7009
9.09, 7008
9.80, 7007
10.29, 7006
10.66, 7005
11.45, 7004
11.47, 7003
11.51, 7002
13.29, 7001
13.51, 7000
16.87, 6999
19.08, 6998
19.08, 6997
20.58, 6996
20.59, 6995
24.98, 6994
26.46, 6993
30.82, 6992
32.17, 6991
32.18, 6990
36.17, 6989
40.49, 6988
40.49, 6987
42.85, 6986
44.33, 6985
47.56, 6984
49.30, 6983
58.13, 6982
59.52, 6981
59.71, 6980
61.87, 6979
63.95, 6978
68.10, 6977
82.16, 6976
82.20, 6975
86.43, 6974
91.61, 6973
108.83, 6972
108.89, 6971
112.43, 6970
119.53, 6969
138.69, 6968
147.99, 6967
176.65, 6966
182.62, 6965
185.37, 6964
215.57, 6963
230.73, 6962
252.21, 6961
376.91, 6960
507.28, 6959
